<?xml version="1.0" encoding="UTF-8"?>
<testsuite xmlns:xsi="http://www.w3.org/2001/XMLSchema-instance" xsi:noNamespaceSchemaLocation="https://maven.apache.org/surefire/maven-surefire-plugin/xsd/surefire-test-report.xsd" version="3.0.2" name="mx.com.qtx.seguridad.integration.AuthControllerIntegrationTest" time="3.522" tests="19" errors="0" skipped="0" failures="0">
  <properties>
    <property name="java.specification.version" value="21"/>
    <property name="sun.jnu.encoding" value="UTF-8"/>
    <property name="java.class.path" value="/home/usuario/Asp/github repositorios/curso/CotizadorPcPartes/ms-seguridad/target/test-classes:/home/usuario/Asp/github repositorios/curso/CotizadorPcPartes/ms-seguridad/target/classes:/home/usuario/.m2/repository/org/springframework/boot/spring-boot-starter-web/3.5.3/spring-boot-starter-web-3.5.3.jar:/home/usuario/.m2/repository/org/springframework/boot/spring-boot-starter/3.5.3/spring-boot-starter-3.5.3.jar:/home/usuario/.m2/repository/org/springframework/boot/spring-boot/3.5.3/spring-boot-3.5.3.jar:/home/usuario/.m2/repository/org/springframework/boot/spring-boot-starter-logging/3.5.3/spring-boot-starter-logging-3.5.3.jar:/home/usuario/.m2/repository/ch/qos/logback/logback-classic/1.5.18/logback-classic-1.5.18.jar:/home/usuario/.m2/repository/ch/qos/logback/logback-core/1.5.18/logback-core-1.5.18.jar:/home/usuario/.m2/repository/org/apache/logging/log4j/log4j-to-slf4j/2.24.3/log4j-to-slf4j-2.24.3.jar:/home/usuario/.m2/repository/org/apache/logging/log4j/log4j-api/2.24.3/log4j-api-2.24.3.jar:/home/usuario/.m2/repository/org/slf4j/jul-to-slf4j/2.0.17/jul-to-slf4j-2.0.17.jar:/home/usuario/.m2/repository/jakarta/annotation/jakarta.annotation-api/2.1.1/jakarta.annotation-api-2.1.1.jar:/home/usuario/.m2/repository/org/yaml/snakeyaml/2.4/snakeyaml-2.4.jar:/home/usuario/.m2/repository/org/springframework/boot/spring-boot-starter-json/3.5.3/spring-boot-starter-json-3.5.3.jar:/home/usuario/.m2/repository/com/fasterxml/jackson/datatype/jackson-datatype-jdk8/2.19.1/jackson-datatype-jdk8-2.19.1.jar:/home/usuario/.m2/repository/com/fasterxml/jackson/datatype/jackson-datatype-jsr310/2.19.1/jackson-datatype-jsr310-2.19.1.jar:/home/usuario/.m2/repository/com/fasterxml/jackson/module/jackson-module-parameter-names/2.19.1/jackson-module-parameter-names-2.19.1.jar:/home/usuario/.m2/repository/org/springframework/boot/spring-boot-starter-tomcat/3.5.3/spring-boot-starter-tomcat-3.5.3.jar:/home/usuario/.m2/repository/org/apache/tomcat/embed/tomcat-embed-core/10.1.42/tomcat-embed-core-10.1.42.jar:/home/usuario/.m2/repository/org/apache/tomcat/embed/tomcat-embed-websocket/10.1.42/tomcat-embed-websocket-10.1.42.jar:/home/usuario/.m2/repository/org/springframework/spring-web/6.2.8/spring-web-6.2.8.jar:/home/usuario/.m2/repository/org/springframework/spring-beans/6.2.8/spring-beans-6.2.8.jar:/home/usuario/.m2/repository/org/springframework/spring-webmvc/6.2.8/spring-webmvc-6.2.8.jar:/home/usuario/.m2/repository/org/springframework/spring-context/6.2.8/spring-context-6.2.8.jar:/home/usuario/.m2/repository/org/springframework/spring-expression/6.2.8/spring-expression-6.2.8.jar:/home/usuario/.m2/repository/org/springframework/boot/spring-boot-starter-data-jpa/3.5.3/spring-boot-starter-data-jpa-3.5.3.jar:/home/usuario/.m2/repository/org/springframework/boot/spring-boot-starter-jdbc/3.5.3/spring-boot-starter-jdbc-3.5.3.jar:/home/usuario/.m2/repository/com/zaxxer/HikariCP/6.3.0/HikariCP-6.3.0.jar:/home/usuario/.m2/repository/org/springframework/spring-jdbc/6.2.8/spring-jdbc-6.2.8.jar:/home/usuario/.m2/repository/org/hibernate/orm/hibernate-core/6.6.18.Final/hibernate-core-6.6.18.Final.jar:/home/usuario/.m2/repository/jakarta/persistence/jakarta.persistence-api/3.1.0/jakarta.persistence-api-3.1.0.jar:/home/usuario/.m2/repository/jakarta/transaction/jakarta.transaction-api/2.0.1/jakarta.transaction-api-2.0.1.jar:/home/usuario/.m2/repository/org/jboss/logging/jboss-logging/3.6.1.Final/jboss-logging-3.6.1.Final.jar:/home/usuario/.m2/repository/org/hibernate/common/hibernate-commons-annotations/7.0.3.Final/hibernate-commons-annotations-7.0.3.Final.jar:/home/usuario/.m2/repository/io/smallrye/jandex/3.2.0/jandex-3.2.0.jar:/home/usuario/.m2/repository/com/fasterxml/classmate/1.7.0/classmate-1.7.0.jar:/home/usuario/.m2/repository/net/bytebuddy/byte-buddy/1.17.6/byte-buddy-1.17.6.jar:/home/usuario/.m2/repository/org/glassfish/jaxb/jaxb-runtime/4.0.5/jaxb-runtime-4.0.5.jar:/home/usuario/.m2/repository/org/glassfish/jaxb/jaxb-core/4.0.5/jaxb-core-4.0.5.jar:/home/usuario/.m2/repository/org/eclipse/angus/angus-activation/2.0.2/angus-activation-2.0.2.jar:/home/usuario/.m2/repository/org/glassfish/jaxb/txw2/4.0.5/txw2-4.0.5.jar:/home/usuario/.m2/repository/com/sun/istack/istack-commons-runtime/4.1.2/istack-commons-runtime-4.1.2.jar:/home/usuario/.m2/repository/jakarta/inject/jakarta.inject-api/2.0.1/jakarta.inject-api-2.0.1.jar:/home/usuario/.m2/repository/org/antlr/antlr4-runtime/4.13.0/antlr4-runtime-4.13.0.jar:/home/usuario/.m2/repository/org/springframework/data/spring-data-jpa/3.5.1/spring-data-jpa-3.5.1.jar:/home/usuario/.m2/repository/org/springframework/data/spring-data-commons/3.5.1/spring-data-commons-3.5.1.jar:/home/usuario/.m2/repository/org/springframework/spring-orm/6.2.8/spring-orm-6.2.8.jar:/home/usuario/.m2/repository/org/springframework/spring-tx/6.2.8/spring-tx-6.2.8.jar:/home/usuario/.m2/repository/org/slf4j/slf4j-api/2.0.17/slf4j-api-2.0.17.jar:/home/usuario/.m2/repository/org/springframework/spring-aspects/6.2.8/spring-aspects-6.2.8.jar:/home/usuario/.m2/repository/org/aspectj/aspectjweaver/1.9.24/aspectjweaver-1.9.24.jar:/home/usuario/.m2/repository/org/springframework/boot/spring-boot-starter-security/3.5.3/spring-boot-starter-security-3.5.3.jar:/home/usuario/.m2/repository/org/springframework/spring-aop/6.2.8/spring-aop-6.2.8.jar:/home/usuario/.m2/repository/org/springframework/security/spring-security-config/6.5.1/spring-security-config-6.5.1.jar:/home/usuario/.m2/repository/org/springframework/security/spring-security-web/6.5.1/spring-security-web-6.5.1.jar:/home/usuario/.m2/repository/org/springframework/boot/spring-boot-starter-validation/3.5.3/spring-boot-starter-validation-3.5.3.jar:/home/usuario/.m2/repository/org/apache/tomcat/embed/tomcat-embed-el/10.1.42/tomcat-embed-el-10.1.42.jar:/home/usuario/.m2/repository/org/hibernate/validator/hibernate-validator/8.0.2.Final/hibernate-validator-8.0.2.Final.jar:/home/usuario/.m2/repository/jakarta/validation/jakarta.validation-api/3.0.2/jakarta.validation-api-3.0.2.jar:/home/usuario/.m2/repository/org/springframework/boot/spring-boot-starter-actuator/3.5.3/spring-boot-starter-actuator-3.5.3.jar:/home/usuario/.m2/repository/org/springframework/boot/spring-boot-actuator-autoconfigure/3.5.3/spring-boot-actuator-autoconfigure-3.5.3.jar:/home/usuario/.m2/repository/org/springframework/boot/spring-boot-actuator/3.5.3/spring-boot-actuator-3.5.3.jar:/home/usuario/.m2/repository/io/micrometer/micrometer-observation/1.15.1/micrometer-observation-1.15.1.jar:/home/usuario/.m2/repository/io/micrometer/micrometer-commons/1.15.1/micrometer-commons-1.15.1.jar:/home/usuario/.m2/repository/io/micrometer/micrometer-jakarta9/1.15.1/micrometer-jakarta9-1.15.1.jar:/home/usuario/.m2/repository/io/micrometer/micrometer-core/1.15.1/micrometer-core-1.15.1.jar:/home/usuario/.m2/repository/org/hdrhistogram/HdrHistogram/2.2.2/HdrHistogram-2.2.2.jar:/home/usuario/.m2/repository/org/latencyutils/LatencyUtils/2.0.3/LatencyUtils-2.0.3.jar:/home/usuario/.m2/repository/io/jsonwebtoken/jjwt-api/0.12.3/jjwt-api-0.12.3.jar:/home/usuario/.m2/repository/io/jsonwebtoken/jjwt-impl/0.12.3/jjwt-impl-0.12.3.jar:/home/usuario/.m2/repository/io/jsonwebtoken/jjwt-jackson/0.12.3/jjwt-jackson-0.12.3.jar:/home/usuario/.m2/repository/com/fasterxml/jackson/core/jackson-databind/2.19.1/jackson-databind-2.19.1.jar:/home/usuario/.m2/repository/com/fasterxml/jackson/core/jackson-annotations/2.19.1/jackson-annotations-2.19.1.jar:/home/usuario/.m2/repository/com/fasterxml/jackson/core/jackson-core/2.19.1/jackson-core-2.19.1.jar:/home/usuario/.m2/repository/com/mysql/mysql-connector-j/9.2.0/mysql-connector-j-9.2.0.jar:/home/usuario/.m2/repository/org/springframework/boot/spring-boot-starter-test/3.5.3/spring-boot-starter-test-3.5.3.jar:/home/usuario/.m2/repository/org/springframework/boot/spring-boot-test/3.5.3/spring-boot-test-3.5.3.jar:/home/usuario/.m2/repository/org/springframework/boot/spring-boot-test-autoconfigure/3.5.3/spring-boot-test-autoconfigure-3.5.3.jar:/home/usuario/.m2/repository/com/jayway/jsonpath/json-path/2.9.0/json-path-2.9.0.jar:/home/usuario/.m2/repository/jakarta/xml/bind/jakarta.xml.bind-api/4.0.2/jakarta.xml.bind-api-4.0.2.jar:/home/usuario/.m2/repository/jakarta/activation/jakarta.activation-api/2.1.3/jakarta.activation-api-2.1.3.jar:/home/usuario/.m2/repository/net/minidev/json-smart/2.5.2/json-smart-2.5.2.jar:/home/usuario/.m2/repository/net/minidev/accessors-smart/2.5.2/accessors-smart-2.5.2.jar:/home/usuario/.m2/repository/org/ow2/asm/asm/9.7.1/asm-9.7.1.jar:/home/usuario/.m2/repository/org/assertj/assertj-core/3.27.3/assertj-core-3.27.3.jar:/home/usuario/.m2/repository/org/awaitility/awaitility/4.2.2/awaitility-4.2.2.jar:/home/usuario/.m2/repository/org/hamcrest/hamcrest/3.0/hamcrest-3.0.jar:/home/usuario/.m2/repository/org/junit/jupiter/junit-jupiter/5.12.2/junit-jupiter-5.12.2.jar:/home/usuario/.m2/repository/org/junit/jupiter/junit-jupiter-api/5.12.2/junit-jupiter-api-5.12.2.jar:/home/usuario/.m2/repository/org/opentest4j/opentest4j/1.3.0/opentest4j-1.3.0.jar:/home/usuario/.m2/repository/org/junit/platform/junit-platform-commons/1.12.2/junit-platform-commons-1.12.2.jar:/home/usuario/.m2/repository/org/apiguardian/apiguardian-api/1.1.2/apiguardian-api-1.1.2.jar:/home/usuario/.m2/repository/org/junit/jupiter/junit-jupiter-params/5.12.2/junit-jupiter-params-5.12.2.jar:/home/usuario/.m2/repository/org/junit/jupiter/junit-jupiter-engine/5.12.2/junit-jupiter-engine-5.12.2.jar:/home/usuario/.m2/repository/org/junit/platform/junit-platform-engine/1.12.2/junit-platform-engine-1.12.2.jar:/home/usuario/.m2/repository/org/mockito/mockito-core/5.17.0/mockito-core-5.17.0.jar:/home/usuario/.m2/repository/net/bytebuddy/byte-buddy-agent/1.17.6/byte-buddy-agent-1.17.6.jar:/home/usuario/.m2/repository/org/objenesis/objenesis/3.3/objenesis-3.3.jar:/home/usuario/.m2/repository/org/mockito/mockito-junit-jupiter/5.17.0/mockito-junit-jupiter-5.17.0.jar:/home/usuario/.m2/repository/org/skyscreamer/jsonassert/1.5.3/jsonassert-1.5.3.jar:/home/usuario/.m2/repository/com/vaadin/external/google/android-json/0.0.20131108.vaadin1/android-json-0.0.20131108.vaadin1.jar:/home/usuario/.m2/repository/org/springframework/spring-core/6.2.8/spring-core-6.2.8.jar:/home/usuario/.m2/repository/org/springframework/spring-jcl/6.2.8/spring-jcl-6.2.8.jar:/home/usuario/.m2/repository/org/springframework/spring-test/6.2.8/spring-test-6.2.8.jar:/home/usuario/.m2/repository/org/xmlunit/xmlunit-core/2.10.2/xmlunit-core-2.10.2.jar:/home/usuario/.m2/repository/org/springframework/security/spring-security-test/6.5.1/spring-security-test-6.5.1.jar:/home/usuario/.m2/repository/org/springframework/security/spring-security-core/6.5.1/spring-security-core-6.5.1.jar:/home/usuario/.m2/repository/org/springframework/security/spring-security-crypto/6.5.1/spring-security-crypto-6.5.1.jar:/home/usuario/.m2/repository/org/testcontainers/mysql/1.21.1/mysql-1.21.1.jar:/home/usuario/.m2/repository/org/testcontainers/jdbc/1.21.1/jdbc-1.21.1.jar:/home/usuario/.m2/repository/org/testcontainers/database-commons/1.21.1/database-commons-1.21.1.jar:/home/usuario/.m2/repository/org/testcontainers/junit-jupiter/1.21.1/junit-jupiter-1.21.1.jar:/home/usuario/.m2/repository/org/testcontainers/testcontainers/1.21.1/testcontainers-1.21.1.jar:/home/usuario/.m2/repository/junit/junit/4.13.2/junit-4.13.2.jar:/home/usuario/.m2/repository/org/hamcrest/hamcrest-core/3.0/hamcrest-core-3.0.jar:/home/usuario/.m2/repository/org/apache/commons/commons-compress/1.24.0/commons-compress-1.24.0.jar:/home/usuario/.m2/repository/org/rnorth/duct-tape/duct-tape/1.0.8/duct-tape-1.0.8.jar:/home/usuario/.m2/repository/org/jetbrains/annotations/17.0.0/annotations-17.0.0.jar:/home/usuario/.m2/repository/com/github/docker-java/docker-java-api/3.4.2/docker-java-api-3.4.2.jar:/home/usuario/.m2/repository/com/github/docker-java/docker-java-transport-zerodep/3.4.2/docker-java-transport-zerodep-3.4.2.jar:/home/usuario/.m2/repository/com/github/docker-java/docker-java-transport/3.4.2/docker-java-transport-3.4.2.jar:/home/usuario/.m2/repository/net/java/dev/jna/jna/5.13.0/jna-5.13.0.jar:/home/usuario/.m2/repository/org/springframework/boot/spring-boot-testcontainers/3.5.3/spring-boot-testcontainers-3.5.3.jar:/home/usuario/.m2/repository/org/springframework/boot/spring-boot-autoconfigure/3.5.3/spring-boot-autoconfigure-3.5.3.jar:"/>
    <property name="java.vm.vendor" value="Eclipse Adoptium"/>
    <property name="sun.arch.data.model" value="64"/>
    <property name="java.vendor.url" value="https://adoptium.net/"/>
    <property name="catalina.useNaming" value="false"/>
    <property name="user.timezone" value="America/Mazatlan"/>
    <property name="org.jboss.logging.provider" value="slf4j"/>
    <property name="os.name" value="Linux"/>
    <property name="java.vm.specification.version" value="21"/>
    <property name="APPLICATION_NAME" value="ms-seguridad-test"/>
    <property name="user.country" value="US"/>
    <property name="sun.java.launcher" value="SUN_STANDARD"/>
    <property name="sun.boot.library.path" value="/usr/local/java/lib"/>
    <property name="sun.java.command" value="/home/usuario/Asp/github repositorios/curso/CotizadorPcPartes/ms-seguridad/target/surefire/surefirebooter-20250702170946275_3.jar /home/usuario/Asp/github repositorios/curso/CotizadorPcPartes/ms-seguridad/target/surefire 2025-07-02T17-09-46_185-jvmRun1 surefire-20250702170946275_1tmp surefire_0-20250702170946275_2tmp"/>
    <property name="jdk.debug" value="release"/>
    <property name="surefire.test.class.path" value="/home/usuario/Asp/github repositorios/curso/CotizadorPcPartes/ms-seguridad/target/test-classes:/home/usuario/Asp/github repositorios/curso/CotizadorPcPartes/ms-seguridad/target/classes:/home/usuario/.m2/repository/org/springframework/boot/spring-boot-starter-web/3.5.3/spring-boot-starter-web-3.5.3.jar:/home/usuario/.m2/repository/org/springframework/boot/spring-boot-starter/3.5.3/spring-boot-starter-3.5.3.jar:/home/usuario/.m2/repository/org/springframework/boot/spring-boot/3.5.3/spring-boot-3.5.3.jar:/home/usuario/.m2/repository/org/springframework/boot/spring-boot-starter-logging/3.5.3/spring-boot-starter-logging-3.5.3.jar:/home/usuario/.m2/repository/ch/qos/logback/logback-classic/1.5.18/logback-classic-1.5.18.jar:/home/usuario/.m2/repository/ch/qos/logback/logback-core/1.5.18/logback-core-1.5.18.jar:/home/usuario/.m2/repository/org/apache/logging/log4j/log4j-to-slf4j/2.24.3/log4j-to-slf4j-2.24.3.jar:/home/usuario/.m2/repository/org/apache/logging/log4j/log4j-api/2.24.3/log4j-api-2.24.3.jar:/home/usuario/.m2/repository/org/slf4j/jul-to-slf4j/2.0.17/jul-to-slf4j-2.0.17.jar:/home/usuario/.m2/repository/jakarta/annotation/jakarta.annotation-api/2.1.1/jakarta.annotation-api-2.1.1.jar:/home/usuario/.m2/repository/org/yaml/snakeyaml/2.4/snakeyaml-2.4.jar:/home/usuario/.m2/repository/org/springframework/boot/spring-boot-starter-json/3.5.3/spring-boot-starter-json-3.5.3.jar:/home/usuario/.m2/repository/com/fasterxml/jackson/datatype/jackson-datatype-jdk8/2.19.1/jackson-datatype-jdk8-2.19.1.jar:/home/usuario/.m2/repository/com/fasterxml/jackson/datatype/jackson-datatype-jsr310/2.19.1/jackson-datatype-jsr310-2.19.1.jar:/home/usuario/.m2/repository/com/fasterxml/jackson/module/jackson-module-parameter-names/2.19.1/jackson-module-parameter-names-2.19.1.jar:/home/usuario/.m2/repository/org/springframework/boot/spring-boot-starter-tomcat/3.5.3/spring-boot-starter-tomcat-3.5.3.jar:/home/usuario/.m2/repository/org/apache/tomcat/embed/tomcat-embed-core/10.1.42/tomcat-embed-core-10.1.42.jar:/home/usuario/.m2/repository/org/apache/tomcat/embed/tomcat-embed-websocket/10.1.42/tomcat-embed-websocket-10.1.42.jar:/home/usuario/.m2/repository/org/springframework/spring-web/6.2.8/spring-web-6.2.8.jar:/home/usuario/.m2/repository/org/springframework/spring-beans/6.2.8/spring-beans-6.2.8.jar:/home/usuario/.m2/repository/org/springframework/spring-webmvc/6.2.8/spring-webmvc-6.2.8.jar:/home/usuario/.m2/repository/org/springframework/spring-context/6.2.8/spring-context-6.2.8.jar:/home/usuario/.m2/repository/org/springframework/spring-expression/6.2.8/spring-expression-6.2.8.jar:/home/usuario/.m2/repository/org/springframework/boot/spring-boot-starter-data-jpa/3.5.3/spring-boot-starter-data-jpa-3.5.3.jar:/home/usuario/.m2/repository/org/springframework/boot/spring-boot-starter-jdbc/3.5.3/spring-boot-starter-jdbc-3.5.3.jar:/home/usuario/.m2/repository/com/zaxxer/HikariCP/6.3.0/HikariCP-6.3.0.jar:/home/usuario/.m2/repository/org/springframework/spring-jdbc/6.2.8/spring-jdbc-6.2.8.jar:/home/usuario/.m2/repository/org/hibernate/orm/hibernate-core/6.6.18.Final/hibernate-core-6.6.18.Final.jar:/home/usuario/.m2/repository/jakarta/persistence/jakarta.persistence-api/3.1.0/jakarta.persistence-api-3.1.0.jar:/home/usuario/.m2/repository/jakarta/transaction/jakarta.transaction-api/2.0.1/jakarta.transaction-api-2.0.1.jar:/home/usuario/.m2/repository/org/jboss/logging/jboss-logging/3.6.1.Final/jboss-logging-3.6.1.Final.jar:/home/usuario/.m2/repository/org/hibernate/common/hibernate-commons-annotations/7.0.3.Final/hibernate-commons-annotations-7.0.3.Final.jar:/home/usuario/.m2/repository/io/smallrye/jandex/3.2.0/jandex-3.2.0.jar:/home/usuario/.m2/repository/com/fasterxml/classmate/1.7.0/classmate-1.7.0.jar:/home/usuario/.m2/repository/net/bytebuddy/byte-buddy/1.17.6/byte-buddy-1.17.6.jar:/home/usuario/.m2/repository/org/glassfish/jaxb/jaxb-runtime/4.0.5/jaxb-runtime-4.0.5.jar:/home/usuario/.m2/repository/org/glassfish/jaxb/jaxb-core/4.0.5/jaxb-core-4.0.5.jar:/home/usuario/.m2/repository/org/eclipse/angus/angus-activation/2.0.2/angus-activation-2.0.2.jar:/home/usuario/.m2/repository/org/glassfish/jaxb/txw2/4.0.5/txw2-4.0.5.jar:/home/usuario/.m2/repository/com/sun/istack/istack-commons-runtime/4.1.2/istack-commons-runtime-4.1.2.jar:/home/usuario/.m2/repository/jakarta/inject/jakarta.inject-api/2.0.1/jakarta.inject-api-2.0.1.jar:/home/usuario/.m2/repository/org/antlr/antlr4-runtime/4.13.0/antlr4-runtime-4.13.0.jar:/home/usuario/.m2/repository/org/springframework/data/spring-data-jpa/3.5.1/spring-data-jpa-3.5.1.jar:/home/usuario/.m2/repository/org/springframework/data/spring-data-commons/3.5.1/spring-data-commons-3.5.1.jar:/home/usuario/.m2/repository/org/springframework/spring-orm/6.2.8/spring-orm-6.2.8.jar:/home/usuario/.m2/repository/org/springframework/spring-tx/6.2.8/spring-tx-6.2.8.jar:/home/usuario/.m2/repository/org/slf4j/slf4j-api/2.0.17/slf4j-api-2.0.17.jar:/home/usuario/.m2/repository/org/springframework/spring-aspects/6.2.8/spring-aspects-6.2.8.jar:/home/usuario/.m2/repository/org/aspectj/aspectjweaver/1.9.24/aspectjweaver-1.9.24.jar:/home/usuario/.m2/repository/org/springframework/boot/spring-boot-starter-security/3.5.3/spring-boot-starter-security-3.5.3.jar:/home/usuario/.m2/repository/org/springframework/spring-aop/6.2.8/spring-aop-6.2.8.jar:/home/usuario/.m2/repository/org/springframework/security/spring-security-config/6.5.1/spring-security-config-6.5.1.jar:/home/usuario/.m2/repository/org/springframework/security/spring-security-web/6.5.1/spring-security-web-6.5.1.jar:/home/usuario/.m2/repository/org/springframework/boot/spring-boot-starter-validation/3.5.3/spring-boot-starter-validation-3.5.3.jar:/home/usuario/.m2/repository/org/apache/tomcat/embed/tomcat-embed-el/10.1.42/tomcat-embed-el-10.1.42.jar:/home/usuario/.m2/repository/org/hibernate/validator/hibernate-validator/8.0.2.Final/hibernate-validator-8.0.2.Final.jar:/home/usuario/.m2/repository/jakarta/validation/jakarta.validation-api/3.0.2/jakarta.validation-api-3.0.2.jar:/home/usuario/.m2/repository/org/springframework/boot/spring-boot-starter-actuator/3.5.3/spring-boot-starter-actuator-3.5.3.jar:/home/usuario/.m2/repository/org/springframework/boot/spring-boot-actuator-autoconfigure/3.5.3/spring-boot-actuator-autoconfigure-3.5.3.jar:/home/usuario/.m2/repository/org/springframework/boot/spring-boot-actuator/3.5.3/spring-boot-actuator-3.5.3.jar:/home/usuario/.m2/repository/io/micrometer/micrometer-observation/1.15.1/micrometer-observation-1.15.1.jar:/home/usuario/.m2/repository/io/micrometer/micrometer-commons/1.15.1/micrometer-commons-1.15.1.jar:/home/usuario/.m2/repository/io/micrometer/micrometer-jakarta9/1.15.1/micrometer-jakarta9-1.15.1.jar:/home/usuario/.m2/repository/io/micrometer/micrometer-core/1.15.1/micrometer-core-1.15.1.jar:/home/usuario/.m2/repository/org/hdrhistogram/HdrHistogram/2.2.2/HdrHistogram-2.2.2.jar:/home/usuario/.m2/repository/org/latencyutils/LatencyUtils/2.0.3/LatencyUtils-2.0.3.jar:/home/usuario/.m2/repository/io/jsonwebtoken/jjwt-api/0.12.3/jjwt-api-0.12.3.jar:/home/usuario/.m2/repository/io/jsonwebtoken/jjwt-impl/0.12.3/jjwt-impl-0.12.3.jar:/home/usuario/.m2/repository/io/jsonwebtoken/jjwt-jackson/0.12.3/jjwt-jackson-0.12.3.jar:/home/usuario/.m2/repository/com/fasterxml/jackson/core/jackson-databind/2.19.1/jackson-databind-2.19.1.jar:/home/usuario/.m2/repository/com/fasterxml/jackson/core/jackson-annotations/2.19.1/jackson-annotations-2.19.1.jar:/home/usuario/.m2/repository/com/fasterxml/jackson/core/jackson-core/2.19.1/jackson-core-2.19.1.jar:/home/usuario/.m2/repository/com/mysql/mysql-connector-j/9.2.0/mysql-connector-j-9.2.0.jar:/home/usuario/.m2/repository/org/springframework/boot/spring-boot-starter-test/3.5.3/spring-boot-starter-test-3.5.3.jar:/home/usuario/.m2/repository/org/springframework/boot/spring-boot-test/3.5.3/spring-boot-test-3.5.3.jar:/home/usuario/.m2/repository/org/springframework/boot/spring-boot-test-autoconfigure/3.5.3/spring-boot-test-autoconfigure-3.5.3.jar:/home/usuario/.m2/repository/com/jayway/jsonpath/json-path/2.9.0/json-path-2.9.0.jar:/home/usuario/.m2/repository/jakarta/xml/bind/jakarta.xml.bind-api/4.0.2/jakarta.xml.bind-api-4.0.2.jar:/home/usuario/.m2/repository/jakarta/activation/jakarta.activation-api/2.1.3/jakarta.activation-api-2.1.3.jar:/home/usuario/.m2/repository/net/minidev/json-smart/2.5.2/json-smart-2.5.2.jar:/home/usuario/.m2/repository/net/minidev/accessors-smart/2.5.2/accessors-smart-2.5.2.jar:/home/usuario/.m2/repository/org/ow2/asm/asm/9.7.1/asm-9.7.1.jar:/home/usuario/.m2/repository/org/assertj/assertj-core/3.27.3/assertj-core-3.27.3.jar:/home/usuario/.m2/repository/org/awaitility/awaitility/4.2.2/awaitility-4.2.2.jar:/home/usuario/.m2/repository/org/hamcrest/hamcrest/3.0/hamcrest-3.0.jar:/home/usuario/.m2/repository/org/junit/jupiter/junit-jupiter/5.12.2/junit-jupiter-5.12.2.jar:/home/usuario/.m2/repository/org/junit/jupiter/junit-jupiter-api/5.12.2/junit-jupiter-api-5.12.2.jar:/home/usuario/.m2/repository/org/opentest4j/opentest4j/1.3.0/opentest4j-1.3.0.jar:/home/usuario/.m2/repository/org/junit/platform/junit-platform-commons/1.12.2/junit-platform-commons-1.12.2.jar:/home/usuario/.m2/repository/org/apiguardian/apiguardian-api/1.1.2/apiguardian-api-1.1.2.jar:/home/usuario/.m2/repository/org/junit/jupiter/junit-jupiter-params/5.12.2/junit-jupiter-params-5.12.2.jar:/home/usuario/.m2/repository/org/junit/jupiter/junit-jupiter-engine/5.12.2/junit-jupiter-engine-5.12.2.jar:/home/usuario/.m2/repository/org/junit/platform/junit-platform-engine/1.12.2/junit-platform-engine-1.12.2.jar:/home/usuario/.m2/repository/org/mockito/mockito-core/5.17.0/mockito-core-5.17.0.jar:/home/usuario/.m2/repository/net/bytebuddy/byte-buddy-agent/1.17.6/byte-buddy-agent-1.17.6.jar:/home/usuario/.m2/repository/org/objenesis/objenesis/3.3/objenesis-3.3.jar:/home/usuario/.m2/repository/org/mockito/mockito-junit-jupiter/5.17.0/mockito-junit-jupiter-5.17.0.jar:/home/usuario/.m2/repository/org/skyscreamer/jsonassert/1.5.3/jsonassert-1.5.3.jar:/home/usuario/.m2/repository/com/vaadin/external/google/android-json/0.0.20131108.vaadin1/android-json-0.0.20131108.vaadin1.jar:/home/usuario/.m2/repository/org/springframework/spring-core/6.2.8/spring-core-6.2.8.jar:/home/usuario/.m2/repository/org/springframework/spring-jcl/6.2.8/spring-jcl-6.2.8.jar:/home/usuario/.m2/repository/org/springframework/spring-test/6.2.8/spring-test-6.2.8.jar:/home/usuario/.m2/repository/org/xmlunit/xmlunit-core/2.10.2/xmlunit-core-2.10.2.jar:/home/usuario/.m2/repository/org/springframework/security/spring-security-test/6.5.1/spring-security-test-6.5.1.jar:/home/usuario/.m2/repository/org/springframework/security/spring-security-core/6.5.1/spring-security-core-6.5.1.jar:/home/usuario/.m2/repository/org/springframework/security/spring-security-crypto/6.5.1/spring-security-crypto-6.5.1.jar:/home/usuario/.m2/repository/org/testcontainers/mysql/1.21.1/mysql-1.21.1.jar:/home/usuario/.m2/repository/org/testcontainers/jdbc/1.21.1/jdbc-1.21.1.jar:/home/usuario/.m2/repository/org/testcontainers/database-commons/1.21.1/database-commons-1.21.1.jar:/home/usuario/.m2/repository/org/testcontainers/junit-jupiter/1.21.1/junit-jupiter-1.21.1.jar:/home/usuario/.m2/repository/org/testcontainers/testcontainers/1.21.1/testcontainers-1.21.1.jar:/home/usuario/.m2/repository/junit/junit/4.13.2/junit-4.13.2.jar:/home/usuario/.m2/repository/org/hamcrest/hamcrest-core/3.0/hamcrest-core-3.0.jar:/home/usuario/.m2/repository/org/apache/commons/commons-compress/1.24.0/commons-compress-1.24.0.jar:/home/usuario/.m2/repository/org/rnorth/duct-tape/duct-tape/1.0.8/duct-tape-1.0.8.jar:/home/usuario/.m2/repository/org/jetbrains/annotations/17.0.0/annotations-17.0.0.jar:/home/usuario/.m2/repository/com/github/docker-java/docker-java-api/3.4.2/docker-java-api-3.4.2.jar:/home/usuario/.m2/repository/com/github/docker-java/docker-java-transport-zerodep/3.4.2/docker-java-transport-zerodep-3.4.2.jar:/home/usuario/.m2/repository/com/github/docker-java/docker-java-transport/3.4.2/docker-java-transport-3.4.2.jar:/home/usuario/.m2/repository/net/java/dev/jna/jna/5.13.0/jna-5.13.0.jar:/home/usuario/.m2/repository/org/springframework/boot/spring-boot-testcontainers/3.5.3/spring-boot-testcontainers-3.5.3.jar:/home/usuario/.m2/repository/org/springframework/boot/spring-boot-autoconfigure/3.5.3/spring-boot-autoconfigure-3.5.3.jar:"/>
    <property name="sun.cpu.endian" value="little"/>
    <property name="user.home" value="/home/usuario"/>
    <property name="user.language" value="en"/>
    <property name="java.specification.vendor" value="Oracle Corporation"/>
    <property name="java.version.date" value="2024-04-16"/>
    <property name="java.home" value="/usr/local/java"/>
    <property name="file.separator" value="/"/>
    <property name="basedir" value="/home/usuario/Asp/github repositorios/curso/CotizadorPcPartes/ms-seguridad"/>
    <property name="java.vm.compressedOopsMode" value="Zero based"/>
    <property name="line.separator" value="&#10;"/>
    <property name="java.vm.specification.vendor" value="Oracle Corporation"/>
    <property name="java.specification.name" value="Java Platform API Specification"/>
    <property name="FILE_LOG_CHARSET" value="UTF-8"/>
    <property name="java.awt.headless" value="true"/>
    <property name="surefire.real.class.path" value="/home/usuario/Asp/github repositorios/curso/CotizadorPcPartes/ms-seguridad/target/surefire/surefirebooter-20250702170946275_3.jar"/>
    <property name="sun.management.compiler" value="HotSpot 64-Bit Tiered Compilers"/>
    <property name="java.runtime.version" value="21.0.3+9-LTS"/>
    <property name="user.name" value="usuario"/>
    <property name="stdout.encoding" value="UTF-8"/>
    <property name="path.separator" value=":"/>
    <property name="os.version" value="6.11.0-29-generic"/>
    <property name="java.runtime.name" value="OpenJDK Runtime Environment"/>
    <property name="file.encoding" value="UTF-8"/>
    <property name="FILE_LOG_PATTERN" value="%d{yyyy-MM-dd HH:mm:ss} [%thread] %-5level %logger{36} - %msg%n"/>
    <property name="java.vm.name" value="OpenJDK 64-Bit Server VM"/>
    <property name="java.vendor.version" value="Temurin-21.0.3+9"/>
    <property name="LOG_FILE" value="logs/seguridad-testing.log"/>
    <property name="localRepository" value="/home/usuario/.m2/repository"/>
    <property name="java.vendor.url.bug" value="https://github.com/adoptium/adoptium-support/issues"/>
    <property name="java.io.tmpdir" value="/tmp"/>
    <property name="com.zaxxer.hikari.pool_number" value="3"/>
    <property name="catalina.home" value="/tmp/tomcat.0.6636697425435454385"/>
    <property name="java.version" value="21.0.3"/>
    <property name="user.dir" value="/home/usuario/Asp/github repositorios/curso/CotizadorPcPartes/ms-seguridad"/>
    <property name="os.arch" value="amd64"/>
    <property name="java.vm.specification.name" value="Java Virtual Machine Specification"/>
    <property name="PID" value="103766"/>
    <property name="CONSOLE_LOG_CHARSET" value="UTF-8"/>
    <property name="catalina.base" value="/tmp/tomcat.0.4297758385432009281"/>
    <property name="native.encoding" value="UTF-8"/>
    <property name="java.library.path" value="/tmp/.mount_CursorVahEU1/usr/lib/:/tmp/.mount_CursorVahEU1/usr/lib32/:/tmp/.mount_CursorVahEU1/usr/lib64/:/tmp/.mount_CursorVahEU1/lib/:/tmp/.mount_CursorVahEU1/lib/i386-linux-gnu/:/tmp/.mount_CursorVahEU1/lib/x86_64-linux-gnu/:/tmp/.mount_CursorVahEU1/lib/aarch64-linux-gnu/:/tmp/.mount_CursorVahEU1/lib32/:/tmp/.mount_CursorVahEU1/lib64/::/usr/java/packages/lib:/usr/lib64:/lib64:/lib:/usr/lib"/>
    <property name="java.vm.info" value="mixed mode, sharing"/>
    <property name="stderr.encoding" value="UTF-8"/>
    <property name="java.vendor" value="Eclipse Adoptium"/>
    <property name="java.vm.version" value="21.0.3+9-LTS"/>
    <property name="sun.io.unicode.encoding" value="UnicodeLittle"/>
    <property name="java.class.version" value="65.0"/>
    <property name="CONSOLE_LOG_PATTERN" value="%d{HH:mm:ss.SSS} [%thread] %-5level %logger{36} - %msg%n"/>
    <property name="LOGGED_APPLICATION_NAME" value="[ms-seguridad-test] "/>
  </properties>
  <testcase name="shouldRejectMalformedJson" classname="mx.com.qtx.seguridad.integration.AuthControllerIntegrationTest" time="0.044">
    <system-out><![CDATA[17:10:09.704 [main] INFO  o.s.t.c.s.AnnotationConfigContextLoaderUtils - Could not detect default configuration classes for test class [mx.com.qtx.seguridad.integration.AuthControllerIntegrationTest]: AuthControllerIntegrationTest does not declare any static, non-private, non-final, nested classes annotated with @Configuration.

  .   ____          _            __ _ _
 /\\ / ___'_ __ _ _(_)_ __  __ _ \ \ \ \
( ( )\___ | '_ | '_| | '_ \/ _` | \ \ \ \
 \\/  ___)| |_)| | | | | || (_| |  ) ) ) )
  '  |____| .__|_| |_|_| |_\__, | / / / /
 =========|_|==============|___/=/_/_/_/

 :: Spring Boot ::                (v3.5.3)

17:10:09.773 [main] INFO  m.c.q.s.i.AuthControllerIntegrationTest - Starting AuthControllerIntegrationTest using Java 21.0.3 with PID 103766 (started by usuario in /home/usuario/Asp/github repositorios/curso/CotizadorPcPartes/ms-seguridad)
17:10:09.774 [main] DEBUG m.c.q.s.i.AuthControllerIntegrationTest - Running with Spring Boot v3.5.3, Spring v6.2.8
17:10:09.775 [main] INFO  m.c.q.s.i.AuthControllerIntegrationTest - The following 1 profile is active: "test"
17:10:10.037 [main] INFO  o.s.d.r.c.RepositoryConfigurationDelegate - Bootstrapping Spring Data JPA repositories in DEFAULT mode.
17:10:10.049 [main] INFO  o.s.d.r.c.RepositoryConfigurationDelegate - Finished Spring Data repository scanning in 9 ms. Found 3 JPA repository interfaces.
17:10:10.149 [main] INFO  o.a.coyote.http11.Http11NioProtocol - Initializing ProtocolHandler ["http-nio-auto-2"]
17:10:10.150 [main] INFO  o.a.catalina.core.StandardService - Starting service [Tomcat]
17:10:10.150 [main] INFO  o.a.catalina.core.StandardEngine - Starting Servlet engine: [Apache Tomcat/10.1.42]
17:10:10.164 [main] INFO  o.a.c.c.C.[.[.[/seguridad/v1/api] - Initializing Spring embedded WebApplicationContext
17:10:10.214 [main] INFO  m.c.q.s.config.RsaKeyProvider - Generando nuevo par de llaves RSA de 2048 bits
17:10:10.346 [main] INFO  m.c.q.s.config.RsaKeyProvider - Par de llaves RSA generado exitosamente en Wed Jul 02 17:10:10 MST 2025
17:10:10.416 [main] INFO  o.s.o.j.p.SpringPersistenceUnitInfo - No LoadTimeWeaver setup: ignoring JPA class transformer
17:10:10.443 [main] WARN  org.hibernate.orm.deprecation - HHH90000025: MySQLDialect does not need to be specified explicitly using 'hibernate.dialect' (remove the property setting and it will be selected by default)
17:10:10.510 [main] INFO  o.s.o.j.LocalContainerEntityManagerFactoryBean - Initialized JPA EntityManagerFactory for persistence unit 'default'
17:10:10.633 [main] DEBUG m.c.q.s.s.JwtAuthenticationFilter - Filter 'jwtAuthenticationFilter' configured for use
17:10:10.645 [main] INFO  m.c.q.s.service.KeyManagementService - Iniciando KeyManagementService...
17:10:10.645 [main] INFO  m.c.q.s.service.KeyManagementService - KeyManagementService inicializado exitosamente
17:10:10.645 [main] INFO  m.c.q.s.service.KeyManagementService - Estado de llaves: RSA Key Info - Algorithm: RSA, KeySize: 2048 bits, Generated: Wed Jul 02 17:10:10 MST 2025, Modulus Length: 2048
17:10:10.695 [main] WARN  o.s.b.a.o.j.JpaBaseConfiguration$JpaWebConfiguration - spring.jpa.open-in-view is enabled by default. Therefore, database queries may be performed during view rendering. Explicitly configure spring.jpa.open-in-view to disable this warning
17:10:10.986 [main] INFO  o.a.coyote.http11.Http11NioProtocol - Starting ProtocolHandler ["http-nio-auto-2"]
17:10:10.994 [main] INFO  m.c.q.s.i.AuthControllerIntegrationTest - Started AuthControllerIntegrationTest in 1.282 seconds (process running for 24.633)
17:10:11.005 [http-nio-auto-2-exec-1] INFO  o.a.c.c.C.[.[.[/seguridad/v1/api] - Initializing Spring DispatcherServlet 'dispatcherServlet'
17:10:11.024 [http-nio-auto-2-exec-1] WARN  o.s.w.s.m.s.DefaultHandlerExceptionResolver - Resolved [org.springframework.http.converter.HttpMessageNotReadableException: JSON parse error: Unexpected character ('}' (code 125)): expected a value]
]]></system-out>
  </testcase>
  <testcase name="shouldRejectInvalidToken" classname="mx.com.qtx.seguridad.integration.AuthControllerIntegrationTest" time="0.048">
    <system-out><![CDATA[17:10:11.071 [http-nio-auto-2-exec-2] ERROR m.c.qtx.seguridad.service.JwtService - Token JWT malformado: Malformed protected header JSON: Unable to deserialize: Unexpected character ('�' (code 65533 / 0xfffd)): expected a valid value (JSON String, Number, Array, Object or token 'null', 'true' or 'false')
 at [Source: REDACTED (`StreamReadFeature.INCLUDE_SOURCE_IN_LOCATION` disabled); line: 1, column: 1]
17:10:11.072 [http-nio-auto-2-exec-2] DEBUG m.c.q.seguridad.service.AuthService - Token inválido: Malformed protected header JSON: Unable to deserialize: Unexpected character ('�' (code 65533 / 0xfffd)): expected a valid value (JSON String, Number, Array, Object or token 'null', 'true' or 'false')
 at [Source: REDACTED (`StreamReadFeature.INCLUDE_SOURCE_IN_LOCATION` disabled); line: 1, column: 1]
17:10:11.081 [http-nio-auto-2-exec-2] DEBUG m.c.q.s.s.JwtAuthenticationFilter - Token inválido o expirado para request: /seguridad/v1/api/auth/validate
17:10:11.085 [http-nio-auto-2-exec-2] WARN  m.c.q.s.security.JwtExceptionHandler - Error de autenticación para /seguridad/v1/api/auth/validate: Full authentication is required to access this resource
]]></system-out>
  </testcase>
  <testcase name="shouldLogoutSuccessfully" classname="mx.com.qtx.seguridad.integration.AuthControllerIntegrationTest" time="0.604">
    <system-out><![CDATA[17:10:11.115 [http-nio-auto-2-exec-3] INFO  m.c.q.seguridad.service.AuthService - Intento de autenticación para usuario: admin
17:10:11.117 [http-nio-auto-2-exec-3] DEBUG org.hibernate.SQL - 
    /* <criteria> */ select
        u1_0.id,
        u1_0.activo,
        u1_0.fecha_creacion,
        u1_0.fecha_modificacion,
        u1_0.password,
        u1_0.usuario 
    from
        usuario u1_0 
    where
        u1_0.usuario=? 
        and u1_0.activo=?
17:10:11.387 [http-nio-auto-2-exec-3] DEBUG org.hibernate.SQL - 
    /* SELECT
        ra 
    FROM
        RolAsignado ra 
    JOIN
        
    FETCH
        ra.rol r 
    WHERE
        ra.usuario.id = :usuarioId 
        AND ra.activo = true 
        AND r.activo = true */ select
            ra1_0.id_rol,
            ra1_0.id_usuario,
            ra1_0.activo,
            ra1_0.fecha_creacion,
            ra1_0.fecha_modificacion,
            r1_0.id,
            r1_0.activo,
            r1_0.fecha_creacion,
            r1_0.fecha_modificacion,
            r1_0.nombre 
        from
            rol_asignado ra1_0 
        join
            rol r1_0 
                on r1_0.id=ra1_0.id_rol 
        where
            ra1_0.id_usuario=? 
            and ra1_0.activo=1 
            and r1_0.activo=1
17:10:11.390 [http-nio-auto-2-exec-3] DEBUG m.c.qtx.seguridad.service.JwtService - Configuración JWT - accessTokenExpiration: 3600000 ms
17:10:11.390 [http-nio-auto-2-exec-3] DEBUG m.c.qtx.seguridad.service.JwtService - Token times - now: Wed Jul 02 17:10:11 MST 2025, expiration: Wed Jul 02 18:10:11 MST 2025
17:10:11.393 [http-nio-auto-2-exec-3] DEBUG m.c.qtx.seguridad.service.JwtService - Access token generado para usuario: admin con roles: [ADMIN]
17:10:11.395 [http-nio-auto-2-exec-3] DEBUG m.c.qtx.seguridad.service.JwtService - Refresh token generado para usuario: admin
17:10:11.395 [http-nio-auto-2-exec-3] INFO  m.c.q.seguridad.service.AuthService - Autenticación exitosa para usuario: admin con roles: [ADMIN]
17:10:11.407 [http-nio-auto-2-exec-4] INFO  m.c.q.seguridad.service.AuthService - Intento de autenticación para usuario: admin
17:10:11.408 [http-nio-auto-2-exec-4] DEBUG org.hibernate.SQL - 
    /* <criteria> */ select
        u1_0.id,
        u1_0.activo,
        u1_0.fecha_creacion,
        u1_0.fecha_modificacion,
        u1_0.password,
        u1_0.usuario 
    from
        usuario u1_0 
    where
        u1_0.usuario=? 
        and u1_0.activo=?
17:10:11.670 [http-nio-auto-2-exec-4] DEBUG org.hibernate.SQL - 
    /* SELECT
        ra 
    FROM
        RolAsignado ra 
    JOIN
        
    FETCH
        ra.rol r 
    WHERE
        ra.usuario.id = :usuarioId 
        AND ra.activo = true 
        AND r.activo = true */ select
            ra1_0.id_rol,
            ra1_0.id_usuario,
            ra1_0.activo,
            ra1_0.fecha_creacion,
            ra1_0.fecha_modificacion,
            r1_0.id,
            r1_0.activo,
            r1_0.fecha_creacion,
            r1_0.fecha_modificacion,
            r1_0.nombre 
        from
            rol_asignado ra1_0 
        join
            rol r1_0 
                on r1_0.id=ra1_0.id_rol 
        where
            ra1_0.id_usuario=? 
            and ra1_0.activo=1 
            and r1_0.activo=1
17:10:11.673 [http-nio-auto-2-exec-4] DEBUG m.c.qtx.seguridad.service.JwtService - Configuración JWT - accessTokenExpiration: 3600000 ms
17:10:11.673 [http-nio-auto-2-exec-4] DEBUG m.c.qtx.seguridad.service.JwtService - Token times - now: Wed Jul 02 17:10:11 MST 2025, expiration: Wed Jul 02 18:10:11 MST 2025
17:10:11.675 [http-nio-auto-2-exec-4] DEBUG m.c.qtx.seguridad.service.JwtService - Access token generado para usuario: admin con roles: [ADMIN]
17:10:11.676 [http-nio-auto-2-exec-4] DEBUG m.c.qtx.seguridad.service.JwtService - Refresh token generado para usuario: admin
17:10:11.676 [http-nio-auto-2-exec-4] INFO  m.c.q.seguridad.service.AuthService - Autenticación exitosa para usuario: admin con roles: [ADMIN]
17:10:11.686 [http-nio-auto-2-exec-5] DEBUG m.c.qtx.seguridad.service.JwtService - Token validado exitosamente para usuario: admin
17:10:11.687 [http-nio-auto-2-exec-5] DEBUG m.c.qtx.seguridad.service.JwtService - Token validado exitosamente para usuario: admin
17:10:11.689 [http-nio-auto-2-exec-5] DEBUG m.c.qtx.seguridad.service.JwtService - Token validado exitosamente para usuario: admin
17:10:11.690 [http-nio-auto-2-exec-5] DEBUG m.c.qtx.seguridad.service.JwtService - Token validado exitosamente para usuario: admin
17:10:11.690 [http-nio-auto-2-exec-5] DEBUG m.c.qtx.seguridad.service.JwtService - Token validado exitosamente para usuario: admin
17:10:11.691 [http-nio-auto-2-exec-5] DEBUG m.c.qtx.seguridad.service.JwtService - Token validado exitosamente para usuario: admin
17:10:11.691 [http-nio-auto-2-exec-5] DEBUG m.c.q.s.s.JwtAuthenticationFilter - Usuario autenticado: admin con roles: [ADMIN]
17:10:11.695 [http-nio-auto-2-exec-5] DEBUG m.c.qtx.seguridad.service.JwtService - Token validado exitosamente para usuario: admin
17:10:11.695 [http-nio-auto-2-exec-5] INFO  m.c.q.seguridad.service.AuthService - Logout solicitado para usuario: admin
17:10:11.695 [http-nio-auto-2-exec-5] INFO  m.c.q.seguridad.service.AuthService - Logout exitoso para usuario: admin
]]></system-out>
  </testcase>
  <testcase name="shouldRejectUnsupportedHttpMethods" classname="mx.com.qtx.seguridad.integration.AuthControllerIntegrationTest" time="0.019">
    <system-out><![CDATA[17:10:11.707 [http-nio-auto-2-exec-6] WARN  m.c.q.s.security.JwtExceptionHandler - Error de autenticación para /seguridad/v1/api/auth/login: Full authentication is required to access this resource
17:10:11.713 [http-nio-auto-2-exec-7] WARN  m.c.q.s.security.JwtExceptionHandler - Error de autenticación para /seguridad/v1/api/auth/validate: Full authentication is required to access this resource
]]></system-out>
  </testcase>
  <testcase name="shouldRejectInvalidCredentials" classname="mx.com.qtx.seguridad.integration.AuthControllerIntegrationTest" time="0.03">
    <system-out><![CDATA[17:10:11.732 [http-nio-auto-2-exec-8] INFO  m.c.q.seguridad.service.AuthService - Intento de autenticación para usuario: invalid
17:10:11.736 [http-nio-auto-2-exec-8] DEBUG org.hibernate.SQL - 
    /* <criteria> */ select
        u1_0.id,
        u1_0.activo,
        u1_0.fecha_creacion,
        u1_0.fecha_modificacion,
        u1_0.password,
        u1_0.usuario 
    from
        usuario u1_0 
    where
        u1_0.usuario=? 
        and u1_0.activo=?
17:10:11.739 [http-nio-auto-2-exec-8] WARN  m.c.q.seguridad.service.AuthService - Usuario no encontrado o inactivo: invalid
17:10:11.739 [http-nio-auto-2-exec-8] ERROR m.c.q.seguridad.service.AuthService - Error de autenticación para usuario invalid: Credenciales inválidas
]]></system-out>
  </testcase>
  <testcase name="shouldRejectMissingFields" classname="mx.com.qtx.seguridad.integration.AuthControllerIntegrationTest" time="0.021">
    <system-out><![CDATA[17:10:11.764 [http-nio-auto-2-exec-9] WARN  o.s.w.s.m.s.DefaultHandlerExceptionResolver - Resolved [org.springframework.web.bind.MethodArgumentNotValidException: Validation failed for argument [0] in public org.springframework.http.ResponseEntity<?> mx.com.qtx.seguridad.controller.AuthController.login(mx.com.qtx.seguridad.dto.LoginRequest): [Field error in object 'loginRequest' on field 'password': rejected value [null]; codes [NotBlank.loginRequest.password,NotBlank.password,NotBlank.java.lang.String,NotBlank]; arguments [org.springframework.context.support.DefaultMessageSourceResolvable: codes [loginRequest.password,password]; arguments []; default message [password]]; default message [La contraseña es obligatoria]] ]
]]></system-out>
  </testcase>
  <testcase name="shouldRejectMissingRefreshToken" classname="mx.com.qtx.seguridad.integration.AuthControllerIntegrationTest" time="0.015"/>
  <testcase name="shouldReturnTokenTimeToLive" classname="mx.com.qtx.seguridad.integration.AuthControllerIntegrationTest" time="0.314">
    <system-out><![CDATA[17:10:11.801 [http-nio-auto-2-exec-1] INFO  m.c.q.seguridad.service.AuthService - Intento de autenticación para usuario: admin
17:10:11.805 [http-nio-auto-2-exec-1] DEBUG org.hibernate.SQL - 
    /* <criteria> */ select
        u1_0.id,
        u1_0.activo,
        u1_0.fecha_creacion,
        u1_0.fecha_modificacion,
        u1_0.password,
        u1_0.usuario 
    from
        usuario u1_0 
    where
        u1_0.usuario=? 
        and u1_0.activo=?
17:10:12.073 [http-nio-auto-2-exec-1] DEBUG org.hibernate.SQL - 
    /* SELECT
        ra 
    FROM
        RolAsignado ra 
    JOIN
        
    FETCH
        ra.rol r 
    WHERE
        ra.usuario.id = :usuarioId 
        AND ra.activo = true 
        AND r.activo = true */ select
            ra1_0.id_rol,
            ra1_0.id_usuario,
            ra1_0.activo,
            ra1_0.fecha_creacion,
            ra1_0.fecha_modificacion,
            r1_0.id,
            r1_0.activo,
            r1_0.fecha_creacion,
            r1_0.fecha_modificacion,
            r1_0.nombre 
        from
            rol_asignado ra1_0 
        join
            rol r1_0 
                on r1_0.id=ra1_0.id_rol 
        where
            ra1_0.id_usuario=? 
            and ra1_0.activo=1 
            and r1_0.activo=1
17:10:12.075 [http-nio-auto-2-exec-1] DEBUG m.c.qtx.seguridad.service.JwtService - Configuración JWT - accessTokenExpiration: 3600000 ms
17:10:12.076 [http-nio-auto-2-exec-1] DEBUG m.c.qtx.seguridad.service.JwtService - Token times - now: Wed Jul 02 17:10:12 MST 2025, expiration: Wed Jul 02 18:10:12 MST 2025
17:10:12.077 [http-nio-auto-2-exec-1] DEBUG m.c.qtx.seguridad.service.JwtService - Access token generado para usuario: admin con roles: [ADMIN]
17:10:12.079 [http-nio-auto-2-exec-1] DEBUG m.c.qtx.seguridad.service.JwtService - Refresh token generado para usuario: admin
17:10:12.079 [http-nio-auto-2-exec-1] INFO  m.c.q.seguridad.service.AuthService - Autenticación exitosa para usuario: admin con roles: [ADMIN]
17:10:12.090 [http-nio-auto-2-exec-2] DEBUG m.c.qtx.seguridad.service.JwtService - Token validado exitosamente para usuario: admin
17:10:12.091 [http-nio-auto-2-exec-2] DEBUG m.c.qtx.seguridad.service.JwtService - Token validado exitosamente para usuario: admin
17:10:12.093 [http-nio-auto-2-exec-2] DEBUG m.c.qtx.seguridad.service.JwtService - Token validado exitosamente para usuario: admin
17:10:12.093 [http-nio-auto-2-exec-2] DEBUG m.c.qtx.seguridad.service.JwtService - Token validado exitosamente para usuario: admin
17:10:12.094 [http-nio-auto-2-exec-2] DEBUG m.c.qtx.seguridad.service.JwtService - Token validado exitosamente para usuario: admin
17:10:12.095 [http-nio-auto-2-exec-2] DEBUG m.c.qtx.seguridad.service.JwtService - Token validado exitosamente para usuario: admin
17:10:12.095 [http-nio-auto-2-exec-2] DEBUG m.c.q.s.s.JwtAuthenticationFilter - Usuario autenticado: admin con roles: [ADMIN]
17:10:12.097 [http-nio-auto-2-exec-2] DEBUG m.c.qtx.seguridad.service.JwtService - Token validado exitosamente para usuario: admin
17:10:12.098 [http-nio-auto-2-exec-2] DEBUG m.c.qtx.seguridad.service.JwtService - Token validado exitosamente para usuario: admin
17:10:12.099 [http-nio-auto-2-exec-2] DEBUG m.c.qtx.seguridad.service.JwtService - Token validado exitosamente para usuario: admin
]]></system-out>
  </testcase>
  <testcase name="shouldRejectLogoutWithoutAuthentication" classname="mx.com.qtx.seguridad.integration.AuthControllerIntegrationTest" time="0.009">
    <system-out><![CDATA[17:10:12.110 [http-nio-auto-2-exec-3] WARN  m.c.q.s.security.JwtExceptionHandler - Error de autenticación para /seguridad/v1/api/auth/logout: Full authentication is required to access this resource
]]></system-out>
  </testcase>
  <testcase name="shouldReturnServiceHealth" classname="mx.com.qtx.seguridad.integration.AuthControllerIntegrationTest" time="0.018"/>
  <testcase name="shouldRejectMalformedAuthorizationHeader" classname="mx.com.qtx.seguridad.integration.AuthControllerIntegrationTest" time="0.012">
    <system-out><![CDATA[17:10:12.141 [http-nio-auto-2-exec-5] WARN  m.c.q.s.security.JwtExceptionHandler - Error de autenticación para /seguridad/v1/api/auth/validate: Full authentication is required to access this resource
]]></system-out>
  </testcase>
  <testcase name="shouldRefreshTokenWithValidRefreshToken" classname="mx.com.qtx.seguridad.integration.AuthControllerIntegrationTest" time="0.329">
    <system-out><![CDATA[17:10:12.157 [http-nio-auto-2-exec-6] INFO  m.c.q.seguridad.service.AuthService - Intento de autenticación para usuario: admin
17:10:12.160 [http-nio-auto-2-exec-6] DEBUG org.hibernate.SQL - 
    /* <criteria> */ select
        u1_0.id,
        u1_0.activo,
        u1_0.fecha_creacion,
        u1_0.fecha_modificacion,
        u1_0.password,
        u1_0.usuario 
    from
        usuario u1_0 
    where
        u1_0.usuario=? 
        and u1_0.activo=?
17:10:12.440 [http-nio-auto-2-exec-6] DEBUG org.hibernate.SQL - 
    /* SELECT
        ra 
    FROM
        RolAsignado ra 
    JOIN
        
    FETCH
        ra.rol r 
    WHERE
        ra.usuario.id = :usuarioId 
        AND ra.activo = true 
        AND r.activo = true */ select
            ra1_0.id_rol,
            ra1_0.id_usuario,
            ra1_0.activo,
            ra1_0.fecha_creacion,
            ra1_0.fecha_modificacion,
            r1_0.id,
            r1_0.activo,
            r1_0.fecha_creacion,
            r1_0.fecha_modificacion,
            r1_0.nombre 
        from
            rol_asignado ra1_0 
        join
            rol r1_0 
                on r1_0.id=ra1_0.id_rol 
        where
            ra1_0.id_usuario=? 
            and ra1_0.activo=1 
            and r1_0.activo=1
17:10:12.444 [http-nio-auto-2-exec-6] DEBUG m.c.qtx.seguridad.service.JwtService - Configuración JWT - accessTokenExpiration: 3600000 ms
17:10:12.444 [http-nio-auto-2-exec-6] DEBUG m.c.qtx.seguridad.service.JwtService - Token times - now: Wed Jul 02 17:10:12 MST 2025, expiration: Wed Jul 02 18:10:12 MST 2025
17:10:12.446 [http-nio-auto-2-exec-6] DEBUG m.c.qtx.seguridad.service.JwtService - Access token generado para usuario: admin con roles: [ADMIN]
17:10:12.448 [http-nio-auto-2-exec-6] DEBUG m.c.qtx.seguridad.service.JwtService - Refresh token generado para usuario: admin
17:10:12.448 [http-nio-auto-2-exec-6] INFO  m.c.q.seguridad.service.AuthService - Autenticación exitosa para usuario: admin con roles: [ADMIN]
17:10:12.458 [http-nio-auto-2-exec-7] DEBUG m.c.q.seguridad.service.AuthService - Solicitud de renovación de token
17:10:12.459 [http-nio-auto-2-exec-7] DEBUG m.c.qtx.seguridad.service.JwtService - Token validado exitosamente para usuario: admin
17:10:12.460 [http-nio-auto-2-exec-7] DEBUG m.c.qtx.seguridad.service.JwtService - Token validado exitosamente para usuario: admin
17:10:12.461 [http-nio-auto-2-exec-7] DEBUG m.c.qtx.seguridad.service.JwtService - Token validado exitosamente para usuario: admin
17:10:12.462 [http-nio-auto-2-exec-7] DEBUG org.hibernate.SQL - 
    /* <criteria> */ select
        u1_0.id,
        u1_0.activo,
        u1_0.fecha_creacion,
        u1_0.fecha_modificacion,
        u1_0.password,
        u1_0.usuario 
    from
        usuario u1_0 
    where
        u1_0.usuario=? 
        and u1_0.activo=?
17:10:12.465 [http-nio-auto-2-exec-7] DEBUG org.hibernate.SQL - 
    /* SELECT
        ra 
    FROM
        RolAsignado ra 
    JOIN
        
    FETCH
        ra.rol r 
    WHERE
        ra.usuario.id = :usuarioId 
        AND ra.activo = true 
        AND r.activo = true */ select
            ra1_0.id_rol,
            ra1_0.id_usuario,
            ra1_0.activo,
            ra1_0.fecha_creacion,
            ra1_0.fecha_modificacion,
            r1_0.id,
            r1_0.activo,
            r1_0.fecha_creacion,
            r1_0.fecha_modificacion,
            r1_0.nombre 
        from
            rol_asignado ra1_0 
        join
            rol r1_0 
                on r1_0.id=ra1_0.id_rol 
        where
            ra1_0.id_usuario=? 
            and ra1_0.activo=1 
            and r1_0.activo=1
17:10:12.468 [http-nio-auto-2-exec-7] DEBUG m.c.qtx.seguridad.service.JwtService - Configuración JWT - accessTokenExpiration: 3600000 ms
17:10:12.468 [http-nio-auto-2-exec-7] DEBUG m.c.qtx.seguridad.service.JwtService - Token times - now: Wed Jul 02 17:10:12 MST 2025, expiration: Wed Jul 02 18:10:12 MST 2025
17:10:12.470 [http-nio-auto-2-exec-7] DEBUG m.c.qtx.seguridad.service.JwtService - Access token generado para usuario: admin con roles: [ADMIN]
17:10:12.471 [http-nio-auto-2-exec-7] DEBUG m.c.q.seguridad.service.AuthService - Token renovado exitosamente para usuario: admin
]]></system-out>
  </testcase>
  <testcase name="shouldRejectMissingAuthorizationHeader" classname="mx.com.qtx.seguridad.integration.AuthControllerIntegrationTest" time="0.011">
    <system-out><![CDATA[17:10:12.483 [http-nio-auto-2-exec-8] WARN  m.c.q.s.security.JwtExceptionHandler - Error de autenticación para /seguridad/v1/api/auth/validate: Full authentication is required to access this resource
]]></system-out>
  </testcase>
  <testcase name="shouldAuthenticateValidUser" classname="mx.com.qtx.seguridad.integration.AuthControllerIntegrationTest" time="0.288">
    <system-out><![CDATA[17:10:12.497 [http-nio-auto-2-exec-9] INFO  m.c.q.seguridad.service.AuthService - Intento de autenticación para usuario: admin
17:10:12.499 [http-nio-auto-2-exec-9] DEBUG org.hibernate.SQL - 
    /* <criteria> */ select
        u1_0.id,
        u1_0.activo,
        u1_0.fecha_creacion,
        u1_0.fecha_modificacion,
        u1_0.password,
        u1_0.usuario 
    from
        usuario u1_0 
    where
        u1_0.usuario=? 
        and u1_0.activo=?
17:10:12.764 [http-nio-auto-2-exec-9] DEBUG org.hibernate.SQL - 
    /* SELECT
        ra 
    FROM
        RolAsignado ra 
    JOIN
        
    FETCH
        ra.rol r 
    WHERE
        ra.usuario.id = :usuarioId 
        AND ra.activo = true 
        AND r.activo = true */ select
            ra1_0.id_rol,
            ra1_0.id_usuario,
            ra1_0.activo,
            ra1_0.fecha_creacion,
            ra1_0.fecha_modificacion,
            r1_0.id,
            r1_0.activo,
            r1_0.fecha_creacion,
            r1_0.fecha_modificacion,
            r1_0.nombre 
        from
            rol_asignado ra1_0 
        join
            rol r1_0 
                on r1_0.id=ra1_0.id_rol 
        where
            ra1_0.id_usuario=? 
            and ra1_0.activo=1 
            and r1_0.activo=1
17:10:12.767 [http-nio-auto-2-exec-9] DEBUG m.c.qtx.seguridad.service.JwtService - Configuración JWT - accessTokenExpiration: 3600000 ms
17:10:12.767 [http-nio-auto-2-exec-9] DEBUG m.c.qtx.seguridad.service.JwtService - Token times - now: Wed Jul 02 17:10:12 MST 2025, expiration: Wed Jul 02 18:10:12 MST 2025
17:10:12.769 [http-nio-auto-2-exec-9] DEBUG m.c.qtx.seguridad.service.JwtService - Access token generado para usuario: admin con roles: [ADMIN]
17:10:12.771 [http-nio-auto-2-exec-9] DEBUG m.c.qtx.seguridad.service.JwtService - Refresh token generado para usuario: admin
17:10:12.771 [http-nio-auto-2-exec-9] INFO  m.c.q.seguridad.service.AuthService - Autenticación exitosa para usuario: admin con roles: [ADMIN]
]]></system-out>
  </testcase>
  <testcase name="shouldLimitPayloadSize" classname="mx.com.qtx.seguridad.integration.AuthControllerIntegrationTest" time="0.02">
    <system-out><![CDATA[17:10:12.785 [http-nio-auto-2-exec-10] WARN  o.s.w.s.m.s.DefaultHandlerExceptionResolver - Resolved [org.springframework.web.bind.MethodArgumentNotValidException: Validation failed for argument [0] in public org.springframework.http.ResponseEntity<?> mx.com.qtx.seguridad.controller.AuthController.login(mx.com.qtx.seguridad.dto.LoginRequest): [Field error in object 'loginRequest' on field 'password': rejected value [aaaaaaaaaaaaaaaaaaaaaaaaaaaaaaaaaaaaaaaaaaaaaaaaaaaaaaaaaaaaaaaaaaaaaaaaaaaaaaaaaaaaaaaaaaaaaaaaaaaaaaaaaaaaaaaaaaaaaaaaaaaaaaaaaaaaaaaaaaaaaaaaaaaaaaaaaaaaaaaaaaaaaaaaaaaaaaaaaaaaaaaaaaaaaaaaaaaaaaaaaaaaaaaaaaaaaaaaaaaaaaaaaaaaaaaaaaaaaaaaaaaaaaaaaaaaaaaaaaaaaaaaaaaaaaaaaaaaaaaaaaaaaaaaaaaaaaaaaaaaaaaaaaaaaaaaaaaaaaaaaaaaaaaaaaaaaaaaaaaaaaaaaaaaaaaaaaaaaaaaaaaaaaaaaaaaaaaaaaaaaaaaaaaaaaaaaaaaaaaaaaaaaaaaaaaaaaaaaaaaaaaaaaaaaaaaaaaaaaaaaaaaaaaaaaaaaaaaaaaaaaaaaaaaaaaaaaaaaaaaaaaaaaaaaaaaaaaaaaaaaaaaaaaaaaaaaaaaaaaaaaaaaaaaaaaaaaaaaaaaaaaaaaaaaaaaaaaaaaaaaaaaaaaaaaaaaaaaaaaaaaaaaaaaaaaaaaaaaaaaaaaaaaaaaaaaaaaaaaaaaaaaaaaaaaaaaaaaaaaaaaaaaaaaaaaaaaaaaaaaaaaaaaaaaaaaaaaaaaaaaaaaaaaaaaaaaaaaaaaaaaaaaaaaaaaaaaaaaaaaaaaaaaaaaaaaaaaaaaaaaaaaaaaaaaaaaaaaaaaaaaaaaaaaaaaaaaaaaaaaaaaaaaaaaaaaaaaaaaaaaaaaaaaaaaaaaaaaaaaaaaaaaaaaaaaaaaaaaaaaaaaaaaaaaaaaaaaaaaaaaaaaaaaaaaaaaaaaaaaaaaaaaaaaaaaaaaaaaaaaaaaaaaaaaaaaaaaaaaaaaaaaaaaaaaaaaaaaaaaaaaaaaaaaaaaaaaaaaaaaaaaaaaaaaaaaaaaaaaaaaaaaaaaaaaaaaaaaaaaaaaaaaaaaaaaaaaaaaaaaaaaaaaaaaaaaaaaaaaaaaaaaaaaaaaaaaaaaaaaaaaaaaaaaaaaaaaaaaaaaaaaaaaaaaaaaaaaaaaaaaaaaaaaaaaaaaaaaaaaaaaaaaaaaaaaaaaaaaaaaaaaaaaaaaaaaaaaaaaaaaaaaaaaaaaaaaaaaaaaaaaaaaaaaaaaaaaaaaaaaaaaaaaaaaaaaaaaaaaaaaaaaaaaaaaaaaaaaaaaaaaaaaaaaaaaaaaaaaaaaaaaaaaaaaaaaaaaaaaaaaaaaaaaaaaaaaaaaaaaaaaaaaaaaaaaaaaaaaaaaaaaaaaaaaaaaaaaaaaaaaaaaaaaaaaaaaaaaaaaaaaaaaaaaaaaaaaaaaaaaaaaaaaaaaaaaaaaaaaaaaaaaaaaaaaaaaaaaaaaaaaaaaaaaaaaaaaaaaaaaaaaaaaaaaaaaaaaaaaaaaaaaaaaaaaaaaaaaaaaaaaaaaaaaaaaaaaaaaaaaaaaaaaaaaaaaaaaaaaaaaaaaaaaaaaaaaaaaaaaaaaaaaaaaaaaaaaaaaaaaaaaaaaaaaaaaaaaaaaaaaaaaaaaaaaaaaaaaaaaaaaaaaaaaaaaaaaaaaaaaaaaaaaaaaaaaaaaaaaaaaaaaaaaaaaaaaaaaaaaaaaaaaaaaaaaaaaaaaaaaaaaaaaaaaaaaaaaaaaaaaaaaaaaaaaaaaaaaaaaaaaaaaaaaaaaaaaaaaaaaaaaaaaaaaaaaaaaaaaaaaaaaaaaaaaaaaaaaaaaaaaaaaaaaaaaaaaaaaaaaaaaaaaaaaaaaaaaaaaaaaaaaaaaaaaaaaaaaaaaaaaaaaaaaaaaaaaaaaaaaaaaaaaaaaaaaaaaaaaaaaaaaaaaaaaaaaaaaaaaaaaaaaaaaaaaaaaaaaaaaaaaaaaaaaaaaaaaaaaaaaaaaaaaaaaaaaaaaaaaaaaaaaaaaaaaaaaaaaaaaaaaaaaaaaaaaaaaaaaaaaaaaaaaaaaaaaaaaaaaaaaaaaaaaaaaaaaaaaaaaaaaaaaaaaaaaaaaaaaaaaaaaaaaaaaaaaaaaaaaaaaaaaaaaaaaaaaaaaaaaaaaaaaaaaaaaaaaaaaaaaaaaaaaaaaaaaaaaaaaaaaaaaaaaaaaaaaaaaaaaaaaaaaaaaaaaaaaaaaaaaaaaaaaaaaaaaaaaaaaaaaaaaaaaaaaaaaaaaaaaaaaaaaaaaaaaaaaaaaaaaaaaaaaaaaaaaaaaaaaaaaaaaaaaaaaaaaaaaaaaaaaaaaaaaaaaaaaaaaaaaaaaaaaaaaaaaaaaaaaaaaaaaaaaaaaaaaaaaaaaaaaaaaaaaaaaaaaaaaaaaaaaaaaaaaaaaaaaaaaaaaaaaaaaaaaaaaaaaaaaaaaaaaaaaaaaaaaaaaaaaaaaaaaaaaaaaaaaaaaaaaaaaaaaaaaaaaaaaaaaaaaaaaaaaaaaaaaaaaaaaaaaaaaaaaaaaaaaaaaaaaaaaaaaaaaaaaaaaaaaaaaaaaaaaaaaaaaaaaaaaaaaaaaaaaaaaaaaaaaaaaaaaaaaaaaaaaaaaaaaaaaaaaaaaaaaaaaaaaaaaaaaaaaaaaaaaaaaaaaaaaaaaaaaaaaaaaaaaaaaaaaaaaaaaaaaaaaaaaaaaaaaaaaaaaaaaaaaaaaaaaaaaaaaaaaaaaaaaaaaaaaaaaaaaaaaaaaaaaaaaaaaaaaaaaaaaaaaaaaaaaaaaaaaaaaaaaaaaaaaaaaaaaaaaaaaaaaaaaaaaaaaaaaaaaaaaaaaaaaaaaaaaaaaaaaaaaaaaaaaaaaaaaaaaaaaaaaaaaaaaaaaaaaaaaaaaaaaaaaaaaaaaaaaaaaaaaaaaaaaaaaaaaaaaaaaaaaaaaaaaaaaaaaaaaaaaaaaaaaaaaaaaaaaaaaaaaaaaaaaaaaaaaaaaaaaaaaaaaaaaaaaaaaaaaaaaaaaaaaaaaaaaaaaaaaaaaaaaaaaaaaaaaaaaaaaaaaaaaaaaaaaaaaaaaaaaaaaaaaaaaaaaaaaaaaaaaaaaaaaaaaaaaaaaaaaaaaaaaaaaaaaaaaaaaaaaaaaaaaaaaaaaaaaaaaaaaaaaaaaaaaaaaaaaaaaaaaaaaaaaaaaaaaaaaaaaaaaaaaaaaaaaaaaaaaaaaaaaaaaaaaaaaaaaaaaaaaaaaaaaaaaaaaaaaaaaaaaaaaaaaaaaaaaaaaaaaaaaaaaaaaaaaaaaaaaaaaaaaaaaaaaaaaaaaaaaaaaaaaaaaaaaaaaaaaaaaaaaaaaaaaaaaaaaaaaaaaaaaaaaaaaaaaaaaaaaaaaaaaaaaaaaaaaaaaaaaaaaaaaaaaaaaaaaaaaaaaaaaaaaaaaaaaaaaaaaaaaaaaaaaaaaaaaaaaaaaaaaaaaaaaaaaaaaaaaaaaaaaaaaaaaaaaaaaaaaaaaaaaaaaaaaaaaaaaaaaaaaaaaaaaaaaaaaaaaaaaaaaaaaaaaaaaaaaaaaaaaaaaaaaaaaaaaaaaaaaaaaaaaaaaaaaaaaaaaaaaaaaaaaaaaaaaaaaaaaaaaaaaaaaaaaaaaaaaaaaaaaaaaaaaaaaaaaaaaaaaaaaaaaaaaaaaaaaaaaaaaaaaaaaaaaaaaaaaaaaaaaaaaaaaaaaaaaaaaaaaaaaaaaaaaaaaaaaaaaaaaaaaaaaaaaaaaaaaaaaaaaaaaaaaaaaaaaaaaaaaaaaaaaaaaaaaaaaaaaaaaaaaaaaaaaaaaaaaaaaaaaaaaaaaaaaaaaaaaaaaaaaaaaaaaaaaaaaaaaaaaaaaaaaaaaaaaaaaaaaaaaaaaaaaaaaaaaaaaaaaaaaaaaaaaaaaaaaaaaaaaaaaaaaaaaaaaaaaaaaaaaaaaaaaaaaaaaaaaaaaaaaaaaaaaaaaaaaaaaaaaaaaaaaaaaaaaaaaaaaaaaaaaaaaaaaaaaaaaaaaaaaaaaaaaaaaaaaaaaaaaaaaaaaaaaaaaaaaaaaaaaaaaaaaaaaaaaaaaaaaaaaaaaaaaaaaaaaaaaaaaaaaaaaaaaaaaaaaaaaaaaaaaaaaaaaaaaaaaaaaaaaaaaaaaaaaaaaaaaaaaaaaaaaaaaaaaaaaaaaaaaaaaaaaaaaaaaaaaaaaaaaaaaaaaaaaaaaaaaaaaaaaaaaaaaaaaaaaaaaaaaaaaaaaaaaaaaaaaaaaaaaaaaaaaaaaaaaaaaaaaaaaaaaaaaaaaaaaaaaaaaaaaaaaaaaaaaaaaaaaaaaaaaaaaaaaaaaaaaaaaaaaaaaaaaaaaaaaaaaaaaaaaaaaaaaaaaaaaaaaaaaaaaaaaaaaaaaaaaaaaaaaaaaaaaaaaaaaaaaaaaaaaaaaaaaaaaaaaaaaaaaaaaaaaaaaaaaaaaaaaaaaaaaaaaaaaaaaaaaaaaaaaaaaaaaaaaaaaaaaaaaaaaaaaaaaaaaaaaaaaaaaaaaaaaaaaaaaaaaaaaaaaaaaaaaaaaaaaaaaaaaaaaaaaaaaaaaaaaaaaaaaaaaaaaaaaaaaaaaaaaaaaaaaaaaaaaaaaaaaaaaaaaaaaaaaaaaaaaaaaaaaaaaaaaaaaaaaaaaaaaaaaaaaaaaaaaaaaaaaaaaaaaaaaaaaaaaaaaaaaaaaaaaaaaaaaaaaaaaaaaaaaaaaaaaaaaaaaaaaaaaaaaaaaaaaaaaaaaaaaaaaaaaaaaaaaaaaaaaaaaaaaaaaaaaaaaaaaaaaaaaaaaaaaaaaaaaaaaaaaaaaaaaaaaaaaaaaaaaaaaaaaaaaaaaaaaaaaaaaaaaaaaaaaaaaaaaaaaaaaaaaaaaaaaaaaaaaaaaaaaaaaaaaaaaaaaaaaaaaaaaaaaaaaaaaaaaaaaaaaaaaaaaaaaaaaaaaaaaaaaaaaaaaaaaaaaaaaaaaaaaaaaaaaaaaaaaaaaaaaaaaaaaaaaaaaaaaaaaaaaaaaaaaaaaaaaaaaaaaaaaaaaaaaaaaaaaaaaaaaaaaaaaaaaaaaaaaaaaaaaaaaaaaaaaaaaaaaaaaaaaaaaaaaaaaaaaaaaaaaaaaaaaaaaaaaaaaaaaaaaaaaaaaaaaaaaaaaaaaaaaaaaaaaaaaaaaaaaaaaaaaaaaaaaaaaaaaaaaaaaaaaaaaaaaaaaaaaaaaaaaaaaaaaaaaaaaaaaaaaaaaaaaaaaaaaaaaaaaaaaaaaaaaaaaaaaaaaaaaaaaaaaaaaaaaaaaaaaaaaaaaaaaaaaaaaaaaaaaaaaaaaaaaaaaaaaaaaaaaaaaaaaaaaaaaaaaaaaaaaaaaaaaaaaaaaaaaaaaaaaaaaaaaaaaaaaaaaaaaaaaaaaaaaaaaaaaaaaaaaaaaaaaaaaaaaaaaaaaaaaaaaaaaaaaaaaaaaaaaaaaaaaaaaaaaaaaaaaaaaaaaaaaaaaaaaaaaaaaaaaaaaaaaaaaaaaaaaaaaaaaaaaaaaaaaaaaaaaaaaaaaaaaaaaaaaaaaaaaaaaaaaaaaaaaaaaaaaaaaaaaaaaaaaaaaaaaaaaaaaaaaaaaaaaaaaaaaaaaaaaaaaaaaaaaaaaaaaaaaaaaaaaaaaaaaaaaaaaaaaaaaaaaaaaaaaaaaaaaaaaaaaaaaaaaaaaaaaaaaaaaaaaaaaaaaaaaaaaaaaaaaaaaaaaaaaaaaaaaaaaaaaaaaaaaaaaaaaaaaaaaaaaaaaaaaaaaaaaaaaaaaaaaaaaaaaaaaaaaaaaaaaaaaaaaaaaaaaaaaaaaaaaaaaaaaaaaaaaaaaaaaaaaaaaaaaaaaaaaaaaaaaaaaaaaaaaaaaaaaaaaaaaaaaaaaaaaaaaaaaaaaaaaaaaaaaaaaaaaaaaaaaaaaaaaaaaaaaaaaaaaaaaaaaaaaaaaaaaaaaaaaaaaaaaaaaaaaaaaaaaaaaaaaaaaaaaaaaaaaaaaaaaaaaaaaaaaaaaaaaaaaaaaaaaaaaaaaaaaaaaaaaaaaaaaaaaaaaaaaaaaaaaaaaaaaaaaaaaaaaaaaaaaaaaaaaaaaaaaaaaaaaaaaaaaaaaaaaaaaaaaaaaaaaaaaaaaaaaaaaaaaaaaaaaaaaaaaaaaaaaaaaaaaaaaaaaaaaaaaaaaaaaaaaaaaaaaaaaaaaaaaaaaaaaaaaaaaaaaaaaaaaaaaaaaaaaaaaaaaaaaaaaaaaaaaaaaaaaaaaaaaaaaaaaaaaaaaaaaaaaaaaaaaaaaaaaaaaaaaaaaaaaaaaaaaaaaaaaaaaaaaaaaaaaaaaaaaaaaaaaaaaaaaaaaaaaaaaaaaaaaaaaaaaaaaaaaaaaaaaaaaaaaaaaaaaaaaaaaaaaaaaaaaaaaaaaaaaaaaaaaaaaaaaaaaaaaaaaaaaaaaaaaaaaaaaaaaaaaaaaaaaaaaaaaaaaaaaaaaaaaaaaaaaaaaaaaaaaaaaaaaaaaaaaaaaaaaaaaaaaaaaaaaaaaaaaaaaaaaaaaaaaaaaaaaaaaaaaaaaaaaaaaaaaaaaaaaaaaaaaaaaaaaaaaaaaaaaaaaaaaaaaaaaaaaaaaaaaaaaaaaaaaaaaaaaaaaaaaaaaaaaaaaaaaaaaaaaaaaaaaaaaaaaaaaaaaaaaaaaaaaaaaaaaaaaaaaaaaaaaaaaaaaaaaaaaaaaaaaaaaaaaaaaaaaaaaaaaaaaaaaaaaaaaaaaaaaaaaaaaaaaaaaaaaaaaaaaaaaaaaaaaaaaaaaaaaaaaaaaaaaaaaaaaaaaaaaaaaaaaaaaaaaaaaaaaaaaaaaaaaaaaaaaaaaaaaaaaaaaaaaaaaaaaaaaaaaaaaaaaaaaaaaaaaaaaaaaaaaaaaaaaaaaaaaaaaaaaaaaaaaaaaaaaaaaaaaaaaaaaaaaaaaaaaaaaaaaaaaaaaaaaaaaaaaaaaaaaaaaaaaaaaaaaaaaaaaaaaaaaaaaaaaaaaaaaaaaaaaaaaaaaaaaaaaaaaaaaaaaaaaaaaaaaaaaaaaaaaaaaaaaaaaaaaaaaaaaaaaaaaaaaaaaaaaaaaaaaaaaaaaaaaaaaaaaaaaaaaaaaaaaaaaaaaaaaaaaaaaaaaaaaaaaaaaaaaaaaaaaaaaaaaaaaaaaaaaaaaaaaaaaaaaaaaaaaaaaaaaaaaaaaaaaaaaaaaaaaaaaaaaaaaaaaaaaaaaaaaaaaaaaaaaaaaaaaaaaaaaaaaaaaaaaaaaaaaaaaaaaaaaaaaaaaaaaaaaaaaaaaaaaaaaaaaaaaaaaaaaaaaaaaaaaaaaaaaaaaaaaaaaaaaaaaaaaaaaaaaaaaaaaaaaaaaaaaaaaaaaaaaaaaaaaaaaaaaaaaaaaaaaaaaaaaaaaaaaaaaaaaaaaaaaaaaaaaaaaaaaaaaaaaaaaaaaaaaaaaaaaaaaaaaaaaaaaaaaaaaaaaaaaaaaaaaaaaaaaaaaaaaaaaaaaaaaaaaaaaaaaaaaaaaaaaaaaaaaaaaaaaaaaaaaaaaaaaaaaaaaaaaaaaaaaaaaaaaaaaaaaaaaaaaaaaaaaaaaaaaaaaaaaaaaaaaaaaaaaaaaaaaaaaaaaaaaaaaaaaaaaaaaaaaaaaaaaaaaaaaaaaaaaaaaaaaaaaaaaaaaaaaaaaaaaaaaaaaaaaaaaaaaaaaaaaaaaaaaaaaaaaaaaaaaaaaaaaaaaaaaaaaaaaaaaaaaaaaaaaaaaaaaaaaaaaaaaaaaaaaaaaaaaaaaaaaaaaaaaaaaaaaaaaaaaaaaaaaaaaaaaaaaaaaaaaaaaaaaaaaaaaaaaaaaaaaaaaaaaaaaaaaaaaaaaaaaaaaaaaaaaaaaaaaaaaaaaaaaaaaaaaaaaaaaaaaaaaaaaaaaaaaaaaaaaaaaaaaaaaaaaaaaaaaaaaaaaaaaaaaaaaaaaaaaaaaaaaaaaaaaaaaaaaaaaaaaaaaaaaaaaaaaaaaaaaaaaaaaaaaaaaaaaaaaaaaaaaaaaaaaaaaaaaaaaaaaaaaaaaaaaaaaaaaaaaaaaaaaaaaaaaaaaaaaaaaaaaaaaaaaaaaaaaaaaaaaaaaaaaaaaaaaaaaaaaaaaaaaaaaaaaaaaaaaaaaaaaaaaaaaaaaaaaaaaaaaaaaaaaaaaaaaaaaaaaaaaaaaaaaaaaaaaaaaaaaaaaaaaaaaaaaaaaaaaaaaaaaaaaaaaaaaaaaaaaaaaaaaaaaaaaaaaaaaaaaaaaaaaaaaaaaaaaaaaaaaaaaaaaaaaaaaaaaaaaaaaaaaaaaaaaaaaaaaaaaaaaaaaaaaaaaaaaaaaaaaaaaaaaaaaaaaaaaaaaaaaaaaaaaaaaaaaaaaaaaaaaaaaaaaaaaaaaaaaaaaaaaaaaaaaaaaaaaaaaaaaaaaaaaaaaaaaaaaaaaaaaaaaaaaaaaaaaaaaaaaaaaaaaaaaaaaaaaaaaaaaaaaaaaaaaaaaaaaaaaaaaaaaaaaaaaaaaaaaaaaaaaaaaaaaaaaaaaaaaaaaaaaaaaaaaaaaaaaaaaaaaaaaaaaaaaaaaaaaaaaaaaaaaaaaaaaaaaaaaaaaaaaaaaaaaaaaaaaaaaaaaaaaaaaaaaaaaaaaaaaaaaaaaaaaaaaaaaaaaaaaaaaaaaaaaaaaaaaaaaaaaaaaaaaaaaaaaaaaaaaaaaaaaaaaaaaaaaaaaaaaaaaaaaaaaaaaaaaaaaaaaaaaaaaaaaaaaaaaaaaaaaaaaaaaaaaaaaaaaaaaaaaaaaaaaaaaaaaaaaaaaaaaaaaaaaaaaaaaaaaaaaaaaaaaaaaaaaaaaaaaaaaaaaaaaaaaaaaaaaaaaaaaaaaaaaaaaaaaaaaaaaaaaaaaaaaaaaaaaaaaaaaaaaaaaaaaaaaaaaaaaaaaaaaaaaaaaaaaaaaaaaaaaaaaaaaaaaaaaaaaaaaaaaaaaaaaaaaaaaaaaaaaaaaaaaaaaaaaaaaaaaaaaaaaaaaaaaaaaaaaaaaaaaaaaaaaaaaaaaaaaaaaaaaaaaaaaaaaaaaaaaaaaaaaaaaaaaaaaaaaaaaaaaaaaaaaaaaaaaaaaaaaaaaaaaaaaaaaaaaaaaaaaaaaaaaaaaaaaaaaaaaaaaaaaaaaaaaaaaaaaaaaaaaaaaaaaaaaaaaaaaaaaaaaaaaaaaaaaaaaaaaaaaaaaaaaaaaaaaaaaaaaaaaaaaaaaaaaaaaaaaaaaaaaaaaaaaaaaaaaaaaaaaaaaaaaaaaaaaaaaaaaaaaaaaaaaaaaaaaaaaaaaaaaaaaaaaaaaaaaaaaaaaaaaaaaaaaaaaaaaaaaaaaaaaaaaaaaaaaaaaaaaaaaaaaaaaaaaaaaaaaaaaaaaaaaaaaaaaaaaaaaaaaaaaaaaaaaaaaaaaaaaaaaaaaaaaaaaaaaaaaaaaaaaaaaaaaaaaaaaaaaaaaaaaaaaaaaaaaaaaaaaaaaaaaaaaaaaaaaaaaaaaaaaaaaaaaaaaaaaaaaaaaaaaaaaaaaaaaaaaaaaaaaaaaaaaaaaaaaaaaaaaaaaaaaaaaaaaaaaaaaaaaaaaaaaaaaaaaaaaaaaaaaaaaaaaaaaaaaaaaaaaaaaaaaaaaaaaaaaaaaaaaaaaaaaaaaaaaaaaaaaaaaaaaaaaaaaaaaaaaaaaaaaaaaaaaaaaaaaaaaaaaaaaaaaaaaaaaaaaaaaaaaaaaaaaaaaaaaaaaaaaaaaaaaaaaaaaaaaaaaaaaaaaaaaaaaaaaaaaaaaaaaaaaaaaaaaaaaaaaaaaaaaaaaaaaaaaaaaaaaaaaaaaaaaaaaaaaaaaaaaaaaaaaaaaaaaaaaaaaaaaaaaaaaaaaaaaaaaaaaaaaaaaaaaaaaaaaaaaaaaaaaaaaaaaaaaaaaaaaaaaaaaaaaaaaaaaaaaaaaaaaaaaaaaaaaaaaaaaaaaaaaaaaaaaaaaaaaaaaaaaaaaaaaaaaaaaaaaaaaaaaaaaaaaaaaaaaaaaaaaaaaaaaa]; codes [Size.loginRequest.password,Size.password,Size.java.lang.String,Size]; arguments [org.springframework.context.support.DefaultMessageSourceResolvable: codes [loginRequest.password,password]; arguments []; default message [password],255,8]; default message [La contraseña debe tener entre 8 y 255 caracteres]] ]
]]></system-out>
  </testcase>
  <testcase name="shouldRejectInvalidTokenForTtl" classname="mx.com.qtx.seguridad.integration.AuthControllerIntegrationTest" time="0.016">
    <system-out><![CDATA[17:10:12.809 [http-nio-auto-2-exec-1] ERROR m.c.qtx.seguridad.service.JwtService - Token JWT malformado: Malformed protected header JSON: Unable to deserialize: Unexpected character ('�' (code 65533 / 0xfffd)): expected a valid value (JSON String, Number, Array, Object or token 'null', 'true' or 'false')
 at [Source: REDACTED (`StreamReadFeature.INCLUDE_SOURCE_IN_LOCATION` disabled); line: 1, column: 1]
17:10:12.809 [http-nio-auto-2-exec-1] DEBUG m.c.q.seguridad.service.AuthService - Token inválido: Malformed protected header JSON: Unable to deserialize: Unexpected character ('�' (code 65533 / 0xfffd)): expected a valid value (JSON String, Number, Array, Object or token 'null', 'true' or 'false')
 at [Source: REDACTED (`StreamReadFeature.INCLUDE_SOURCE_IN_LOCATION` disabled); line: 1, column: 1]
17:10:12.811 [http-nio-auto-2-exec-1] DEBUG m.c.q.s.s.JwtAuthenticationFilter - Token inválido o expirado para request: /seguridad/v1/api/auth/token-ttl
17:10:12.812 [http-nio-auto-2-exec-1] WARN  m.c.q.s.security.JwtExceptionHandler - Error de autenticación para /seguridad/v1/api/auth/token-ttl: Full authentication is required to access this resource
]]></system-out>
  </testcase>
  <testcase name="shouldValidateValidToken" classname="mx.com.qtx.seguridad.integration.AuthControllerIntegrationTest" time="0.336">
    <system-out><![CDATA[17:10:12.829 [http-nio-auto-2-exec-2] INFO  m.c.q.seguridad.service.AuthService - Intento de autenticación para usuario: admin
17:10:12.831 [http-nio-auto-2-exec-2] DEBUG org.hibernate.SQL - 
    /* <criteria> */ select
        u1_0.id,
        u1_0.activo,
        u1_0.fecha_creacion,
        u1_0.fecha_modificacion,
        u1_0.password,
        u1_0.usuario 
    from
        usuario u1_0 
    where
        u1_0.usuario=? 
        and u1_0.activo=?
17:10:13.115 [http-nio-auto-2-exec-2] DEBUG org.hibernate.SQL - 
    /* SELECT
        ra 
    FROM
        RolAsignado ra 
    JOIN
        
    FETCH
        ra.rol r 
    WHERE
        ra.usuario.id = :usuarioId 
        AND ra.activo = true 
        AND r.activo = true */ select
            ra1_0.id_rol,
            ra1_0.id_usuario,
            ra1_0.activo,
            ra1_0.fecha_creacion,
            ra1_0.fecha_modificacion,
            r1_0.id,
            r1_0.activo,
            r1_0.fecha_creacion,
            r1_0.fecha_modificacion,
            r1_0.nombre 
        from
            rol_asignado ra1_0 
        join
            rol r1_0 
                on r1_0.id=ra1_0.id_rol 
        where
            ra1_0.id_usuario=? 
            and ra1_0.activo=1 
            and r1_0.activo=1
17:10:13.118 [http-nio-auto-2-exec-2] DEBUG m.c.qtx.seguridad.service.JwtService - Configuración JWT - accessTokenExpiration: 3600000 ms
17:10:13.118 [http-nio-auto-2-exec-2] DEBUG m.c.qtx.seguridad.service.JwtService - Token times - now: Wed Jul 02 17:10:13 MST 2025, expiration: Wed Jul 02 18:10:13 MST 2025
17:10:13.120 [http-nio-auto-2-exec-2] DEBUG m.c.qtx.seguridad.service.JwtService - Access token generado para usuario: admin con roles: [ADMIN]
17:10:13.122 [http-nio-auto-2-exec-2] DEBUG m.c.qtx.seguridad.service.JwtService - Refresh token generado para usuario: admin
17:10:13.122 [http-nio-auto-2-exec-2] INFO  m.c.q.seguridad.service.AuthService - Autenticación exitosa para usuario: admin con roles: [ADMIN]
17:10:13.130 [http-nio-auto-2-exec-3] DEBUG m.c.qtx.seguridad.service.JwtService - Token validado exitosamente para usuario: admin
17:10:13.131 [http-nio-auto-2-exec-3] DEBUG m.c.qtx.seguridad.service.JwtService - Token validado exitosamente para usuario: admin
17:10:13.134 [http-nio-auto-2-exec-3] DEBUG m.c.qtx.seguridad.service.JwtService - Token validado exitosamente para usuario: admin
17:10:13.135 [http-nio-auto-2-exec-3] DEBUG m.c.qtx.seguridad.service.JwtService - Token validado exitosamente para usuario: admin
17:10:13.135 [http-nio-auto-2-exec-3] DEBUG m.c.qtx.seguridad.service.JwtService - Token validado exitosamente para usuario: admin
17:10:13.136 [http-nio-auto-2-exec-3] DEBUG m.c.qtx.seguridad.service.JwtService - Token validado exitosamente para usuario: admin
17:10:13.136 [http-nio-auto-2-exec-3] DEBUG m.c.q.s.s.JwtAuthenticationFilter - Usuario autenticado: admin con roles: [ADMIN]
17:10:13.141 [http-nio-auto-2-exec-3] DEBUG m.c.qtx.seguridad.service.JwtService - Token validado exitosamente para usuario: admin
17:10:13.145 [http-nio-auto-2-exec-3] DEBUG m.c.qtx.seguridad.service.JwtService - Token validado exitosamente para usuario: admin
17:10:13.146 [http-nio-auto-2-exec-3] DEBUG m.c.qtx.seguridad.service.JwtService - Token validado exitosamente para usuario: admin
17:10:13.147 [http-nio-auto-2-exec-3] DEBUG m.c.qtx.seguridad.service.JwtService - Token validado exitosamente para usuario: admin
17:10:13.148 [http-nio-auto-2-exec-3] DEBUG m.c.qtx.seguridad.service.JwtService - Token validado exitosamente para usuario: admin
]]></system-out>
  </testcase>
  <testcase name="shouldHandleIncorrectContentType" classname="mx.com.qtx.seguridad.integration.AuthControllerIntegrationTest" time="0.017">
    <system-out><![CDATA[17:10:13.162 [http-nio-auto-2-exec-4] WARN  o.s.w.s.m.s.DefaultHandlerExceptionResolver - Resolved [org.springframework.web.HttpMediaTypeNotSupportedException: Content-Type 'text/plain;charset=UTF-8' is not supported]
]]></system-out>
  </testcase>
  <testcase name="shouldRejectInvalidRefreshToken" classname="mx.com.qtx.seguridad.integration.AuthControllerIntegrationTest" time="0.026">
    <system-out><![CDATA[17:10:13.189 [http-nio-auto-2-exec-5] DEBUG m.c.q.seguridad.service.AuthService - Solicitud de renovación de token
17:10:13.190 [http-nio-auto-2-exec-5] ERROR m.c.qtx.seguridad.service.JwtService - Token JWT malformado: Malformed protected header JSON: Unable to deserialize: Unexpected character ('�' (code 65533 / 0xfffd)): expected a valid value (JSON String, Number, Array, Object or token 'null', 'true' or 'false')
 at [Source: REDACTED (`StreamReadFeature.INCLUDE_SOURCE_IN_LOCATION` disabled); line: 1, column: 1]
17:10:13.191 [http-nio-auto-2-exec-5] ERROR m.c.q.seguridad.service.AuthService - Error al renovar token: Malformed protected header JSON: Unable to deserialize: Unexpected character ('�' (code 65533 / 0xfffd)): expected a valid value (JSON String, Number, Array, Object or token 'null', 'true' or 'false')
 at [Source: REDACTED (`StreamReadFeature.INCLUDE_SOURCE_IN_LOCATION` disabled); line: 1, column: 1]
]]></system-out>
  </testcase>
</testsuite>