<?xml version="1.0" encoding="UTF-8"?>
<testsuite xmlns:xsi="http://www.w3.org/2001/XMLSchema-instance" xsi:noNamespaceSchemaLocation="https://maven.apache.org/surefire/maven-surefire-plugin/xsd/surefire-test-report.xsd" version="3.0.2" name="mx.com.qtx.seguridad.service.JwtServiceTest" time="2.495" tests="19" errors="0" skipped="0" failures="0">
  <properties>
    <property name="java.specification.version" value="21"/>
    <property name="sun.jnu.encoding" value="UTF-8"/>
    <property name="java.class.path" value="/home/usuario/Asp/github repositorios/curso/CotizadorPcPartes/ms-seguridad/target/test-classes:/home/usuario/Asp/github repositorios/curso/CotizadorPcPartes/ms-seguridad/target/classes:/home/usuario/.m2/repository/org/springframework/boot/spring-boot-starter-web/3.5.3/spring-boot-starter-web-3.5.3.jar:/home/usuario/.m2/repository/org/springframework/boot/spring-boot-starter/3.5.3/spring-boot-starter-3.5.3.jar:/home/usuario/.m2/repository/org/springframework/boot/spring-boot/3.5.3/spring-boot-3.5.3.jar:/home/usuario/.m2/repository/org/springframework/boot/spring-boot-starter-logging/3.5.3/spring-boot-starter-logging-3.5.3.jar:/home/usuario/.m2/repository/ch/qos/logback/logback-classic/1.5.18/logback-classic-1.5.18.jar:/home/usuario/.m2/repository/ch/qos/logback/logback-core/1.5.18/logback-core-1.5.18.jar:/home/usuario/.m2/repository/org/apache/logging/log4j/log4j-to-slf4j/2.24.3/log4j-to-slf4j-2.24.3.jar:/home/usuario/.m2/repository/org/apache/logging/log4j/log4j-api/2.24.3/log4j-api-2.24.3.jar:/home/usuario/.m2/repository/org/slf4j/jul-to-slf4j/2.0.17/jul-to-slf4j-2.0.17.jar:/home/usuario/.m2/repository/jakarta/annotation/jakarta.annotation-api/2.1.1/jakarta.annotation-api-2.1.1.jar:/home/usuario/.m2/repository/org/yaml/snakeyaml/2.4/snakeyaml-2.4.jar:/home/usuario/.m2/repository/org/springframework/boot/spring-boot-starter-json/3.5.3/spring-boot-starter-json-3.5.3.jar:/home/usuario/.m2/repository/com/fasterxml/jackson/datatype/jackson-datatype-jdk8/2.19.1/jackson-datatype-jdk8-2.19.1.jar:/home/usuario/.m2/repository/com/fasterxml/jackson/datatype/jackson-datatype-jsr310/2.19.1/jackson-datatype-jsr310-2.19.1.jar:/home/usuario/.m2/repository/com/fasterxml/jackson/module/jackson-module-parameter-names/2.19.1/jackson-module-parameter-names-2.19.1.jar:/home/usuario/.m2/repository/org/springframework/boot/spring-boot-starter-tomcat/3.5.3/spring-boot-starter-tomcat-3.5.3.jar:/home/usuario/.m2/repository/org/apache/tomcat/embed/tomcat-embed-core/10.1.42/tomcat-embed-core-10.1.42.jar:/home/usuario/.m2/repository/org/apache/tomcat/embed/tomcat-embed-websocket/10.1.42/tomcat-embed-websocket-10.1.42.jar:/home/usuario/.m2/repository/org/springframework/spring-web/6.2.8/spring-web-6.2.8.jar:/home/usuario/.m2/repository/org/springframework/spring-beans/6.2.8/spring-beans-6.2.8.jar:/home/usuario/.m2/repository/org/springframework/spring-webmvc/6.2.8/spring-webmvc-6.2.8.jar:/home/usuario/.m2/repository/org/springframework/spring-context/6.2.8/spring-context-6.2.8.jar:/home/usuario/.m2/repository/org/springframework/spring-expression/6.2.8/spring-expression-6.2.8.jar:/home/usuario/.m2/repository/org/springframework/boot/spring-boot-starter-data-jpa/3.5.3/spring-boot-starter-data-jpa-3.5.3.jar:/home/usuario/.m2/repository/org/springframework/boot/spring-boot-starter-jdbc/3.5.3/spring-boot-starter-jdbc-3.5.3.jar:/home/usuario/.m2/repository/com/zaxxer/HikariCP/6.3.0/HikariCP-6.3.0.jar:/home/usuario/.m2/repository/org/springframework/spring-jdbc/6.2.8/spring-jdbc-6.2.8.jar:/home/usuario/.m2/repository/org/hibernate/orm/hibernate-core/6.6.18.Final/hibernate-core-6.6.18.Final.jar:/home/usuario/.m2/repository/jakarta/persistence/jakarta.persistence-api/3.1.0/jakarta.persistence-api-3.1.0.jar:/home/usuario/.m2/repository/jakarta/transaction/jakarta.transaction-api/2.0.1/jakarta.transaction-api-2.0.1.jar:/home/usuario/.m2/repository/org/jboss/logging/jboss-logging/3.6.1.Final/jboss-logging-3.6.1.Final.jar:/home/usuario/.m2/repository/org/hibernate/common/hibernate-commons-annotations/7.0.3.Final/hibernate-commons-annotations-7.0.3.Final.jar:/home/usuario/.m2/repository/io/smallrye/jandex/3.2.0/jandex-3.2.0.jar:/home/usuario/.m2/repository/com/fasterxml/classmate/1.7.0/classmate-1.7.0.jar:/home/usuario/.m2/repository/net/bytebuddy/byte-buddy/1.17.6/byte-buddy-1.17.6.jar:/home/usuario/.m2/repository/org/glassfish/jaxb/jaxb-runtime/4.0.5/jaxb-runtime-4.0.5.jar:/home/usuario/.m2/repository/org/glassfish/jaxb/jaxb-core/4.0.5/jaxb-core-4.0.5.jar:/home/usuario/.m2/repository/org/eclipse/angus/angus-activation/2.0.2/angus-activation-2.0.2.jar:/home/usuario/.m2/repository/org/glassfish/jaxb/txw2/4.0.5/txw2-4.0.5.jar:/home/usuario/.m2/repository/com/sun/istack/istack-commons-runtime/4.1.2/istack-commons-runtime-4.1.2.jar:/home/usuario/.m2/repository/jakarta/inject/jakarta.inject-api/2.0.1/jakarta.inject-api-2.0.1.jar:/home/usuario/.m2/repository/org/antlr/antlr4-runtime/4.13.0/antlr4-runtime-4.13.0.jar:/home/usuario/.m2/repository/org/springframework/data/spring-data-jpa/3.5.1/spring-data-jpa-3.5.1.jar:/home/usuario/.m2/repository/org/springframework/data/spring-data-commons/3.5.1/spring-data-commons-3.5.1.jar:/home/usuario/.m2/repository/org/springframework/spring-orm/6.2.8/spring-orm-6.2.8.jar:/home/usuario/.m2/repository/org/springframework/spring-tx/6.2.8/spring-tx-6.2.8.jar:/home/usuario/.m2/repository/org/slf4j/slf4j-api/2.0.17/slf4j-api-2.0.17.jar:/home/usuario/.m2/repository/org/springframework/spring-aspects/6.2.8/spring-aspects-6.2.8.jar:/home/usuario/.m2/repository/org/aspectj/aspectjweaver/1.9.24/aspectjweaver-1.9.24.jar:/home/usuario/.m2/repository/org/springframework/boot/spring-boot-starter-security/3.5.3/spring-boot-starter-security-3.5.3.jar:/home/usuario/.m2/repository/org/springframework/spring-aop/6.2.8/spring-aop-6.2.8.jar:/home/usuario/.m2/repository/org/springframework/security/spring-security-config/6.5.1/spring-security-config-6.5.1.jar:/home/usuario/.m2/repository/org/springframework/security/spring-security-web/6.5.1/spring-security-web-6.5.1.jar:/home/usuario/.m2/repository/org/springframework/boot/spring-boot-starter-validation/3.5.3/spring-boot-starter-validation-3.5.3.jar:/home/usuario/.m2/repository/org/apache/tomcat/embed/tomcat-embed-el/10.1.42/tomcat-embed-el-10.1.42.jar:/home/usuario/.m2/repository/org/hibernate/validator/hibernate-validator/8.0.2.Final/hibernate-validator-8.0.2.Final.jar:/home/usuario/.m2/repository/jakarta/validation/jakarta.validation-api/3.0.2/jakarta.validation-api-3.0.2.jar:/home/usuario/.m2/repository/org/springframework/boot/spring-boot-starter-actuator/3.5.3/spring-boot-starter-actuator-3.5.3.jar:/home/usuario/.m2/repository/org/springframework/boot/spring-boot-actuator-autoconfigure/3.5.3/spring-boot-actuator-autoconfigure-3.5.3.jar:/home/usuario/.m2/repository/org/springframework/boot/spring-boot-actuator/3.5.3/spring-boot-actuator-3.5.3.jar:/home/usuario/.m2/repository/io/micrometer/micrometer-observation/1.15.1/micrometer-observation-1.15.1.jar:/home/usuario/.m2/repository/io/micrometer/micrometer-commons/1.15.1/micrometer-commons-1.15.1.jar:/home/usuario/.m2/repository/io/micrometer/micrometer-jakarta9/1.15.1/micrometer-jakarta9-1.15.1.jar:/home/usuario/.m2/repository/io/micrometer/micrometer-core/1.15.1/micrometer-core-1.15.1.jar:/home/usuario/.m2/repository/org/hdrhistogram/HdrHistogram/2.2.2/HdrHistogram-2.2.2.jar:/home/usuario/.m2/repository/org/latencyutils/LatencyUtils/2.0.3/LatencyUtils-2.0.3.jar:/home/usuario/.m2/repository/io/jsonwebtoken/jjwt-api/0.12.3/jjwt-api-0.12.3.jar:/home/usuario/.m2/repository/io/jsonwebtoken/jjwt-impl/0.12.3/jjwt-impl-0.12.3.jar:/home/usuario/.m2/repository/io/jsonwebtoken/jjwt-jackson/0.12.3/jjwt-jackson-0.12.3.jar:/home/usuario/.m2/repository/com/fasterxml/jackson/core/jackson-databind/2.19.1/jackson-databind-2.19.1.jar:/home/usuario/.m2/repository/com/fasterxml/jackson/core/jackson-annotations/2.19.1/jackson-annotations-2.19.1.jar:/home/usuario/.m2/repository/com/fasterxml/jackson/core/jackson-core/2.19.1/jackson-core-2.19.1.jar:/home/usuario/.m2/repository/com/mysql/mysql-connector-j/9.2.0/mysql-connector-j-9.2.0.jar:/home/usuario/.m2/repository/org/springframework/boot/spring-boot-starter-test/3.5.3/spring-boot-starter-test-3.5.3.jar:/home/usuario/.m2/repository/org/springframework/boot/spring-boot-test/3.5.3/spring-boot-test-3.5.3.jar:/home/usuario/.m2/repository/org/springframework/boot/spring-boot-test-autoconfigure/3.5.3/spring-boot-test-autoconfigure-3.5.3.jar:/home/usuario/.m2/repository/com/jayway/jsonpath/json-path/2.9.0/json-path-2.9.0.jar:/home/usuario/.m2/repository/jakarta/xml/bind/jakarta.xml.bind-api/4.0.2/jakarta.xml.bind-api-4.0.2.jar:/home/usuario/.m2/repository/jakarta/activation/jakarta.activation-api/2.1.3/jakarta.activation-api-2.1.3.jar:/home/usuario/.m2/repository/net/minidev/json-smart/2.5.2/json-smart-2.5.2.jar:/home/usuario/.m2/repository/net/minidev/accessors-smart/2.5.2/accessors-smart-2.5.2.jar:/home/usuario/.m2/repository/org/ow2/asm/asm/9.7.1/asm-9.7.1.jar:/home/usuario/.m2/repository/org/assertj/assertj-core/3.27.3/assertj-core-3.27.3.jar:/home/usuario/.m2/repository/org/awaitility/awaitility/4.2.2/awaitility-4.2.2.jar:/home/usuario/.m2/repository/org/hamcrest/hamcrest/3.0/hamcrest-3.0.jar:/home/usuario/.m2/repository/org/junit/jupiter/junit-jupiter/5.12.2/junit-jupiter-5.12.2.jar:/home/usuario/.m2/repository/org/junit/jupiter/junit-jupiter-api/5.12.2/junit-jupiter-api-5.12.2.jar:/home/usuario/.m2/repository/org/opentest4j/opentest4j/1.3.0/opentest4j-1.3.0.jar:/home/usuario/.m2/repository/org/junit/platform/junit-platform-commons/1.12.2/junit-platform-commons-1.12.2.jar:/home/usuario/.m2/repository/org/apiguardian/apiguardian-api/1.1.2/apiguardian-api-1.1.2.jar:/home/usuario/.m2/repository/org/junit/jupiter/junit-jupiter-params/5.12.2/junit-jupiter-params-5.12.2.jar:/home/usuario/.m2/repository/org/junit/jupiter/junit-jupiter-engine/5.12.2/junit-jupiter-engine-5.12.2.jar:/home/usuario/.m2/repository/org/junit/platform/junit-platform-engine/1.12.2/junit-platform-engine-1.12.2.jar:/home/usuario/.m2/repository/org/mockito/mockito-core/5.17.0/mockito-core-5.17.0.jar:/home/usuario/.m2/repository/net/bytebuddy/byte-buddy-agent/1.17.6/byte-buddy-agent-1.17.6.jar:/home/usuario/.m2/repository/org/objenesis/objenesis/3.3/objenesis-3.3.jar:/home/usuario/.m2/repository/org/mockito/mockito-junit-jupiter/5.17.0/mockito-junit-jupiter-5.17.0.jar:/home/usuario/.m2/repository/org/skyscreamer/jsonassert/1.5.3/jsonassert-1.5.3.jar:/home/usuario/.m2/repository/com/vaadin/external/google/android-json/0.0.20131108.vaadin1/android-json-0.0.20131108.vaadin1.jar:/home/usuario/.m2/repository/org/springframework/spring-core/6.2.8/spring-core-6.2.8.jar:/home/usuario/.m2/repository/org/springframework/spring-jcl/6.2.8/spring-jcl-6.2.8.jar:/home/usuario/.m2/repository/org/springframework/spring-test/6.2.8/spring-test-6.2.8.jar:/home/usuario/.m2/repository/org/xmlunit/xmlunit-core/2.10.2/xmlunit-core-2.10.2.jar:/home/usuario/.m2/repository/org/springframework/security/spring-security-test/6.5.1/spring-security-test-6.5.1.jar:/home/usuario/.m2/repository/org/springframework/security/spring-security-core/6.5.1/spring-security-core-6.5.1.jar:/home/usuario/.m2/repository/org/springframework/security/spring-security-crypto/6.5.1/spring-security-crypto-6.5.1.jar:/home/usuario/.m2/repository/org/testcontainers/mysql/1.21.1/mysql-1.21.1.jar:/home/usuario/.m2/repository/org/testcontainers/jdbc/1.21.1/jdbc-1.21.1.jar:/home/usuario/.m2/repository/org/testcontainers/database-commons/1.21.1/database-commons-1.21.1.jar:/home/usuario/.m2/repository/org/testcontainers/junit-jupiter/1.21.1/junit-jupiter-1.21.1.jar:/home/usuario/.m2/repository/org/testcontainers/testcontainers/1.21.1/testcontainers-1.21.1.jar:/home/usuario/.m2/repository/junit/junit/4.13.2/junit-4.13.2.jar:/home/usuario/.m2/repository/org/hamcrest/hamcrest-core/3.0/hamcrest-core-3.0.jar:/home/usuario/.m2/repository/org/apache/commons/commons-compress/1.24.0/commons-compress-1.24.0.jar:/home/usuario/.m2/repository/org/rnorth/duct-tape/duct-tape/1.0.8/duct-tape-1.0.8.jar:/home/usuario/.m2/repository/org/jetbrains/annotations/17.0.0/annotations-17.0.0.jar:/home/usuario/.m2/repository/com/github/docker-java/docker-java-api/3.4.2/docker-java-api-3.4.2.jar:/home/usuario/.m2/repository/com/github/docker-java/docker-java-transport-zerodep/3.4.2/docker-java-transport-zerodep-3.4.2.jar:/home/usuario/.m2/repository/com/github/docker-java/docker-java-transport/3.4.2/docker-java-transport-3.4.2.jar:/home/usuario/.m2/repository/net/java/dev/jna/jna/5.13.0/jna-5.13.0.jar:/home/usuario/.m2/repository/org/springframework/boot/spring-boot-testcontainers/3.5.3/spring-boot-testcontainers-3.5.3.jar:/home/usuario/.m2/repository/org/springframework/boot/spring-boot-autoconfigure/3.5.3/spring-boot-autoconfigure-3.5.3.jar:"/>
    <property name="java.vm.vendor" value="Eclipse Adoptium"/>
    <property name="sun.arch.data.model" value="64"/>
    <property name="java.vendor.url" value="https://adoptium.net/"/>
    <property name="catalina.useNaming" value="false"/>
    <property name="user.timezone" value="America/Mazatlan"/>
    <property name="org.jboss.logging.provider" value="slf4j"/>
    <property name="os.name" value="Linux"/>
    <property name="java.vm.specification.version" value="21"/>
    <property name="APPLICATION_NAME" value="ms-seguridad-test"/>
    <property name="user.country" value="US"/>
    <property name="sun.java.launcher" value="SUN_STANDARD"/>
    <property name="sun.boot.library.path" value="/usr/local/java/lib"/>
    <property name="sun.java.command" value="/home/usuario/Asp/github repositorios/curso/CotizadorPcPartes/ms-seguridad/target/surefire/surefirebooter-20250702170946275_3.jar /home/usuario/Asp/github repositorios/curso/CotizadorPcPartes/ms-seguridad/target/surefire 2025-07-02T17-09-46_185-jvmRun1 surefire-20250702170946275_1tmp surefire_0-20250702170946275_2tmp"/>
    <property name="jdk.debug" value="release"/>
    <property name="surefire.test.class.path" value="/home/usuario/Asp/github repositorios/curso/CotizadorPcPartes/ms-seguridad/target/test-classes:/home/usuario/Asp/github repositorios/curso/CotizadorPcPartes/ms-seguridad/target/classes:/home/usuario/.m2/repository/org/springframework/boot/spring-boot-starter-web/3.5.3/spring-boot-starter-web-3.5.3.jar:/home/usuario/.m2/repository/org/springframework/boot/spring-boot-starter/3.5.3/spring-boot-starter-3.5.3.jar:/home/usuario/.m2/repository/org/springframework/boot/spring-boot/3.5.3/spring-boot-3.5.3.jar:/home/usuario/.m2/repository/org/springframework/boot/spring-boot-starter-logging/3.5.3/spring-boot-starter-logging-3.5.3.jar:/home/usuario/.m2/repository/ch/qos/logback/logback-classic/1.5.18/logback-classic-1.5.18.jar:/home/usuario/.m2/repository/ch/qos/logback/logback-core/1.5.18/logback-core-1.5.18.jar:/home/usuario/.m2/repository/org/apache/logging/log4j/log4j-to-slf4j/2.24.3/log4j-to-slf4j-2.24.3.jar:/home/usuario/.m2/repository/org/apache/logging/log4j/log4j-api/2.24.3/log4j-api-2.24.3.jar:/home/usuario/.m2/repository/org/slf4j/jul-to-slf4j/2.0.17/jul-to-slf4j-2.0.17.jar:/home/usuario/.m2/repository/jakarta/annotation/jakarta.annotation-api/2.1.1/jakarta.annotation-api-2.1.1.jar:/home/usuario/.m2/repository/org/yaml/snakeyaml/2.4/snakeyaml-2.4.jar:/home/usuario/.m2/repository/org/springframework/boot/spring-boot-starter-json/3.5.3/spring-boot-starter-json-3.5.3.jar:/home/usuario/.m2/repository/com/fasterxml/jackson/datatype/jackson-datatype-jdk8/2.19.1/jackson-datatype-jdk8-2.19.1.jar:/home/usuario/.m2/repository/com/fasterxml/jackson/datatype/jackson-datatype-jsr310/2.19.1/jackson-datatype-jsr310-2.19.1.jar:/home/usuario/.m2/repository/com/fasterxml/jackson/module/jackson-module-parameter-names/2.19.1/jackson-module-parameter-names-2.19.1.jar:/home/usuario/.m2/repository/org/springframework/boot/spring-boot-starter-tomcat/3.5.3/spring-boot-starter-tomcat-3.5.3.jar:/home/usuario/.m2/repository/org/apache/tomcat/embed/tomcat-embed-core/10.1.42/tomcat-embed-core-10.1.42.jar:/home/usuario/.m2/repository/org/apache/tomcat/embed/tomcat-embed-websocket/10.1.42/tomcat-embed-websocket-10.1.42.jar:/home/usuario/.m2/repository/org/springframework/spring-web/6.2.8/spring-web-6.2.8.jar:/home/usuario/.m2/repository/org/springframework/spring-beans/6.2.8/spring-beans-6.2.8.jar:/home/usuario/.m2/repository/org/springframework/spring-webmvc/6.2.8/spring-webmvc-6.2.8.jar:/home/usuario/.m2/repository/org/springframework/spring-context/6.2.8/spring-context-6.2.8.jar:/home/usuario/.m2/repository/org/springframework/spring-expression/6.2.8/spring-expression-6.2.8.jar:/home/usuario/.m2/repository/org/springframework/boot/spring-boot-starter-data-jpa/3.5.3/spring-boot-starter-data-jpa-3.5.3.jar:/home/usuario/.m2/repository/org/springframework/boot/spring-boot-starter-jdbc/3.5.3/spring-boot-starter-jdbc-3.5.3.jar:/home/usuario/.m2/repository/com/zaxxer/HikariCP/6.3.0/HikariCP-6.3.0.jar:/home/usuario/.m2/repository/org/springframework/spring-jdbc/6.2.8/spring-jdbc-6.2.8.jar:/home/usuario/.m2/repository/org/hibernate/orm/hibernate-core/6.6.18.Final/hibernate-core-6.6.18.Final.jar:/home/usuario/.m2/repository/jakarta/persistence/jakarta.persistence-api/3.1.0/jakarta.persistence-api-3.1.0.jar:/home/usuario/.m2/repository/jakarta/transaction/jakarta.transaction-api/2.0.1/jakarta.transaction-api-2.0.1.jar:/home/usuario/.m2/repository/org/jboss/logging/jboss-logging/3.6.1.Final/jboss-logging-3.6.1.Final.jar:/home/usuario/.m2/repository/org/hibernate/common/hibernate-commons-annotations/7.0.3.Final/hibernate-commons-annotations-7.0.3.Final.jar:/home/usuario/.m2/repository/io/smallrye/jandex/3.2.0/jandex-3.2.0.jar:/home/usuario/.m2/repository/com/fasterxml/classmate/1.7.0/classmate-1.7.0.jar:/home/usuario/.m2/repository/net/bytebuddy/byte-buddy/1.17.6/byte-buddy-1.17.6.jar:/home/usuario/.m2/repository/org/glassfish/jaxb/jaxb-runtime/4.0.5/jaxb-runtime-4.0.5.jar:/home/usuario/.m2/repository/org/glassfish/jaxb/jaxb-core/4.0.5/jaxb-core-4.0.5.jar:/home/usuario/.m2/repository/org/eclipse/angus/angus-activation/2.0.2/angus-activation-2.0.2.jar:/home/usuario/.m2/repository/org/glassfish/jaxb/txw2/4.0.5/txw2-4.0.5.jar:/home/usuario/.m2/repository/com/sun/istack/istack-commons-runtime/4.1.2/istack-commons-runtime-4.1.2.jar:/home/usuario/.m2/repository/jakarta/inject/jakarta.inject-api/2.0.1/jakarta.inject-api-2.0.1.jar:/home/usuario/.m2/repository/org/antlr/antlr4-runtime/4.13.0/antlr4-runtime-4.13.0.jar:/home/usuario/.m2/repository/org/springframework/data/spring-data-jpa/3.5.1/spring-data-jpa-3.5.1.jar:/home/usuario/.m2/repository/org/springframework/data/spring-data-commons/3.5.1/spring-data-commons-3.5.1.jar:/home/usuario/.m2/repository/org/springframework/spring-orm/6.2.8/spring-orm-6.2.8.jar:/home/usuario/.m2/repository/org/springframework/spring-tx/6.2.8/spring-tx-6.2.8.jar:/home/usuario/.m2/repository/org/slf4j/slf4j-api/2.0.17/slf4j-api-2.0.17.jar:/home/usuario/.m2/repository/org/springframework/spring-aspects/6.2.8/spring-aspects-6.2.8.jar:/home/usuario/.m2/repository/org/aspectj/aspectjweaver/1.9.24/aspectjweaver-1.9.24.jar:/home/usuario/.m2/repository/org/springframework/boot/spring-boot-starter-security/3.5.3/spring-boot-starter-security-3.5.3.jar:/home/usuario/.m2/repository/org/springframework/spring-aop/6.2.8/spring-aop-6.2.8.jar:/home/usuario/.m2/repository/org/springframework/security/spring-security-config/6.5.1/spring-security-config-6.5.1.jar:/home/usuario/.m2/repository/org/springframework/security/spring-security-web/6.5.1/spring-security-web-6.5.1.jar:/home/usuario/.m2/repository/org/springframework/boot/spring-boot-starter-validation/3.5.3/spring-boot-starter-validation-3.5.3.jar:/home/usuario/.m2/repository/org/apache/tomcat/embed/tomcat-embed-el/10.1.42/tomcat-embed-el-10.1.42.jar:/home/usuario/.m2/repository/org/hibernate/validator/hibernate-validator/8.0.2.Final/hibernate-validator-8.0.2.Final.jar:/home/usuario/.m2/repository/jakarta/validation/jakarta.validation-api/3.0.2/jakarta.validation-api-3.0.2.jar:/home/usuario/.m2/repository/org/springframework/boot/spring-boot-starter-actuator/3.5.3/spring-boot-starter-actuator-3.5.3.jar:/home/usuario/.m2/repository/org/springframework/boot/spring-boot-actuator-autoconfigure/3.5.3/spring-boot-actuator-autoconfigure-3.5.3.jar:/home/usuario/.m2/repository/org/springframework/boot/spring-boot-actuator/3.5.3/spring-boot-actuator-3.5.3.jar:/home/usuario/.m2/repository/io/micrometer/micrometer-observation/1.15.1/micrometer-observation-1.15.1.jar:/home/usuario/.m2/repository/io/micrometer/micrometer-commons/1.15.1/micrometer-commons-1.15.1.jar:/home/usuario/.m2/repository/io/micrometer/micrometer-jakarta9/1.15.1/micrometer-jakarta9-1.15.1.jar:/home/usuario/.m2/repository/io/micrometer/micrometer-core/1.15.1/micrometer-core-1.15.1.jar:/home/usuario/.m2/repository/org/hdrhistogram/HdrHistogram/2.2.2/HdrHistogram-2.2.2.jar:/home/usuario/.m2/repository/org/latencyutils/LatencyUtils/2.0.3/LatencyUtils-2.0.3.jar:/home/usuario/.m2/repository/io/jsonwebtoken/jjwt-api/0.12.3/jjwt-api-0.12.3.jar:/home/usuario/.m2/repository/io/jsonwebtoken/jjwt-impl/0.12.3/jjwt-impl-0.12.3.jar:/home/usuario/.m2/repository/io/jsonwebtoken/jjwt-jackson/0.12.3/jjwt-jackson-0.12.3.jar:/home/usuario/.m2/repository/com/fasterxml/jackson/core/jackson-databind/2.19.1/jackson-databind-2.19.1.jar:/home/usuario/.m2/repository/com/fasterxml/jackson/core/jackson-annotations/2.19.1/jackson-annotations-2.19.1.jar:/home/usuario/.m2/repository/com/fasterxml/jackson/core/jackson-core/2.19.1/jackson-core-2.19.1.jar:/home/usuario/.m2/repository/com/mysql/mysql-connector-j/9.2.0/mysql-connector-j-9.2.0.jar:/home/usuario/.m2/repository/org/springframework/boot/spring-boot-starter-test/3.5.3/spring-boot-starter-test-3.5.3.jar:/home/usuario/.m2/repository/org/springframework/boot/spring-boot-test/3.5.3/spring-boot-test-3.5.3.jar:/home/usuario/.m2/repository/org/springframework/boot/spring-boot-test-autoconfigure/3.5.3/spring-boot-test-autoconfigure-3.5.3.jar:/home/usuario/.m2/repository/com/jayway/jsonpath/json-path/2.9.0/json-path-2.9.0.jar:/home/usuario/.m2/repository/jakarta/xml/bind/jakarta.xml.bind-api/4.0.2/jakarta.xml.bind-api-4.0.2.jar:/home/usuario/.m2/repository/jakarta/activation/jakarta.activation-api/2.1.3/jakarta.activation-api-2.1.3.jar:/home/usuario/.m2/repository/net/minidev/json-smart/2.5.2/json-smart-2.5.2.jar:/home/usuario/.m2/repository/net/minidev/accessors-smart/2.5.2/accessors-smart-2.5.2.jar:/home/usuario/.m2/repository/org/ow2/asm/asm/9.7.1/asm-9.7.1.jar:/home/usuario/.m2/repository/org/assertj/assertj-core/3.27.3/assertj-core-3.27.3.jar:/home/usuario/.m2/repository/org/awaitility/awaitility/4.2.2/awaitility-4.2.2.jar:/home/usuario/.m2/repository/org/hamcrest/hamcrest/3.0/hamcrest-3.0.jar:/home/usuario/.m2/repository/org/junit/jupiter/junit-jupiter/5.12.2/junit-jupiter-5.12.2.jar:/home/usuario/.m2/repository/org/junit/jupiter/junit-jupiter-api/5.12.2/junit-jupiter-api-5.12.2.jar:/home/usuario/.m2/repository/org/opentest4j/opentest4j/1.3.0/opentest4j-1.3.0.jar:/home/usuario/.m2/repository/org/junit/platform/junit-platform-commons/1.12.2/junit-platform-commons-1.12.2.jar:/home/usuario/.m2/repository/org/apiguardian/apiguardian-api/1.1.2/apiguardian-api-1.1.2.jar:/home/usuario/.m2/repository/org/junit/jupiter/junit-jupiter-params/5.12.2/junit-jupiter-params-5.12.2.jar:/home/usuario/.m2/repository/org/junit/jupiter/junit-jupiter-engine/5.12.2/junit-jupiter-engine-5.12.2.jar:/home/usuario/.m2/repository/org/junit/platform/junit-platform-engine/1.12.2/junit-platform-engine-1.12.2.jar:/home/usuario/.m2/repository/org/mockito/mockito-core/5.17.0/mockito-core-5.17.0.jar:/home/usuario/.m2/repository/net/bytebuddy/byte-buddy-agent/1.17.6/byte-buddy-agent-1.17.6.jar:/home/usuario/.m2/repository/org/objenesis/objenesis/3.3/objenesis-3.3.jar:/home/usuario/.m2/repository/org/mockito/mockito-junit-jupiter/5.17.0/mockito-junit-jupiter-5.17.0.jar:/home/usuario/.m2/repository/org/skyscreamer/jsonassert/1.5.3/jsonassert-1.5.3.jar:/home/usuario/.m2/repository/com/vaadin/external/google/android-json/0.0.20131108.vaadin1/android-json-0.0.20131108.vaadin1.jar:/home/usuario/.m2/repository/org/springframework/spring-core/6.2.8/spring-core-6.2.8.jar:/home/usuario/.m2/repository/org/springframework/spring-jcl/6.2.8/spring-jcl-6.2.8.jar:/home/usuario/.m2/repository/org/springframework/spring-test/6.2.8/spring-test-6.2.8.jar:/home/usuario/.m2/repository/org/xmlunit/xmlunit-core/2.10.2/xmlunit-core-2.10.2.jar:/home/usuario/.m2/repository/org/springframework/security/spring-security-test/6.5.1/spring-security-test-6.5.1.jar:/home/usuario/.m2/repository/org/springframework/security/spring-security-core/6.5.1/spring-security-core-6.5.1.jar:/home/usuario/.m2/repository/org/springframework/security/spring-security-crypto/6.5.1/spring-security-crypto-6.5.1.jar:/home/usuario/.m2/repository/org/testcontainers/mysql/1.21.1/mysql-1.21.1.jar:/home/usuario/.m2/repository/org/testcontainers/jdbc/1.21.1/jdbc-1.21.1.jar:/home/usuario/.m2/repository/org/testcontainers/database-commons/1.21.1/database-commons-1.21.1.jar:/home/usuario/.m2/repository/org/testcontainers/junit-jupiter/1.21.1/junit-jupiter-1.21.1.jar:/home/usuario/.m2/repository/org/testcontainers/testcontainers/1.21.1/testcontainers-1.21.1.jar:/home/usuario/.m2/repository/junit/junit/4.13.2/junit-4.13.2.jar:/home/usuario/.m2/repository/org/hamcrest/hamcrest-core/3.0/hamcrest-core-3.0.jar:/home/usuario/.m2/repository/org/apache/commons/commons-compress/1.24.0/commons-compress-1.24.0.jar:/home/usuario/.m2/repository/org/rnorth/duct-tape/duct-tape/1.0.8/duct-tape-1.0.8.jar:/home/usuario/.m2/repository/org/jetbrains/annotations/17.0.0/annotations-17.0.0.jar:/home/usuario/.m2/repository/com/github/docker-java/docker-java-api/3.4.2/docker-java-api-3.4.2.jar:/home/usuario/.m2/repository/com/github/docker-java/docker-java-transport-zerodep/3.4.2/docker-java-transport-zerodep-3.4.2.jar:/home/usuario/.m2/repository/com/github/docker-java/docker-java-transport/3.4.2/docker-java-transport-3.4.2.jar:/home/usuario/.m2/repository/net/java/dev/jna/jna/5.13.0/jna-5.13.0.jar:/home/usuario/.m2/repository/org/springframework/boot/spring-boot-testcontainers/3.5.3/spring-boot-testcontainers-3.5.3.jar:/home/usuario/.m2/repository/org/springframework/boot/spring-boot-autoconfigure/3.5.3/spring-boot-autoconfigure-3.5.3.jar:"/>
    <property name="sun.cpu.endian" value="little"/>
    <property name="user.home" value="/home/usuario"/>
    <property name="user.language" value="en"/>
    <property name="java.specification.vendor" value="Oracle Corporation"/>
    <property name="java.version.date" value="2024-04-16"/>
    <property name="java.home" value="/usr/local/java"/>
    <property name="file.separator" value="/"/>
    <property name="basedir" value="/home/usuario/Asp/github repositorios/curso/CotizadorPcPartes/ms-seguridad"/>
    <property name="java.vm.compressedOopsMode" value="Zero based"/>
    <property name="line.separator" value="&#10;"/>
    <property name="java.vm.specification.vendor" value="Oracle Corporation"/>
    <property name="java.specification.name" value="Java Platform API Specification"/>
    <property name="FILE_LOG_CHARSET" value="UTF-8"/>
    <property name="java.awt.headless" value="true"/>
    <property name="surefire.real.class.path" value="/home/usuario/Asp/github repositorios/curso/CotizadorPcPartes/ms-seguridad/target/surefire/surefirebooter-20250702170946275_3.jar"/>
    <property name="sun.management.compiler" value="HotSpot 64-Bit Tiered Compilers"/>
    <property name="java.runtime.version" value="21.0.3+9-LTS"/>
    <property name="user.name" value="usuario"/>
    <property name="stdout.encoding" value="UTF-8"/>
    <property name="path.separator" value=":"/>
    <property name="os.version" value="6.11.0-29-generic"/>
    <property name="java.runtime.name" value="OpenJDK Runtime Environment"/>
    <property name="file.encoding" value="UTF-8"/>
    <property name="FILE_LOG_PATTERN" value="%d{yyyy-MM-dd HH:mm:ss} [%thread] %-5level %logger{36} - %msg%n"/>
    <property name="java.vm.name" value="OpenJDK 64-Bit Server VM"/>
    <property name="java.vendor.version" value="Temurin-21.0.3+9"/>
    <property name="LOG_FILE" value="logs/seguridad-testing.log"/>
    <property name="localRepository" value="/home/usuario/.m2/repository"/>
    <property name="java.vendor.url.bug" value="https://github.com/adoptium/adoptium-support/issues"/>
    <property name="java.io.tmpdir" value="/tmp"/>
    <property name="com.zaxxer.hikari.pool_number" value="5"/>
    <property name="catalina.home" value="/tmp/tomcat.0.6636697425435454385"/>
    <property name="java.version" value="21.0.3"/>
    <property name="user.dir" value="/home/usuario/Asp/github repositorios/curso/CotizadorPcPartes/ms-seguridad"/>
    <property name="os.arch" value="amd64"/>
    <property name="java.vm.specification.name" value="Java Virtual Machine Specification"/>
    <property name="PID" value="103766"/>
    <property name="CONSOLE_LOG_CHARSET" value="UTF-8"/>
    <property name="catalina.base" value="/tmp/tomcat.0.13153354371558546849"/>
    <property name="native.encoding" value="UTF-8"/>
    <property name="java.library.path" value="/tmp/.mount_CursorVahEU1/usr/lib/:/tmp/.mount_CursorVahEU1/usr/lib32/:/tmp/.mount_CursorVahEU1/usr/lib64/:/tmp/.mount_CursorVahEU1/lib/:/tmp/.mount_CursorVahEU1/lib/i386-linux-gnu/:/tmp/.mount_CursorVahEU1/lib/x86_64-linux-gnu/:/tmp/.mount_CursorVahEU1/lib/aarch64-linux-gnu/:/tmp/.mount_CursorVahEU1/lib32/:/tmp/.mount_CursorVahEU1/lib64/::/usr/java/packages/lib:/usr/lib64:/lib64:/lib:/usr/lib"/>
    <property name="java.vm.info" value="mixed mode, sharing"/>
    <property name="stderr.encoding" value="UTF-8"/>
    <property name="java.vendor" value="Eclipse Adoptium"/>
    <property name="java.vm.version" value="21.0.3+9-LTS"/>
    <property name="sun.io.unicode.encoding" value="UnicodeLittle"/>
    <property name="java.class.version" value="65.0"/>
    <property name="CONSOLE_LOG_PATTERN" value="%d{HH:mm:ss.SSS} [%thread] %-5level %logger{36} - %msg%n"/>
    <property name="LOGGED_APPLICATION_NAME" value="[ms-seguridad-test] "/>
  </properties>
  <testcase name="shouldValidateTokenCorrectly" classname="mx.com.qtx.seguridad.service.JwtServiceTest" time="0.078">
    <system-out><![CDATA[17:10:40.426 [main] DEBUG m.c.qtx.seguridad.service.JwtService - Configuración JWT - accessTokenExpiration: 3600000 ms
17:10:40.426 [main] DEBUG m.c.qtx.seguridad.service.JwtService - Token times - now: Wed Jul 02 17:10:40 MST 2025, expiration: Wed Jul 02 18:10:40 MST 2025
17:10:40.434 [main] DEBUG m.c.qtx.seguridad.service.JwtService - Access token generado para usuario: testuser con roles: [USER]
17:10:40.439 [main] DEBUG m.c.qtx.seguridad.service.JwtService - Token validado exitosamente para usuario: testuser
]]></system-out>
  </testcase>
  <testcase name="shouldExtractRolesCorrectly" classname="mx.com.qtx.seguridad.service.JwtServiceTest" time="0.049">
    <system-out><![CDATA[17:10:40.479 [main] DEBUG m.c.qtx.seguridad.service.JwtService - Configuración JWT - accessTokenExpiration: 3600000 ms
17:10:40.482 [main] DEBUG m.c.qtx.seguridad.service.JwtService - Token times - now: Wed Jul 02 17:10:40 MST 2025, expiration: Wed Jul 02 18:10:40 MST 2025
17:10:40.488 [main] DEBUG m.c.qtx.seguridad.service.JwtService - Access token generado para usuario: testuser con roles: [USER, ADMIN, SUPERVISOR]
17:10:40.491 [main] DEBUG m.c.qtx.seguridad.service.JwtService - Token validado exitosamente para usuario: testuser
]]></system-out>
  </testcase>
  <testcase name="shouldValidateRefreshTokenSpecifically" classname="mx.com.qtx.seguridad.service.JwtServiceTest" time="0.147">
    <system-out><![CDATA[17:10:40.634 [main] DEBUG m.c.qtx.seguridad.service.JwtService - Refresh token generado para usuario: testuser
17:10:40.636 [main] DEBUG m.c.qtx.seguridad.service.JwtService - Token validado exitosamente para usuario: testuser
17:10:40.638 [main] DEBUG m.c.qtx.seguridad.service.JwtService - Token validado exitosamente para usuario: testuser
]]></system-out>
  </testcase>
  <testcase name="shouldIdentifyRefreshTokenCorrectly" classname="mx.com.qtx.seguridad.service.JwtServiceTest" time="0.095">
    <system-out><![CDATA[17:10:40.721 [main] DEBUG m.c.qtx.seguridad.service.JwtService - Configuración JWT - accessTokenExpiration: 3600000 ms
17:10:40.721 [main] DEBUG m.c.qtx.seguridad.service.JwtService - Token times - now: Wed Jul 02 17:10:40 MST 2025, expiration: Wed Jul 02 18:10:40 MST 2025
17:10:40.726 [main] DEBUG m.c.qtx.seguridad.service.JwtService - Access token generado para usuario: testuser con roles: [USER]
17:10:40.729 [main] DEBUG m.c.qtx.seguridad.service.JwtService - Refresh token generado para usuario: testuser
17:10:40.731 [main] DEBUG m.c.qtx.seguridad.service.JwtService - Token validado exitosamente para usuario: testuser
17:10:40.734 [main] DEBUG m.c.qtx.seguridad.service.JwtService - Token validado exitosamente para usuario: testuser
]]></system-out>
  </testcase>
  <testcase name="shouldHandleNullOrEmptyToken" classname="mx.com.qtx.seguridad.service.JwtServiceTest" time="0.181">
    <system-out><![CDATA[17:10:40.911 [main] ERROR m.c.qtx.seguridad.service.JwtService - Token JWT inválido: CharSequence cannot be null or empty.
17:10:40.912 [main] ERROR m.c.qtx.seguridad.service.JwtService - Token JWT inválido: CharSequence cannot be null or empty.
17:10:40.913 [main] ERROR m.c.qtx.seguridad.service.JwtService - Token JWT inválido: CharSequence cannot be null or empty.
17:10:40.913 [main] ERROR m.c.qtx.seguridad.service.JwtService - Token JWT inválido: CharSequence cannot be null or empty.
17:10:40.914 [main] DEBUG m.c.qtx.seguridad.service.JwtService - Token inválido: CharSequence cannot be null or empty.
17:10:40.914 [main] ERROR m.c.qtx.seguridad.service.JwtService - Token JWT inválido: CharSequence cannot be null or empty.
17:10:40.914 [main] DEBUG m.c.qtx.seguridad.service.JwtService - Token inválido: CharSequence cannot be null or empty.
17:10:40.915 [main] ERROR m.c.qtx.seguridad.service.JwtService - Token JWT inválido: CharSequence cannot be null or empty.
17:10:40.915 [main] DEBUG m.c.qtx.seguridad.service.JwtService - Token inválido: CharSequence cannot be null or empty.
]]></system-out>
  </testcase>
  <testcase name="shouldGetCompleteTokenInfo" classname="mx.com.qtx.seguridad.service.JwtServiceTest" time="0.199">
    <system-out><![CDATA[17:10:41.103 [main] DEBUG m.c.qtx.seguridad.service.JwtService - Configuración JWT - accessTokenExpiration: 3600000 ms
17:10:41.103 [main] DEBUG m.c.qtx.seguridad.service.JwtService - Token times - now: Wed Jul 02 17:10:41 MST 2025, expiration: Wed Jul 02 18:10:41 MST 2025
17:10:41.107 [main] DEBUG m.c.qtx.seguridad.service.JwtService - Access token generado para usuario: testuser con roles: [USER, ADMIN]
17:10:41.109 [main] DEBUG m.c.qtx.seguridad.service.JwtService - Token validado exitosamente para usuario: testuser
17:10:41.110 [main] DEBUG m.c.qtx.seguridad.service.JwtService - Token validado exitosamente para usuario: testuser
17:10:41.111 [main] DEBUG m.c.qtx.seguridad.service.JwtService - Token validado exitosamente para usuario: testuser
17:10:41.112 [main] DEBUG m.c.qtx.seguridad.service.JwtService - Token validado exitosamente para usuario: testuser
17:10:41.113 [main] DEBUG m.c.qtx.seguridad.service.JwtService - Token validado exitosamente para usuario: testuser
17:10:41.114 [main] DEBUG m.c.qtx.seguridad.service.JwtService - Token validado exitosamente para usuario: testuser
]]></system-out>
  </testcase>
  <testcase name="shouldRejectTokenWithInvalidSignature" classname="mx.com.qtx.seguridad.service.JwtServiceTest" time="0.061">
    <system-out><![CDATA[17:10:41.168 [main] DEBUG m.c.qtx.seguridad.service.JwtService - Configuración JWT - accessTokenExpiration: 3600000 ms
17:10:41.168 [main] DEBUG m.c.qtx.seguridad.service.JwtService - Token times - now: Wed Jul 02 17:10:41 MST 2025, expiration: Wed Jul 02 18:10:41 MST 2025
17:10:41.171 [main] DEBUG m.c.qtx.seguridad.service.JwtService - Access token generado para usuario: testuser con roles: [USER]
17:10:41.176 [main] DEBUG m.c.qtx.seguridad.service.JwtService - Token inválido: JWT signature does not match locally computed signature. JWT validity cannot be asserted and should not be trusted.
]]></system-out>
  </testcase>
  <testcase name="shouldDetectExpiredTokenCorrectly" classname="mx.com.qtx.seguridad.service.JwtServiceTest" time="0.255">
    <system-out><![CDATA[17:10:41.425 [main] DEBUG m.c.qtx.seguridad.service.JwtService - Configuración JWT - accessTokenExpiration: 3600000 ms
17:10:41.426 [main] DEBUG m.c.qtx.seguridad.service.JwtService - Token times - now: Wed Jul 02 17:10:41 MST 2025, expiration: Wed Jul 02 18:10:41 MST 2025
17:10:41.428 [main] DEBUG m.c.qtx.seguridad.service.JwtService - Access token generado para usuario: testuser con roles: [USER]
17:10:41.430 [main] DEBUG m.c.qtx.seguridad.service.JwtService - Token validado exitosamente para usuario: testuser
17:10:41.431 [main] DEBUG m.c.qtx.seguridad.service.JwtService - Token validado exitosamente para usuario: testuser
17:10:41.432 [main] DEBUG m.c.qtx.seguridad.service.JwtService - Token validado exitosamente para usuario: testuser
]]></system-out>
  </testcase>
  <testcase name="shouldIdentifyAccessTokenCorrectly" classname="mx.com.qtx.seguridad.service.JwtServiceTest" time="0.096">
    <system-out><![CDATA[17:10:41.518 [main] DEBUG m.c.qtx.seguridad.service.JwtService - Configuración JWT - accessTokenExpiration: 3600000 ms
17:10:41.518 [main] DEBUG m.c.qtx.seguridad.service.JwtService - Token times - now: Wed Jul 02 17:10:41 MST 2025, expiration: Wed Jul 02 18:10:41 MST 2025
17:10:41.522 [main] DEBUG m.c.qtx.seguridad.service.JwtService - Access token generado para usuario: testuser con roles: [USER]
17:10:41.525 [main] DEBUG m.c.qtx.seguridad.service.JwtService - Refresh token generado para usuario: testuser
17:10:41.527 [main] DEBUG m.c.qtx.seguridad.service.JwtService - Token validado exitosamente para usuario: testuser
17:10:41.529 [main] DEBUG m.c.qtx.seguridad.service.JwtService - Token validado exitosamente para usuario: testuser
]]></system-out>
  </testcase>
  <testcase name="shouldCalculateRemainingTimeCorrectly" classname="mx.com.qtx.seguridad.service.JwtServiceTest" time="0.098">
    <system-out><![CDATA[17:10:41.622 [main] DEBUG m.c.qtx.seguridad.service.JwtService - Configuración JWT - accessTokenExpiration: 3600000 ms
17:10:41.623 [main] DEBUG m.c.qtx.seguridad.service.JwtService - Token times - now: Wed Jul 02 17:10:41 MST 2025, expiration: Wed Jul 02 18:10:41 MST 2025
17:10:41.626 [main] DEBUG m.c.qtx.seguridad.service.JwtService - Access token generado para usuario: testuser con roles: [USER]
17:10:41.628 [main] DEBUG m.c.qtx.seguridad.service.JwtService - Token validado exitosamente para usuario: testuser
]]></system-out>
  </testcase>
  <testcase name="shouldRejectAccessTokenAsRefreshToken" classname="mx.com.qtx.seguridad.service.JwtServiceTest" time="0.117">
    <system-out><![CDATA[17:10:41.738 [main] DEBUG m.c.qtx.seguridad.service.JwtService - Configuración JWT - accessTokenExpiration: 3600000 ms
17:10:41.739 [main] DEBUG m.c.qtx.seguridad.service.JwtService - Token times - now: Wed Jul 02 17:10:41 MST 2025, expiration: Wed Jul 02 18:10:41 MST 2025
17:10:41.741 [main] DEBUG m.c.qtx.seguridad.service.JwtService - Access token generado para usuario: testuser con roles: [USER]
17:10:41.744 [main] DEBUG m.c.qtx.seguridad.service.JwtService - Token validado exitosamente para usuario: testuser
17:10:41.745 [main] DEBUG m.c.qtx.seguridad.service.JwtService - Token validado exitosamente para usuario: testuser
]]></system-out>
  </testcase>
  <testcase name="shouldGenerateValidRefreshToken" classname="mx.com.qtx.seguridad.service.JwtServiceTest" time="0.084">
    <system-out><![CDATA[17:10:41.828 [main] DEBUG m.c.qtx.seguridad.service.JwtService - Refresh token generado para usuario: testuser
17:10:41.829 [main] DEBUG m.c.qtx.seguridad.service.JwtService - Token validado exitosamente para usuario: testuser
17:10:41.830 [main] DEBUG m.c.qtx.seguridad.service.JwtService - Token validado exitosamente para usuario: testuser
]]></system-out>
  </testcase>
  <testcase name="shouldGenerateValidAccessToken" classname="mx.com.qtx.seguridad.service.JwtServiceTest" time="0.076">
    <system-out><![CDATA[17:10:41.900 [main] DEBUG m.c.qtx.seguridad.service.JwtService - Configuración JWT - accessTokenExpiration: 3600000 ms
17:10:41.901 [main] DEBUG m.c.qtx.seguridad.service.JwtService - Token times - now: Wed Jul 02 17:10:41 MST 2025, expiration: Wed Jul 02 18:10:41 MST 2025
17:10:41.903 [main] DEBUG m.c.qtx.seguridad.service.JwtService - Access token generado para usuario: testuser con roles: [USER, ADMIN]
17:10:41.905 [main] DEBUG m.c.qtx.seguridad.service.JwtService - Token validado exitosamente para usuario: testuser
17:10:41.907 [main] DEBUG m.c.qtx.seguridad.service.JwtService - Token validado exitosamente para usuario: testuser
]]></system-out>
  </testcase>
  <testcase name="shouldExtractUsernameCorrectly" classname="mx.com.qtx.seguridad.service.JwtServiceTest" time="0.182">
    <system-out><![CDATA[17:10:42.085 [main] DEBUG m.c.qtx.seguridad.service.JwtService - Configuración JWT - accessTokenExpiration: 3600000 ms
17:10:42.085 [main] DEBUG m.c.qtx.seguridad.service.JwtService - Token times - now: Wed Jul 02 17:10:42 MST 2025, expiration: Wed Jul 02 18:10:42 MST 2025
17:10:42.088 [main] DEBUG m.c.qtx.seguridad.service.JwtService - Access token generado para usuario: testuser con roles: [USER]
17:10:42.089 [main] DEBUG m.c.qtx.seguridad.service.JwtService - Token validado exitosamente para usuario: testuser
]]></system-out>
  </testcase>
  <testcase name="shouldHandleEmptyRoles" classname="mx.com.qtx.seguridad.service.JwtServiceTest" time="0.256">
    <system-out><![CDATA[17:10:42.342 [main] DEBUG m.c.qtx.seguridad.service.JwtService - Configuración JWT - accessTokenExpiration: 3600000 ms
17:10:42.342 [main] DEBUG m.c.qtx.seguridad.service.JwtService - Token times - now: Wed Jul 02 17:10:42 MST 2025, expiration: Wed Jul 02 18:10:42 MST 2025
17:10:42.345 [main] DEBUG m.c.qtx.seguridad.service.JwtService - Access token generado para usuario: testuser con roles: []
17:10:42.346 [main] DEBUG m.c.qtx.seguridad.service.JwtService - Token validado exitosamente para usuario: testuser
]]></system-out>
  </testcase>
  <testcase name="shouldGenerateDifferentTokensForDifferentUsers" classname="mx.com.qtx.seguridad.service.JwtServiceTest" time="0.126">
    <system-out><![CDATA[17:10:42.463 [main] DEBUG m.c.qtx.seguridad.service.JwtService - Configuración JWT - accessTokenExpiration: 3600000 ms
17:10:42.463 [main] DEBUG m.c.qtx.seguridad.service.JwtService - Token times - now: Wed Jul 02 17:10:42 MST 2025, expiration: Wed Jul 02 18:10:42 MST 2025
17:10:42.465 [main] DEBUG m.c.qtx.seguridad.service.JwtService - Access token generado para usuario: user1 con roles: [USER]
17:10:42.466 [main] DEBUG m.c.qtx.seguridad.service.JwtService - Configuración JWT - accessTokenExpiration: 3600000 ms
17:10:42.466 [main] DEBUG m.c.qtx.seguridad.service.JwtService - Token times - now: Wed Jul 02 17:10:42 MST 2025, expiration: Wed Jul 02 18:10:42 MST 2025
17:10:42.468 [main] DEBUG m.c.qtx.seguridad.service.JwtService - Access token generado para usuario: user2 con roles: [USER]
17:10:42.469 [main] DEBUG m.c.qtx.seguridad.service.JwtService - Token validado exitosamente para usuario: user1
17:10:42.470 [main] DEBUG m.c.qtx.seguridad.service.JwtService - Token validado exitosamente para usuario: user2
17:10:42.471 [main] DEBUG m.c.qtx.seguridad.service.JwtService - Token validado exitosamente para usuario: user1
17:10:42.472 [main] DEBUG m.c.qtx.seguridad.service.JwtService - Token validado exitosamente para usuario: user2
]]></system-out>
  </testcase>
  <testcase name="shouldReturn0ForInvalidToken" classname="mx.com.qtx.seguridad.service.JwtServiceTest" time="0.076">
    <system-out><![CDATA[17:10:42.547 [main] ERROR m.c.qtx.seguridad.service.JwtService - Token JWT malformado: Malformed protected header JSON: Unable to deserialize: Unexpected character ('�' (code 65533 / 0xfffd)): expected a valid value (JSON String, Number, Array, Object or token 'null', 'true' or 'false')
 at [Source: REDACTED (`StreamReadFeature.INCLUDE_SOURCE_IN_LOCATION` disabled); line: 1, column: 1]
17:10:42.548 [main] DEBUG m.c.qtx.seguridad.service.JwtService - Error al calcular tiempo restante del token: Malformed protected header JSON: Unable to deserialize: Unexpected character ('�' (code 65533 / 0xfffd)): expected a valid value (JSON String, Number, Array, Object or token 'null', 'true' or 'false')
 at [Source: REDACTED (`StreamReadFeature.INCLUDE_SOURCE_IN_LOCATION` disabled); line: 1, column: 1]
]]></system-out>
  </testcase>
  <testcase name="shouldExtractUserIdCorrectly" classname="mx.com.qtx.seguridad.service.JwtServiceTest" time="0.136">
    <system-out><![CDATA[17:10:42.682 [main] DEBUG m.c.qtx.seguridad.service.JwtService - Configuración JWT - accessTokenExpiration: 3600000 ms
17:10:42.683 [main] DEBUG m.c.qtx.seguridad.service.JwtService - Token times - now: Wed Jul 02 17:10:42 MST 2025, expiration: Wed Jul 02 18:10:42 MST 2025
17:10:42.685 [main] DEBUG m.c.qtx.seguridad.service.JwtService - Access token generado para usuario: testuser con roles: [USER]
17:10:42.686 [main] DEBUG m.c.qtx.seguridad.service.JwtService - Token validado exitosamente para usuario: testuser
]]></system-out>
  </testcase>
  <testcase name="shouldRejectMalformedToken" classname="mx.com.qtx.seguridad.service.JwtServiceTest" time="0.17">
    <system-out><![CDATA[17:10:42.856 [main] ERROR m.c.qtx.seguridad.service.JwtService - Token JWT malformado: Invalid compact JWT string: Compact JWSs must contain exactly 2 period characters, and compact JWEs must contain exactly 4.  Found: 6
17:10:42.856 [main] ERROR m.c.qtx.seguridad.service.JwtService - Token JWT malformado: Invalid compact JWT string: Compact JWSs must contain exactly 2 period characters, and compact JWEs must contain exactly 4.  Found: 6
17:10:42.856 [main] DEBUG m.c.qtx.seguridad.service.JwtService - Token inválido: Invalid compact JWT string: Compact JWSs must contain exactly 2 period characters, and compact JWEs must contain exactly 4.  Found: 6
]]></system-out>
  </testcase>
</testsuite>